#
# A fatal error has been detected by the Java Runtime Environment:
#
#  EXCEPTION_ACCESS_VIOLATION (0xc0000005) at pc=0x0000000100000002, pid=992, tid=11568
#
# JRE version: OpenJDK Runtime Environment Microsoft-13106358 (17.0.18+8) (build 17.0.18+8-LTS)
# Java VM: OpenJDK 64-Bit Server VM Microsoft-13106358 (17.0.18+8-LTS, mixed mode, sharing, tiered, compressed oops, compressed class ptrs, g1 gc, windows-amd64)
# Problematic frame:
# V  [jvm.dll+0x31256f]
#
# No core dump will be written. Minidumps are not enabled by default on client versions of Windows
#
# If you would like to submit a bug report, please visit:
#   https://github.com/microsoft/openjdk/issues
#

---------------  S U M M A R Y ------------

Command Line: -javaagent:C:\Users\jorge\AppData\Local\JetBrains\IdeaIC2025.1\captureAgent\debugger-agent.jar=file:///C:/Users/jorge/AppData/Local/Temp/capture3164001280404702202.props -ea -Didea.test.cyclic.buffer.size=1048576 -javaagent:C:\Program Files\JetBrains\IntelliJ IDEA Community Edition 2025.1.1.1\lib\idea_rt.jar=62638 -Dkotlinx.coroutines.debug.enable.creation.stack.trace=false -Ddebugger.agent.enable.coroutines=true -Dkotlinx.coroutines.debug.enable.flows.stack.trace=true -Dkotlinx.coroutines.debug.enable.mutable.state.flows.stack.trace=true -Dfile.encoding=UTF-8 com.intellij.rt.junit.JUnitStarter -ideVersion5 -junit5 com.minimarket.service.ProductoServiceImplTest,actualizar_conDatosValidos_debeActualizarProducto

Host: Intel(R) Core(TM) i5-10600K CPU @ 4.10GHz, 12 cores, 15G,  Windows 10 , 64 bit Build 19041 (10.0.19041.5915)
Time: Fri Jul 17 22:12:52 2026 Hora est. Sudam廨ica Pac璗ico elapsed time: 1.104990 seconds (0d 0h 0m 1s)

---------------  T H R E A D  ---------------

Current thread (0x000002379f8a9bc0):  GCTaskThread "GC Thread#1" [stack: 0x0000003a70c00000,0x0000003a70d00000] [id=11568]

Stack: [0x0000003a70c00000,0x0000003a70d00000],  sp=0x0000003a70cff9e0,  free space=1022k
Native frames: (J=compiled Java code, j=interpreted, Vv=VM code, C=native code)
C  0x0000000100000002  (no source info available)


siginfo: EXCEPTION_ACCESS_VIOLATION (0xc0000005), data execution prevention violation at address 0x0000000100000002


Registers:
RAX=0x0000000000000237, RBX=0x0000000000000001, RCX=0x00000237a0f36f70, RDX=0x00000007107c4190
RSP=0x0000003a70cff9d8, RBP=0x00000237a0f36df0, RSI=0x00000007107c4190, RDI=0x00000237a0f36df0
R8 =0x000002375a198080, R9 =0x0000000100000002, R10=0x0000000000000002, R11=0x0000003a70cff7d0
R12=0x000000000b57450e, R13=0x00000007107c4190, R14=0x0000000000000000, R15=0x000002375a198080
RIP=0x0000000100000002, EFLAGS=0x0000000000010202

XMM[0]=0x4242424242424242 0x4242424242424242
XMM[1]=0x00000000e20f8966 0xe20f8962e20f895e
XMM[2]=0xe20f896a00000000 0x0000000000000000
XMM[3]=0x00000000e20f897e 0xe20f897ae20f8976
XMM[4]=0x0000000000000000 0xe20f898ee20f898a
XMM[5]=0x0000000000000000 0xe20f898ee20f898a
XMM[6]=0x000000010aadc551 0x0000000000a7bc4b
XMM[7]=0x0000000000000000 0x0000000000000000
XMM[8]=0x0000000000000000 0x0000000000000000
XMM[9]=0x0000000000000000 0x0000000000000000
XMM[10]=0x0000000000000000 0x0000000000000000
XMM[11]=0x0000000000000000 0x0000000000000000
XMM[12]=0x0000000000000000 0x0000000000000000
XMM[13]=0x0000000000000000 0x0000000000000000
XMM[14]=0x0000000000000000 0x0000000000000000
XMM[15]=0x0000000000000000 0x0000000000000000
  MXCSR=0x00001fa0


Register to memory mapping:

RIP=0x0000000100000002 is an unknown value
RAX=0x0000000000000237 is an unknown value
RBX=0x0000000000000001 is an unknown value
RCX=0x00000237a0f36f70 points into unknown readable memory: 0x00007ffb2ca4b3c0 | c0 b3 a4 2c fb 7f 00 00
RDX=0x00000007107c4190 points into unknown readable memory: 0x00000007107c4193 | 93 41 7c 10 07 00 00 00
RSP=0x0000003a70cff9d8 points into unknown readable memory: 0x00007ffb2c3f256f | 6f 25 3f 2c fb 7f 00 00
RBP=0x00000237a0f36df0 points into unknown readable memory: 0x00007ffb2ca4b408 | 08 b4 a4 2c fb 7f 00 00
RSI=0x00000007107c4190 points into unknown readable memory: 0x00000007107c4193 | 93 41 7c 10 07 00 00 00
RDI=0x00000237a0f36df0 points into unknown readable memory: 0x00007ffb2ca4b408 | 08 b4 a4 2c fb 7f 00 00
R8 =0x000002375a198080 is pointing into metadata
R9 =0x0000000100000002 is an unknown value
R10=0x0000000000000002 is an unknown value
R11=0x0000003a70cff7d0 points into unknown readable memory: 0x0000000100000002 | 02 00 00 00 01 00 00 00
R12=0x000000000b57450e is an unknown value
R13=0x00000007107c4190 points into unknown readable memory: 0x00000007107c4193 | 93 41 7c 10 07 00 00 00
R14=0x0 is NULL
R15=0x000002375a198080 is pointing into metadata


Top of Stack: (sp=0x0000003a70cff9d8)
0x0000003a70cff9d8:   00007ffb2c3f256f 0000000000000001
0x0000003a70cff9e8:   00000237a0f36df0 00000007107c4190
0x0000003a70cff9f8:   00000237a0f36f70 000000070f37a0d0
0x0000003a70cffa08:   00000007107c4190 0000000000000000
0x0000003a70cffa18:   00000237a0f36df0 0000000000000001
0x0000003a70cffa28:   00007ffb2c3f1de8 0000000000000001
0x0000003a70cffa38:   0000000000000000 0000000000000000
0x0000003a70cffa48:   00000237a0f36df0 0000000000000000
0x0000003a70cffa58:   0000000700000000 000002375976ed20
0x0000003a70cffa68:   000000070f357790 00000237a0f36f70
0x0000003a70cffa78:   00000237a0f36df0 0000000000000000
0x0000003a70cffa88:   0000000000000000 00000237a0f36df0
0x0000003a70cffa98:   0000000000000003 0000023736410b30
0x0000003a70cffaa8:   00000000000000b9 000000070f358528
0x0000003a70cffab8:   00007ffb2c3f2c30 00000007107b0000
0x0000003a70cffac8:   0000000000000001 0000000000000000
0x0000003a70cffad8:   0000000000000001 00000237599ac670
0x0000003a70cffae8:   000002379fd02b60 00000237a0f36df0
0x0000003a70cffaf8:   0000023736409250 0000003a70cffbb0
0x0000003a70cffb08:   00007ffb2c3f2891 0000020500000000
0x0000003a70cffb18:   000000070f324104 0000000000000000
0x0000003a70cffb28:   0000000000000001 0000000000000004
0x0000003a70cffb38:   00007ffb2c3c5cf9 000000070f324105
0x0000003a70cffb48:   0000000000000000 0000003a70cffc20
0x0000003a70cffb58:   0000003a70cffc20 0000000000000006
0x0000003a70cffb68:   00007ffb2c3e6a27 0000000000000000
0x0000003a70cffb78:   0000000000000000 0000003a70000000
0x0000003a70cffb88:   00007ffb2c8e472e 0000000000000000
0x0000003a70cffb98:   0000000000000000 0000000000a7bc4b
0x0000003a70cffba8:   000000010aadc551 00000237599ac670
0x0000003a70cffbb8:   000002379fd02b60 00000000000003d8
0x0000003a70cffbc8:   00000237599aca58 0000000000000004 

Instructions: (pc=0x00007ffb2c3f256f)
0x00007ffb2c3f246f:   b8 01 00 00 41 8b 88 c8 01 00 00 48 d3 ea 4c 8b
0x00007ffb2c3f247f:   34 d0 41 8b 96 90 00 00 00 49 03 90 18 05 00 00
0x00007ffb2c3f248f:   0f b6 02 84 c0 75 6e b9 01 00 00 00 33 c0 f0 0f
0x00007ffb2c3f249f:   b0 0a 75 61 f0 41 ff 80 10 05 00 00 48 8b 05 0e
0x00007ffb2c3f24af:   70 88 00 48 85 c0 74 4d 48 8b 05 02 70 88 00 48
0x00007ffb2c3f24bf:   85 c0 74 41 48 89 7c 24 50 49 8d 8e 94 00 00 00
0x00007ffb2c3f24cf:   49 8b 7e 10 e8 a8 aa 05 00 49 8b 4e 08 48 8d 15
0x00007ffb2c3f24df:   0d 8f 65 00 4d 8b 0e 4c 8b c0 48 89 4c 24 28 48
0x00007ffb2c3f24ef:   8d 0d e3 0f 65 00 48 89 7c 24 20 e8 11 42 fc ff
0x00007ffb2c3f24ff:   48 8b 7c 24 50 8b 95 a8 01 00 00 4c 8b cb 48 8b
0x00007ffb2c3f250f:   4d 08 4c 8b c6 e8 67 6b fd ff 41 8b 86 94 00 00
0x00007ffb2c3f251f:   00 4c 8b 74 24 60 d1 e8 83 e0 01 89 85 a0 01 00
0x00007ffb2c3f252f:   00 80 3d 19 82 88 00 00 74 16 44 8b 46 08 8b 0d
0x00007ffb2c3f253f:   c5 bd 81 00 49 d3 e0 4c 03 05 b3 bd 81 00 eb 04
0x00007ffb2c3f254f:   4c 8b 46 08 49 63 40 0c 4c 8d 0d 6a ca 81 00 48
0x00007ffb2c3f255f:   8b d6 48 8d 8d 80 01 00 00 4d 8b 0c c1 41 ff d1
0x00007ffb2c3f256f:   48 8b c6 48 83 c4 30 5e 5d 5b c3 cc cc cc cc cc
0x00007ffb2c3f257f:   cc 48 89 5c 24 10 48 89 6c 24 18 56 48 83 ec 30
0x00007ffb2c3f258f:   33 db 48 8b ea 48 8b f1 39 59 30 76 5d 48 89 7c
0x00007ffb2c3f259f:   24 40 48 8b 46 10 4c 8b 04 d8 4d 85 c0 74 3f 8b
0x00007ffb2c3f25af:   85 a0 00 00 00 48 8d 0c 80 49 8b 80 20 02 00 00
0x00007ffb2c3f25bf:   48 8b 3c c8 48 8b 0e 48 8b 89 38 04 00 00 e8 4e
0x00007ffb2c3f25cf:   1e 00 00 4c 8b cf c7 44 24 20 04 00 00 00 44 8b
0x00007ffb2c3f25df:   c3 ba 10 00 00 00 48 8b c8 e8 93 43 ff ff ff c3
0x00007ffb2c3f25ef:   3b 5e 30 72 ad 48 8b 7c 24 40 48 8b 5c 24 48 48
0x00007ffb2c3f25ff:   8b 6c 24 50 48 83 c4 30 5e c3 cc cc cc cc cc cc
0x00007ffb2c3f260f:   cc 48 89 5c 24 08 48 89 74 24 10 57 48 83 ec 40
0x00007ffb2c3f261f:   48 8b 41 10 48 8b d9 8b f2 48 8d 3c f5 00 00 00
0x00007ffb2c3f262f:   00 48 83 3c 07 00 75 4e 45 33 c0 ba 05 00 00 00
0x00007ffb2c3f263f:   b9 38 02 00 00 e8 37 6d d9 ff 48 8b c8 48 85 c0
0x00007ffb2c3f264f:   74 28 48 8b 43 28 44 8b ce 4c 8b 43 08 48 8b 13
0x00007ffb2c3f265f:   48 89 44 24 30 48 8b 43 20 48 89 44 24 28 8b 43 


Stack slot to memory mapping:
stack at sp + 0 slots: 0x0000000000000001 is an unknown value
stack at sp + 1 slots: 0x00000237a0f36df0 points into unknown readable memory: 0x00007ffb2ca4b408 | 08 b4 a4 2c fb 7f 00 00
stack at sp + 2 slots: 0x00000007107c4190 points into unknown readable memory: 0x00000007107c4193 | 93 41 7c 10 07 00 00 00
stack at sp + 3 slots: 0x00000237a0f36f70 points into unknown readable memory: 0x00007ffb2ca4b3c0 | c0 b3 a4 2c fb 7f 00 00
stack at sp + 4 slots: 0x000000070f37a0d0 points into unknown readable memory: 0x0000000000000000 | 00 00 00 00 00 00 00 00
stack at sp + 5 slots: 0x00000007107c4190 points into unknown readable memory: 0x00000007107c4193 | 93 41 7c 10 07 00 00 00
stack at sp + 6 slots: 0x0 is NULL
stack at sp + 7 slots: 0x00000237a0f36df0 points into unknown readable memory: 0x00007ffb2ca4b408 | 08 b4 a4 2c fb 7f 00 00


---------------  P R O C E S S  ---------------

Threads class SMR info:
_java_thread_list=0x00000237a05c22d0, length=16, elements={
0x00000237363fa6f0, 0x00000237598e1550, 0x00000237598e22e0, 0x00000237598f2db0,
0x00000237598f6ba0, 0x00000237598f7470, 0x00000237598f8af0, 0x00000237598f97a0,
0x00000237598fe170, 0x0000023759903f90, 0x00000237598c7a20, 0x0000023759b4e5a0,
0x000002379f1084b0, 0x000002379f107580, 0x00000237a04975c0, 0x00000237a0f27530
}

Java Threads: ( => current thread )
  0x00000237363fa6f0 JavaThread "main" [_thread_blocked, id=15064, stack(0x0000003a6f600000,0x0000003a6f700000)]
  0x00000237598e1550 JavaThread "Reference Handler" daemon [_thread_blocked, id=888, stack(0x0000003a6fd00000,0x0000003a6fe00000)]
  0x00000237598e22e0 JavaThread "Finalizer" daemon [_thread_blocked, id=15960, stack(0x0000003a6fe00000,0x0000003a6ff00000)]
  0x00000237598f2db0 JavaThread "Signal Dispatcher" daemon [_thread_blocked, id=16360, stack(0x0000003a6ff00000,0x0000003a70000000)]
  0x00000237598f6ba0 JavaThread "Attach Listener" daemon [_thread_blocked, id=16572, stack(0x0000003a70000000,0x0000003a70100000)]
  0x00000237598f7470 JavaThread "Service Thread" daemon [_thread_blocked, id=1324, stack(0x0000003a70100000,0x0000003a70200000)]
  0x00000237598f8af0 JavaThread "Monitor Deflation Thread" daemon [_thread_blocked, id=16188, stack(0x0000003a70200000,0x0000003a70300000)]
  0x00000237598f97a0 JavaThread "C2 CompilerThread0" daemon [_thread_in_native, id=9076, stack(0x0000003a70300000,0x0000003a70400000)]
  0x00000237598fe170 JavaThread "C1 CompilerThread0" daemon [_thread_blocked, id=11452, stack(0x0000003a70400000,0x0000003a70500000)]
  0x0000023759903f90 JavaThread "Sweeper thread" daemon [_thread_blocked, id=13296, stack(0x0000003a70500000,0x0000003a70600000)]
  0x00000237598c7a20 JavaThread "Common-Cleaner" daemon [_thread_blocked, id=10096, stack(0x0000003a70600000,0x0000003a70700000)]
  0x0000023759b4e5a0 JavaThread "IntelliJ Suspend Helper" daemon [_thread_blocked, id=1472, stack(0x0000003a70700000,0x0000003a70800000)]
  0x000002379f1084b0 JavaThread "Monitor Ctrl-Break" daemon [_thread_in_native, id=6424, stack(0x0000003a70800000,0x0000003a70900000)]
  0x000002379f107580 JavaThread "Notification Thread" daemon [_thread_blocked, id=5292, stack(0x0000003a70900000,0x0000003a70a00000)]
  0x00000237a04975c0 JavaThread "C2 CompilerThread1" daemon [_thread_blocked, id=9808, stack(0x0000003a70b00000,0x0000003a70c00000)]
  0x00000237a0f27530 JavaThread "C2 CompilerThread2" daemon [_thread_blocked, id=9668, stack(0x0000003a71100000,0x0000003a71200000)]

Other Threads:
  0x00000237598dbe20 VMThread "VM Thread" [stack: 0x0000003a6fc00000,0x0000003a6fd00000] [id=14680]
  0x000002379f0d27f0 WatcherThread [stack: 0x0000003a70a00000,0x0000003a70b00000] [id=17224]
  0x0000023736467c00 GCTaskThread "GC Thread#0" [stack: 0x0000003a6f700000,0x0000003a6f800000] [id=16976]
=>0x000002379f8a9bc0 GCTaskThread "GC Thread#1" [stack: 0x0000003a70c00000,0x0000003a70d00000] [id=11568]
  0x000002379fa44fd0 GCTaskThread "GC Thread#2" [stack: 0x0000003a70d00000,0x0000003a70e00000] [id=8208]
  0x000002379f8ae140 GCTaskThread "GC Thread#3" [stack: 0x0000003a70e00000,0x0000003a70f00000] [id=3444]
  0x000002379fe907a0 GCTaskThread "GC Thread#4" [stack: 0x0000003a70f00000,0x0000003a71000000] [id=17228]
  0x000002379f90e680 GCTaskThread "GC Thread#5" [stack: 0x0000003a71000000,0x0000003a71100000] [id=17160]
  0x0000023736474980 ConcurrentGCThread "G1 Main Marker" [stack: 0x0000003a6f800000,0x0000003a6f900000] [id=4624]
  0x000002373429e320 ConcurrentGCThread "G1 Conc#0" [stack: 0x0000003a6f900000,0x0000003a6fa00000] [id=17296]
  0x00000237597926a0 ConcurrentGCThread "G1 Refine#0" [stack: 0x0000003a6fa00000,0x0000003a6fb00000] [id=3196]
  0x0000023759792d90 ConcurrentGCThread "G1 Service" [stack: 0x0000003a6fb00000,0x0000003a6fc00000] [id=3040]

Threads with active compile tasks:
C2 CompilerThread0  1127 1460       4       jdk.internal.org.objectweb.asm.Frame::execute (2305 bytes)
C2 CompilerThread1  1127 1520       4       jdk.internal.loader.URLClassPath::getResource (74 bytes)
C2 CompilerThread2  1127 1541       4       java.lang.Object::equals (11 bytes)

VM state: at safepoint (normal execution)

VM Mutex/Monitor currently owned by a thread:  ([mutex/lock_event])
[0x00000237363f47d0] Threads_lock - owner thread: 0x00000237598dbe20
[0x00000237363f5820] Heap_lock - owner thread: 0x00000237363fa6f0

Heap address: 0x0000000701200000, size: 4078 MB, Compressed Oops mode: Zero based, Oop shift amount: 3

CDS archive(s) mapped at: [0x000002375a000000-0x000002375abb0000-0x000002375abb0000), size 12255232, SharedBaseAddress: 0x000002375a000000, ArchiveRelocationMode: 1.
Compressed class space mapped at: 0x000002375b000000-0x000002379b000000, reserved size: 1073741824
Narrow klass base: 0x000002375a000000, Narrow klass shift: 0, Narrow klass range: 0x100000000

GC Precious Log:
 CPUs: 12 total, 12 available
 Memory: 16310M
 Large Page Support: Disabled
 NUMA Support: Disabled
 Compressed Oops: Enabled (Zero based)
 Heap Region Size: 2M
 Heap Min Capacity: 8M
 Heap Initial Capacity: 256M
 Heap Max Capacity: 4078M
 Pre-touch: Disabled
 Parallel Workers: 10
 Concurrent Workers: 3
 Concurrent Refinement Workers: 10
 Periodic GC: Disabled

Heap:
 garbage-first heap   total 262144K, used 34758K [0x0000000701200000, 0x0000000800000000)
  region size 2048K, 15 young (30720K), 2 survivors (4096K)
 Metaspace       used 12776K, committed 12928K, reserved 1114112K
  class space    used 1628K, committed 1728K, reserved 1048576K

Heap Regions: E=young(eden), S=young(survivor), O=old, HS=humongous(starts), HC=humongous(continues), CS=collection set, F=free, OA=open archive, CA=closed archive, TAMS=top-at-mark-start (previous, next)
|   0|0x0000000701200000, 0x0000000701400000, 0x0000000701400000|100%| O|  |TAMS 0x0000000701200000, 0x0000000701200000| Untracked 
|   1|0x0000000701400000, 0x0000000701600000, 0x0000000701600000|100%| O|  |TAMS 0x0000000701400000, 0x0000000701400000| Untracked 
|   2|0x0000000701600000, 0x0000000701800000, 0x0000000701800000|100%| O|  |TAMS 0x0000000701600000, 0x0000000701600000| Untracked 
|   3|0x0000000701800000, 0x0000000701a00000, 0x0000000701a00000|100%| O|  |TAMS 0x0000000701800000, 0x0000000701800000| Untracked 
|   4|0x0000000701a00000, 0x0000000701a00000, 0x0000000701c00000|  0%| O|  |TAMS 0x0000000701a00000, 0x0000000701a00000| Untracked 
|   5|0x0000000701c00000, 0x0000000701c00000, 0x0000000701e00000|  0%| F|  |TAMS 0x0000000701c00000, 0x0000000701c00000| Untracked 
|   6|0x0000000701e00000, 0x0000000701e00000, 0x0000000702000000|  0%| F|  |TAMS 0x0000000701e00000, 0x0000000701e00000| Untracked 
|   7|0x0000000702000000, 0x0000000702000000, 0x0000000702200000|  0%| F|  |TAMS 0x0000000702000000, 0x0000000702000000| Untracked 
|   8|0x0000000702200000, 0x0000000702200000, 0x0000000702400000|  0%| F|  |TAMS 0x0000000702200000, 0x0000000702200000| Untracked 
|   9|0x0000000702400000, 0x0000000702400000, 0x0000000702600000|  0%| F|  |TAMS 0x0000000702400000, 0x0000000702400000| Untracked 
|  10|0x0000000702600000, 0x0000000702600000, 0x0000000702800000|  0%| F|  |TAMS 0x0000000702600000, 0x0000000702600000| Untracked 
|  11|0x0000000702800000, 0x0000000702800000, 0x0000000702a00000|  0%| F|  |TAMS 0x0000000702800000, 0x0000000702800000| Untracked 
|  12|0x0000000702a00000, 0x0000000702a00000, 0x0000000702c00000|  0%| F|  |TAMS 0x0000000702a00000, 0x0000000702a00000| Untracked 
|  13|0x0000000702c00000, 0x0000000702c00000, 0x0000000702e00000|  0%| F|  |TAMS 0x0000000702c00000, 0x0000000702c00000| Untracked 
|  14|0x0000000702e00000, 0x0000000702e00000, 0x0000000703000000|  0%| F|  |TAMS 0x0000000702e00000, 0x0000000702e00000| Untracked 
|  15|0x0000000703000000, 0x0000000703000000, 0x0000000703200000|  0%| F|  |TAMS 0x0000000703000000, 0x0000000703000000| Untracked 
|  16|0x0000000703200000, 0x0000000703200000, 0x0000000703400000|  0%| F|  |TAMS 0x0000000703200000, 0x0000000703200000| Untracked 
|  17|0x0000000703400000, 0x0000000703400000, 0x0000000703600000|  0%| F|  |TAMS 0x0000000703400000, 0x0000000703400000| Untracked 
|  18|0x0000000703600000, 0x0000000703600000, 0x0000000703800000|  0%| F|  |TAMS 0x0000000703600000, 0x0000000703600000| Untracked 
|  19|0x0000000703800000, 0x0000000703800000, 0x0000000703a00000|  0%| F|  |TAMS 0x0000000703800000, 0x0000000703800000| Untracked 
|  20|0x0000000703a00000, 0x0000000703a00000, 0x0000000703c00000|  0%| F|  |TAMS 0x0000000703a00000, 0x0000000703a00000| Untracked 
|  21|0x0000000703c00000, 0x0000000703c00000, 0x0000000703e00000|  0%| F|  |TAMS 0x0000000703c00000, 0x0000000703c00000| Untracked 
|  22|0x0000000703e00000, 0x0000000703e00000, 0x0000000704000000|  0%| F|  |TAMS 0x0000000703e00000, 0x0000000703e00000| Untracked 
|  23|0x0000000704000000, 0x0000000704000000, 0x0000000704200000|  0%| F|  |TAMS 0x0000000704000000, 0x0000000704000000| Untracked 
|  24|0x0000000704200000, 0x0000000704200000, 0x0000000704400000|  0%| F|  |TAMS 0x0000000704200000, 0x0000000704200000| Untracked 
|  25|0x0000000704400000, 0x0000000704400000, 0x0000000704600000|  0%| F|  |TAMS 0x0000000704400000, 0x0000000704400000| Untracked 
|  26|0x0000000704600000, 0x0000000704600000, 0x0000000704800000|  0%| F|  |TAMS 0x0000000704600000, 0x0000000704600000| Untracked 
|  27|0x0000000704800000, 0x0000000704800000, 0x0000000704a00000|  0%| F|  |TAMS 0x0000000704800000, 0x0000000704800000| Untracked 
|  28|0x0000000704a00000, 0x0000000704a00000, 0x0000000704c00000|  0%| F|  |TAMS 0x0000000704a00000, 0x0000000704a00000| Untracked 
|  29|0x0000000704c00000, 0x0000000704c00000, 0x0000000704e00000|  0%| F|  |TAMS 0x0000000704c00000, 0x0000000704c00000| Untracked 
|  30|0x0000000704e00000, 0x0000000704e00000, 0x0000000705000000|  0%| F|  |TAMS 0x0000000704e00000, 0x0000000704e00000| Untracked 
|  31|0x0000000705000000, 0x0000000705000000, 0x0000000705200000|  0%| F|  |TAMS 0x0000000705000000, 0x0000000705000000| Untracked 
|  32|0x0000000705200000, 0x0000000705200000, 0x0000000705400000|  0%| F|  |TAMS 0x0000000705200000, 0x0000000705200000| Untracked 
|  33|0x0000000705400000, 0x0000000705400000, 0x0000000705600000|  0%| F|  |TAMS 0x0000000705400000, 0x0000000705400000| Untracked 
|  34|0x0000000705600000, 0x0000000705600000, 0x0000000705800000|  0%| F|  |TAMS 0x0000000705600000, 0x0000000705600000| Untracked 
|  35|0x0000000705800000, 0x0000000705800000, 0x0000000705a00000|  0%| F|  |TAMS 0x0000000705800000, 0x0000000705800000| Untracked 
|  36|0x0000000705a00000, 0x0000000705a00000, 0x0000000705c00000|  0%| F|  |TAMS 0x0000000705a00000, 0x0000000705a00000| Untracked 
|  37|0x0000000705c00000, 0x0000000705c00000, 0x0000000705e00000|  0%| F|  |TAMS 0x0000000705c00000, 0x0000000705c00000| Untracked 
|  38|0x0000000705e00000, 0x0000000705e00000, 0x0000000706000000|  0%| F|  |TAMS 0x0000000705e00000, 0x0000000705e00000| Untracked 
|  39|0x0000000706000000, 0x0000000706000000, 0x0000000706200000|  0%| F|  |TAMS 0x0000000706000000, 0x0000000706000000| Untracked 
|  40|0x0000000706200000, 0x0000000706200000, 0x0000000706400000|  0%| F|  |TAMS 0x0000000706200000, 0x0000000706200000| Untracked 
|  41|0x0000000706400000, 0x0000000706400000, 0x0000000706600000|  0%| F|  |TAMS 0x0000000706400000, 0x0000000706400000| Untracked 
|  42|0x0000000706600000, 0x0000000706600000, 0x0000000706800000|  0%| F|  |TAMS 0x0000000706600000, 0x0000000706600000| Untracked 
|  43|0x0000000706800000, 0x0000000706800000, 0x0000000706a00000|  0%| F|  |TAMS 0x0000000706800000, 0x0000000706800000| Untracked 
|  44|0x0000000706a00000, 0x0000000706a00000, 0x0000000706c00000|  0%| F|  |TAMS 0x0000000706a00000, 0x0000000706a00000| Untracked 
|  45|0x0000000706c00000, 0x0000000706c00000, 0x0000000706e00000|  0%| F|  |TAMS 0x0000000706c00000, 0x0000000706c00000| Untracked 
|  46|0x0000000706e00000, 0x0000000706e00000, 0x0000000707000000|  0%| F|  |TAMS 0x0000000706e00000, 0x0000000706e00000| Untracked 
|  47|0x0000000707000000, 0x0000000707000000, 0x0000000707200000|  0%| F|  |TAMS 0x0000000707000000, 0x0000000707000000| Untracked 
|  48|0x0000000707200000, 0x0000000707200000, 0x0000000707400000|  0%| F|  |TAMS 0x0000000707200000, 0x0000000707200000| Untracked 
|  49|0x0000000707400000, 0x0000000707400000, 0x0000000707600000|  0%| F|  |TAMS 0x0000000707400000, 0x0000000707400000| Untracked 
|  50|0x0000000707600000, 0x0000000707600000, 0x0000000707800000|  0%| F|  |TAMS 0x0000000707600000, 0x0000000707600000| Untracked 
|  51|0x0000000707800000, 0x0000000707800000, 0x0000000707a00000|  0%| F|  |TAMS 0x0000000707800000, 0x0000000707800000| Untracked 
|  52|0x0000000707a00000, 0x0000000707a00000, 0x0000000707c00000|  0%| F|  |TAMS 0x0000000707a00000, 0x0000000707a00000| Untracked 
|  53|0x0000000707c00000, 0x0000000707c00000, 0x0000000707e00000|  0%| F|  |TAMS 0x0000000707c00000, 0x0000000707c00000| Untracked 
|  54|0x0000000707e00000, 0x0000000707e00000, 0x0000000708000000|  0%| F|  |TAMS 0x0000000707e00000, 0x0000000707e00000| Untracked 
|  55|0x0000000708000000, 0x0000000708000000, 0x0000000708200000|  0%| F|  |TAMS 0x0000000708000000, 0x0000000708000000| Untracked 
|  56|0x0000000708200000, 0x0000000708200000, 0x0000000708400000|  0%| F|  |TAMS 0x0000000708200000, 0x0000000708200000| Untracked 
|  57|0x0000000708400000, 0x0000000708400000, 0x0000000708600000|  0%| F|  |TAMS 0x0000000708400000, 0x0000000708400000| Untracked 
|  58|0x0000000708600000, 0x0000000708600000, 0x0000000708800000|  0%| F|  |TAMS 0x0000000708600000, 0x0000000708600000| Untracked 
|  59|0x0000000708800000, 0x0000000708800000, 0x0000000708a00000|  0%| F|  |TAMS 0x0000000708800000, 0x0000000708800000| Untracked 
|  60|0x0000000708a00000, 0x0000000708a00000, 0x0000000708c00000|  0%| F|  |TAMS 0x0000000708a00000, 0x0000000708a00000| Untracked 
|  61|0x0000000708c00000, 0x0000000708c00000, 0x0000000708e00000|  0%| F|  |TAMS 0x0000000708c00000, 0x0000000708c00000| Untracked 
|  62|0x0000000708e00000, 0x0000000708e00000, 0x0000000709000000|  0%| F|  |TAMS 0x0000000708e00000, 0x0000000708e00000| Untracked 
|  63|0x0000000709000000, 0x0000000709000000, 0x0000000709200000|  0%| F|  |TAMS 0x0000000709000000, 0x0000000709000000| Untracked 
|  64|0x0000000709200000, 0x0000000709200000, 0x0000000709400000|  0%| F|  |TAMS 0x0000000709200000, 0x0000000709200000| Untracked 
|  65|0x0000000709400000, 0x0000000709400000, 0x0000000709600000|  0%| F|  |TAMS 0x0000000709400000, 0x0000000709400000| Untracked 
|  66|0x0000000709600000, 0x0000000709600000, 0x0000000709800000|  0%| F|  |TAMS 0x0000000709600000, 0x0000000709600000| Untracked 
|  67|0x0000000709800000, 0x0000000709800000, 0x0000000709a00000|  0%| F|  |TAMS 0x0000000709800000, 0x0000000709800000| Untracked 
|  68|0x0000000709a00000, 0x0000000709a00000, 0x0000000709c00000|  0%| F|  |TAMS 0x0000000709a00000, 0x0000000709a00000| Untracked 
|  69|0x0000000709c00000, 0x0000000709c00000, 0x0000000709e00000|  0%| F|  |TAMS 0x0000000709c00000, 0x0000000709c00000| Untracked 
|  70|0x0000000709e00000, 0x0000000709e00000, 0x000000070a000000|  0%| F|  |TAMS 0x0000000709e00000, 0x0000000709e00000| Untracked 
|  71|0x000000070a000000, 0x000000070a000000, 0x000000070a200000|  0%| F|  |TAMS 0x000000070a000000, 0x000000070a000000| Untracked 
|  72|0x000000070a200000, 0x000000070a200000, 0x000000070a400000|  0%| F|  |TAMS 0x000000070a200000, 0x000000070a200000| Untracked 
|  73|0x000000070a400000, 0x000000070a400000, 0x000000070a600000|  0%| F|  |TAMS 0x000000070a400000, 0x000000070a400000| Untracked 
|  74|0x000000070a600000, 0x000000070a600000, 0x000000070a800000|  0%| F|  |TAMS 0x000000070a600000, 0x000000070a600000| Untracked 
|  75|0x000000070a800000, 0x000000070a800000, 0x000000070aa00000|  0%| F|  |TAMS 0x000000070a800000, 0x000000070a800000| Untracked 
|  76|0x000000070aa00000, 0x000000070aa00000, 0x000000070ac00000|  0%| F|  |TAMS 0x000000070aa00000, 0x000000070aa00000| Untracked 
|  77|0x000000070ac00000, 0x000000070ac00000, 0x000000070ae00000|  0%| F|  |TAMS 0x000000070ac00000, 0x000000070ac00000| Untracked 
|  78|0x000000070ae00000, 0x000000070ae00000, 0x000000070b000000|  0%| F|  |TAMS 0x000000070ae00000, 0x000000070ae00000| Untracked 
|  79|0x000000070b000000, 0x000000070b000000, 0x000000070b200000|  0%| F|  |TAMS 0x000000070b000000, 0x000000070b000000| Untracked 
|  80|0x000000070b200000, 0x000000070b200000, 0x000000070b400000|  0%| F|  |TAMS 0x000000070b200000, 0x000000070b200000| Untracked 
|  81|0x000000070b400000, 0x000000070b400000, 0x000000070b600000|  0%| F|  |TAMS 0x000000070b400000, 0x000000070b400000| Untracked 
|  82|0x000000070b600000, 0x000000070b600000, 0x000000070b800000|  0%| F|  |TAMS 0x000000070b600000, 0x000000070b600000| Untracked 
|  83|0x000000070b800000, 0x000000070b800000, 0x000000070ba00000|  0%| F|  |TAMS 0x000000070b800000, 0x000000070b800000| Untracked 
|  84|0x000000070ba00000, 0x000000070ba00000, 0x000000070bc00000|  0%| F|  |TAMS 0x000000070ba00000, 0x000000070ba00000| Untracked 
|  85|0x000000070bc00000, 0x000000070bc00000, 0x000000070be00000|  0%| F|  |TAMS 0x000000070bc00000, 0x000000070bc00000| Untracked 
|  86|0x000000070be00000, 0x000000070be00000, 0x000000070c000000|  0%| F|  |TAMS 0x000000070be00000, 0x000000070be00000| Untracked 
|  87|0x000000070c000000, 0x000000070c000000, 0x000000070c200000|  0%| F|  |TAMS 0x000000070c000000, 0x000000070c000000| Untracked 
|  88|0x000000070c200000, 0x000000070c200000, 0x000000070c400000|  0%| F|  |TAMS 0x000000070c200000, 0x000000070c200000| Untracked 
|  89|0x000000070c400000, 0x000000070c400000, 0x000000070c600000|  0%| F|  |TAMS 0x000000070c400000, 0x000000070c400000| Untracked 
|  90|0x000000070c600000, 0x000000070c600000, 0x000000070c800000|  0%| F|  |TAMS 0x000000070c600000, 0x000000070c600000| Untracked 
|  91|0x000000070c800000, 0x000000070c800000, 0x000000070ca00000|  0%| F|  |TAMS 0x000000070c800000, 0x000000070c800000| Untracked 
|  92|0x000000070ca00000, 0x000000070ca00000, 0x000000070cc00000|  0%| F|  |TAMS 0x000000070ca00000, 0x000000070ca00000| Untracked 
|  93|0x000000070cc00000, 0x000000070cc00000, 0x000000070ce00000|  0%| F|  |TAMS 0x000000070cc00000, 0x000000070cc00000| Untracked 
|  94|0x000000070ce00000, 0x000000070ce00000, 0x000000070d000000|  0%| F|  |TAMS 0x000000070ce00000, 0x000000070ce00000| Untracked 
|  95|0x000000070d000000, 0x000000070d000000, 0x000000070d200000|  0%| F|  |TAMS 0x000000070d000000, 0x000000070d000000| Untracked 
|  96|0x000000070d200000, 0x000000070d200000, 0x000000070d400000|  0%| F|  |TAMS 0x000000070d200000, 0x000000070d200000| Untracked 
|  97|0x000000070d400000, 0x000000070d400000, 0x000000070d600000|  0%| F|  |TAMS 0x000000070d400000, 0x000000070d400000| Untracked 
|  98|0x000000070d600000, 0x000000070d600000, 0x000000070d800000|  0%| F|  |TAMS 0x000000070d600000, 0x000000070d600000| Untracked 
|  99|0x000000070d800000, 0x000000070d800000, 0x000000070da00000|  0%| F|  |TAMS 0x000000070d800000, 0x000000070d800000| Untracked 
| 100|0x000000070da00000, 0x000000070da00000, 0x000000070dc00000|  0%| F|  |TAMS 0x000000070da00000, 0x000000070da00000| Untracked 
| 101|0x000000070dc00000, 0x000000070dc00000, 0x000000070de00000|  0%| F|  |TAMS 0x000000070dc00000, 0x000000070dc00000| Untracked 
| 102|0x000000070de00000, 0x000000070de00000, 0x000000070e000000|  0%| F|  |TAMS 0x000000070de00000, 0x000000070de00000| Untracked 
| 103|0x000000070e000000, 0x000000070e000000, 0x000000070e200000|  0%| F|  |TAMS 0x000000070e000000, 0x000000070e000000| Untracked 
| 104|0x000000070e200000, 0x000000070e200000, 0x000000070e400000|  0%| F|  |TAMS 0x000000070e200000, 0x000000070e200000| Untracked 
| 105|0x000000070e400000, 0x000000070e400000, 0x000000070e600000|  0%| F|  |TAMS 0x000000070e400000, 0x000000070e400000| Untracked 
| 106|0x000000070e600000, 0x000000070e600000, 0x000000070e800000|  0%| F|  |TAMS 0x000000070e600000, 0x000000070e600000| Untracked 
| 107|0x000000070e800000, 0x000000070e800000, 0x000000070ea00000|  0%| F|  |TAMS 0x000000070e800000, 0x000000070e800000| Untracked 
| 108|0x000000070ea00000, 0x000000070ea00000, 0x000000070ec00000|  0%| F|  |TAMS 0x000000070ea00000, 0x000000070ea00000| Untracked 
| 109|0x000000070ec00000, 0x000000070ec00000, 0x000000070ee00000|  0%| F|  |TAMS 0x000000070ec00000, 0x000000070ec00000| Untracked 
| 110|0x000000070ee00000, 0x000000070ee00000, 0x000000070f000000|  0%| F|  |TAMS 0x000000070ee00000, 0x000000070ee00000| Untracked 
| 111|0x000000070f000000, 0x000000070f03e1f0, 0x000000070f200000| 12%| S|  |TAMS 0x000000070f000000, 0x000000070f000000| Complete 
| 112|0x000000070f200000, 0x000000070f400000, 0x000000070f400000|100%| S|  |TAMS 0x000000070f200000, 0x000000070f200000| Complete 
| 113|0x000000070f400000, 0x000000070f600000, 0x000000070f600000|100%| E|CS|TAMS 0x000000070f400000, 0x000000070f400000| Complete 
| 114|0x000000070f600000, 0x000000070f800000, 0x000000070f800000|100%| E|CS|TAMS 0x000000070f600000, 0x000000070f600000| Complete 
| 115|0x000000070f800000, 0x000000070fa00000, 0x000000070fa00000|100%| E|CS|TAMS 0x000000070f800000, 0x000000070f800000| Complete 
| 116|0x000000070fa00000, 0x000000070fc00000, 0x000000070fc00000|100%| E|CS|TAMS 0x000000070fa00000, 0x000000070fa00000| Complete 
| 117|0x000000070fc00000, 0x000000070fe00000, 0x000000070fe00000|100%| E|CS|TAMS 0x000000070fc00000, 0x000000070fc00000| Complete 
| 118|0x000000070fe00000, 0x0000000710000000, 0x0000000710000000|100%| E|CS|TAMS 0x000000070fe00000, 0x000000070fe00000| Complete 
| 119|0x0000000710000000, 0x0000000710200000, 0x0000000710200000|100%| E|CS|TAMS 0x0000000710000000, 0x0000000710000000| Complete 
| 120|0x0000000710200000, 0x0000000710400000, 0x0000000710400000|100%| E|CS|TAMS 0x0000000710200000, 0x0000000710200000| Complete 
| 121|0x0000000710400000, 0x0000000710600000, 0x0000000710600000|100%| E|CS|TAMS 0x0000000710400000, 0x0000000710400000| Complete 
| 122|0x0000000710600000, 0x0000000710800000, 0x0000000710800000|100%| E|CS|TAMS 0x0000000710600000, 0x0000000710600000| Complete 
| 123|0x0000000710800000, 0x0000000710a00000, 0x0000000710a00000|100%| E|CS|TAMS 0x0000000710800000, 0x0000000710800000| Complete 
| 124|0x0000000710a00000, 0x0000000710c00000, 0x0000000710c00000|100%| E|CS|TAMS 0x0000000710a00000, 0x0000000710a00000| Complete 
| 125|0x0000000710c00000, 0x0000000710e00000, 0x0000000710e00000|100%| E|CS|TAMS 0x0000000710c00000, 0x0000000710c00000| Complete 
| 126|0x0000000710e00000, 0x0000000711000000, 0x0000000711000000|100%| E|CS|TAMS 0x0000000710e00000, 0x0000000710e00000| Complete 
| 127|0x0000000711000000, 0x0000000711200000, 0x0000000711200000|100%| E|CS|TAMS 0x0000000711000000, 0x0000000711000000| Complete 

Card table byte_map: [0x000002374dcb0000,0x000002374e4b0000] _byte_map_base: 0x000002374a4a7000

Marking Bits (Prev, Next): (CMBitMap*) 0x0000023736468140, (CMBitMap*) 0x0000023736468180
 Prev Bits: [0x000002374ecb0000, 0x0000023752c68000)
 Next Bits: [0x0000023752c70000, 0x0000023756c28000)

Polling page: 0x0000023735ba0000

Metaspace:

Usage:
  Non-class:     10.89 MB used.
      Class:      1.59 MB used.
       Both:     12.48 MB used.

Virtual space:
  Non-class space:       64.00 MB reserved,      10.94 MB ( 17%) committed,  1 nodes.
      Class space:        1.00 GB reserved,       1.69 MB ( <1%) committed,  1 nodes.
             Both:        1.06 GB reserved,      12.62 MB (  1%) committed. 

Chunk freelists:
   Non-Class:  5.00 MB
       Class:  14.12 MB
        Both:  19.12 MB

MaxMetaspaceSize: unlimited
CompressedClassSpaceSize: 1.00 GB
Initial GC threshold: 21.00 MB
Current GC threshold: 21.00 MB
CDS: on
MetaspaceReclaimPolicy: balanced
 - commit_granule_bytes: 65536.
 - commit_granule_words: 8192.
 - virtual_space_node_default_size: 8388608.
 - enlarge_chunks_in_place: 1.
 - new_chunks_are_fully_committed: 0.
 - uncommit_free_chunks: 1.
 - use_allocation_guard: 0.
 - handle_deallocations: 1.


Internal statistics:

num_allocs_failed_limit: 0.
num_arena_births: 134.
num_arena_deaths: 0.
num_vsnodes_births: 2.
num_vsnodes_deaths: 0.
num_space_committed: 202.
num_space_uncommitted: 0.
num_chunks_returned_to_freelist: 0.
num_chunks_taken_from_freelist: 436.
num_chunk_merges: 0.
num_chunk_splits: 248.
num_chunks_enlarged: 171.
num_inconsistent_stats: 0.

CodeHeap 'non-profiled nmethods': size=120000Kb used=552Kb max_used=552Kb free=119447Kb
 bounds [0x0000023745a30000, 0x0000023745ca0000, 0x000002374cf60000]
CodeHeap 'profiled nmethods': size=120000Kb used=3041Kb max_used=3041Kb free=116958Kb
 bounds [0x000002373df60000, 0x000002373e260000, 0x0000023745490000]
CodeHeap 'non-nmethods': size=5760Kb used=1156Kb max_used=1190Kb free=4603Kb
 bounds [0x0000023745490000, 0x0000023745700000, 0x0000023745a30000]
 total_blobs=1998 nmethods=1551 adapters=360
 compilation: enabled
              stopped_count=0, restarted_count=0
 full_count=0

Compilation events (20 events):
Event: 1.093 Thread 0x00000237598fe170 nmethod 1550 0x000002373e250e10 code [0x000002373e250fa0, 0x000002373e251098]
Event: 1.093 Thread 0x00000237598fe170 1551       3       net.bytebuddy.matcher.FilterableList$AbstractBase::<init> (5 bytes)
Event: 1.093 Thread 0x00000237598fe170 nmethod 1551 0x000002373e251110 code [0x000002373e2512c0, 0x000002373e2514f8]
Event: 1.093 Thread 0x00000237598fe170 1553   !   3       net.bytebuddy.utility.dispatcher.JavaDispatcher$ProxiedInvocationHandler::invoke (305 bytes)
Event: 1.094 Thread 0x00000237a0f27530 nmethod 1544 0x0000023745ab8e90 code [0x0000023745ab9020, 0x0000023745ab9188]
Event: 1.094 Thread 0x00000237a0f27530 1552       4       java.util.Arrays$ArrayList::size (6 bytes)
Event: 1.095 Thread 0x00000237a0f27530 nmethod 1552 0x0000023745ab9310 code [0x0000023745ab94a0, 0x0000023745ab9538]
Event: 1.095 Thread 0x00000237a0f27530 1487       4       jdk.internal.org.objectweb.asm.Frame::push (109 bytes)
Event: 1.096 Thread 0x00000237598fe170 nmethod 1553 0x000002373e251610 code [0x000002373e251d40, 0x000002373e255758]
Event: 1.096 Thread 0x00000237598fe170 1557       3       java.util.HashMap::get (19 bytes)
Event: 1.096 Thread 0x00000237598fe170 nmethod 1557 0x000002373e256e90 code [0x000002373e257040, 0x000002373e257208]
Event: 1.096 Thread 0x00000237598fe170 1554       3       java.lang.reflect.Method::equals (65 bytes)
Event: 1.096 Thread 0x00000237598fe170 nmethod 1554 0x000002373e257310 code [0x000002373e257500, 0x000002373e257be8]
Event: 1.096 Thread 0x00000237598fe170 1556       3       java.lang.Module::isStaticallyExportedOrOpen (70 bytes)
Event: 1.097 Thread 0x00000237598fe170 nmethod 1556 0x000002373e257d10 code [0x000002373e257f20, 0x000002373e2585f8]
Event: 1.097 Thread 0x00000237a0f27530 nmethod 1487 0x0000023745ab9610 code [0x0000023745ab97a0, 0x0000023745ab9a78]
Event: 1.097 Thread 0x00000237a0f27530 1542       4       java.lang.reflect.Modifier::isStatic (13 bytes)
Event: 1.097 Thread 0x00000237a0f27530 nmethod 1542 0x0000023745ab9c10 code [0x0000023745ab9d80, 0x0000023745ab9dd8]
Event: 1.097 Thread 0x00000237a0f27530 1541       4       java.lang.Object::equals (11 bytes)
Event: 1.097 Thread 0x00000237a0f27530 nmethod 1541 0x0000023745ab9f10 code [0x0000023745aba080, 0x0000023745aba118]

GC Heap History (3 events):
Event: 0.458 GC heap before
{Heap before GC invocations=0 (full 0):
 garbage-first heap   total 262144K, used 20480K [0x0000000701200000, 0x0000000800000000)
  region size 2048K, 11 young (22528K), 0 survivors (0K)
 Metaspace       used 6367K, committed 6592K, reserved 1114112K
  class space    used 659K, committed 768K, reserved 1048576K
}
Event: 0.460 GC heap after
{Heap after GC invocations=1 (full 0):
 garbage-first heap   total 262144K, used 8134K [0x0000000701200000, 0x0000000800000000)
  region size 2048K, 2 young (4096K), 2 survivors (4096K)
 Metaspace       used 6367K, committed 6592K, reserved 1114112K
  class space    used 659K, committed 768K, reserved 1048576K
}
Event: 1.097 GC heap before
{Heap before GC invocations=1 (full 0):
 garbage-first heap   total 262144K, used 34758K [0x0000000701200000, 0x0000000800000000)
  region size 2048K, 15 young (30720K), 2 survivors (4096K)
 Metaspace       used 12776K, committed 12928K, reserved 1114112K
  class space    used 1628K, committed 1728K, reserved 1048576K
}

Dll operation events (11 events):
Event: 0.007 Loaded shared library C:\Users\jorge\.jdks\ms-17.0.18\bin\java.dll
Event: 0.008 Loaded shared library C:\Users\jorge\.jdks\ms-17.0.18\bin\zip.dll
Event: 0.024 Loaded shared library C:\Users\jorge\.jdks\ms-17.0.18\bin\jsvml.dll
Event: 0.112 Loaded shared library C:\Users\jorge\.jdks\ms-17.0.18\bin\instrument.dll
Event: 0.144 Loaded shared library C:\Users\jorge\.jdks\ms-17.0.18\bin\net.dll
Event: 0.145 Loaded shared library C:\Users\jorge\.jdks\ms-17.0.18\bin\nio.dll
Event: 0.150 Loaded shared library C:\Users\jorge\.jdks\ms-17.0.18\bin\zip.dll
Event: 0.170 Loaded shared library C:\Users\jorge\.jdks\ms-17.0.18\bin\extnet.dll
Event: 0.253 Loaded shared library C:\Users\jorge\.jdks\ms-17.0.18\bin\jimage.dll
Event: 0.773 Loaded shared library C:\Users\jorge\.jdks\ms-17.0.18\bin\instrument.dll
Event: 0.960 Loaded shared library C:\Users\jorge\.jdks\ms-17.0.18\bin\verify.dll

Deoptimization events (20 events):
Event: 1.053 Thread 0x00000237363fa6f0 Uncommon trap: trap_request=0xffffffde fr.pc=0x0000023745a61a50 relative=0x0000000000000490
Event: 1.053 Thread 0x00000237363fa6f0 Uncommon trap: reason=class_check action=maybe_recompile pc=0x0000023745a61a50 method=java.util.HashMap.getNode(Ljava/lang/Object;)Ljava/util/HashMap$Node; @ 128 c2
Event: 1.053 Thread 0x00000237363fa6f0 DEOPT PACKING pc=0x0000023745a61a50 sp=0x0000003a6f6f7f90
Event: 1.053 Thread 0x00000237363fa6f0 DEOPT UNPACKING pc=0x00000237454e69a3 sp=0x0000003a6f6f7f08 mode 2
Event: 1.053 Thread 0x00000237363fa6f0 Uncommon trap: trap_request=0xffffffde fr.pc=0x0000023745a61a50 relative=0x0000000000000490
Event: 1.053 Thread 0x00000237363fa6f0 Uncommon trap: reason=class_check action=maybe_recompile pc=0x0000023745a61a50 method=java.util.HashMap.getNode(Ljava/lang/Object;)Ljava/util/HashMap$Node; @ 128 c2
Event: 1.053 Thread 0x00000237363fa6f0 DEOPT PACKING pc=0x0000023745a61a50 sp=0x0000003a6f6f7f50
Event: 1.053 Thread 0x00000237363fa6f0 DEOPT UNPACKING pc=0x00000237454e69a3 sp=0x0000003a6f6f7ec8 mode 2
Event: 1.053 Thread 0x00000237363fa6f0 Uncommon trap: trap_request=0xffffffde fr.pc=0x0000023745a61a50 relative=0x0000000000000490
Event: 1.053 Thread 0x00000237363fa6f0 Uncommon trap: reason=class_check action=maybe_recompile pc=0x0000023745a61a50 method=java.util.HashMap.getNode(Ljava/lang/Object;)Ljava/util/HashMap$Node; @ 128 c2
Event: 1.053 Thread 0x00000237363fa6f0 DEOPT PACKING pc=0x0000023745a61a50 sp=0x0000003a6f6f7f50
Event: 1.053 Thread 0x00000237363fa6f0 DEOPT UNPACKING pc=0x00000237454e69a3 sp=0x0000003a6f6f7ec8 mode 2
Event: 1.053 Thread 0x00000237363fa6f0 Uncommon trap: trap_request=0xffffffde fr.pc=0x0000023745a61a50 relative=0x0000000000000490
Event: 1.053 Thread 0x00000237363fa6f0 Uncommon trap: reason=class_check action=maybe_recompile pc=0x0000023745a61a50 method=java.util.HashMap.getNode(Ljava/lang/Object;)Ljava/util/HashMap$Node; @ 128 c2
Event: 1.053 Thread 0x00000237363fa6f0 DEOPT PACKING pc=0x0000023745a61a50 sp=0x0000003a6f6f80d0
Event: 1.053 Thread 0x00000237363fa6f0 DEOPT UNPACKING pc=0x00000237454e69a3 sp=0x0000003a6f6f8048 mode 2
Event: 1.095 Thread 0x00000237363fa6f0 Uncommon trap: trap_request=0xffffffde fr.pc=0x0000023745a90af0 relative=0x0000000000000430
Event: 1.095 Thread 0x00000237363fa6f0 Uncommon trap: reason=class_check action=maybe_recompile pc=0x0000023745a90af0 method=java.util.HashMap.getNode(Ljava/lang/Object;)Ljava/util/HashMap$Node; @ 128 c2
Event: 1.095 Thread 0x00000237363fa6f0 DEOPT PACKING pc=0x0000023745a90af0 sp=0x0000003a6f6f9420
Event: 1.095 Thread 0x00000237363fa6f0 DEOPT UNPACKING pc=0x00000237454e69a3 sp=0x0000003a6f6f9338 mode 2

Classes loaded (20 events):
Event: 1.094 Loading class net/bytebuddy/dynamic/scaffold/TypeInitializer$None
Event: 1.094 Loading class net/bytebuddy/dynamic/scaffold/TypeInitializer$None done
Event: 1.094 Loading class net/bytebuddy/implementation/LoadedTypeInitializer$NoOp
Event: 1.094 Loading class net/bytebuddy/implementation/LoadedTypeInitializer$NoOp done
Event: 1.095 Loading class java/lang/reflect/AccessibleObject$Cache
Event: 1.095 Loading class java/lang/reflect/AccessibleObject$Cache done
Event: 1.095 Loading class net/bytebuddy/dynamic/scaffold/FieldRegistry$Default
Event: 1.095 Loading class net/bytebuddy/dynamic/scaffold/FieldRegistry$Default done
Event: 1.096 Loading class net/bytebuddy/dynamic/scaffold/FieldRegistry$Compiled
Event: 1.096 Loading class net/bytebuddy/dynamic/scaffold/FieldRegistry$Compiled done
Event: 1.096 Loading class net/bytebuddy/dynamic/scaffold/MethodRegistry$Default
Event: 1.096 Loading class net/bytebuddy/dynamic/scaffold/MethodRegistry$Default done
Event: 1.096 Loading class net/bytebuddy/dynamic/scaffold/MethodRegistry$Prepared
Event: 1.096 Loading class net/bytebuddy/dynamic/scaffold/MethodRegistry$Prepared done
Event: 1.097 Loading class net/bytebuddy/dynamic/scaffold/RecordComponentRegistry$Default
Event: 1.097 Loading class net/bytebuddy/dynamic/scaffold/RecordComponentRegistry$Default done
Event: 1.097 Loading class net/bytebuddy/dynamic/scaffold/RecordComponentRegistry$Compiled
Event: 1.097 Loading class net/bytebuddy/dynamic/scaffold/RecordComponentRegistry$Compiled done
Event: 1.097 Loading class net/bytebuddy/implementation/attribute/TypeAttributeAppender$ForInstrumentedType$Differentiating
Event: 1.097 Loading class net/bytebuddy/implementation/attribute/TypeAttributeAppender$ForInstrumentedType$Differentiating done

Classes unloaded (0 events):
No events

Classes redefined (1 events):
Event: 0.131 Thread 0x00000237598dbe20 redefined class name=java.lang.Throwable, count=1

Internal exceptions (20 events):
Event: 0.494 Thread 0x00000237363fa6f0 Exception <a 'java/lang/NoSuchMethodError'{0x0000000711181da8}: 'java.lang.Object java.lang.invoke.DirectMethodHandle$Holder.newInvokeSpecial(java.lang.Object, java.lang.Object, int)'> (0x0000000711181da8) 
thrown [s\src\hotspot\share\interpreter\linkResolver.cpp, line 759]
Event: 0.507 Thread 0x00000237363fa6f0 Exception <a 'java/lang/NoSuchMethodError'{0x0000000710e36ac0}: 'java.lang.Object java.lang.invoke.Invokers$Holder.invokeExact_MT(java.lang.Object, java.lang.Object, java.lang.Object, java.lang.Object, java.lang.Object, java.lang.Object)'> (0x0000000710e36ac0) 
thrown [s\src\hotspot\share\interpreter\linkResolver.cpp, line 759]
Event: 0.508 Thread 0x00000237363fa6f0 Exception <a 'java/lang/NoSuchMethodError'{0x0000000710e46ee0}: 'int java.lang.invoke.DirectMethodHandle$Holder.invokeStatic(java.lang.Object, java.lang.Object, java.lang.Object, java.lang.Object, java.lang.Object)'> (0x0000000710e46ee0) 
thrown [s\src\hotspot\share\interpreter\linkResolver.cpp, line 759]
Event: 0.514 Thread 0x00000237363fa6f0 Exception <a 'java/lang/NoSuchMethodError'{0x0000000710e983b8}: 'void java.lang.invoke.DirectMethodHandle$Holder.invokeStaticInit(java.lang.Object)'> (0x0000000710e983b8) 
thrown [s\src\hotspot\share\interpreter\linkResolver.cpp, line 759]
Event: 0.526 Thread 0x00000237363fa6f0 Exception <a 'java/lang/NoSuchMethodError'{0x0000000710f79728}: 'void java.lang.invoke.DirectMethodHandle$Holder.invokeStaticInit(java.lang.Object, java.lang.Object, java.lang.Object, java.lang.Object)'> (0x0000000710f79728) 
thrown [s\src\hotspot\share\interpreter\linkResolver.cpp, line 759]
Event: 0.535 Thread 0x00000237363fa6f0 Exception <a 'java/lang/NoSuchMethodError'{0x0000000710ff89f0}: 'int java.lang.invoke.DirectMethodHandle$Holder.invokeStaticInit(java.lang.Object, java.lang.Object)'> (0x0000000710ff89f0) 
thrown [s\src\hotspot\share\interpreter\linkResolver.cpp, line 759]
Event: 0.581 Thread 0x00000237363fa6f0 Exception <a 'java/lang/NoSuchMethodError'{0x0000000710a56968}: 'java.lang.Object java.lang.invoke.DirectMethodHandle$Holder.newInvokeSpecial(java.lang.Object, java.lang.Object, java.lang.Object, java.lang.Object, java.lang.Object, java.lang.Object, java.lang.Object)'> (0x0000000710a56968) 
thrown [s\src\hotspot\share\interpreter\linkResolver.cpp, line 759]
Event: 0.581 Thread 0x00000237363fa6f0 Exception <a 'java/lang/NoSuchMethodError'{0x0000000710a5b540}: 'java.lang.Object java.lang.invoke.Invokers$Holder.linkToTargetMethod(java.lang.Object, java.lang.Object, java.lang.Object, java.lang.Object, java.lang.Object, java.lang.Object, java.lang.Object)'> (0x0000000710a5b540) 
thrown [s\src\hotspot\share\interpreter\linkResolver.cpp, line 759]
Event: 0.582 Thread 0x00000237363fa6f0 Exception <a 'java/lang/NoSuchMethodError'{0x0000000710a6e730}: 'java.lang.Object java.lang.invoke.DirectMethodHandle$Holder.invokeInterface(java.lang.Object, java.lang.Object, java.lang.Object, java.lang.Object, java.lang.Object)'> (0x0000000710a6e730) 
thrown [s\src\hotspot\share\interpreter\linkResolver.cpp, line 759]
Event: 0.583 Thread 0x00000237363fa6f0 Exception <a 'java/lang/IncompatibleClassChangeError'{0x0000000710a72548}: Found class java.lang.Object, but interface was expected> (0x0000000710a72548) 
thrown [s\src\hotspot\share\interpreter\linkResolver.cpp, line 826]
Event: 0.607 Thread 0x00000237363fa6f0 Exception <a 'java/lang/reflect/InvocationTargetException'{0x0000000710bf6840}> (0x0000000710bf6840) 
thrown [s\src\hotspot\share\runtime\reflection.cpp, line 1128]
Event: 0.618 Thread 0x00000237363fa6f0 Exception <a 'java/lang/reflect/InvocationTargetException'{0x00000007108a4cd8}> (0x00000007108a4cd8) 
thrown [s\src\hotspot\share\runtime\reflection.cpp, line 1128]
Event: 0.620 Thread 0x00000237363fa6f0 Exception <a 'java/lang/NoSuchMethodError'{0x00000007108b9498}: 'java.lang.Object java.lang.invoke.DirectMethodHandle$Holder.invokeStaticInit(java.lang.Object, java.lang.Object, long, java.lang.Object)'> (0x00000007108b9498) 
thrown [s\src\hotspot\share\interpreter\linkResolver.cpp, line 759]
Event: 0.620 Thread 0x00000237363fa6f0 Exception <a 'java/lang/NoSuchMethodError'{0x00000007108c0218}: 'java.lang.Object java.lang.invoke.DirectMethodHandle$Holder.newInvokeSpecial(java.lang.Object, java.lang.Object, long)'> (0x00000007108c0218) 
thrown [s\src\hotspot\share\interpreter\linkResolver.cpp, line 759]
Event: 0.620 Thread 0x00000237363fa6f0 Exception <a 'java/lang/NoSuchMethodError'{0x00000007108c4a78}: 'java.lang.Object java.lang.invoke.Invokers$Holder.linkToTargetMethod(java.lang.Object, long, java.lang.Object)'> (0x00000007108c4a78) 
thrown [s\src\hotspot\share\interpreter\linkResolver.cpp, line 759]
Event: 0.632 Thread 0x00000237363fa6f0 Exception <a 'java/lang/NoSuchMethodError'{0x00000007109160e0}: 'void java.lang.invoke.DirectMethodHandle$Holder.invokeStatic(java.lang.Object, long)'> (0x00000007109160e0) 
thrown [s\src\hotspot\share\interpreter\linkResolver.cpp, line 759]
Event: 0.633 Thread 0x00000237363fa6f0 Exception <a 'java/lang/NoSuchMethodError'{0x000000071091be98}: 'java.lang.Object java.lang.invoke.DirectMethodHandle$Holder.newInvokeSpecial(java.lang.Object, long)'> (0x000000071091be98) 
thrown [s\src\hotspot\share\interpreter\linkResolver.cpp, line 759]
Event: 0.824 Thread 0x00000237363fa6f0 Exception <a 'java/lang/NoSuchMethodError'{0x000000071061fb98}: 'java.lang.Object java.lang.invoke.DirectMethodHandle$Holder.invokeStaticInit(java.lang.Object, int, int, int, int)'> (0x000000071061fb98) 
thrown [s\src\hotspot\share\interpreter\linkResolver.cpp, line 759]
Event: 0.868 Thread 0x00000237363fa6f0 Exception <a 'java/lang/NoSuchMethodError'{0x0000000710727680}: 'java.lang.Object java.lang.invoke.DirectMethodHandle$Holder.invokeStaticInit(java.lang.Object, java.lang.Object, int, int, int, int)'> (0x0000000710727680) 
thrown [s\src\hotspot\share\interpreter\linkResolver.cpp, line 759]
Event: 0.886 Thread 0x00000237363fa6f0 Exception <a 'java/lang/NoSuchMethodError'{0x0000000710423fe8}: 'java.lang.Object java.lang.invoke.DirectMethodHandle$Holder.invokeStatic(java.lang.Object, int, java.lang.Object)'> (0x0000000710423fe8) 
thrown [s\src\hotspot\share\interpreter\linkResolver.cpp, line 759]

VM Operations (20 events):
Event: 0.218 Executing VM operation: HandshakeAllThreads done
Event: 0.292 Executing VM operation: HandshakeAllThreads
Event: 0.293 Executing VM operation: HandshakeAllThreads done
Event: 0.311 Executing VM operation: HandshakeAllThreads
Event: 0.311 Executing VM operation: HandshakeAllThreads done
Event: 0.326 Executing VM operation: HandshakeAllThreads
Event: 0.326 Executing VM operation: HandshakeAllThreads done
Event: 0.457 Executing VM operation: G1CollectForAllocation
Event: 0.460 Executing VM operation: G1CollectForAllocation done
Event: 0.585 Executing VM operation: HandshakeAllThreads
Event: 0.585 Executing VM operation: HandshakeAllThreads done
Event: 0.611 Executing VM operation: HandshakeAllThreads
Event: 0.611 Executing VM operation: HandshakeAllThreads done
Event: 0.627 Executing VM operation: HandshakeAllThreads
Event: 0.627 Executing VM operation: HandshakeAllThreads done
Event: 0.815 Executing VM operation: HandshakeAllThreads
Event: 0.815 Executing VM operation: HandshakeAllThreads done
Event: 0.966 Executing VM operation: HandshakeAllThreads
Event: 0.966 Executing VM operation: HandshakeAllThreads done
Event: 1.097 Executing VM operation: G1CollectForAllocation

Memory protections (0 events):
No events

Nmethod flushes (0 events):
No events

Events (18 events):
Event: 0.025 Thread 0x00000237363fa6f0 Thread added: 0x00000237363fa6f0
Event: 0.027 Thread 0x00000237363fa6f0 Thread added: 0x00000237598e1550
Event: 0.027 Thread 0x00000237363fa6f0 Thread added: 0x00000237598e22e0
Event: 0.032 Thread 0x00000237363fa6f0 Thread added: 0x00000237598f2db0
Event: 0.032 Thread 0x00000237363fa6f0 Thread added: 0x00000237598f6ba0
Event: 0.032 Thread 0x00000237363fa6f0 Thread added: 0x00000237598f7470
Event: 0.032 Thread 0x00000237363fa6f0 Thread added: 0x00000237598f8af0
Event: 0.032 Thread 0x00000237363fa6f0 Thread added: 0x00000237598f97a0
Event: 0.032 Thread 0x00000237363fa6f0 Thread added: 0x00000237598fe170
Event: 0.032 Thread 0x00000237363fa6f0 Thread added: 0x0000023759903f90
Event: 0.098 Thread 0x00000237363fa6f0 Thread added: 0x00000237598c7a20
Event: 0.132 Thread 0x00000237363fa6f0 Thread added: 0x0000023759b4e5a0
Event: 0.156 Thread 0x00000237363fa6f0 Thread added: 0x000002379f1084b0
Event: 0.156 Thread 0x00000237363fa6f0 Thread added: 0x000002379f107580
Event: 0.174 Thread 0x00000237598fe170 Thread added: 0x000002379f21b8d0
Event: 0.816 Thread 0x000002379f21b8d0 Thread exited: 0x000002379f21b8d0
Event: 0.879 Thread 0x00000237598f97a0 Thread added: 0x00000237a04975c0
Event: 1.093 Thread 0x00000237598fe170 Thread added: 0x00000237a0f27530


Dynamic libraries:
0x00007ff79ebc0000 - 0x00007ff79ebce000 	C:\Users\jorge\.jdks\ms-17.0.18\bin\java.exe
0x00007ffbe5510000 - 0x00007ffbe5708000 	C:\WINDOWS\SYSTEM32\ntdll.dll
0x00007ffbe4a80000 - 0x00007ffbe4b42000 	C:\WINDOWS\System32\KERNEL32.DLL
0x00007ffbe3160000 - 0x00007ffbe3456000 	C:\WINDOWS\System32\KERNELBASE.dll
0x00007ffbe2e50000 - 0x00007ffbe2f50000 	C:\WINDOWS\System32\ucrtbase.dll
0x00007ffbdeed0000 - 0x00007ffbdeee8000 	C:\Users\jorge\.jdks\ms-17.0.18\bin\jli.dll
0x00007ffbd9c00000 - 0x00007ffbd9c1e000 	C:\Users\jorge\.jdks\ms-17.0.18\bin\VCRUNTIME140.dll
0x00007ffbe36f0000 - 0x00007ffbe3891000 	C:\WINDOWS\System32\USER32.dll
0x00007ffbca5f0000 - 0x00007ffbca88b000 	C:\WINDOWS\WinSxS\amd64_microsoft.windows.common-controls_6595b64144ccf1df_6.0.19041.6456_none_60b8a6cb71f64256\COMCTL32.dll
0x00007ffbe2ff0000 - 0x00007ffbe3012000 	C:\WINDOWS\System32\win32u.dll
0x00007ffbe5430000 - 0x00007ffbe54ce000 	C:\WINDOWS\System32\msvcrt.dll
0x00007ffbe4050000 - 0x00007ffbe407b000 	C:\WINDOWS\System32\GDI32.dll
0x00007ffbe2bd0000 - 0x00007ffbe2ce9000 	C:\WINDOWS\System32\gdi32full.dll
0x00007ffbe2f50000 - 0x00007ffbe2fed000 	C:\WINDOWS\System32\msvcp_win.dll
0x00007ffbe4b50000 - 0x00007ffbe4b7f000 	C:\WINDOWS\System32\IMM32.DLL
0x00007ffbdc850000 - 0x00007ffbdc85c000 	C:\Users\jorge\.jdks\ms-17.0.18\bin\vcruntime140_1.dll
0x00007ffbc55a0000 - 0x00007ffbc5629000 	C:\Users\jorge\.jdks\ms-17.0.18\bin\msvcp140.dll
0x00007ffb2c0e0000 - 0x00007ffb2cd5a000 	C:\Users\jorge\.jdks\ms-17.0.18\bin\server\jvm.dll
0x00007ffbe4f00000 - 0x00007ffbe4fb1000 	C:\WINDOWS\System32\ADVAPI32.dll
0x00007ffbe4bf0000 - 0x00007ffbe4c8f000 	C:\WINDOWS\System32\sechost.dll
0x00007ffbe4de0000 - 0x00007ffbe4f00000 	C:\WINDOWS\System32\RPCRT4.dll
0x00007ffbe2ba0000 - 0x00007ffbe2bc7000 	C:\WINDOWS\System32\bcrypt.dll
0x00007ffbe4230000 - 0x00007ffbe429b000 	C:\WINDOWS\System32\WS2_32.dll
0x00007ffbe2090000 - 0x00007ffbe20db000 	C:\WINDOWS\SYSTEM32\POWRPROF.dll
0x00007ffbdba70000 - 0x00007ffbdba7a000 	C:\WINDOWS\SYSTEM32\VERSION.dll
0x00007ffbd1c10000 - 0x00007ffbd1c37000 	C:\WINDOWS\SYSTEM32\WINMM.dll
0x00007ffbe1f60000 - 0x00007ffbe1f72000 	C:\WINDOWS\SYSTEM32\UMPDC.dll
0x00007ffbe09f0000 - 0x00007ffbe0a02000 	C:\WINDOWS\SYSTEM32\kernel.appcore.dll
0x00007ffbd9bf0000 - 0x00007ffbd9bfa000 	C:\Users\jorge\.jdks\ms-17.0.18\bin\jimage.dll
0x00007ffbd12b0000 - 0x00007ffbd14b1000 	C:\WINDOWS\SYSTEM32\DBGHELP.DLL
0x00007ffbc2710000 - 0x00007ffbc2744000 	C:\WINDOWS\SYSTEM32\dbgcore.DLL
0x00007ffbe3020000 - 0x00007ffbe30a2000 	C:\WINDOWS\System32\bcryptPrimitives.dll
0x00007ffbd9cb0000 - 0x00007ffbd9cbf000 	C:\Users\jorge\.jdks\ms-17.0.18\bin\instrument.dll
0x00007ffbd9bc0000 - 0x00007ffbd9be6000 	C:\Users\jorge\.jdks\ms-17.0.18\bin\java.dll
0x00007ffbb8ff0000 - 0x00007ffbb9008000 	C:\Users\jorge\.jdks\ms-17.0.18\bin\zip.dll
0x00007ffbc54c0000 - 0x00007ffbc5596000 	C:\Users\jorge\.jdks\ms-17.0.18\bin\jsvml.dll
0x00007ffbe4310000 - 0x00007ffbe4a80000 	C:\WINDOWS\System32\SHELL32.dll
0x00007ffbe0bf0000 - 0x00007ffbe1395000 	C:\WINDOWS\SYSTEM32\windows.storage.dll
0x00007ffbe5070000 - 0x00007ffbe53c4000 	C:\WINDOWS\System32\combase.dll
0x00007ffbe24f0000 - 0x00007ffbe251b000 	C:\WINDOWS\SYSTEM32\Wldp.dll
0x00007ffbe3f20000 - 0x00007ffbe3fed000 	C:\WINDOWS\System32\OLEAUT32.dll
0x00007ffbe4c90000 - 0x00007ffbe4d3d000 	C:\WINDOWS\System32\SHCORE.dll
0x00007ffbe53d0000 - 0x00007ffbe542b000 	C:\WINDOWS\System32\shlwapi.dll
0x00007ffbe2ad0000 - 0x00007ffbe2af4000 	C:\WINDOWS\SYSTEM32\profapi.dll
0x00007ffbc54a0000 - 0x00007ffbc54bb000 	C:\Users\jorge\.jdks\ms-17.0.18\bin\net.dll
0x00007ffbdbce0000 - 0x00007ffbdbdea000 	C:\WINDOWS\SYSTEM32\WINHTTP.dll
0x00007ffbe22d0000 - 0x00007ffbe233a000 	C:\WINDOWS\system32\mswsock.dll
0x00007ffbbf0a0000 - 0x00007ffbbf0b6000 	C:\Users\jorge\.jdks\ms-17.0.18\bin\nio.dll
0x00007ffbb8fd0000 - 0x00007ffbb8fd9000 	C:\Users\jorge\.jdks\ms-17.0.18\bin\extnet.dll
0x00007ffbe2530000 - 0x00007ffbe2548000 	C:\WINDOWS\SYSTEM32\CRYPTSP.dll
0x00007ffbe1ba0000 - 0x00007ffbe1bd8000 	C:\WINDOWS\system32\rsaenh.dll
0x00007ffbe2a90000 - 0x00007ffbe2abe000 	C:\WINDOWS\SYSTEM32\USERENV.dll
0x00007ffbe2460000 - 0x00007ffbe246c000 	C:\WINDOWS\SYSTEM32\CRYPTBASE.dll
0x00007ffbe1f80000 - 0x00007ffbe1fbb000 	C:\WINDOWS\SYSTEM32\IPHLPAPI.DLL
0x00007ffbe4d40000 - 0x00007ffbe4d48000 	C:\WINDOWS\System32\NSI.dll
0x00007ffbdebf0000 - 0x00007ffbdec07000 	C:\WINDOWS\SYSTEM32\dhcpcsvc6.DLL
0x00007ffbdebd0000 - 0x00007ffbdebed000 	C:\WINDOWS\SYSTEM32\dhcpcsvc.DLL
0x00007ffbe1fc0000 - 0x00007ffbe208a000 	C:\WINDOWS\SYSTEM32\DNSAPI.dll
0x00007ffbc5630000 - 0x00007ffbc5640000 	C:\Users\jorge\.jdks\ms-17.0.18\bin\verify.dll

dbghelp: loaded successfully - version: 4.0.5 - missing functions: none
symbol engine: initialized successfully - sym options: 0x614 - pdb path: .;C:\Users\jorge\.jdks\ms-17.0.18\bin;C:\WINDOWS\SYSTEM32;C:\WINDOWS\WinSxS\amd64_microsoft.windows.common-controls_6595b64144ccf1df_6.0.19041.6456_none_60b8a6cb71f64256;C:\Users\jorge\.jdks\ms-17.0.18\bin\server

VM Arguments:
jvm_args: -javaagent:C:\Users\jorge\AppData\Local\JetBrains\IdeaIC2025.1\captureAgent\debugger-agent.jar=file:///C:/Users/jorge/AppData/Local/Temp/capture3164001280404702202.props -ea -Didea.test.cyclic.buffer.size=1048576 -javaagent:C:\Program Files\JetBrains\IntelliJ IDEA Community Edition 2025.1.1.1\lib\idea_rt.jar=62638 -Dkotlinx.coroutines.debug.enable.creation.stack.trace=false -Ddebugger.agent.enable.coroutines=true -Dkotlinx.coroutines.debug.enable.flows.stack.trace=true -Dkotlinx.coroutines.debug.enable.mutable.state.flows.stack.trace=true -Dfile.encoding=UTF-8 
java_command: com.intellij.rt.junit.JUnitStarter -ideVersion5 -junit5 com.minimarket.service.ProductoServiceImplTest,actualizar_conDatosValidos_debeActualizarProducto
java_class_path (initial): C:\Users\jorge\.m2\repository\org\junit\platform\junit-platform-launcher\1.11.4\junit-platform-launcher-1.11.4.jar;C:\Program Files\JetBrains\IntelliJ IDEA Community Edition 2025.1.1.1\lib\idea_rt.jar;C:\Program Files\JetBrains\IntelliJ IDEA Community Edition 2025.1.1.1\plugins\junit\lib\junit5-rt.jar;C:\Program Files\JetBrains\IntelliJ IDEA Community Edition 2025.1.1.1\plugins\junit\lib\junit-rt.jar;C:\Users\jorge\OneDrive\Desktop\Backend II\minimarket\target\test-classes;C:\Users\jorge\OneDrive\Desktop\Backend II\minimarket\target\classes;C:\Users\jorge\.m2\repository\org\springframework\boot\spring-boot-starter-data-jpa\3.4.1\spring-boot-starter-data-jpa-3.4.1.jar;C:\Users\jorge\.m2\repository\org\springframework\boot\spring-boot-starter\3.4.1\spring-boot-starter-3.4.1.jar;C:\Users\jorge\.m2\repository\org\springframework\boot\spring-boot-starter-logging\3.4.1\spring-boot-starter-logging-3.4.1.jar;C:\Users\jorge\.m2\repository\ch\qos\logback\logback-classic\1.5.12\logback-classic-1.5.12.jar;C:\Users\jorge\.m2\repository\ch\qos\logback\logback-core\1.5.12\logback-core-1.5.12.jar;C:\Users\jorge\.m2\repository\org\apache\logging\log4j\log4j-to-slf4j\2.24.3\log4j-to-slf4j-2.24.3.jar;C:\Users\jorge\.m2\repository\org\apache\logging\log4j\log4j-api\2.24.3\log4j-api-2.24.3.jar;C:\Users\jorge\.m2\repository\org\slf4j\jul-to-slf4j\2.0.16\jul-to-slf4j-2.0.16.jar;C:\Users\jorge\.m2\repository\jakarta\annotation\jakarta.annotation-api\2.1.1\jakarta.annotation-api-2.1.1.jar;C:\Users\jorge\.m2\repository\org\yaml\snakeyaml\2.3\snakeyaml-2.3.jar;C:\Users\jorge\.m2\repository\org\springframework\boot\spring-boot-starter-jdbc\3.4.1\spring-boot-starter-jdbc-3.4.1.jar;C:\Users\jorge\.m2\repository\com\zaxxer\HikariCP\5.1.0\HikariCP-5.1.0.jar;C:\Users\jorge\.m2\repository\org\springframework\spring-jdbc\6.2.1\spring-jdbc-6.2.1.jar;C:\Users\jorge\.m2\repository\org\hibernate\orm\hibernate-core\6.6.4.Final\hibernate-core-6.6.4.Final.jar;C:\Users\jorge\.m2\
Launcher Type: SUN_STANDARD

[Global flags]
     intx CICompilerCount                          = 4                                         {product} {ergonomic}
     uint ConcGCThreads                            = 3                                         {product} {ergonomic}
     uint G1ConcRefinementThreads                  = 10                                        {product} {ergonomic}
   size_t G1HeapRegionSize                         = 2097152                                   {product} {ergonomic}
    uintx GCDrainStackTargetSize                   = 64                                        {product} {ergonomic}
   size_t InitialHeapSize                          = 268435456                                 {product} {ergonomic}
   size_t MarkStackSize                            = 4194304                                   {product} {ergonomic}
   size_t MaxHeapSize                              = 4276092928                                {product} {ergonomic}
   size_t MaxNewSize                               = 2564816896                                {product} {ergonomic}
   size_t MinHeapDeltaBytes                        = 2097152                                   {product} {ergonomic}
   size_t MinHeapSize                              = 8388608                                   {product} {ergonomic}
    uintx NonNMethodCodeHeapSize                   = 5839372                                {pd product} {ergonomic}
    uintx NonProfiledCodeHeapSize                  = 122909434                              {pd product} {ergonomic}
    uintx ProfiledCodeHeapSize                     = 122909434                              {pd product} {ergonomic}
    uintx ReservedCodeCacheSize                    = 251658240                              {pd product} {ergonomic}
     bool SegmentedCodeCache                       = true                                      {product} {ergonomic}
   size_t SoftMaxHeapSize                          = 4276092928                             {manageable} {ergonomic}
     bool UseCompressedClassPointers               = true                           {product lp64_product} {ergonomic}
     bool UseCompressedOops                        = true                           {product lp64_product} {ergonomic}
     bool UseG1GC                                  = true                                      {product} {ergonomic}
     bool UseLargePagesIndividualAllocation        = false                                  {pd product} {ergonomic}

Logging:
Log output configuration:
 #0: stdout all=warning uptime,level,tags
 #1: stderr all=off uptime,level,tags

Environment Variables:
JAVA_HOME=C:\Program Files\Microsoft\jdk-21.0.10.7-hotspot\
PATH=C:\Program Files\Microsoft\jdk-21.0.10.7-hotspot\bin;C:\Program Files\Common Files\Oracle\Java\javapath;C:\app\jorge\product\21c\dbhomeXE\bin;C:\WINDOWS\system32;C:\WINDOWS;C:\WINDOWS\System32\Wbem;C:\WINDOWS\System32\WindowsPowerShell\v1.0\;C:\WINDOWS\System32\OpenSSH\;C:\Program Files\NVIDIA Corporation\NVIDIA App\NvDLISR;C:\Program Files (x86)\NVIDIA Corporation\PhysX\Common;C:\Program Files\nodejs\;C:\Program Files\Docker\Docker\resources\bin;C:\Program Files\Git\cmd;C:\Program Files\dotnet\;C:\Users\jorge\scoop\apps\maven\current\bin;C:\Users\jorge\scoop\shims;C:\Program Files\MySQL\MySQL Shell 8.0\bin\;C:\Users\jorge\AppData\Local\Programs\Python\Launcher\;C:\Users\jorge\AppData\Local\Microsoft\WindowsApps;C:\Users\jorge\AppData\Local\Programs\Microsoft VS Code\bin;C:\Program Files\JetBrains\PyCharm Community Edition 2025.1.1.1\bin;;C:\Users\jorge\AppData\Roaming\npm;C:\Users\jorge\.dotnet\tools
USERNAME=jorge
OS=Windows_NT
PROCESSOR_IDENTIFIER=Intel64 Family 6 Model 165 Stepping 5, GenuineIntel
TMP=C:\Users\jorge\AppData\Local\Temp
TEMP=C:\Users\jorge\AppData\Local\Temp



Periodic native trim disabled


---------------  S Y S T E M  ---------------

OS:
 Windows 10 , 64 bit Build 19041 (10.0.19041.5915)
OS uptime: 0 days 8:36 hours
Hyper-V role detected

CPU: total 12 (initial active 12) (6 cores per cpu, 2 threads per core) family 6 model 165 stepping 5 microcode 0xca, cx8, cmov, fxsr, ht, mmx, 3dnowpref, sse, sse2, sse3, ssse3, sse4.1, sse4.2, popcnt, lzcnt, tsc, tscinvbit, avx, avx2, aes, erms, clmul, bmi1, bmi2, adx, fma, vzeroupper, clflush, clflushopt, hv
Processor Information for the first 12 processors :
  Max Mhz: 4104, Current Mhz: 3803, Mhz Limit: 4104

Memory: 4k page, system-wide physical 16310M (4976M free)
TotalPageFile size 27574M (AvailPageFile size 9321M)
current process WorkingSet (physical memory assigned to process): 125M, peak: 127M
current process commit charge ("private bytes"): 398M, peak: 399M

vm_info: OpenJDK 64-Bit Server VM (17.0.18+8-LTS) for windows-amd64 JRE (17.0.18+8-LTS), built on Jan 15 2026 18:50:45 by "MicrosoftCorporation" with MS VC++ 17.14 (VS2022)

END.
