#
# A fatal error has been detected by the Java Runtime Environment:
#
#  EXCEPTION_ACCESS_VIOLATION (0xc0000005) at pc=0x00007ffb9a39a7f3, pid=18420, tid=19184
#
# JRE version: OpenJDK Runtime Environment Microsoft-13106404 (21.0.10+7) (build 21.0.10+7-LTS)
# Java VM: OpenJDK 64-Bit Server VM Microsoft-13106404 (21.0.10+7-LTS, mixed mode, sharing, tiered, compressed oops, compressed class ptrs, g1 gc, windows-amd64)
# Problematic frame:
# V  [jvm.dll+0x60a7f3]
#
# No core dump will be written. Minidumps are not enabled by default on client versions of Windows
#
# If you would like to submit a bug report, please visit:
#   https://github.com/microsoft/openjdk/issues
#

---------------  S U M M A R Y ------------

Command Line: -Dclassworlds.conf=C:\Users\jorge\.m2\wrapper\dists\apache-maven-3.9.9\977a63e90f436cd6ade95b4c0e10c20c\bin\m2.conf -Dmaven.home=C:\Users\jorge\.m2\wrapper\dists\apache-maven-3.9.9\977a63e90f436cd6ade95b4c0e10c20c -Dlibrary.jansi.path=C:\Users\jorge\.m2\wrapper\dists\apache-maven-3.9.9\977a63e90f436cd6ade95b4c0e10c20c\lib\jansi-native -Dmaven.multiModuleProjectDirectory=C:\Users\jorge\OneDrive\Desktop\Backend II\minimarket org.codehaus.plexus.classworlds.launcher.Launcher clean test

Host: Intel(R) Core(TM) i5-10600K CPU @ 4.10GHz, 12 cores, 15G,  Windows 10 , 64 bit Build 19041 (10.0.19041.5915)
Time: Sat Jul 18 12:47:05 2026 Hora est. Sudam廨ica Pac璗ico elapsed time: 3.083394 seconds (0d 0h 0m 3s)

---------------  T H R E A D  ---------------

Current thread (0x0000020afb289b30):  JavaThread "C2 CompilerThread1" daemon [_thread_in_native, id=19184, stack(0x000000c35d600000,0x000000c35d700000) (1024K)]


Current CompileTask:
C2:3083 5147       4       java.lang.invoke.MethodType::makeImpl (109 bytes)

Stack: [0x000000c35d600000,0x000000c35d700000],  sp=0x000000c35d6fbf10,  free space=1007k
Native frames: (J=compiled Java code, j=interpreted, Vv=VM code, C=native code)
V  [jvm.dll+0x60a7f3]  (no source info available)
V  [jvm.dll+0x609ac8]  (no source info available)
V  [jvm.dll+0x25b9a7]  (no source info available)
V  [jvm.dll+0x253d3b]  (no source info available)
V  [jvm.dll+0x251b81]  (no source info available)
V  [jvm.dll+0x1d1adf]  (no source info available)
V  [jvm.dll+0x26195a]  (no source info available)
V  [jvm.dll+0x25fcc5]  (no source info available)
V  [jvm.dll+0x402155]  (no source info available)
V  [jvm.dll+0x86ab8d]  (no source info available)
V  [jvm.dll+0x6e141d]  (no source info available)
C  [ucrtbase.dll+0x21bb2]  (no source info available)
C  [KERNEL32.DLL+0x17374]  (no source info available)
C  [ntdll.dll+0x4cc91]  (no source info available)


siginfo: EXCEPTION_ACCESS_VIOLATION (0xc0000005), reading address 0x0000021afb72a620


Registers:
RAX=0x0000000000000000, RBX=0x0000021afb72a620, RCX=0x0000000000000002, RDX=0x0000020afb4c6838
RSP=0x000000c35d6fbf10, RBP=0x000000c35d6fc2a0, RSI=0x0000000000000016, RDI=0x000000c35d6fbfe0
R8 =0x0000000000400000, R9 =0x0000000000000000, R10=0x00007ffbc7750000, R11=0x00007ffbc7762907
R12=0x000000c35d6fbfc0, R13=0x000000c35d6fbfa0, R14=0x0000000000000001, R15=0x0000020afb72a568
RIP=0x00007ffb9a39a7f3, EFLAGS=0x0000000000010203

XMM[0]=0x0000000000000000 0x0000000000000000
XMM[1]=0x0000020afcbf4460 0x0000020afcbf58b8
XMM[2]=0x0000000000000000 0x0000000000000000
XMM[3]=0x0000000000000000 0x0000000000000000
XMM[4]=0x0000000000000000 0x0000000000000000
XMM[5]=0x0000020afb723718 0x0000020afcbf70e0
XMM[6]=0x0000000000000000 0x0000000000000000
XMM[7]=0x0000000000000000 0x0000000000000000
XMM[8]=0x0000000000000000 0x0000000000000000
XMM[9]=0x0000000000000000 0x0000000000000000
XMM[10]=0x0000000000000000 0x0000000000000000
XMM[11]=0x0000000000000000 0x0000000000000000
XMM[12]=0x0000000000000000 0x0000000000000000
XMM[13]=0x0000000000000000 0x0000000000000000
XMM[14]=0x0000000000000000 0x0000000000000000
XMM[15]=0x0000000000000000 0x0000000000000000
  MXCSR=0x00001fa0


Register to memory mapping:

RAX=0x0 is null
RBX=0x0000021afb72a620 is an unknown value
RCX=0x0000000000000002 is an unknown value
RDX=0x0000020afb4c6838 points into unknown readable memory: 0x6c00ee03d8f6fe84 | 84 fe f6 d8 03 ee 00 6c
RSP=0x000000c35d6fbf10 is pointing into the stack for thread: 0x0000020afb289b30
RBP=0x000000c35d6fc2a0 is pointing into the stack for thread: 0x0000020afb289b30
RSI=0x0000000000000016 is an unknown value
RDI=0x000000c35d6fbfe0 is pointing into the stack for thread: 0x0000020afb289b30
R8 =0x0000000000400000 is an unknown value
R9 =0x0 is null
R10=0x00007ffbc7750000 VCRUNTIME140.dll
R11=0x00007ffbc7762907 VCRUNTIME140.dll
R12=0x000000c35d6fbfc0 is pointing into the stack for thread: 0x0000020afb289b30
R13=0x000000c35d6fbfa0 is pointing into the stack for thread: 0x0000020afb289b30
R14=0x0000000000000001 is an unknown value
R15=0x0000020afb72a568 points into unknown readable memory: 0x00007ffb9a78f418 | 18 f4 78 9a fb 7f 00 00

Top of Stack: (sp=0x000000c35d6fbf10)
0x000000c35d6fbf10:   000000c35d6fc2a0 0000000000000800
0x000000c35d6fbf20:   0000000000000de8 0000020afb729e50
0x000000c35d6fbf30:   0000020a960cd700 0000000000000000
0x000000c35d6fbf40:   0000020afbc4af68 0000020ab5991600
0x000000c35d6fbf50:   0000000000000000 000000c35d6fc2a0
0x000000c35d6fbf60:   000000c35d6fc070 00007ffb9a399ac8
0x000000c35d6fbf70:   000000c35d6fc2a0 0000000000000001
0x000000c35d6fbf80:   000000c300000002 000000c35d6fbfe0
0x000000c35d6fbf90:   0000000000001784 00007ffbe552e430
0x000000c35d6fbfa0:   0000020afb28a470 000000c300001000
0x000000c35d6fbfb0:   0000020afd851870 0000020a00000de8
0x000000c35d6fbfc0:   0000000000000200 0000020afb4c6570
0x000000c35d6fbfd0:   0000000000000200 0000020afb28a470
0x000000c35d6fbfe0:   0000020afd5620a0 0000020afd574710
0x000000c35d6fbff0:   0000020afd5620b0 0000020afb28a470
0x000000c35d6fc000:   0000020afb28a470 0000000000000004
0x000000c35d6fc010:   0000020afced58c0 00007ffb00000000
0x000000c35d6fc020:   0000000000020020 000000004900bcf5
0x000000c35d6fc030:   0000020afd23ea60 0000020afc4c09d0
0x000000c35d6fc040:   0000000000000000 0000000000000001
0x000000c35d6fc050:   0000000000000048 0000020a00000001
0x000000c35d6fc060:   0000000000000000 00007ffbe317b6ae
0x000000c35d6fc070:   0000000000000000 0000000000000000
0x000000c35d6fc080:   0000000000000000 0000000000000000
0x000000c35d6fc090:   0000000000000000 0000000000000000
0x000000c35d6fc0a0:   0000000000000048 00007ffbe317b6ae
0x000000c35d6fc0b0:   0000000000000000 0000000000000000
0x000000c35d6fc0c0:   0000000000000000 0000000000000000
0x000000c35d6fc0d0:   0000000000000000 00007ffbe317b6ae
0x000000c35d6fc0e0:   0000000000000048 00007ffb00000001
0x000000c35d6fc0f0:   0000000000000000 0000000000000000
0x000000c35d6fc100:   0000000000000000 0000000000000000 

Instructions: (pc=0x00007ffb9a39a7f3)
0x00007ffb9a39a6f3:   28 48 8b 74 24 30 48 8b 6c 24 38 48 8b 5c 24 60
0x00007ffb9a39a703:   4c 8b 74 24 20 48 83 c4 40 41 5f 41 5d 5f c3 4c
0x00007ffb9a39a713:   8d 0d 2f de 42 00 ba d6 03 00 00 4c 8d 05 33 de
0x00007ffb9a39a723:   42 00 48 8d 0d 5c d2 41 00 e8 df 01 c8 ff cc cc
0x00007ffb9a39a733:   cc cc cc cc cc cc cc cc cc cc cc cc cc 48 89 4c
0x00007ffb9a39a743:   24 08 55 57 41 54 41 55 48 83 ec 38 41 8b 40 18
0x00007ffb9a39a753:   49 8b f9 4d 8b e8 4c 8b e2 48 8b e9 85 c0 0f 84
0x00007ffb9a39a763:   37 02 00 00 48 89 5c 24 68 48 89 74 24 30 4c 89
0x00007ffb9a39a773:   74 24 28 4c 89 7c 24 20 0f 1f 44 00 00 ff c8 41
0x00007ffb9a39a783:   89 45 18 8b c8 49 8b 45 10 4c 8b 3c c8 41 8b 77
0x00007ffb9a39a793:   28 8b de c1 eb 05 41 3b 1c 24 72 0a 8b d3 49 8b
0x00007ffb9a39a7a3:   cc e8 87 f2 29 00 49 8b 44 24 08 83 e6 1f 48 8d
0x00007ffb9a39a7b3:   14 98 40 0f b6 ce 41 b8 01 00 00 00 41 d3 e0 8b
0x00007ffb9a39a7c3:   0a 8b c1 41 0b c0 89 02 41 85 c8 0f 85 aa 01 00
0x00007ffb9a39a7d3:   00 41 8b 4f 20 45 33 f6 89 4c 24 70 90 44 3b f1
0x00007ffb9a39a7e3:   0f 83 4b 01 00 00 49 8b 5f 10 41 8b c6 41 ff c6
0x00007ffb9a39a7f3:   48 8b 1c c3 8b 43 28 3b 45 20 73 0d 8b c8 48 8b
0x00007ffb9a39a803:   45 28 48 83 3c c8 00 75 36 48 83 7b 10 00 74 2f
0x00007ffb9a39a813:   48 8d 75 68 8b 6e 18 8d 45 01 89 46 18 3b 6e 08
0x00007ffb9a39a823:   72 0a 8b d5 48 8b ce e8 61 32 0b 00 48 8b 46 10
0x00007ffb9a39a833:   8b 4c 24 70 48 89 1c e8 48 8b 6c 24 60 eb 9e 48
0x00007ffb9a39a843:   8b 43 08 48 83 38 00 74 6d 48 8b 03 48 8b cb ff
0x00007ffb9a39a853:   50 10 84 c0 75 0a 8b 43 2c 83 e0 0f 3c 0c 75 56
0x00007ffb9a39a863:   8b 4b 28 8b c1 c1 e8 05 41 3b 04 24 73 1c 83 e1
0x00007ffb9a39a873:   1f 8b d1 8b c8 49 8b 44 24 08 8b 0c 88 0f a3 d1
0x00007ffb9a39a883:   8b 4c 24 70 0f 82 53 ff ff ff 41 8b 75 18 8d 46
0x00007ffb9a39a893:   01 41 89 45 18 41 3b 75 08 72 0a 8b d6 49 8b cd
0x00007ffb9a39a8a3:   e8 e8 31 0b 00 49 8b 45 10 8b 4c 24 70 48 89 1c
0x00007ffb9a39a8b3:   f0 e9 27 ff ff ff 8b 6b 28 8b f5 c1 ee 05 41 3b
0x00007ffb9a39a8c3:   34 24 72 0a 8b d6 49 8b cc e8 5f f1 29 00 49 8b
0x00007ffb9a39a8d3:   44 24 08 83 e5 1f 48 8d 14 b0 40 0f b6 cd 48 8b
0x00007ffb9a39a8e3:   6c 24 60 41 b8 01 00 00 00 41 d3 e0 8b 0a 8b c1 


Stack slot to memory mapping:

stack at sp + 0 slots: 0x000000c35d6fc2a0 is pointing into the stack for thread: 0x0000020afb289b30
stack at sp + 1 slots: 0x0000000000000800 is an unknown value
stack at sp + 2 slots: 0x0000000000000de8 is an unknown value
stack at sp + 3 slots: 0x0000020afb729e50 points into unknown readable memory: 0x00007ffb9a7c8200 | 00 82 7c 9a fb 7f 00 00
stack at sp + 4 slots: 0x0000020a960cd700 points into unknown readable memory: 0x00007ffb9a7cd470 | 70 d4 7c 9a fb 7f 00 00
stack at sp + 5 slots: 0x0 is null
stack at sp + 6 slots: 0x0000020afbc4af68 points into unknown readable memory: 0x00007ffb9a7a5570 | 70 55 7a 9a fb 7f 00 00
stack at sp + 7 slots: 0x0000020ab5991600 points into unknown readable memory: 0x23d9114900000000 | 00 00 00 00 49 11 d9 23


---------------  P R O C E S S  ---------------

Threads class SMR info:
_java_thread_list=0x0000020afbcf96b0, length=14, elements={
0x0000020a93e61ca0, 0x0000020ab5985240, 0x0000020ab5987170, 0x0000020ab59888a0,
0x0000020ab598c8a0, 0x0000020ab598d710, 0x0000020ab598e170, 0x0000020ab598f180,
0x0000020ab598fc20, 0x0000020ab5b34690, 0x0000020ab5b59d20, 0x0000020afb289b30,
0x0000020afb410690, 0x0000020afbbad260
}

Java Threads: ( => current thread )
  0x0000020a93e61ca0 JavaThread "main"                              [_thread_in_native, id=20212, stack(0x000000c35c400000,0x000000c35c500000) (1024K)]
  0x0000020ab5985240 JavaThread "Reference Handler"          daemon [_thread_blocked, id=8984, stack(0x000000c35cc00000,0x000000c35cd00000) (1024K)]
  0x0000020ab5987170 JavaThread "Finalizer"                  daemon [_thread_blocked, id=20512, stack(0x000000c35cd00000,0x000000c35ce00000) (1024K)]
  0x0000020ab59888a0 JavaThread "Signal Dispatcher"          daemon [_thread_blocked, id=12172, stack(0x000000c35ce00000,0x000000c35cf00000) (1024K)]
  0x0000020ab598c8a0 JavaThread "Attach Listener"            daemon [_thread_blocked, id=11052, stack(0x000000c35cf00000,0x000000c35d000000) (1024K)]
  0x0000020ab598d710 JavaThread "Service Thread"             daemon [_thread_blocked, id=4764, stack(0x000000c35d000000,0x000000c35d100000) (1024K)]
  0x0000020ab598e170 JavaThread "Monitor Deflation Thread"   daemon [_thread_blocked, id=16896, stack(0x000000c35d100000,0x000000c35d200000) (1024K)]
  0x0000020ab598f180 JavaThread "C2 CompilerThread0"         daemon [_thread_in_native, id=16468, stack(0x000000c35d200000,0x000000c35d300000) (1024K)]
  0x0000020ab598fc20 JavaThread "C1 CompilerThread0"         daemon [_thread_blocked, id=17264, stack(0x000000c35d300000,0x000000c35d400000) (1024K)]
  0x0000020ab5b34690 JavaThread "Notification Thread"        daemon [_thread_blocked, id=11540, stack(0x000000c35d400000,0x000000c35d500000) (1024K)]
  0x0000020ab5b59d20 JavaThread "Common-Cleaner"             daemon [_thread_blocked, id=16172, stack(0x000000c35d500000,0x000000c35d600000) (1024K)]
=>0x0000020afb289b30 JavaThread "C2 CompilerThread1"         daemon [_thread_in_native, id=19184, stack(0x000000c35d600000,0x000000c35d700000) (1024K)]
  0x0000020afb410690 JavaThread "C2 CompilerThread2"         daemon [_thread_blocked, id=16296, stack(0x000000c35d700000,0x000000c35d800000) (1024K)]
  0x0000020afbbad260 JavaThread "Thread-1"                   daemon [_thread_blocked, id=4816, stack(0x000000c35e100000,0x000000c35e200000) (1024K)]
Total: 14

Other Threads:
  0x0000020ab59651e0 VMThread "VM Thread"                           [id=1128, stack(0x000000c35cb00000,0x000000c35cc00000) (1024K)]
  0x0000020ab5954b80 WatcherThread "VM Periodic Task Thread"        [id=17444, stack(0x000000c35ca00000,0x000000c35cb00000) (1024K)]
  0x0000020a961278d0 WorkerThread "GC Thread#0"                     [id=12140, stack(0x000000c35c500000,0x000000c35c600000) (1024K)]
  0x0000020afb411f40 WorkerThread "GC Thread#1"                     [id=17556, stack(0x000000c35d800000,0x000000c35d900000) (1024K)]
  0x0000020afb9acf50 WorkerThread "GC Thread#2"                     [id=2704, stack(0x000000c35d900000,0x000000c35da00000) (1024K)]
  0x0000020afb9ad710 WorkerThread "GC Thread#3"                     [id=500, stack(0x000000c35da00000,0x000000c35db00000) (1024K)]
  0x0000020afb9adac0 WorkerThread "GC Thread#4"                     [id=19168, stack(0x000000c35db00000,0x000000c35dc00000) (1024K)]
  0x0000020afbc4d510 WorkerThread "GC Thread#5"                     [id=17916, stack(0x000000c35dc00000,0x000000c35dd00000) (1024K)]
  0x0000020afbbece90 WorkerThread "GC Thread#6"                     [id=10144, stack(0x000000c35dd00000,0x000000c35de00000) (1024K)]
  0x0000020afbbed240 WorkerThread "GC Thread#7"                     [id=12184, stack(0x000000c35de00000,0x000000c35df00000) (1024K)]
  0x0000020afb8bd530 WorkerThread "GC Thread#8"                     [id=21500, stack(0x000000c35df00000,0x000000c35e000000) (1024K)]
  0x0000020afc0b7480 WorkerThread "GC Thread#9"                     [id=2192, stack(0x000000c35e000000,0x000000c35e100000) (1024K)]
  0x0000020a96138790 ConcurrentGCThread "G1 Main Marker"            [id=3204, stack(0x000000c35c600000,0x000000c35c700000) (1024K)]
  0x0000020a96139450 WorkerThread "G1 Conc#0"                       [id=888, stack(0x000000c35c700000,0x000000c35c800000) (1024K)]
  0x0000020ab5817960 ConcurrentGCThread "G1 Refine#0"               [id=17896, stack(0x000000c35c800000,0x000000c35c900000) (1024K)]
  0x0000020ab5818190 ConcurrentGCThread "G1 Service"                [id=17480, stack(0x000000c35c900000,0x000000c35ca00000) (1024K)]
Total: 16

Threads with active compile tasks:
C2 CompilerThread0  3102 5045       4       java.lang.invoke.MethodType::methodType (69 bytes)
C2 CompilerThread1  3102 5147       4       java.lang.invoke.MethodType::makeImpl (109 bytes)
C2 CompilerThread2  3102 5174       4       java.util.LinkedHashMap::<init> (16 bytes)
Total: 3

VM state: not at safepoint (normal execution)

VM Mutex/Monitor currently owned by a thread: None

Heap address: 0x0000000701200000, size: 4078 MB, Compressed Oops mode: Zero based, Oop shift amount: 3

CDS archive(s) mapped at: [0x0000020ab6000000-0x0000020ab6c80000-0x0000020ab6c80000), size 13107200, SharedBaseAddress: 0x0000020ab6000000, ArchiveRelocationMode: 1.
Compressed class space mapped at: 0x0000020ab7000000-0x0000020af7000000, reserved size: 1073741824
Narrow klass base: 0x0000020ab6000000, Narrow klass shift: 0, Narrow klass range: 0x100000000

GC Precious Log:
 CardTable entry size: 512
 Card Set container configuration: InlinePtr #cards 4 size 8 Array Of Cards #cards 16 size 48 Howl #buckets 8 coarsen threshold 3686 Howl Bitmap #cards 512 size 80 coarsen threshold 460 Card regions per heap region 1 cards per card region 4096
 CPUs: 12 total, 12 available
 Memory: 16310M
 Large Page Support: Disabled
 NUMA Support: Disabled
 Compressed Oops: Enabled (Zero based)
 Heap Region Size: 2M
 Heap Min Capacity: 8M
 Heap Initial Capacity: 256M
 Heap Max Capacity: 4078M
 Pre-touch: Disabled
 Parallel Workers: 10
 Concurrent Workers: 3
 Concurrent Refinement Workers: 10
 Periodic GC: Disabled

Heap:
 garbage-first heap   total 262144K, used 30188K [0x0000000701200000, 0x0000000800000000)
  region size 2048K, 14 young (28672K), 7 survivors (14336K)
 Metaspace       used 20760K, committed 21120K, reserved 1114112K
  class space    used 2372K, committed 2560K, reserved 1048576K

Heap Regions: E=young(eden), S=young(survivor), O=old, HS=humongous(starts), HC=humongous(continues), CS=collection set, F=free, TAMS=top-at-mark-start, PB=parsable bottom
|   0|0x0000000701200000, 0x0000000701400000, 0x0000000701400000|100%| O|  |TAMS 0x0000000701200000| PB 0x0000000701200000| Untracked 
|   1|0x0000000701400000, 0x0000000701585298, 0x0000000701600000| 76%| O|  |TAMS 0x0000000701400000| PB 0x0000000701400000| Untracked 
|   2|0x0000000701600000, 0x0000000701600000, 0x0000000701800000|  0%| F|  |TAMS 0x0000000701600000| PB 0x0000000701600000| Untracked 
|   3|0x0000000701800000, 0x0000000701800000, 0x0000000701a00000|  0%| F|  |TAMS 0x0000000701800000| PB 0x0000000701800000| Untracked 
|   4|0x0000000701a00000, 0x0000000701a00000, 0x0000000701c00000|  0%| F|  |TAMS 0x0000000701a00000| PB 0x0000000701a00000| Untracked 
|   5|0x0000000701c00000, 0x0000000701c00000, 0x0000000701e00000|  0%| F|  |TAMS 0x0000000701c00000| PB 0x0000000701c00000| Untracked 
|   6|0x0000000701e00000, 0x0000000701e00000, 0x0000000702000000|  0%| F|  |TAMS 0x0000000701e00000| PB 0x0000000701e00000| Untracked 
|   7|0x0000000702000000, 0x0000000702000000, 0x0000000702200000|  0%| F|  |TAMS 0x0000000702000000| PB 0x0000000702000000| Untracked 
|   8|0x0000000702200000, 0x0000000702200000, 0x0000000702400000|  0%| F|  |TAMS 0x0000000702200000| PB 0x0000000702200000| Untracked 
|   9|0x0000000702400000, 0x0000000702400000, 0x0000000702600000|  0%| F|  |TAMS 0x0000000702400000| PB 0x0000000702400000| Untracked 
|  10|0x0000000702600000, 0x0000000702600000, 0x0000000702800000|  0%| F|  |TAMS 0x0000000702600000| PB 0x0000000702600000| Untracked 
|  11|0x0000000702800000, 0x0000000702800000, 0x0000000702a00000|  0%| F|  |TAMS 0x0000000702800000| PB 0x0000000702800000| Untracked 
|  12|0x0000000702a00000, 0x0000000702a00000, 0x0000000702c00000|  0%| F|  |TAMS 0x0000000702a00000| PB 0x0000000702a00000| Untracked 
|  13|0x0000000702c00000, 0x0000000702c00000, 0x0000000702e00000|  0%| F|  |TAMS 0x0000000702c00000| PB 0x0000000702c00000| Untracked 
|  14|0x0000000702e00000, 0x0000000702e00000, 0x0000000703000000|  0%| F|  |TAMS 0x0000000702e00000| PB 0x0000000702e00000| Untracked 
|  15|0x0000000703000000, 0x0000000703000000, 0x0000000703200000|  0%| F|  |TAMS 0x0000000703000000| PB 0x0000000703000000| Untracked 
|  16|0x0000000703200000, 0x0000000703200000, 0x0000000703400000|  0%| F|  |TAMS 0x0000000703200000| PB 0x0000000703200000| Untracked 
|  17|0x0000000703400000, 0x0000000703400000, 0x0000000703600000|  0%| F|  |TAMS 0x0000000703400000| PB 0x0000000703400000| Untracked 
|  18|0x0000000703600000, 0x0000000703600000, 0x0000000703800000|  0%| F|  |TAMS 0x0000000703600000| PB 0x0000000703600000| Untracked 
|  19|0x0000000703800000, 0x0000000703800000, 0x0000000703a00000|  0%| F|  |TAMS 0x0000000703800000| PB 0x0000000703800000| Untracked 
|  20|0x0000000703a00000, 0x0000000703a00000, 0x0000000703c00000|  0%| F|  |TAMS 0x0000000703a00000| PB 0x0000000703a00000| Untracked 
|  21|0x0000000703c00000, 0x0000000703c00000, 0x0000000703e00000|  0%| F|  |TAMS 0x0000000703c00000| PB 0x0000000703c00000| Untracked 
|  22|0x0000000703e00000, 0x0000000703e00000, 0x0000000704000000|  0%| F|  |TAMS 0x0000000703e00000| PB 0x0000000703e00000| Untracked 
|  23|0x0000000704000000, 0x0000000704000000, 0x0000000704200000|  0%| F|  |TAMS 0x0000000704000000| PB 0x0000000704000000| Untracked 
|  24|0x0000000704200000, 0x0000000704200000, 0x0000000704400000|  0%| F|  |TAMS 0x0000000704200000| PB 0x0000000704200000| Untracked 
|  25|0x0000000704400000, 0x0000000704400000, 0x0000000704600000|  0%| F|  |TAMS 0x0000000704400000| PB 0x0000000704400000| Untracked 
|  26|0x0000000704600000, 0x0000000704600000, 0x0000000704800000|  0%| F|  |TAMS 0x0000000704600000| PB 0x0000000704600000| Untracked 
|  27|0x0000000704800000, 0x0000000704800000, 0x0000000704a00000|  0%| F|  |TAMS 0x0000000704800000| PB 0x0000000704800000| Untracked 
|  28|0x0000000704a00000, 0x0000000704a00000, 0x0000000704c00000|  0%| F|  |TAMS 0x0000000704a00000| PB 0x0000000704a00000| Untracked 
|  29|0x0000000704c00000, 0x0000000704c00000, 0x0000000704e00000|  0%| F|  |TAMS 0x0000000704c00000| PB 0x0000000704c00000| Untracked 
|  30|0x0000000704e00000, 0x0000000704e00000, 0x0000000705000000|  0%| F|  |TAMS 0x0000000704e00000| PB 0x0000000704e00000| Untracked 
|  31|0x0000000705000000, 0x0000000705000000, 0x0000000705200000|  0%| F|  |TAMS 0x0000000705000000| PB 0x0000000705000000| Untracked 
|  32|0x0000000705200000, 0x0000000705200000, 0x0000000705400000|  0%| F|  |TAMS 0x0000000705200000| PB 0x0000000705200000| Untracked 
|  33|0x0000000705400000, 0x0000000705400000, 0x0000000705600000|  0%| F|  |TAMS 0x0000000705400000| PB 0x0000000705400000| Untracked 
|  34|0x0000000705600000, 0x0000000705600000, 0x0000000705800000|  0%| F|  |TAMS 0x0000000705600000| PB 0x0000000705600000| Untracked 
|  35|0x0000000705800000, 0x0000000705800000, 0x0000000705a00000|  0%| F|  |TAMS 0x0000000705800000| PB 0x0000000705800000| Untracked 
|  36|0x0000000705a00000, 0x0000000705a00000, 0x0000000705c00000|  0%| F|  |TAMS 0x0000000705a00000| PB 0x0000000705a00000| Untracked 
|  37|0x0000000705c00000, 0x0000000705c00000, 0x0000000705e00000|  0%| F|  |TAMS 0x0000000705c00000| PB 0x0000000705c00000| Untracked 
|  38|0x0000000705e00000, 0x0000000705e00000, 0x0000000706000000|  0%| F|  |TAMS 0x0000000705e00000| PB 0x0000000705e00000| Untracked 
|  39|0x0000000706000000, 0x0000000706000000, 0x0000000706200000|  0%| F|  |TAMS 0x0000000706000000| PB 0x0000000706000000| Untracked 
|  40|0x0000000706200000, 0x0000000706200000, 0x0000000706400000|  0%| F|  |TAMS 0x0000000706200000| PB 0x0000000706200000| Untracked 
|  41|0x0000000706400000, 0x0000000706400000, 0x0000000706600000|  0%| F|  |TAMS 0x0000000706400000| PB 0x0000000706400000| Untracked 
|  42|0x0000000706600000, 0x0000000706600000, 0x0000000706800000|  0%| F|  |TAMS 0x0000000706600000| PB 0x0000000706600000| Untracked 
|  43|0x0000000706800000, 0x0000000706800000, 0x0000000706a00000|  0%| F|  |TAMS 0x0000000706800000| PB 0x0000000706800000| Untracked 
|  44|0x0000000706a00000, 0x0000000706a00000, 0x0000000706c00000|  0%| F|  |TAMS 0x0000000706a00000| PB 0x0000000706a00000| Untracked 
|  45|0x0000000706c00000, 0x0000000706df5db0, 0x0000000706e00000| 98%| S|CS|TAMS 0x0000000706c00000| PB 0x0000000706c00000| Complete 
|  46|0x0000000706e00000, 0x0000000707000000, 0x0000000707000000|100%| S|CS|TAMS 0x0000000706e00000| PB 0x0000000706e00000| Complete 
|  47|0x0000000707000000, 0x0000000707200000, 0x0000000707200000|100%| S|CS|TAMS 0x0000000707000000| PB 0x0000000707000000| Complete 
|  48|0x0000000707200000, 0x0000000707400000, 0x0000000707400000|100%| S|CS|TAMS 0x0000000707200000| PB 0x0000000707200000| Complete 
|  49|0x0000000707400000, 0x0000000707600000, 0x0000000707600000|100%| S|CS|TAMS 0x0000000707400000| PB 0x0000000707400000| Complete 
|  50|0x0000000707600000, 0x0000000707800000, 0x0000000707800000|100%| S|CS|TAMS 0x0000000707600000| PB 0x0000000707600000| Complete 
|  51|0x0000000707800000, 0x0000000707a00000, 0x0000000707a00000|100%| S|CS|TAMS 0x0000000707800000| PB 0x0000000707800000| Complete 
|  52|0x0000000707a00000, 0x0000000707a00000, 0x0000000707c00000|  0%| F|  |TAMS 0x0000000707a00000| PB 0x0000000707a00000| Untracked 
|  53|0x0000000707c00000, 0x0000000707c00000, 0x0000000707e00000|  0%| F|  |TAMS 0x0000000707c00000| PB 0x0000000707c00000| Untracked 
|  54|0x0000000707e00000, 0x0000000707e00000, 0x0000000708000000|  0%| F|  |TAMS 0x0000000707e00000| PB 0x0000000707e00000| Untracked 
|  55|0x0000000708000000, 0x0000000708000000, 0x0000000708200000|  0%| F|  |TAMS 0x0000000708000000| PB 0x0000000708000000| Untracked 
|  56|0x0000000708200000, 0x0000000708200000, 0x0000000708400000|  0%| F|  |TAMS 0x0000000708200000| PB 0x0000000708200000| Untracked 
|  57|0x0000000708400000, 0x0000000708400000, 0x0000000708600000|  0%| F|  |TAMS 0x0000000708400000| PB 0x0000000708400000| Untracked 
|  58|0x0000000708600000, 0x0000000708600000, 0x0000000708800000|  0%| F|  |TAMS 0x0000000708600000| PB 0x0000000708600000| Untracked 
|  59|0x0000000708800000, 0x0000000708800000, 0x0000000708a00000|  0%| F|  |TAMS 0x0000000708800000| PB 0x0000000708800000| Untracked 
|  60|0x0000000708a00000, 0x0000000708a00000, 0x0000000708c00000|  0%| F|  |TAMS 0x0000000708a00000| PB 0x0000000708a00000| Untracked 
|  61|0x0000000708c00000, 0x0000000708c00000, 0x0000000708e00000|  0%| F|  |TAMS 0x0000000708c00000| PB 0x0000000708c00000| Untracked 
|  62|0x0000000708e00000, 0x0000000708e00000, 0x0000000709000000|  0%| F|  |TAMS 0x0000000708e00000| PB 0x0000000708e00000| Untracked 
|  63|0x0000000709000000, 0x0000000709000000, 0x0000000709200000|  0%| F|  |TAMS 0x0000000709000000| PB 0x0000000709000000| Untracked 
|  64|0x0000000709200000, 0x0000000709200000, 0x0000000709400000|  0%| F|  |TAMS 0x0000000709200000| PB 0x0000000709200000| Untracked 
|  65|0x0000000709400000, 0x0000000709400000, 0x0000000709600000|  0%| F|  |TAMS 0x0000000709400000| PB 0x0000000709400000| Untracked 
|  66|0x0000000709600000, 0x0000000709600000, 0x0000000709800000|  0%| F|  |TAMS 0x0000000709600000| PB 0x0000000709600000| Untracked 
|  67|0x0000000709800000, 0x0000000709800000, 0x0000000709a00000|  0%| F|  |TAMS 0x0000000709800000| PB 0x0000000709800000| Untracked 
|  68|0x0000000709a00000, 0x0000000709a00000, 0x0000000709c00000|  0%| F|  |TAMS 0x0000000709a00000| PB 0x0000000709a00000| Untracked 
|  69|0x0000000709c00000, 0x0000000709c00000, 0x0000000709e00000|  0%| F|  |TAMS 0x0000000709c00000| PB 0x0000000709c00000| Untracked 
|  70|0x0000000709e00000, 0x0000000709e00000, 0x000000070a000000|  0%| F|  |TAMS 0x0000000709e00000| PB 0x0000000709e00000| Untracked 
|  71|0x000000070a000000, 0x000000070a000000, 0x000000070a200000|  0%| F|  |TAMS 0x000000070a000000| PB 0x000000070a000000| Untracked 
|  72|0x000000070a200000, 0x000000070a200000, 0x000000070a400000|  0%| F|  |TAMS 0x000000070a200000| PB 0x000000070a200000| Untracked 
|  73|0x000000070a400000, 0x000000070a400000, 0x000000070a600000|  0%| F|  |TAMS 0x000000070a400000| PB 0x000000070a400000| Untracked 
|  74|0x000000070a600000, 0x000000070a600000, 0x000000070a800000|  0%| F|  |TAMS 0x000000070a600000| PB 0x000000070a600000| Untracked 
|  75|0x000000070a800000, 0x000000070a800000, 0x000000070aa00000|  0%| F|  |TAMS 0x000000070a800000| PB 0x000000070a800000| Untracked 
|  76|0x000000070aa00000, 0x000000070aa00000, 0x000000070ac00000|  0%| F|  |TAMS 0x000000070aa00000| PB 0x000000070aa00000| Untracked 
|  77|0x000000070ac00000, 0x000000070ac00000, 0x000000070ae00000|  0%| F|  |TAMS 0x000000070ac00000| PB 0x000000070ac00000| Untracked 
|  78|0x000000070ae00000, 0x000000070ae00000, 0x000000070b000000|  0%| F|  |TAMS 0x000000070ae00000| PB 0x000000070ae00000| Untracked 
|  79|0x000000070b000000, 0x000000070b000000, 0x000000070b200000|  0%| F|  |TAMS 0x000000070b000000| PB 0x000000070b000000| Untracked 
|  80|0x000000070b200000, 0x000000070b200000, 0x000000070b400000|  0%| F|  |TAMS 0x000000070b200000| PB 0x000000070b200000| Untracked 
|  81|0x000000070b400000, 0x000000070b400000, 0x000000070b600000|  0%| F|  |TAMS 0x000000070b400000| PB 0x000000070b400000| Untracked 
|  82|0x000000070b600000, 0x000000070b600000, 0x000000070b800000|  0%| F|  |TAMS 0x000000070b600000| PB 0x000000070b600000| Untracked 
|  83|0x000000070b800000, 0x000000070b800000, 0x000000070ba00000|  0%| F|  |TAMS 0x000000070b800000| PB 0x000000070b800000| Untracked 
|  84|0x000000070ba00000, 0x000000070ba00000, 0x000000070bc00000|  0%| F|  |TAMS 0x000000070ba00000| PB 0x000000070ba00000| Untracked 
|  85|0x000000070bc00000, 0x000000070bc00000, 0x000000070be00000|  0%| F|  |TAMS 0x000000070bc00000| PB 0x000000070bc00000| Untracked 
|  86|0x000000070be00000, 0x000000070be00000, 0x000000070c000000|  0%| F|  |TAMS 0x000000070be00000| PB 0x000000070be00000| Untracked 
|  87|0x000000070c000000, 0x000000070c000000, 0x000000070c200000|  0%| F|  |TAMS 0x000000070c000000| PB 0x000000070c000000| Untracked 
|  88|0x000000070c200000, 0x000000070c200000, 0x000000070c400000|  0%| F|  |TAMS 0x000000070c200000| PB 0x000000070c200000| Untracked 
|  89|0x000000070c400000, 0x000000070c400000, 0x000000070c600000|  0%| F|  |TAMS 0x000000070c400000| PB 0x000000070c400000| Untracked 
|  90|0x000000070c600000, 0x000000070c600000, 0x000000070c800000|  0%| F|  |TAMS 0x000000070c600000| PB 0x000000070c600000| Untracked 
|  91|0x000000070c800000, 0x000000070c800000, 0x000000070ca00000|  0%| F|  |TAMS 0x000000070c800000| PB 0x000000070c800000| Untracked 
|  92|0x000000070ca00000, 0x000000070ca00000, 0x000000070cc00000|  0%| F|  |TAMS 0x000000070ca00000| PB 0x000000070ca00000| Untracked 
|  93|0x000000070cc00000, 0x000000070cc00000, 0x000000070ce00000|  0%| F|  |TAMS 0x000000070cc00000| PB 0x000000070cc00000| Untracked 
|  94|0x000000070ce00000, 0x000000070ce00000, 0x000000070d000000|  0%| F|  |TAMS 0x000000070ce00000| PB 0x000000070ce00000| Untracked 
|  95|0x000000070d000000, 0x000000070d000000, 0x000000070d200000|  0%| F|  |TAMS 0x000000070d000000| PB 0x000000070d000000| Untracked 
|  96|0x000000070d200000, 0x000000070d200000, 0x000000070d400000|  0%| F|  |TAMS 0x000000070d200000| PB 0x000000070d200000| Untracked 
|  97|0x000000070d400000, 0x000000070d400000, 0x000000070d600000|  0%| F|  |TAMS 0x000000070d400000| PB 0x000000070d400000| Untracked 
|  98|0x000000070d600000, 0x000000070d600000, 0x000000070d800000|  0%| F|  |TAMS 0x000000070d600000| PB 0x000000070d600000| Untracked 
|  99|0x000000070d800000, 0x000000070d800000, 0x000000070da00000|  0%| F|  |TAMS 0x000000070d800000| PB 0x000000070d800000| Untracked 
| 100|0x000000070da00000, 0x000000070da00000, 0x000000070dc00000|  0%| F|  |TAMS 0x000000070da00000| PB 0x000000070da00000| Untracked 
| 101|0x000000070dc00000, 0x000000070dc00000, 0x000000070de00000|  0%| F|  |TAMS 0x000000070dc00000| PB 0x000000070dc00000| Untracked 
| 102|0x000000070de00000, 0x000000070de00000, 0x000000070e000000|  0%| F|  |TAMS 0x000000070de00000| PB 0x000000070de00000| Untracked 
| 103|0x000000070e000000, 0x000000070e000000, 0x000000070e200000|  0%| F|  |TAMS 0x000000070e000000| PB 0x000000070e000000| Untracked 
| 104|0x000000070e200000, 0x000000070e200000, 0x000000070e400000|  0%| F|  |TAMS 0x000000070e200000| PB 0x000000070e200000| Untracked 
| 105|0x000000070e400000, 0x000000070e400000, 0x000000070e600000|  0%| F|  |TAMS 0x000000070e400000| PB 0x000000070e400000| Untracked 
| 106|0x000000070e600000, 0x000000070e600000, 0x000000070e800000|  0%| F|  |TAMS 0x000000070e600000| PB 0x000000070e600000| Untracked 
| 107|0x000000070e800000, 0x000000070e800000, 0x000000070ea00000|  0%| F|  |TAMS 0x000000070e800000| PB 0x000000070e800000| Untracked 
| 108|0x000000070ea00000, 0x000000070ea00000, 0x000000070ec00000|  0%| F|  |TAMS 0x000000070ea00000| PB 0x000000070ea00000| Untracked 
| 109|0x000000070ec00000, 0x000000070ec00000, 0x000000070ee00000|  0%| F|  |TAMS 0x000000070ec00000| PB 0x000000070ec00000| Untracked 
| 110|0x000000070ee00000, 0x000000070ee00000, 0x000000070f000000|  0%| F|  |TAMS 0x000000070ee00000| PB 0x000000070ee00000| Untracked 
| 111|0x000000070f000000, 0x000000070f000000, 0x000000070f200000|  0%| F|  |TAMS 0x000000070f000000| PB 0x000000070f000000| Untracked 
| 112|0x000000070f200000, 0x000000070f200000, 0x000000070f400000|  0%| F|  |TAMS 0x000000070f200000| PB 0x000000070f200000| Untracked 
| 113|0x000000070f400000, 0x000000070f400000, 0x000000070f600000|  0%| F|  |TAMS 0x000000070f400000| PB 0x000000070f400000| Untracked 
| 114|0x000000070f600000, 0x000000070f600000, 0x000000070f800000|  0%| F|  |TAMS 0x000000070f600000| PB 0x000000070f600000| Untracked 
| 115|0x000000070f800000, 0x000000070f800000, 0x000000070fa00000|  0%| F|  |TAMS 0x000000070f800000| PB 0x000000070f800000| Untracked 
| 116|0x000000070fa00000, 0x000000070fa00000, 0x000000070fc00000|  0%| F|  |TAMS 0x000000070fa00000| PB 0x000000070fa00000| Untracked 
| 117|0x000000070fc00000, 0x000000070fc00000, 0x000000070fe00000|  0%| F|  |TAMS 0x000000070fc00000| PB 0x000000070fc00000| Untracked 
| 118|0x000000070fe00000, 0x000000070fe00000, 0x0000000710000000|  0%| F|  |TAMS 0x000000070fe00000| PB 0x000000070fe00000| Untracked 
| 119|0x0000000710000000, 0x0000000710000000, 0x0000000710200000|  0%| F|  |TAMS 0x0000000710000000| PB 0x0000000710000000| Untracked 
| 120|0x0000000710200000, 0x0000000710200000, 0x0000000710400000|  0%| F|  |TAMS 0x0000000710200000| PB 0x0000000710200000| Untracked 
| 121|0x0000000710400000, 0x0000000710600000, 0x0000000710600000|100%| E|  |TAMS 0x0000000710400000| PB 0x0000000710400000| Complete 
| 122|0x0000000710600000, 0x0000000710800000, 0x0000000710800000|100%| E|CS|TAMS 0x0000000710600000| PB 0x0000000710600000| Complete 
| 123|0x0000000710800000, 0x0000000710a00000, 0x0000000710a00000|100%| E|CS|TAMS 0x0000000710800000| PB 0x0000000710800000| Complete 
| 124|0x0000000710a00000, 0x0000000710c00000, 0x0000000710c00000|100%| E|CS|TAMS 0x0000000710a00000| PB 0x0000000710a00000| Complete 
| 125|0x0000000710c00000, 0x0000000710e00000, 0x0000000710e00000|100%| E|CS|TAMS 0x0000000710c00000| PB 0x0000000710c00000| Complete 
| 126|0x0000000710e00000, 0x0000000711000000, 0x0000000711000000|100%| E|CS|TAMS 0x0000000710e00000| PB 0x0000000710e00000| Complete 
| 127|0x0000000711000000, 0x0000000711200000, 0x0000000711200000|100%| E|CS|TAMS 0x0000000711000000| PB 0x0000000711000000| Complete 

Card table byte_map: [0x0000020aae540000,0x0000020aaed40000] _byte_map_base: 0x0000020aaad37000

Marking Bits: (CMBitMap*) 0x0000020a96127fe0
 Bits: [0x0000020aaed40000, 0x0000020ab2cf8000)

Polling page: 0x0000020a93e20000

Metaspace:

Usage:
  Non-class:     17.96 MB used.
      Class:      2.32 MB used.
       Both:     20.27 MB used.

Virtual space:
  Non-class space:       64.00 MB reserved,      18.12 MB ( 28%) committed,  1 nodes.
      Class space:        1.00 GB reserved,       2.50 MB ( <1%) committed,  1 nodes.
             Both:        1.06 GB reserved,      20.62 MB (  2%) committed. 

Chunk freelists:
   Non-Class:  13.03 MB
       Class:  13.48 MB
        Both:  26.51 MB

MaxMetaspaceSize: unlimited
CompressedClassSpaceSize: 1.00 GB
Initial GC threshold: 21.00 MB
Current GC threshold: 21.00 MB
CDS: on
 - commit_granule_bytes: 65536.
 - commit_granule_words: 8192.
 - virtual_space_node_default_size: 8388608.
 - enlarge_chunks_in_place: 1.
 - use_allocation_guard: 0.


Internal statistics:

num_allocs_failed_limit: 0.
num_arena_births: 200.
num_arena_deaths: 0.
num_vsnodes_births: 2.
num_vsnodes_deaths: 0.
num_space_committed: 330.
num_space_uncommitted: 0.
num_chunks_returned_to_freelist: 0.
num_chunks_taken_from_freelist: 928.
num_chunk_merges: 0.
num_chunk_splits: 644.
num_chunks_enlarged: 521.
num_inconsistent_stats: 0.

CodeHeap 'non-profiled nmethods': size=120000Kb used=3047Kb max_used=3047Kb free=116952Kb
 bounds [0x0000020aa62c0000, 0x0000020aa65c0000, 0x0000020aad7f0000]
CodeHeap 'profiled nmethods': size=120000Kb used=10779Kb max_used=10779Kb free=109220Kb
 bounds [0x0000020a9e7f0000, 0x0000020a9f280000, 0x0000020aa5d20000]
CodeHeap 'non-nmethods': size=5760Kb used=1359Kb max_used=1425Kb free=4400Kb
 bounds [0x0000020aa5d20000, 0x0000020aa5f90000, 0x0000020aa62c0000]
CodeCache: size=245760Kb, used=15185Kb, max_used=15251Kb, free=230572Kb
 total_blobs=5692, nmethods=5174, adapters=422, full_count=0
Compilation: enabled, stopped_count=0, restarted_count=0

Compilation events (20 events):
Event: 3.051 Thread 0x0000020ab598fc20 nmethod 5150 0x0000020a9f267290 code [0x0000020a9f267420, 0x0000020a9f267528]
Event: 3.051 Thread 0x0000020afb410690 nmethod 5149 0x0000020aa65b8090 code [0x0000020aa65b8220, 0x0000020aa65b82c8]
Event: 3.052 Thread 0x0000020afb410690 5152       4       java.lang.invoke.Invokers::checkCustomized (23 bytes)
Event: 3.052 Thread 0x0000020afb410690 nmethod 5152 0x0000020aa65b8690 code [0x0000020aa65b8820, 0x0000020aa65b88f0]
Event: 3.053 Thread 0x0000020ab598fc20 5153       3       jdk.internal.loader.BuiltinClassLoader::loadClass (22 bytes)
Event: 3.054 Thread 0x0000020ab598fc20 nmethod 5153 0x0000020a9f267590 code [0x0000020a9f267760, 0x0000020a9f267a18]
Event: 3.057 Thread 0x0000020afb410690 5154       4       java.lang.ClassLoader::getClassLoadingLock (35 bytes)
Event: 3.057 Thread 0x0000020afb410690 nmethod 5154 0x0000020aa65b8a10 code [0x0000020aa65b8ba0, 0x0000020aa65b8cf0]
Event: 3.059 Thread 0x0000020afb410690 5155       4       java.lang.Boolean::valueOf (14 bytes)
Event: 3.059 Thread 0x0000020afb410690 nmethod 5155 0x0000020aa65b8e10 code [0x0000020aa65b8fa0, 0x0000020aa65b9020]
Event: 3.060 Thread 0x0000020ab598fc20 5156       3       java.util.Arrays::fill (21 bytes)
Event: 3.060 Thread 0x0000020ab598fc20 nmethod 5156 0x0000020a9f267b10 code [0x0000020a9f267cc0, 0x0000020a9f267e58]
Event: 3.065 Thread 0x0000020ab598fc20 5158       3       java.util.jar.Manifest$FastInputStream::fill (38 bytes)
Event: 3.065 Thread 0x0000020ab598fc20 nmethod 5158 0x0000020a9f267f90 code [0x0000020a9f268140, 0x0000020a9f268380]
Event: 3.065 Thread 0x0000020ab598fc20 5157       3       java.lang.Math::min (46 bytes)
Event: 3.065 Thread 0x0000020ab598fc20 nmethod 5157 0x0000020a9f268490 code [0x0000020a9f268640, 0x0000020a9f268960]
Event: 3.070 Thread 0x0000020afb410690 5159       4       java.util.jar.Manifest$FastInputStream::peek (38 bytes)
Event: 3.070 Thread 0x0000020afb410690 nmethod 5159 0x0000020aa65b9110 code [0x0000020aa65b92a0, 0x0000020aa65b93c8]
Event: 3.074 Thread 0x0000020ab598fc20 5160       3       sun.nio.fs.WindowsPath::getFileName (87 bytes)
Event: 3.074 Thread 0x0000020ab598fc20 nmethod 5160 0x0000020a9f268a10 code [0x0000020a9f268ce0, 0x0000020a9f269b00]

GC Heap History (6 events):
Event: 0.439 GC heap before
{Heap before GC invocations=0 (full 0):
 garbage-first heap   total 262144K, used 22528K [0x0000000701200000, 0x0000000800000000)
  region size 2048K, 11 young (22528K), 0 survivors (0K)
 Metaspace       used 5666K, committed 5824K, reserved 1114112K
  class space    used 671K, committed 768K, reserved 1048576K
}
Event: 0.442 GC heap after
{Heap after GC invocations=1 (full 0):
 garbage-first heap   total 262144K, used 4048K [0x0000000701200000, 0x0000000800000000)
  region size 2048K, 2 young (4096K), 2 survivors (4096K)
 Metaspace       used 5666K, committed 5824K, reserved 1114112K
  class space    used 671K, committed 768K, reserved 1048576K
}
Event: 0.843 GC heap before
{Heap before GC invocations=1 (full 0):
 garbage-first heap   total 262144K, used 36816K [0x0000000701200000, 0x0000000800000000)
  region size 2048K, 18 young (36864K), 2 survivors (4096K)
 Metaspace       used 10041K, committed 10176K, reserved 1114112K
  class space    used 1213K, committed 1280K, reserved 1048576K
}
Event: 0.847 GC heap after
{Heap after GC invocations=2 (full 0):
 garbage-first heap   total 262144K, used 5602K [0x0000000701200000, 0x0000000800000000)
  region size 2048K, 1 young (2048K), 1 survivors (2048K)
 Metaspace       used 10041K, committed 10176K, reserved 1114112K
  class space    used 1213K, committed 1280K, reserved 1048576K
}
Event: 2.859 GC heap before
{Heap before GC invocations=2 (full 0):
 garbage-first heap   total 262144K, used 157154K [0x0000000701200000, 0x0000000800000000)
  region size 2048K, 76 young (155648K), 1 survivors (2048K)
 Metaspace       used 18470K, committed 18752K, reserved 1114112K
  class space    used 2100K, committed 2240K, reserved 1048576K
}
Event: 2.867 GC heap after
{Heap after GC invocations=3 (full 0):
 garbage-first heap   total 262144K, used 17900K [0x0000000701200000, 0x0000000800000000)
  region size 2048K, 7 young (14336K), 7 survivors (14336K)
 Metaspace       used 18470K, committed 18752K, reserved 1114112K
  class space    used 2100K, committed 2240K, reserved 1048576K
}

Dll operation events (8 events):
Event: 0.005 Loaded shared library C:\Program Files\Microsoft\jdk-21.0.10.7-hotspot\bin\java.dll
Event: 0.027 Loaded shared library C:\Program Files\Microsoft\jdk-21.0.10.7-hotspot\bin\jsvml.dll
Event: 0.039 Loaded shared library C:\Program Files\Microsoft\jdk-21.0.10.7-hotspot\bin\net.dll
Event: 0.040 Loaded shared library C:\Program Files\Microsoft\jdk-21.0.10.7-hotspot\bin\nio.dll
Event: 0.043 Loaded shared library C:\Program Files\Microsoft\jdk-21.0.10.7-hotspot\bin\zip.dll
Event: 0.134 Loaded shared library C:\Program Files\Microsoft\jdk-21.0.10.7-hotspot\bin\jimage.dll
Event: 0.134 Loaded shared library C:\Users\jorge\.m2\wrapper\dists\apache-maven-3.9.9\977a63e90f436cd6ade95b4c0e10c20c\lib\jansi-native\Windows\x86_64\jansi.dll
Event: 0.146 Loaded shared library C:\Program Files\Microsoft\jdk-21.0.10.7-hotspot\bin\verify.dll

Deoptimization events (20 events):
Event: 2.951 Thread 0x0000020a93e61ca0 DEOPT PACKING pc=0x0000020aa63c7fb0 sp=0x000000c35c4fdc80
Event: 2.951 Thread 0x0000020a93e61ca0 DEOPT UNPACKING pc=0x0000020aa5d74422 sp=0x000000c35c4fdc50 mode 2
Event: 2.960 Thread 0x0000020a93e61ca0 Uncommon trap: trap_request=0xffffff45 fr.pc=0x0000020aa64ed438 relative=0x0000000000000098
Event: 2.960 Thread 0x0000020a93e61ca0 Uncommon trap: reason=unstable_if action=reinterpret pc=0x0000020aa64ed438 method=java.util.Spliterator.getExactSizeIfKnown()J @ 9 c2
Event: 2.960 Thread 0x0000020a93e61ca0 DEOPT PACKING pc=0x0000020aa64ed438 sp=0x000000c35c4fdf00
Event: 2.960 Thread 0x0000020a93e61ca0 DEOPT UNPACKING pc=0x0000020aa5d74422 sp=0x000000c35c4fde88 mode 2
Event: 2.963 Thread 0x0000020a93e61ca0 DEOPT PACKING pc=0x0000020a9f202caa sp=0x000000c35c4fcae0
Event: 2.963 Thread 0x0000020a93e61ca0 DEOPT UNPACKING pc=0x0000020aa5d74bc2 sp=0x000000c35c4fbf78 mode 0
Event: 3.055 Thread 0x0000020a93e61ca0 Uncommon trap: trap_request=0xffffff45 fr.pc=0x0000020aa63640c0 relative=0x0000000000000920
Event: 3.055 Thread 0x0000020a93e61ca0 Uncommon trap: reason=unstable_if action=reinterpret pc=0x0000020aa63640c0 method=jdk.internal.jimage.ImageLocation.verifyName(Ljava/lang/String;Ljava/lang/String;IIIIIILjdk/internal/jimage/ImageStrings;)Z @ 45 c2
Event: 3.055 Thread 0x0000020a93e61ca0 DEOPT PACKING pc=0x0000020aa63640c0 sp=0x000000c35c4fcc50
Event: 3.055 Thread 0x0000020a93e61ca0 DEOPT UNPACKING pc=0x0000020aa5d74422 sp=0x000000c35c4fcb28 mode 2
Event: 3.055 Thread 0x0000020a93e61ca0 Uncommon trap: trap_request=0xffffff45 fr.pc=0x0000020aa636b5b4 relative=0x0000000000000b54
Event: 3.055 Thread 0x0000020a93e61ca0 Uncommon trap: reason=unstable_if action=reinterpret pc=0x0000020aa636b5b4 method=jdk.internal.module.SystemModuleFinders$SystemModuleReader.find(Ljava/lang/String;)Ljava/util/Optional; @ 5 c2
Event: 3.055 Thread 0x0000020a93e61ca0 DEOPT PACKING pc=0x0000020aa636b5b4 sp=0x000000c35c4fccd0
Event: 3.055 Thread 0x0000020a93e61ca0 DEOPT UNPACKING pc=0x0000020aa5d74422 sp=0x000000c35c4fcca8 mode 2
Event: 3.069 Thread 0x0000020a93e61ca0 Uncommon trap: trap_request=0xffffff45 fr.pc=0x0000020aa654ec44 relative=0x00000000000018a4
Event: 3.069 Thread 0x0000020a93e61ca0 Uncommon trap: reason=unstable_if action=reinterpret pc=0x0000020aa654ec44 method=java.util.zip.InflaterInputStream.read([BII)I @ 25 c2
Event: 3.069 Thread 0x0000020a93e61ca0 DEOPT PACKING pc=0x0000020aa654ec44 sp=0x000000c35c4fd030
Event: 3.069 Thread 0x0000020a93e61ca0 DEOPT UNPACKING pc=0x0000020aa5d74422 sp=0x000000c35c4fd090 mode 2

Classes loaded (20 events):
Event: 3.054 Loading class java/nio/file/FileStore
Event: 3.054 Loading class java/nio/file/FileStore done
Event: 3.054 Loading class java/nio/channels/AsynchronousFileChannel
Event: 3.055 Loading class java/nio/channels/AsynchronousChannel
Event: 3.055 Loading class java/nio/channels/AsynchronousChannel done
Event: 3.055 Loading class java/nio/channels/AsynchronousFileChannel done
Event: 3.055 Loading class jdk/internal/jrtfs/JrtFileSystemProvider
Event: 3.055 Loading class jdk/internal/jrtfs/JrtFileSystemProvider done
Event: 3.055 Loading class sun/net/www/protocol/jrt/JavaRuntimeURLConnection
Event: 3.055 Loading class sun/net/www/protocol/jrt/JavaRuntimeURLConnection done
Event: 3.056 Loading class sun/net/www/protocol/jrt/JavaRuntimeURLConnection$1
Event: 3.056 Loading class sun/net/www/protocol/jrt/JavaRuntimeURLConnection$1 done
Event: 3.056 Loading class jdk/internal/jimage/ImageBufferCache
Event: 3.056 Loading class jdk/internal/jimage/ImageBufferCache done
Event: 3.056 Loading class jdk/internal/jimage/ImageBufferCache$1
Event: 3.056 Loading class jdk/internal/jimage/ImageBufferCache$1 done
Event: 3.056 Loading class jdk/internal/jimage/ImageBufferCache$2
Event: 3.056 Loading class jdk/internal/jimage/ImageBufferCache$2 done
Event: 3.056 Loading class java/util/AbstractMap$SimpleEntry
Event: 3.056 Loading class java/util/AbstractMap$SimpleEntry done

Classes unloaded (0 events):
No events

Classes redefined (0 events):
No events

Internal exceptions (20 events):
Event: 1.242 Thread 0x0000020a93e61ca0 Exception <a 'java/lang/NoSuchMethodError'{0x000000070fce9630}: 'void java.lang.invoke.DirectMethodHandle$Holder.invokeSpecial(java.lang.Object, java.lang.Object, java.lang.Object, java.lang.Object, java.lang.Object, java.lang.Object)'> (0x000000070fce9630) 
thrown [s\src\hotspot\share\interpreter\linkResolver.cpp, line 773]
Event: 1.252 Thread 0x0000020a93e61ca0 Exception <a 'java/lang/NoSuchMethodError'{0x000000070fddfee0}: 'java.lang.Object java.lang.invoke.DirectMethodHandle$Holder.invokeVirtual(java.lang.Object, java.lang.Object, java.lang.Object)'> (0x000000070fddfee0) 
thrown [s\src\hotspot\share\interpreter\linkResolver.cpp, line 773]
Event: 1.288 Thread 0x0000020a93e61ca0 Exception <a 'java/lang/NoSuchMethodError'{0x000000070fbc0620}: 'void java.lang.invoke.DirectMethodHandle$Holder.invokeVirtual(java.lang.Object, java.lang.Object, int)'> (0x000000070fbc0620) 
thrown [s\src\hotspot\share\interpreter\linkResolver.cpp, line 773]
Event: 1.288 Thread 0x0000020a93e61ca0 Exception <a 'java/lang/NoSuchMethodError'{0x000000070fbc4430}: 'void java.lang.invoke.DirectMethodHandle$Holder.invokeSpecial(java.lang.Object, java.lang.Object, java.lang.Object, int)'> (0x000000070fbc4430) 
thrown [s\src\hotspot\share\interpreter\linkResolver.cpp, line 773]
Event: 1.288 Thread 0x0000020a93e61ca0 Exception <a 'java/lang/NoSuchMethodError'{0x000000070fbc7b10}: 'void java.lang.invoke.DelegatingMethodHandle$Holder.reinvoke_L(java.lang.Object, java.lang.Object, int)'> (0x000000070fbc7b10) 
thrown [s\src\hotspot\share\interpreter\linkResolver.cpp, line 773]
Event: 2.241 Thread 0x0000020a93e61ca0 Implicit null exception at 0x0000020aa64cd620 to 0x0000020aa64cd810
Event: 2.241 Thread 0x0000020a93e61ca0 Implicit null exception at 0x0000020aa64c0d20 to 0x0000020aa64c0f10
Event: 2.241 Thread 0x0000020a93e61ca0 Implicit null exception at 0x0000020aa6362940 to 0x0000020aa63629c5
Event: 2.372 Thread 0x0000020a93e61ca0 Exception <a 'java/lang/NoSuchMethodError'{0x0000000709aad4d8}: 'java.lang.Object java.lang.invoke.DirectMethodHandle$Holder.newInvokeSpecial(java.lang.Object, java.lang.Object, java.lang.Object, java.lang.Object, java.lang.Object, java.lang.Object, java.lang.Object)'> (0x0000000709aad4d8) 
thrown [s\src\hotspot\share\interpreter\linkResolver.cpp, line 773]
Event: 2.373 Thread 0x0000020a93e61ca0 Implicit null exception at 0x0000020aa6529692 to 0x0000020aa652a368
Event: 2.408 Thread 0x0000020a93e61ca0 Implicit null exception at 0x0000020aa64bcc1b to 0x0000020aa64bd444
Event: 2.413 Thread 0x0000020a93e61ca0 Exception <a 'java/lang/NoSuchMethodError'{0x0000000709949398}: 'int java.lang.invoke.DirectMethodHandle$Holder.invokeVirtual(java.lang.Object, java.lang.Object)'> (0x0000000709949398) 
thrown [s\src\hotspot\share\interpreter\linkResolver.cpp, line 773]
Event: 2.430 Thread 0x0000020a93e61ca0 Implicit null exception at 0x0000020aa648bee9 to 0x0000020aa648c705
Event: 2.442 Thread 0x0000020a93e61ca0 Exception <a 'java/lang/NoSuchMethodError'{0x00000007096b3850}: 'void java.lang.invoke.Invokers$Holder.invokeExact_MT(java.lang.Object, java.lang.Object, int, java.lang.Object)'> (0x00000007096b3850) 
thrown [s\src\hotspot\share\interpreter\linkResolver.cpp, line 773]
Event: 2.755 Thread 0x0000020a93e61ca0 Exception <a 'sun/nio/fs/WindowsException'{0x0000000708389f70}> (0x0000000708389f70) 
thrown [s\src\hotspot\share\prims\jni.cpp, line 520]
Event: 2.914 Thread 0x0000020a93e61ca0 Implicit null exception at 0x0000020aa6509852 to 0x0000020aa650ad60
Event: 2.950 Thread 0x0000020a93e61ca0 Exception <a 'sun/nio/fs/WindowsException'{0x0000000710d5f5b8}> (0x0000000710d5f5b8) 
thrown [s\src\hotspot\share\prims\jni.cpp, line 520]
Event: 2.959 Thread 0x0000020a93e61ca0 Exception <a 'java/lang/IncompatibleClassChangeError'{0x0000000710d94490}: Found class java.lang.Object, but interface was expected> (0x0000000710d94490) 
thrown [s\src\hotspot\share\interpreter\linkResolver.cpp, line 840]
Event: 2.960 Thread 0x0000020a93e61ca0 Exception <a 'java/lang/NoSuchMethodError'{0x0000000710d9a470}: 'void java.lang.invoke.DirectMethodHandle$Holder.invokeInterface(java.lang.Object, java.lang.Object, java.lang.Object)'> (0x0000000710d9a470) 
thrown [s\src\hotspot\share\interpreter\linkResolver.cpp, line 773]
Event: 3.052 Thread 0x0000020a93e61ca0 Exception <a 'java/lang/NoSuchMethodError'{0x0000000710b8e0e0}: 'int java.lang.invoke.DirectMethodHandle$Holder.invokeInterface(java.lang.Object, java.lang.Object)'> (0x0000000710b8e0e0) 
thrown [s\src\hotspot\share\interpreter\linkResolver.cpp, line 773]

ZGC Phase Switch (0 events):
No events

VM Operations (20 events):
Event: 1.277 Executing safepoint VM operation: ICBufferFull
Event: 1.277 Executing safepoint VM operation: ICBufferFull done
Event: 1.477 Executing safepoint VM operation: ICBufferFull
Event: 1.478 Executing safepoint VM operation: ICBufferFull done
Event: 1.725 Executing safepoint VM operation: ICBufferFull
Event: 1.725 Executing safepoint VM operation: ICBufferFull done
Event: 1.937 Executing safepoint VM operation: ICBufferFull
Event: 1.937 Executing safepoint VM operation: ICBufferFull done
Event: 2.214 Executing safepoint VM operation: ICBufferFull
Event: 2.215 Executing safepoint VM operation: ICBufferFull done
Event: 2.440 Executing safepoint VM operation: ICBufferFull
Event: 2.440 Executing safepoint VM operation: ICBufferFull done
Event: 2.659 Executing safepoint VM operation: ICBufferFull
Event: 2.659 Executing safepoint VM operation: ICBufferFull done
Event: 2.859 Executing safepoint VM operation: G1CollectForAllocation (G1 Evacuation Pause)
Event: 2.867 Executing safepoint VM operation: G1CollectForAllocation (G1 Evacuation Pause) done
Event: 2.980 Executing non-safepoint VM operation: HandshakeAllThreads (Deoptimize)
Event: 2.980 Executing non-safepoint VM operation: HandshakeAllThreads (Deoptimize) done
Event: 3.050 Executing non-safepoint VM operation: HandshakeAllThreads (Deoptimize)
Event: 3.050 Executing non-safepoint VM operation: HandshakeAllThreads (Deoptimize) done

Memory protections (0 events):
No events

Nmethod flushes (0 events):
No events

Events (16 events):
Event: 0.016 Thread 0x0000020a93e61ca0 Thread added: 0x0000020a93e61ca0
Event: 0.025 Thread 0x0000020a93e61ca0 Thread added: 0x0000020ab5985240
Event: 0.026 Thread 0x0000020a93e61ca0 Thread added: 0x0000020ab5987170
Event: 0.026 Thread 0x0000020a93e61ca0 Thread added: 0x0000020ab59888a0
Event: 0.026 Thread 0x0000020a93e61ca0 Thread added: 0x0000020ab598c8a0
Event: 0.026 Thread 0x0000020a93e61ca0 Thread added: 0x0000020ab598d710
Event: 0.026 Thread 0x0000020a93e61ca0 Thread added: 0x0000020ab598e170
Event: 0.026 Thread 0x0000020a93e61ca0 Thread added: 0x0000020ab598f180
Event: 0.026 Thread 0x0000020a93e61ca0 Thread added: 0x0000020ab598fc20
Event: 0.036 Thread 0x0000020a93e61ca0 Thread added: 0x0000020ab5b34690
Event: 0.037 Thread 0x0000020a93e61ca0 Thread added: 0x0000020ab5b59d20
Event: 0.132 Thread 0x0000020a93e61ca0 Thread added: 0x0000020afb111a10
Event: 0.150 Thread 0x0000020afb111a10 Thread exited: 0x0000020afb111a10
Event: 0.232 Thread 0x0000020ab598fc20 Thread added: 0x0000020afb289b30
Event: 0.427 Thread 0x0000020ab598fc20 Thread added: 0x0000020afb410690
Event: 1.178 Thread 0x0000020a93e61ca0 Thread added: 0x0000020afbbad260


Dynamic libraries:
0x00007ff6c5f10000 - 0x00007ff6c5f1e000 	C:\Program Files\Microsoft\jdk-21.0.10.7-hotspot\bin\java.exe
0x00007ffbe5510000 - 0x00007ffbe5708000 	C:\WINDOWS\SYSTEM32\ntdll.dll
0x00007ffbe4a80000 - 0x00007ffbe4b42000 	C:\WINDOWS\System32\KERNEL32.DLL
0x00007ffbe3160000 - 0x00007ffbe3456000 	C:\WINDOWS\System32\KERNELBASE.dll
0x00007ffbe2e50000 - 0x00007ffbe2f50000 	C:\WINDOWS\System32\ucrtbase.dll
0x00007ffbc7770000 - 0x00007ffbc7788000 	C:\Program Files\Microsoft\jdk-21.0.10.7-hotspot\bin\jli.dll
0x00007ffbc7750000 - 0x00007ffbc776e000 	C:\Program Files\Microsoft\jdk-21.0.10.7-hotspot\bin\VCRUNTIME140.dll
0x00007ffbe36f0000 - 0x00007ffbe3891000 	C:\WINDOWS\System32\USER32.dll
0x00007ffbca5f0000 - 0x00007ffbca88b000 	C:\WINDOWS\WinSxS\amd64_microsoft.windows.common-controls_6595b64144ccf1df_6.0.19041.6456_none_60b8a6cb71f64256\COMCTL32.dll
0x00007ffbe2ff0000 - 0x00007ffbe3012000 	C:\WINDOWS\System32\win32u.dll
0x00007ffbe5430000 - 0x00007ffbe54ce000 	C:\WINDOWS\System32\msvcrt.dll
0x00007ffbe4050000 - 0x00007ffbe407b000 	C:\WINDOWS\System32\GDI32.dll
0x00007ffbe2bd0000 - 0x00007ffbe2ce9000 	C:\WINDOWS\System32\gdi32full.dll
0x00007ffbe2f50000 - 0x00007ffbe2fed000 	C:\WINDOWS\System32\msvcp_win.dll
0x00007ffbe4b50000 - 0x00007ffbe4b7f000 	C:\WINDOWS\System32\IMM32.DLL
0x00007ffbc7730000 - 0x00007ffbc773c000 	C:\Program Files\Microsoft\jdk-21.0.10.7-hotspot\bin\vcruntime140_1.dll
0x00007ffb9deb0000 - 0x00007ffb9df39000 	C:\Program Files\Microsoft\jdk-21.0.10.7-hotspot\bin\msvcp140.dll
0x00007ffb99d90000 - 0x00007ffb9ab3d000 	C:\Program Files\Microsoft\jdk-21.0.10.7-hotspot\bin\server\jvm.dll
0x00007ffbe4f00000 - 0x00007ffbe4fb1000 	C:\WINDOWS\System32\ADVAPI32.dll
0x00007ffbe4bf0000 - 0x00007ffbe4c8f000 	C:\WINDOWS\System32\sechost.dll
0x00007ffbe4de0000 - 0x00007ffbe4f00000 	C:\WINDOWS\System32\RPCRT4.dll
0x00007ffbe2ba0000 - 0x00007ffbe2bc7000 	C:\WINDOWS\System32\bcrypt.dll
0x00007ffbe4230000 - 0x00007ffbe429b000 	C:\WINDOWS\System32\WS2_32.dll
0x00007ffbe2090000 - 0x00007ffbe20db000 	C:\WINDOWS\SYSTEM32\POWRPROF.dll
0x00007ffbd1c10000 - 0x00007ffbd1c37000 	C:\WINDOWS\SYSTEM32\WINMM.dll
0x00007ffbdba70000 - 0x00007ffbdba7a000 	C:\WINDOWS\SYSTEM32\VERSION.dll
0x00007ffbe1f60000 - 0x00007ffbe1f72000 	C:\WINDOWS\SYSTEM32\UMPDC.dll
0x00007ffbe09f0000 - 0x00007ffbe0a02000 	C:\WINDOWS\SYSTEM32\kernel.appcore.dll
0x00007ffbc7720000 - 0x00007ffbc772a000 	C:\Program Files\Microsoft\jdk-21.0.10.7-hotspot\bin\jimage.dll
0x00007ffbd12b0000 - 0x00007ffbd14b1000 	C:\WINDOWS\SYSTEM32\DBGHELP.DLL
0x00007ffbc2710000 - 0x00007ffbc2744000 	C:\WINDOWS\SYSTEM32\dbgcore.DLL
0x00007ffbe3020000 - 0x00007ffbe30a2000 	C:\WINDOWS\System32\bcryptPrimitives.dll
0x00007ffbc7500000 - 0x00007ffbc7521000 	C:\Program Files\Microsoft\jdk-21.0.10.7-hotspot\bin\java.dll
0x00007ffbe4310000 - 0x00007ffbe4a80000 	C:\WINDOWS\System32\SHELL32.dll
0x00007ffbe0bf0000 - 0x00007ffbe1395000 	C:\WINDOWS\SYSTEM32\windows.storage.dll
0x00007ffbe5070000 - 0x00007ffbe53c4000 	C:\WINDOWS\System32\combase.dll
0x00007ffbe24f0000 - 0x00007ffbe251b000 	C:\WINDOWS\SYSTEM32\Wldp.dll
0x00007ffbe3f20000 - 0x00007ffbe3fed000 	C:\WINDOWS\System32\OLEAUT32.dll
0x00007ffbe4c90000 - 0x00007ffbe4d3d000 	C:\WINDOWS\System32\SHCORE.dll
0x00007ffbe53d0000 - 0x00007ffbe542b000 	C:\WINDOWS\System32\shlwapi.dll
0x00007ffbe2ad0000 - 0x00007ffbe2af4000 	C:\WINDOWS\SYSTEM32\profapi.dll
0x00007ffb9ddd0000 - 0x00007ffb9dea6000 	C:\Program Files\Microsoft\jdk-21.0.10.7-hotspot\bin\jsvml.dll
0x00007ffbc7560000 - 0x00007ffbc7571000 	C:\Program Files\Microsoft\jdk-21.0.10.7-hotspot\bin\net.dll
0x00007ffbdbce0000 - 0x00007ffbdbdea000 	C:\WINDOWS\SYSTEM32\WINHTTP.dll
0x00007ffbe22d0000 - 0x00007ffbe233a000 	C:\WINDOWS\system32\mswsock.dll
0x00007ffbc74e0000 - 0x00007ffbc74f6000 	C:\Program Files\Microsoft\jdk-21.0.10.7-hotspot\bin\nio.dll
0x00007ffbc74c0000 - 0x00007ffbc74d8000 	C:\Program Files\Microsoft\jdk-21.0.10.7-hotspot\bin\zip.dll
0x00007ffbc7470000 - 0x00007ffbc7494000 	C:\Users\jorge\.m2\wrapper\dists\apache-maven-3.9.9\977a63e90f436cd6ade95b4c0e10c20c\lib\jansi-native\Windows\x86_64\jansi.dll
0x00007ffbc7710000 - 0x00007ffbc7720000 	C:\Program Files\Microsoft\jdk-21.0.10.7-hotspot\bin\verify.dll
0x00007ffbe1df0000 - 0x00007ffbe1e23000 	C:\WINDOWS\SYSTEM32\ntmarta.dll

JVMTI agents: none

dbghelp: loaded successfully - version: 4.0.5 - missing functions: none
symbol engine: initialized successfully - sym options: 0x614 - pdb path: .;C:\Program Files\Microsoft\jdk-21.0.10.7-hotspot\bin;C:\WINDOWS\SYSTEM32;C:\WINDOWS\WinSxS\amd64_microsoft.windows.common-controls_6595b64144ccf1df_6.0.19041.6456_none_60b8a6cb71f64256;C:\Program Files\Microsoft\jdk-21.0.10.7-hotspot\bin\server;C:\Users\jorge\.m2\wrapper\dists\apache-maven-3.9.9\977a63e90f436cd6ade95b4c0e10c20c\lib\jansi-native\Windows\x86_64

VM Arguments:
jvm_args: -Dclassworlds.conf=C:\Users\jorge\.m2\wrapper\dists\apache-maven-3.9.9\977a63e90f436cd6ade95b4c0e10c20c\bin\m2.conf -Dmaven.home=C:\Users\jorge\.m2\wrapper\dists\apache-maven-3.9.9\977a63e90f436cd6ade95b4c0e10c20c -Dlibrary.jansi.path=C:\Users\jorge\.m2\wrapper\dists\apache-maven-3.9.9\977a63e90f436cd6ade95b4c0e10c20c\lib\jansi-native -Dmaven.multiModuleProjectDirectory=C:\Users\jorge\OneDrive\Desktop\Backend II\minimarket 
java_command: org.codehaus.plexus.classworlds.launcher.Launcher clean test
java_class_path (initial): C:\Users\jorge\.m2\wrapper\dists\apache-maven-3.9.9\977a63e90f436cd6ade95b4c0e10c20c\boot\plexus-classworlds-2.8.0.jar
Launcher Type: SUN_STANDARD

[Global flags]
     intx CICompilerCount                          = 4                                         {product} {ergonomic}
     uint ConcGCThreads                            = 3                                         {product} {ergonomic}
     uint G1ConcRefinementThreads                  = 10                                        {product} {ergonomic}
   size_t G1HeapRegionSize                         = 2097152                                   {product} {ergonomic}
    uintx GCDrainStackTargetSize                   = 64                                        {product} {ergonomic}
   size_t InitialHeapSize                          = 268435456                                 {product} {ergonomic}
   size_t MarkStackSize                            = 4194304                                   {product} {ergonomic}
   size_t MaxHeapSize                              = 4276092928                                {product} {ergonomic}
   size_t MaxNewSize                               = 2564816896                                {product} {ergonomic}
   size_t MinHeapDeltaBytes                        = 2097152                                   {product} {ergonomic}
   size_t MinHeapSize                              = 8388608                                   {product} {ergonomic}
    uintx NonNMethodCodeHeapSize                   = 5839372                                {pd product} {ergonomic}
    uintx NonProfiledCodeHeapSize                  = 122909434                              {pd product} {ergonomic}
    uintx ProfiledCodeHeapSize                     = 122909434                              {pd product} {ergonomic}
    uintx ReservedCodeCacheSize                    = 251658240                              {pd product} {ergonomic}
     bool SegmentedCodeCache                       = true                                      {product} {ergonomic}
   size_t SoftMaxHeapSize                          = 4276092928                             {manageable} {ergonomic}
     bool UseCompressedOops                        = true                           {product lp64_product} {ergonomic}
     bool UseG1GC                                  = true                                      {product} {ergonomic}
     bool UseLargePagesIndividualAllocation        = false                                  {pd product} {ergonomic}

Logging:
Log output configuration:
 #0: stdout all=warning uptime,level,tags foldmultilines=false
 #1: stderr all=off uptime,level,tags foldmultilines=false

Release file:
IMPLEMENTOR="Microsoft" 
IMPLEMENTOR_VERSION="Microsoft-13106404" 
JAVA_RUNTIME_VERSION="21.0.10+7-LTS" 
JAVA_VERSION="21.0.10" 
JAVA_VERSION_DATE="2026-01-20" 
LIBC="default" 
MODULES="java.base java.compiler java.datatransfer java.xml java.prefs java.desktop java.instrument java.logging java.management java.security.sasl java.naming java.rmi java.management.rmi java.net.http java.scripting java.security.jgss java.transaction.xa java.sql java.sql.rowset java.xml.crypto java.se java.smartcardio jdk.accessibility jdk.internal.jvmstat jdk.attach jdk.charsets jdk.internal.opt jdk.zipfs jdk.compiler jdk.crypto.ec jdk.crypto.cryptoki jdk.crypto.mscapi jdk.dynalink jdk.internal.ed jdk.editpad jdk.hotspot.agent jdk.httpserver jdk.incubator.vector jdk.internal.le jdk.internal.vm.ci jdk.internal.vm.compiler jdk.internal.vm.compiler.management jdk.jartool jdk.javadoc jdk.jcmd jdk.management jdk.management.agent jdk.jconsole jdk.jdeps jdk.jdwp.agent jdk.jdi jdk.jfr jdk.jlink jdk.jpackage jdk.jshell jdk.jsobject jdk.jstatd jdk.localedata jdk.management.jfr jdk.naming.dns jdk.naming.rmi jdk.net jdk.nio.mapmode jdk.random jdk.sctp jdk.security.auth jdk.security.jgss jdk.unsupported jdk.unsupported.desktop jdk.xml.dom" 
OS_ARCH="x86_64" 
OS_NAME="Windows" 
SOURCE=".:git:e69b6ef7382e" 

Environment Variables:
JAVA_HOME=C:\Program Files\Microsoft\jdk-21.0.10.7-hotspot\
PATH=C:\Program Files\Microsoft\jdk-21.0.10.7-hotspot\bin;C:\Program Files\Common Files\Oracle\Java\javapath;C:\app\jorge\product\21c\dbhomeXE\bin;C:\WINDOWS\system32;C:\WINDOWS;C:\WINDOWS\System32\Wbem;C:\WINDOWS\System32\WindowsPowerShell\v1.0\;C:\WINDOWS\System32\OpenSSH\;C:\Program Files\NVIDIA Corporation\NVIDIA App\NvDLISR;C:\Program Files (x86)\NVIDIA Corporation\PhysX\Common;C:\Program Files\nodejs\;C:\Program Files\Docker\Docker\resources\bin;C:\Program Files\Git\cmd;C:\Program Files\dotnet\;C:\Users\jorge\scoop\apps\maven\current\bin;C:\Users\jorge\scoop\shims;C:\Program Files\MySQL\MySQL Shell 8.0\bin\;C:\Users\jorge\AppData\Local\Programs\Python\Launcher\;C:\Users\jorge\AppData\Local\Microsoft\WindowsApps;C:\Users\jorge\AppData\Local\Programs\Microsoft VS Code\bin;C:\Program Files\JetBrains\PyCharm Community Edition 2025.1.1.1\bin;;C:\Users\jorge\AppData\Roaming\npm;C:\Users\jorge\.dotnet\tools
USERNAME=jorge
OS=Windows_NT
PROCESSOR_IDENTIFIER=Intel64 Family 6 Model 165 Stepping 5, GenuineIntel
TMP=C:\Users\jorge\AppData\Local\Temp
TEMP=C:\Users\jorge\AppData\Local\Temp




Periodic native trim disabled

---------------  S Y S T E M  ---------------

OS:
 Windows 10 , 64 bit Build 19041 (10.0.19041.5915)
OS uptime: 0 days 23:10 hours
Hyper-V role detected

CPU: total 12 (initial active 12) (6 cores per cpu, 2 threads per core) family 6 model 165 stepping 5 microcode 0xca, cx8, cmov, fxsr, ht, mmx, 3dnowpref, sse, sse2, sse3, ssse3, sse4.1, sse4.2, popcnt, lzcnt, tsc, tscinvbit, avx, avx2, aes, erms, clmul, bmi1, bmi2, adx, fma, vzeroupper, clflush, clflushopt, hv, rdtscp, f16c
Processor Information for the first 12 processors :
  Max Mhz: 4104, Current Mhz: 3803, Mhz Limit: 4104

Memory: 4k page, system-wide physical 16310M (4872M free)
TotalPageFile size 27574M (AvailPageFile size 10352M)
current process WorkingSet (physical memory assigned to process): 281M, peak: 284M
current process commit charge ("private bytes"): 415M, peak: 417M

vm_info: OpenJDK 64-Bit Server VM (21.0.10+7-LTS) for windows-amd64 JRE (21.0.10+7-LTS), built on 2026-01-15T18:39:42Z by "MicrosoftCorporation" with MS VC++ 17.14 (VS2022)

END.
