#
# A fatal error has been detected by the Java Runtime Environment:
#
#  EXCEPTION_ACCESS_VIOLATION (0xc0000005) at pc=0x00007ffb5728d9c8, pid=2328, tid=12272
#
# JRE version: OpenJDK Runtime Environment Microsoft-13106358 (17.0.18+8) (build 17.0.18+8-LTS)
# Java VM: OpenJDK 64-Bit Server VM Microsoft-13106358 (17.0.18+8-LTS, mixed mode, sharing, tiered, compressed oops, compressed class ptrs, g1 gc, windows-amd64)
# Problematic frame:
# V  [jvm.dll+0x2dd9c8]
#
# No core dump will be written. Minidumps are not enabled by default on client versions of Windows
#
# If you would like to submit a bug report, please visit:
#   https://github.com/microsoft/openjdk/issues
#

---------------  S U M M A R Y ------------

Command Line: -javaagent:C:\Program Files\JetBrains\IntelliJ IDEA Community Edition 2025.1.1.1\lib\idea_rt.jar=51829 -Dfile.encoding=UTF-8 com.minimarket.MinimarketApplication

Host: Intel(R) Core(TM) i5-10600K CPU @ 4.10GHz, 12 cores, 15G,  Windows 10 , 64 bit Build 19041 (10.0.19041.5915)
Time: Sat Jul 18 17:27:44 2026 Hora est. Sudam廨ica Pac璗ico elapsed time: 2.177890 seconds (0d 0h 0m 2s)

---------------  T H R E A D  ---------------

Current thread (0x0000026a7a9a7be0):  GCTaskThread "GC Thread#9" [stack: 0x0000007db4000000,0x0000007db4100000] [id=12272]

Stack: [0x0000007db4000000,0x0000007db4100000],  sp=0x0000007db40ff2e0,  free space=1020k
Native frames: (J=compiled Java code, j=interpreted, Vv=VM code, C=native code)
V  [jvm.dll+0x2dd9c8]  (no source info available)
V  [jvm.dll+0x2ddd4f]  (no source info available)
V  [jvm.dll+0x2e3d6a]  (no source info available)
V  [jvm.dll+0x31d18b]  (no source info available)
V  [jvm.dll+0x31e19a]  (no source info available)
V  [jvm.dll+0x320268]  (no source info available)
V  [jvm.dll+0x31e7ed]  (no source info available)
V  [jvm.dll+0x31fe05]  (no source info available)
V  [jvm.dll+0x2e9e93]  (no source info available)
V  [jvm.dll+0x2ebafe]  (no source info available)
V  [jvm.dll+0x873838]  (no source info available)
V  [jvm.dll+0x873886]  (no source info available)
V  [jvm.dll+0x7f5ebc]  (no source info available)
V  [jvm.dll+0x68de17]  (no source info available)
C  [ucrtbase.dll+0x21bb2]  (no source info available)
C  [KERNEL32.DLL+0x17374]  (no source info available)
C  [ntdll.dll+0x4cc91]  (no source info available)


siginfo: EXCEPTION_ACCESS_VIOLATION (0xc0000005), reading address 0x0000000000000100


Registers:
RAX=0x0000000000000000, RBX=0x0000000701cc0e18, RCX=0x0000026a351980d0, RDX=0x0000000701cc0e18
RSP=0x0000007db40ff2e0, RBP=0x0000026a0e990c40, RSI=0x0000000701cc0e18, RDI=0x0000000701cc1000
R8 =0x0000000000000000, R9 =0x0000000701cc0e18, R10=0x0000026a351980d0, R11=0x0000000701200000
R12=0x0000000701cc1400, R13=0x0000026a10ca8f20, R14=0x0000000701cc1200, R15=0x0000000000000000
RIP=0x00007ffb5728d9c8, EFLAGS=0x0000000000010246

XMM[0]=0x0000000000000000 0xffffffffffffffff
XMM[1]=0x000000000050ca5f 0x0000000000003266
XMM[2]=0x0000000000000000 0x00000000e22329d7
XMM[3]=0x00000000e22329fb 0x0000000000000000
XMM[4]=0x0000000000000000 0x00000000e2232a0d
XMM[5]=0x6c62616e652e636f 0x64676e697270737b
XMM[6]=0x0000000000000000 0x0000000000000000
XMM[7]=0x0000000000000000 0x0000000000000000
XMM[8]=0x0000000000000000 0x0000000000000000
XMM[9]=0x0000000000000000 0x0000000000000000
XMM[10]=0x0000000000000000 0x0000000000000000
XMM[11]=0x0000000000000000 0x0000000000000000
XMM[12]=0x0000000000000000 0x0000000000000000
XMM[13]=0x0000000000000000 0x0000000000000000
XMM[14]=0x0000000000000000 0x0000000000000000
XMM[15]=0x0000000000000000 0x0000000000000000
  MXCSR=0x00001fa0


Register to memory mapping:

RIP=0x00007ffb5728d9c8 jvm.dll
RAX=0x0 is NULL
RBX=
[error occurred during error reporting (printing register info), id 0xc0000005, EXCEPTION_ACCESS_VIOLATION (0xc0000005) at pc=0x00007ffb5728d9c8]

Top of Stack: (sp=0x0000007db40ff2e0)
0x0000007db40ff2e0:   0000000000000100 0000000000000001
0x0000007db40ff2f0:   0000000000000000 0000026a10ca8f20
0x0000007db40ff300:   0000000701cc1400 00007ffb5728dd4f
0x0000007db40ff310:   0000026a0e991060 0000007db40ff370
0x0000007db40ff320:   0000000701cc0c90 00007ffb572c8138
0x0000007db40ff330:   0000000701cc0e08 00007ffb5728dc3e
0x0000007db40ff340:   0000007db40ff430 0000000000000001
0x0000007db40ff350:   0000026a0e990c40 0000000701cc1200
0x0000007db40ff360:   0000026a0e990c20 00007ffb57293d6a
0x0000007db40ff370:   0000000701cc1000 0000000701cc09f8
0x0000007db40ff380:   0000000000005608 0000000000000000
0x0000007db40ff390:   0000000000000040 00007ffb572cd18b
0x0000007db40ff3a0:   0000026a0e990c20 0000026a10caeef0
0x0000007db40ff3b0:   0000026a0e990c20 00007ffb572bfac8
0x0000007db40ff3c0:   0000000701f9fe00 0000026a7ba559e0
0x0000007db40ff3d0:   0000026a28575600 0000000000000001
0x0000007db40ff3e0:   0000007db40ff5d0 0000000000000040
0x0000007db40ff3f0:   0000007db40ff5d0 0000000701cc1200
0x0000007db40ff400:   0000026a0e990c20 00007ffb572ce19a
0x0000007db40ff410:   0000026a10ca8f20 0000007db40ff430
0x0000007db40ff420:   0000007db40ff440 0000007db25fe880
0x0000007db40ff430:   0000000701cc1200 0000000000000040
0x0000007db40ff440:   00007ffb5791c2d8 0000000000000000
0x0000007db40ff450:   0000026a10caeef0 0000026a7ba559e0
0x0000007db40ff460:   0000026a28575640 00007ffb572d0268
0x0000007db40ff470:   000000000000000a 0000026a2857560b
0x0000007db40ff480:   0000000000005609 0000000000000001
0x0000007db40ff490:   0000026a7a897800 00000000000003d8
0x0000007db40ff4a0:   0000026a7a897810 0000026a7a897be8
0x0000007db40ff4b0:   0000000000000000 0000000000000000
0x0000007db40ff4c0:   000000e986000000 00007ffb577b472e
0x0000007db40ff4d0:   0000007db40ff550 00007ffb572b6d02 

Instructions: (pc=0x00007ffb5728d9c8)
0x00007ffb5728d8c8:   8b 80 f0 04 00 00 48 8b 90 90 00 00 00 49 8b c1
0x00007ffb5728d8d8:   48 2b 42 08 8b 4a 18 48 8b 52 20 48 c1 e8 03 48
0x00007ffb5728d8e8:   d3 e8 4c 8b c0 24 3f 49 c1 e8 06 0f b6 c8 4a 8b
0x00007ffb5728d8f8:   04 c2 48 0f a3 c8 72 10 41 8b 82 94 00 00 00 83
0x00007ffb5728d908:   f8 29 74 04 32 c0 eb 1d b0 01 eb 19 48 8b 41 10
0x00007ffb5728d918:   4c 3b c8 0f 92 c0 eb 0d 48 8b 81 98 00 00 00 4c
0x00007ffb5728d928:   3b 08 0f 94 c0 84 c0 0f 84 a0 00 00 00 0f b6 05
0x00007ffb5728d938:   14 ce 8b 00 84 c0 74 16 45 8b 51 08 8b 0d be 09
0x00007ffb5728d948:   85 00 49 d3 e2 4c 03 15 ac 09 85 00 eb 04 4d 8b
0x00007ffb5728d958:   51 08 45 8b 42 08 45 85 c0 7e 12 41 f6 c0 01 75
0x00007ffb5728d968:   56 41 c1 f8 03 49 63 c0 48 83 c4 28 c3 79 48 84
0x00007ffb5728d978:   c0 ba 0c 00 00 00 8b 05 c0 18 85 00 b9 10 00 00
0x00007ffb5728d988:   00 0f 45 ca ff c8 48 63 d0 4a 63 04 09 41 8b c8
0x00007ffb5728d998:   41 c1 f8 10 48 d3 e0 48 03 c2 45 0f b6 c0 4c 03
0x00007ffb5728d9a8:   c0 48 f7 d2 49 c1 e8 03 48 c1 ea 03 44 23 c2 49
0x00007ffb5728d9b8:   63 c0 48 83 c4 28 c3 49 8b 02 49 8b d1 49 8b ca
0x00007ffb5728d9c8:   ff 90 00 01 00 00 48 98 48 83 c4 28 c3 48 8b 05
0x00007ffb5728d9d8:   bc 43 8f 00 4d 8b 9a b8 00 00 00 48 89 5c 24 30
0x00007ffb5728d9e8:   48 89 7c 24 20 48 8b 88 f0 04 00 00 b8 08 00 00
0x00007ffb5728d9f8:   00 48 8b 99 90 00 00 00 4c 2b 5b 08 8b 7b 18 8b
0x00007ffb5728da08:   cf d3 e0 ff c8 49 c1 eb 03 48 63 c8 4e 8d 04 09
0x00007ffb5728da18:   48 f7 d1 4c 23 c1 8b cf 4c 2b 43 08 49 c1 e8 03
0x00007ffb5728da28:   49 d3 e8 49 d3 eb 4d 3b c3 73 6a 4c 8b 53 20 49
0x00007ffb5728da38:   8b d0 48 c1 ea 06 41 0f b6 c8 49 8b 04 d2 48 d3
0x00007ffb5728da48:   e8 a8 01 75 53 48 85 c0 74 11 48 0f bc c8 49 03
0x00007ffb5728da58:   c8 4c 8b c1 49 3b cb 73 3c eb 3d 4d 8d 43 3f 48
0x00007ffb5728da68:   ff c2 49 c1 e8 06 49 3b d0 73 2a 49 8d 04 d2 48
0x00007ffb5728da78:   8b 08 48 85 c9 75 0e 48 ff c2 48 83 c0 08 49 3b
0x00007ffb5728da88:   d0 72 ec eb 10 4c 0f bc c1 48 c1 e2 06 4c 03 c2
0x00007ffb5728da98:   4d 3b c3 72 03 4d 8b c3 8b cf 48 8b 7c 24 20 49
0x00007ffb5728daa8:   d3 e0 49 c1 e0 03 4d 2b c1 4c 03 43 08 48 8b 5c
0x00007ffb5728dab8:   24 30 49 c1 e8 03 49 8b c0 48 83 c4 28 c3 cc cc 


Stack slot to memory mapping:
stack at sp + 0 slots: 0x0000000000000100 is an unknown value
stack at sp + 1 slots: 0x0000000000000001 is an unknown value
stack at sp + 2 slots: 0x0 is NULL
stack at sp + 3 slots: 0x0000026a10ca8f20 points into unknown readable memory: 0x00000000000007f7 | f7 07 00 00 00 00 00 00
stack at sp + 4 slots: 0x0000000701cc1400 is pointing into object: sun.util.locale.BaseLocale$Key 
{0x0000000701cc13f0} - klass: 'sun/util/locale/BaseLocale$Key'
 - ---- fields (total size 4 words):
 - private final 'hash' 'I' @12  96930599 (5c70b27)
 - private final 'normalized' 'Z' @16  true
 - private final 'holderRef' 'Ljava/lang/ref/SoftReference;' @20  a 'java/lang/ref/SoftReference'{0x0000000701cc1410} (e0398282)
 - private final 'holder' 'Lsun/util/locale/BaseLocale;' @24  NULL (0)
stack at sp + 5 slots: 0x00007ffb5728dd4f jvm.dll
stack at sp + 6 slots: 0x0000026a0e991060 points into unknown readable memory: 0x0000000702600000 | 00 00 60 02 07 00 00 00
stack at sp + 7 slots: 0x0000007db40ff370 points into unknown readable memory: 0x0000000701cc1000 | 00 10 cc 01 07 00 00 00


---------------  P R O C E S S  ---------------

Threads class SMR info:
_java_thread_list=0x0000026a7b57ad20, length=17, elements={
0x0000026a10c9c5d0, 0x0000026a341b9ba0, 0x0000026a341baa20, 0x0000026a341cf750,
0x0000026a341d0310, 0x0000026a341d30f0, 0x0000026a341d6780, 0x0000026a341e0790,
0x0000026a34206760, 0x0000026a34207160, 0x0000026a341d6270, 0x0000026a343cd280,
0x0000026a341d6c90, 0x0000026a341d3f00, 0x0000026a341d76b0, 0x0000026a341d71a0,
0x0000026a7bb85270
}

Java Threads: ( => current thread )
  0x0000026a10c9c5d0 JavaThread "main" [_thread_blocked, id=14892, stack(0x0000007db1f00000,0x0000007db2000000)]
  0x0000026a341b9ba0 JavaThread "Reference Handler" daemon [_thread_blocked, id=14540, stack(0x0000007db2600000,0x0000007db2700000)]
  0x0000026a341baa20 JavaThread "Finalizer" daemon [_thread_blocked, id=4748, stack(0x0000007db2700000,0x0000007db2800000)]
  0x0000026a341cf750 JavaThread "Signal Dispatcher" daemon [_thread_blocked, id=2536, stack(0x0000007db2800000,0x0000007db2900000)]
  0x0000026a341d0310 JavaThread "Attach Listener" daemon [_thread_blocked, id=19280, stack(0x0000007db2900000,0x0000007db2a00000)]
  0x0000026a341d30f0 JavaThread "Service Thread" daemon [_thread_blocked, id=3156, stack(0x0000007db2a00000,0x0000007db2b00000)]
  0x0000026a341d6780 JavaThread "Monitor Deflation Thread" daemon [_thread_blocked, id=20080, stack(0x0000007db2b00000,0x0000007db2c00000)]
  0x0000026a341e0790 JavaThread "C2 CompilerThread0" daemon [_thread_blocked, id=4140, stack(0x0000007db2c00000,0x0000007db2d00000)]
  0x0000026a34206760 JavaThread "C1 CompilerThread0" daemon [_thread_blocked, id=18208, stack(0x0000007db2d00000,0x0000007db2e00000)]
  0x0000026a34207160 JavaThread "Sweeper thread" daemon [_thread_blocked, id=17444, stack(0x0000007db2e00000,0x0000007db2f00000)]
  0x0000026a341d6270 JavaThread "Common-Cleaner" daemon [_thread_blocked, id=14084, stack(0x0000007db2f00000,0x0000007db3000000)]
  0x0000026a343cd280 JavaThread "C2 CompilerThread1" daemon [_thread_in_native, id=11736, stack(0x0000007db3000000,0x0000007db3100000)]
  0x0000026a341d6c90 JavaThread "Monitor Ctrl-Break" daemon [_thread_in_native, id=18348, stack(0x0000007db3100000,0x0000007db3200000)]
  0x0000026a341d3f00 JavaThread "Notification Thread" daemon [_thread_blocked, id=7388, stack(0x0000007db3200000,0x0000007db3300000)]
  0x0000026a341d76b0 JavaThread "Thread-0" [_thread_blocked, id=15140, stack(0x0000007db3900000,0x0000007db3a00000)]
  0x0000026a341d71a0 JavaThread "restartedMain" [_thread_blocked, id=18656, stack(0x0000007db3a00000,0x0000007db3b00000)]
  0x0000026a7bb85270 JavaThread "C2 CompilerThread2" daemon [_thread_blocked, id=14928, stack(0x0000007db3b00000,0x0000007db3c00000)]

Other Threads:
  0x0000026a341b54f0 VMThread "VM Thread" [stack: 0x0000007db2500000,0x0000007db2600000] [id=20044]
  0x0000026a10c9d590 WatcherThread [stack: 0x0000007db3300000,0x0000007db3400000] [id=18372]
  0x0000026a10d08070 GCTaskThread "GC Thread#0" [stack: 0x0000007db2000000,0x0000007db2100000] [id=6572]
  0x0000026a7a349680 GCTaskThread "GC Thread#1" [stack: 0x0000007db3400000,0x0000007db3500000] [id=20924]
  0x0000026a7a059de0 GCTaskThread "GC Thread#2" [stack: 0x0000007db3500000,0x0000007db3600000] [id=19624]
  0x0000026a34b0c5c0 GCTaskThread "GC Thread#3" [stack: 0x0000007db3600000,0x0000007db3700000] [id=2768]
  0x0000026a7a9a6290 GCTaskThread "GC Thread#4" [stack: 0x0000007db3700000,0x0000007db3800000] [id=19468]
  0x0000026a7a9a6b00 GCTaskThread "GC Thread#5" [stack: 0x0000007db3800000,0x0000007db3900000] [id=2192]
  0x0000026a7a9a7370 GCTaskThread "GC Thread#6" [stack: 0x0000007db3d00000,0x0000007db3e00000] [id=4336]
  0x0000026a7a9a7910 GCTaskThread "GC Thread#7" [stack: 0x0000007db3e00000,0x0000007db3f00000] [id=19196]
  0x0000026a7a9a6830 GCTaskThread "GC Thread#8" [stack: 0x0000007db3f00000,0x0000007db4000000] [id=8276]
=>0x0000026a7a9a7be0 GCTaskThread "GC Thread#9" [stack: 0x0000007db4000000,0x0000007db4100000] [id=12272]
  0x0000026a10d18ea0 ConcurrentGCThread "G1 Main Marker" [stack: 0x0000007db2100000,0x0000007db2200000] [id=18484]
  0x0000026a10d198c0 ConcurrentGCThread "G1 Conc#0" [stack: 0x0000007db2200000,0x0000007db2300000] [id=17080]
  0x0000026a7a9a6dd0 ConcurrentGCThread "G1 Conc#1" [stack: 0x0000007db3c00000,0x0000007db3d00000] [id=14736]
  0x0000026a7a9a7640 ConcurrentGCThread "G1 Conc#2" [stack: 0x0000007db4100000,0x0000007db4200000] [id=9768]
  0x0000026a10d4d8d0 ConcurrentGCThread "G1 Refine#0" [stack: 0x0000007db2300000,0x0000007db2400000] [id=14052]
  0x0000026a10d4e310 ConcurrentGCThread "G1 Service" [stack: 0x0000007db2400000,0x0000007db2500000] [id=18468]

Threads with active compile tasks:
C2 CompilerThread0  2191 3564       4       org.springframework.core.ResolvableType::isArray (59 bytes)
C1 CompilerThread0  2191 3615       3       org.springframework.core.io.support.SpringFactoriesLoader$$Lambda$28/0x0000026a3602c000::apply (8 bytes)
C2 CompilerThread1  2191 3561       4       org.springframework.core.ResolvableType::resolveType (146 bytes)
C2 CompilerThread2  2191 3566       4       org.springframework.beans.factory.support.AbstractBeanFactory::isFactoryBean (71 bytes)

VM state: at safepoint (normal execution)

VM Mutex/Monitor currently owned by a thread:  ([mutex/lock_event])
[0x0000026a10c97fe0] Threads_lock - owner thread: 0x0000026a341b54f0
[0x0000026a10c96e70] Heap_lock - owner thread: 0x0000026a341d71a0

Heap address: 0x0000000701200000, size: 4078 MB, Compressed Oops mode: Zero based, Oop shift amount: 3

CDS archive(s) mapped at: [0x0000026a35000000-0x0000026a35bb0000-0x0000026a35bb0000), size 12255232, SharedBaseAddress: 0x0000026a35000000, ArchiveRelocationMode: 1.
Compressed class space mapped at: 0x0000026a36000000-0x0000026a76000000, reserved size: 1073741824
Narrow klass base: 0x0000026a35000000, Narrow klass shift: 0, Narrow klass range: 0x100000000

GC Precious Log:
 CPUs: 12 total, 12 available
 Memory: 16310M
 Large Page Support: Disabled
 NUMA Support: Disabled
 Compressed Oops: Enabled (Zero based)
 Heap Region Size: 2M
 Heap Min Capacity: 8M
 Heap Initial Capacity: 256M
 Heap Max Capacity: 4078M
 Pre-touch: Disabled
 Parallel Workers: 10
 Concurrent Workers: 3
 Concurrent Refinement Workers: 10
 Periodic GC: Disabled

Heap:
 garbage-first heap   total 61440K, used 37471K [0x0000000701200000, 0x0000000800000000)
  region size 2048K, 11 young (22528K), 1 survivors (2048K)
 Metaspace       used 26094K, committed 26432K, reserved 1114112K
  class space    used 3327K, committed 3456K, reserved 1048576K

Heap Regions: E=young(eden), S=young(survivor), O=old, HS=humongous(starts), HC=humongous(continues), CS=collection set, F=free, OA=open archive, CA=closed archive, TAMS=top-at-mark-start (previous, next)
|   0|0x0000000701200000, 0x0000000701400000, 0x0000000701400000|100%| O|  |TAMS 0x0000000701400000, 0x0000000701200000| Untracked 
|   1|0x0000000701400000, 0x0000000701600000, 0x0000000701600000|100%| O|  |TAMS 0x0000000701600000, 0x0000000701400000| Untracked 
|   2|0x0000000701600000, 0x0000000701800000, 0x0000000701800000|100%| O|  |TAMS 0x0000000701800000, 0x0000000701600000| Untracked 
|   3|0x0000000701800000, 0x000000070199fc00, 0x0000000701a00000| 81%| O|  |TAMS 0x000000070199fc00, 0x0000000701800000| Untracked 
|   4|0x0000000701a00000, 0x0000000701c00000, 0x0000000701c00000|100%| O|  |TAMS 0x0000000701a00000, 0x0000000701a00000| Untracked 
|   5|0x0000000701c00000, 0x0000000701e00000, 0x0000000701e00000|100%| O|  |TAMS 0x0000000701c00000, 0x0000000701c00000| Untracked 
|   6|0x0000000701e00000, 0x0000000702000000, 0x0000000702000000|100%| O|  |TAMS 0x0000000701e00000, 0x0000000701e00000| Untracked 
|   7|0x0000000702000000, 0x0000000702200000, 0x0000000702200000|100%| O|  |TAMS 0x0000000702000000, 0x0000000702000000| Untracked 
|   8|0x0000000702200000, 0x00000007022c50a0, 0x0000000702400000| 38%| O|  |TAMS 0x0000000702200000, 0x0000000702200000| Untracked 
|   9|0x0000000702400000, 0x0000000702400000, 0x0000000702600000|  0%| F|  |TAMS 0x0000000702400000, 0x0000000702400000| Untracked 
|  10|0x0000000702600000, 0x00000007026bcb88, 0x0000000702800000| 36%| E|CS|TAMS 0x0000000702600000, 0x0000000702600000| Complete 
|  11|0x0000000702800000, 0x0000000702a00000, 0x0000000702a00000|100%| E|CS|TAMS 0x0000000702800000, 0x0000000702800000| Complete 
|  12|0x0000000702a00000, 0x0000000702a00000, 0x0000000702c00000|  0%| F|  |TAMS 0x0000000702a00000, 0x0000000702a00000| Untracked 
|  13|0x0000000702c00000, 0x0000000702c00000, 0x0000000702e00000|  0%| F|  |TAMS 0x0000000702c00000, 0x0000000702c00000| Untracked 
|  14|0x0000000702e00000, 0x0000000702e00000, 0x0000000703000000|  0%| F|  |TAMS 0x0000000702e00000, 0x0000000702e00000| Untracked 
|  15|0x0000000703000000, 0x0000000703000000, 0x0000000703200000|  0%| F|  |TAMS 0x0000000703000000, 0x0000000703000000| Untracked 
|  16|0x0000000703200000, 0x0000000703200000, 0x0000000703400000|  0%| F|  |TAMS 0x0000000703200000, 0x0000000703200000| Untracked 
|  17|0x0000000703400000, 0x0000000703400000, 0x0000000703600000|  0%| F|  |TAMS 0x0000000703400000, 0x0000000703400000| Untracked 
|  18|0x0000000703600000, 0x0000000703600000, 0x0000000703800000|  0%| F|  |TAMS 0x0000000703600000, 0x0000000703600000| Untracked 
|  19|0x0000000703800000, 0x0000000703992700, 0x0000000703a00000| 78%| S|  |TAMS 0x0000000703800000, 0x0000000703800000| Complete 
|  20|0x0000000703a00000, 0x0000000703c00000, 0x0000000703c00000|100%| E|CS|TAMS 0x0000000703a00000, 0x0000000703a00000| Complete 
|  21|0x0000000703c00000, 0x0000000703e00000, 0x0000000703e00000|100%| E|CS|TAMS 0x0000000703c00000, 0x0000000703c00000| Complete 
|  22|0x0000000703e00000, 0x0000000704000000, 0x0000000704000000|100%| E|CS|TAMS 0x0000000703e00000, 0x0000000703e00000| Complete 
|  23|0x0000000704000000, 0x0000000704200000, 0x0000000704200000|100%| E|CS|TAMS 0x0000000704000000, 0x0000000704000000| Complete 
|  24|0x0000000704200000, 0x0000000704400000, 0x0000000704400000|100%| E|CS|TAMS 0x0000000704200000, 0x0000000704200000| Complete 
|  98|0x000000070d600000, 0x000000070d800000, 0x000000070d800000|100%| E|CS|TAMS 0x000000070d600000, 0x000000070d600000| Complete 
|  99|0x000000070d800000, 0x000000070da00000, 0x000000070da00000|100%| E|CS|TAMS 0x000000070d800000, 0x000000070d800000| Complete 
| 100|0x000000070da00000, 0x000000070dc00000, 0x000000070dc00000|100%| E|CS|TAMS 0x000000070da00000, 0x000000070da00000| Complete 
| 101|0x000000070dc00000, 0x000000070de00000, 0x000000070de00000|100%| E|CS|TAMS 0x000000070dc00000, 0x000000070dc00000| Complete 
| 127|0x0000000711000000, 0x0000000711200000, 0x0000000711200000|100%| E|CS|TAMS 0x0000000711000000, 0x0000000711000000| Complete 

Card table byte_map: [0x0000026a28570000,0x0000026a28d70000] _byte_map_base: 0x0000026a24d67000

Marking Bits (Prev, Next): (CMBitMap*) 0x0000026a10d086e0, (CMBitMap*) 0x0000026a10d086a0
 Prev Bits: [0x0000026a2d530000, 0x0000026a314e8000)
 Next Bits: [0x0000026a29570000, 0x0000026a2d528000)

Polling page: 0x0000026a0eb20000

Metaspace:

Usage:
  Non-class:     22.23 MB used.
      Class:      3.25 MB used.
       Both:     25.48 MB used.

Virtual space:
  Non-class space:       64.00 MB reserved,      22.44 MB ( 35%) committed,  1 nodes.
      Class space:        1.00 GB reserved,       3.38 MB ( <1%) committed,  1 nodes.
             Both:        1.06 GB reserved,      25.81 MB (  2%) committed. 

Chunk freelists:
   Non-Class:  9.59 MB
       Class:  12.45 MB
        Both:  22.05 MB

MaxMetaspaceSize: unlimited
CompressedClassSpaceSize: 1.00 GB
Initial GC threshold: 21.00 MB
Current GC threshold: 35.12 MB
CDS: on
MetaspaceReclaimPolicy: balanced
 - commit_granule_bytes: 65536.
 - commit_granule_words: 8192.
 - virtual_space_node_default_size: 8388608.
 - enlarge_chunks_in_place: 1.
 - new_chunks_are_fully_committed: 0.
 - uncommit_free_chunks: 1.
 - use_allocation_guard: 0.
 - handle_deallocations: 1.


Internal statistics:

num_allocs_failed_limit: 3.
num_arena_births: 348.
num_arena_deaths: 0.
num_vsnodes_births: 2.
num_vsnodes_deaths: 0.
num_space_committed: 413.
num_space_uncommitted: 0.
num_chunks_returned_to_freelist: 3.
num_chunks_taken_from_freelist: 1231.
num_chunk_merges: 3.
num_chunk_splits: 877.
num_chunks_enlarged: 689.
num_inconsistent_stats: 0.

CodeHeap 'non-profiled nmethods': size=120000Kb used=1906Kb max_used=1906Kb free=118093Kb
 bounds [0x0000026a202e0000, 0x0000026a20550000, 0x0000026a27810000]
CodeHeap 'profiled nmethods': size=120000Kb used=7523Kb max_used=7523Kb free=112476Kb
 bounds [0x0000026a18810000, 0x0000026a18f70000, 0x0000026a1fd40000]
CodeHeap 'non-nmethods': size=5760Kb used=1227Kb max_used=1321Kb free=4532Kb
 bounds [0x0000026a1fd40000, 0x0000026a1ffb0000, 0x0000026a202e0000]
 total_blobs=4130 nmethods=3608 adapters=433
 compilation: enabled
              stopped_count=0, restarted_count=0
 full_count=0

Compilation events (20 events):
Event: 2.161 Thread 0x0000026a34206760 nmethod 3605 0x0000026a18f64510 code [0x0000026a18f64760, 0x0000026a18f65188]
Event: 2.161 Thread 0x0000026a34206760 3606       3       java.lang.PublicMethods$Key::<init> (24 bytes)
Event: 2.161 Thread 0x0000026a34206760 nmethod 3606 0x0000026a18f65590 code [0x0000026a18f65760, 0x0000026a18f65af8]
Event: 2.161 Thread 0x0000026a34206760 3607       3       java.lang.WeakPairMap$Pair$Weak::second (8 bytes)
Event: 2.161 Thread 0x0000026a34206760 nmethod 3607 0x0000026a18f65c90 code [0x0000026a18f65e20, 0x0000026a18f65ff8]
Event: 2.161 Thread 0x0000026a34206760 3608       3       java.lang.Class::forName (15 bytes)
Event: 2.161 Thread 0x0000026a34206760 nmethod 3608 0x0000026a18f66090 code [0x0000026a18f66260, 0x0000026a18f66478]
Event: 2.162 Thread 0x0000026a34206760 3609       3       org.springframework.util.ConcurrentReferenceHashMap::putIfAbsent (8 bytes)
Event: 2.163 Thread 0x0000026a34206760 nmethod 3609 0x0000026a18f66590 code [0x0000026a18f66740, 0x0000026a18f66888]
Event: 2.167 Thread 0x0000026a34206760 3610       3       java.lang.invoke.SimpleMethodHandle::make (10 bytes)
Event: 2.167 Thread 0x0000026a34206760 nmethod 3610 0x0000026a18f66990 code [0x0000026a18f66b40, 0x0000026a18f66d48]
Event: 2.167 Thread 0x0000026a34206760 3611       3       java.lang.invoke.SimpleMethodHandle::<init> (7 bytes)
Event: 2.168 Thread 0x0000026a34206760 nmethod 3611 0x0000026a18f66e90 code [0x0000026a18f67040, 0x0000026a18f67208]
Event: 2.168 Thread 0x0000026a34206760 3612       3       java.lang.invoke.MethodHandles::makeIdentity (23 bytes)
Event: 2.169 Thread 0x0000026a34206760 nmethod 3612 0x0000026a18f67310 code [0x0000026a18f67580, 0x0000026a18f67f48]
Event: 2.169 Thread 0x0000026a34206760 3613       3       java.lang.invoke.LambdaForm::identityForm (27 bytes)
Event: 2.169 Thread 0x0000026a34206760 nmethod 3613 0x0000026a18f68390 code [0x0000026a18f68540, 0x0000026a18f68728]
Event: 2.169 Thread 0x0000026a34206760 3614       3       java.lang.invoke.DelegatingMethodHandle::rebind (8 bytes)
Event: 2.169 Thread 0x0000026a34206760 nmethod 3614 0x0000026a18f68810 code [0x0000026a18f689c0, 0x0000026a18f68c58]
Event: 2.172 Thread 0x0000026a34206760 3615       3       org.springframework.core.io.support.SpringFactoriesLoader$$Lambda$28/0x0000026a3602c000::apply (8 bytes)

GC Heap History (9 events):
Event: 0.455 GC heap before
{Heap before GC invocations=0 (full 0):
 garbage-first heap   total 262144K, used 20480K [0x0000000701200000, 0x0000000800000000)
  region size 2048K, 11 young (22528K), 0 survivors (0K)
 Metaspace       used 4800K, committed 4992K, reserved 1114112K
  class space    used 535K, committed 640K, reserved 1048576K
}
Event: 0.458 GC heap after
{Heap after GC invocations=1 (full 0):
 garbage-first heap   total 262144K, used 7254K [0x0000000701200000, 0x0000000800000000)
  region size 2048K, 2 young (4096K), 2 survivors (4096K)
 Metaspace       used 4800K, committed 4992K, reserved 1114112K
  class space    used 535K, committed 640K, reserved 1048576K
}
Event: 0.873 GC heap before
{Heap before GC invocations=1 (full 0):
 garbage-first heap   total 262144K, used 31830K [0x0000000701200000, 0x0000000800000000)
  region size 2048K, 15 young (30720K), 2 survivors (4096K)
 Metaspace       used 11130K, committed 11392K, reserved 1114112K
  class space    used 1398K, committed 1536K, reserved 1048576K
}
Event: 0.876 GC heap after
{Heap after GC invocations=2 (full 0):
 garbage-first heap   total 262144K, used 10495K [0x0000000701200000, 0x0000000800000000)
  region size 2048K, 2 young (4096K), 2 survivors (4096K)
 Metaspace       used 11130K, committed 11392K, reserved 1114112K
  class space    used 1398K, committed 1536K, reserved 1048576K
}
Event: 1.541 GC heap before
{Heap before GC invocations=2 (full 0):
 garbage-first heap   total 262144K, used 57599K [0x0000000701200000, 0x0000000800000000)
  region size 2048K, 26 young (53248K), 2 survivors (4096K)
 Metaspace       used 21174K, committed 21504K, reserved 1114112K
  class space    used 2719K, committed 2880K, reserved 1048576K
}
Event: 1.545 GC heap after
{Heap after GC invocations=3 (full 0):
 garbage-first heap   total 262144K, used 14644K [0x0000000701200000, 0x0000000800000000)
  region size 2048K, 4 young (8192K), 4 survivors (8192K)
 Metaspace       used 21174K, committed 21504K, reserved 1114112K
  class space    used 2719K, committed 2880K, reserved 1048576K
}
Event: 1.871 GC heap before
{Heap before GC invocations=4 (full 0):
 garbage-first heap   total 61440K, used 41268K [0x0000000701200000, 0x0000000800000000)
  region size 2048K, 18 young (36864K), 4 survivors (8192K)
 Metaspace       used 23435K, committed 23808K, reserved 1114112K
  class space    used 3002K, committed 3136K, reserved 1048576K
}
Event: 1.875 GC heap after
{Heap after GC invocations=5 (full 0):
 garbage-first heap   total 61440K, used 16991K [0x0000000701200000, 0x0000000800000000)
  region size 2048K, 2 young (4096K), 2 survivors (4096K)
 Metaspace       used 23435K, committed 23808K, reserved 1114112K
  class space    used 3002K, committed 3136K, reserved 1048576K
}
Event: 2.172 GC heap before
{Heap before GC invocations=5 (full 0):
 garbage-first heap   total 61440K, used 37471K [0x0000000701200000, 0x0000000800000000)
  region size 2048K, 12 young (24576K), 2 survivors (4096K)
 Metaspace       used 26094K, committed 26432K, reserved 1114112K
  class space    used 3327K, committed 3456K, reserved 1048576K
}

Dll operation events (12 events):
Event: 0.005 Loaded shared library C:\Users\jorge\.jdks\ms-17.0.18\bin\java.dll
Event: 0.020 Loaded shared library C:\Users\jorge\.jdks\ms-17.0.18\bin\jsvml.dll
Event: 0.092 Loaded shared library C:\Users\jorge\.jdks\ms-17.0.18\bin\zip.dll
Event: 0.093 Loaded shared library C:\Users\jorge\.jdks\ms-17.0.18\bin\instrument.dll
Event: 0.099 Loaded shared library C:\Users\jorge\.jdks\ms-17.0.18\bin\net.dll
Event: 0.100 Loaded shared library C:\Users\jorge\.jdks\ms-17.0.18\bin\nio.dll
Event: 0.102 Loaded shared library C:\Users\jorge\.jdks\ms-17.0.18\bin\zip.dll
Event: 0.172 Loaded shared library C:\Users\jorge\.jdks\ms-17.0.18\bin\extnet.dll
Event: 0.202 Loaded shared library C:\Users\jorge\.jdks\ms-17.0.18\bin\jimage.dll
Event: 0.416 Loaded shared library C:\Users\jorge\.jdks\ms-17.0.18\bin\management.dll
Event: 0.418 Loaded shared library C:\Users\jorge\.jdks\ms-17.0.18\bin\management_ext.dll
Event: 1.262 Loaded shared library C:\Users\jorge\.jdks\ms-17.0.18\bin\sunmscapi.dll

Deoptimization events (20 events):
Event: 1.905 Thread 0x0000026a341d71a0 Uncommon trap: trap_request=0xffffffde fr.pc=0x0000026a202f1158 relative=0x00000000000001b8
Event: 1.905 Thread 0x0000026a341d71a0 Uncommon trap: reason=class_check action=maybe_recompile pc=0x0000026a202f1158 method=java.lang.String.equals(Ljava/lang/Object;)Z @ 8 c2
Event: 1.905 Thread 0x0000026a341d71a0 DEOPT PACKING pc=0x0000026a202f1158 sp=0x0000007db3afdc90
Event: 1.905 Thread 0x0000026a341d71a0 DEOPT UNPACKING pc=0x0000026a1fd969a3 sp=0x0000007db3afdc28 mode 2
Event: 1.928 Thread 0x0000026a341d71a0 Uncommon trap: trap_request=0xffffffde fr.pc=0x0000026a20471074 relative=0x0000000000001714
Event: 1.928 Thread 0x0000026a341d71a0 Uncommon trap: reason=class_check action=maybe_recompile pc=0x0000026a20471074 method=org.springframework.core.annotation.MergedAnnotationsCollection$AnnotationsSpliterator.tryAdvance(Ljava/util/function/Consumer;)Z @ 107 c2
Event: 1.928 Thread 0x0000026a341d71a0 DEOPT PACKING pc=0x0000026a20471074 sp=0x0000007db3afda10
Event: 1.928 Thread 0x0000026a341d71a0 DEOPT UNPACKING pc=0x0000026a1fd969a3 sp=0x0000007db3afda68 mode 2
Event: 1.935 Thread 0x0000026a341d71a0 Uncommon trap: trap_request=0xffffffde fr.pc=0x0000026a20471074 relative=0x0000000000001714
Event: 1.935 Thread 0x0000026a341d71a0 Uncommon trap: reason=class_check action=maybe_recompile pc=0x0000026a20471074 method=org.springframework.core.annotation.MergedAnnotationsCollection$AnnotationsSpliterator.tryAdvance(Ljava/util/function/Consumer;)Z @ 107 c2
Event: 1.935 Thread 0x0000026a341d71a0 DEOPT PACKING pc=0x0000026a20471074 sp=0x0000007db3afd990
Event: 1.935 Thread 0x0000026a341d71a0 DEOPT UNPACKING pc=0x0000026a1fd969a3 sp=0x0000007db3afd9e8 mode 2
Event: 1.939 Thread 0x0000026a341d71a0 Uncommon trap: trap_request=0xffffffde fr.pc=0x0000026a20471074 relative=0x0000000000001714
Event: 1.939 Thread 0x0000026a341d71a0 Uncommon trap: reason=class_check action=maybe_recompile pc=0x0000026a20471074 method=org.springframework.core.annotation.MergedAnnotationsCollection$AnnotationsSpliterator.tryAdvance(Ljava/util/function/Consumer;)Z @ 107 c2
Event: 1.939 Thread 0x0000026a341d71a0 DEOPT PACKING pc=0x0000026a20471074 sp=0x0000007db3afda10
Event: 1.939 Thread 0x0000026a341d71a0 DEOPT UNPACKING pc=0x0000026a1fd969a3 sp=0x0000007db3afda68 mode 2
Event: 1.939 Thread 0x0000026a341d71a0 Uncommon trap: trap_request=0xffffffde fr.pc=0x0000026a20471074 relative=0x0000000000001714
Event: 1.939 Thread 0x0000026a341d71a0 Uncommon trap: reason=class_check action=maybe_recompile pc=0x0000026a20471074 method=org.springframework.core.annotation.MergedAnnotationsCollection$AnnotationsSpliterator.tryAdvance(Ljava/util/function/Consumer;)Z @ 107 c2
Event: 1.939 Thread 0x0000026a341d71a0 DEOPT PACKING pc=0x0000026a20471074 sp=0x0000007db3afda10
Event: 1.939 Thread 0x0000026a341d71a0 DEOPT UNPACKING pc=0x0000026a1fd969a3 sp=0x0000007db3afda68 mode 2

Classes loaded (20 events):
Event: 1.280 Loading class com/sun/security/sasl/Provider$ProviderService
Event: 1.280 Loading class com/sun/security/sasl/Provider$ProviderService done
Event: 1.280 Loading class sun/security/provider/certpath/ldap/JdkLDAP
Event: 1.280 Loading class sun/security/provider/certpath/ldap/JdkLDAP done
Event: 1.281 Loading class sun/security/provider/certpath/ldap/JdkLDAP$ProviderService
Event: 1.281 Loading class sun/security/provider/certpath/ldap/JdkLDAP$ProviderService done
Event: 1.534 Loading class javax/naming/ldap/LdapContext
Event: 1.534 Loading class javax/naming/directory/DirContext
Event: 1.534 Loading class javax/naming/directory/DirContext done
Event: 1.534 Loading class javax/naming/ldap/LdapContext done
Event: 1.755 Loading class java/beans/PropertyVetoException
Event: 1.755 Loading class java/beans/PropertyVetoException done
Event: 1.812 Loading class java/security/SecureRandom
Event: 1.812 Loading class java/security/SecureRandom done
Event: 1.812 Loading class java/nio/charset/UnsupportedCharsetException
Event: 1.812 Loading class java/nio/charset/UnsupportedCharsetException done
Event: 2.116 Loading class java/lang/UnsupportedClassVersionError
Event: 2.116 Loading class java/lang/ClassFormatError
Event: 2.116 Loading class java/lang/ClassFormatError done
Event: 2.116 Loading class java/lang/UnsupportedClassVersionError done

Classes unloaded (0 events):
No events

Classes redefined (0 events):
No events

Internal exceptions (20 events):
Event: 0.721 Thread 0x0000026a341d71a0 Exception <a 'java/lang/NoSuchMethodError'{0x00000007105f7418}: 'java.lang.Object java.lang.invoke.DirectMethodHandle$Holder.invokeVirtual(java.lang.Object, java.lang.Object, java.lang.Object)'> (0x00000007105f7418) 
thrown [s\src\hotspot\share\interpreter\linkResolver.cpp, line 759]
Event: 0.730 Thread 0x0000026a341d71a0 Exception <a 'java/lang/NoSuchMethodError'{0x0000000710258cd8}: 'void java.lang.invoke.DirectMethodHandle$Holder.invokeVirtual(java.lang.Object, java.lang.Object, java.lang.Object, java.lang.Object)'> (0x0000000710258cd8) 
thrown [s\src\hotspot\share\interpreter\linkResolver.cpp, line 759]
Event: 0.743 Thread 0x0000026a341d71a0 Exception <a 'java/lang/NoSuchMethodError'{0x000000071030cbd0}: 'java.lang.Object java.lang.invoke.DirectMethodHandle$Holder.invokeSpecial(java.lang.Object, java.lang.Object, long, java.lang.Object, java.lang.Object, java.lang.Object, java.lang.Object, java.lang.Object, java.lang.Object)'> (0x000000071030cbd0) 
thrown [s\src\hotspot\share\interpreter\linkResolver.cpp, line 759]
Event: 0.743 Thread 0x0000026a341d71a0 Exception <a 'java/lang/NoSuchMethodError'{0x0000000710311698}: 'java.lang.Object java.lang.invoke.DelegatingMethodHandle$Holder.reinvoke_L(java.lang.Object, long, java.lang.Object, java.lang.Object, java.lang.Object, java.lang.Object, java.lang.Object, java.lang.Object)'> (0x0000000710311698) 
thrown [s\src\hotspot\share\interpreter\linkResolver.cpp, line 759]
Event: 0.796 Thread 0x0000026a341d71a0 Exception <a 'java/lang/NoSuchMethodError'{0x000000070fe02800}: 'java.lang.Object java.lang.invoke.DirectMethodHandle$Holder.invokeStatic(java.lang.Object, int, java.lang.Object)'> (0x000000070fe02800) 
thrown [s\src\hotspot\share\interpreter\linkResolver.cpp, line 759]
Event: 0.801 Thread 0x0000026a341d71a0 Exception <a 'java/lang/NoSuchMethodError'{0x000000070fe4e828}: 'java.lang.Object java.lang.invoke.DirectMethodHandle$Holder.invokeSpecial(java.lang.Object, java.lang.Object, long, java.lang.Object)'> (0x000000070fe4e828) 
thrown [s\src\hotspot\share\interpreter\linkResolver.cpp, line 759]
Event: 0.803 Thread 0x0000026a341d71a0 Exception <a 'java/lang/NoSuchMethodError'{0x000000070fe62b80}: 'void java.lang.invoke.DirectMethodHandle$Holder.invokeSpecial(java.lang.Object, java.lang.Object, java.lang.Object)'> (0x000000070fe62b80) 
thrown [s\src\hotspot\share\interpreter\linkResolver.cpp, line 759]
Event: 0.810 Thread 0x0000026a341d71a0 Exception <a 'java/lang/NoSuchMethodError'{0x000000070fedab98}: 'java.lang.Object java.lang.invoke.DirectMethodHandle$Holder.invokeStatic(java.lang.Object, java.lang.Object, int)'> (0x000000070fedab98) 
thrown [s\src\hotspot\share\interpreter\linkResolver.cpp, line 759]
Event: 0.811 Thread 0x0000026a341d71a0 Exception <a 'java/lang/NoSuchMethodError'{0x000000070ff12f10}: 'void java.lang.invoke.DelegatingMethodHandle$Holder.delegate(java.lang.Object, java.lang.Object, int, java.lang.Object)'> (0x000000070ff12f10) 
thrown [s\src\hotspot\share\interpreter\linkResolver.cpp, line 759]
Event: 0.819 Thread 0x0000026a341d71a0 Exception <a 'java/lang/IncompatibleClassChangeError'{0x000000070fc30f50}: Found class java.lang.Object, but interface was expected> (0x000000070fc30f50) 
thrown [s\src\hotspot\share\interpreter\linkResolver.cpp, line 826]
Event: 0.830 Thread 0x0000026a341d4410 Exception <a 'java/lang/NoSuchMethodError'{0x000000070fd221b8}: 'java.lang.Object java.lang.invoke.Invokers$Holder.invoke_MT(java.lang.Object, java.lang.Object, java.lang.Object)'> (0x000000070fd221b8) 
thrown [s\src\hotspot\share\interpreter\linkResolver.cpp, line 759]
Event: 1.037 Thread 0x0000026a341d71a0 Exception <a 'java/lang/NoSuchMethodError'{0x00000007103a3ce8}: 'int java.lang.invoke.DirectMethodHandle$Holder.invokeSpecial(java.lang.Object, java.lang.Object, java.lang.Object, java.lang.Object, java.lang.Object)'> (0x00000007103a3ce8) 
thrown [s\src\hotspot\share\interpreter\linkResolver.cpp, line 759]
Event: 1.038 Thread 0x0000026a341d71a0 Exception <a 'java/lang/NoSuchMethodError'{0x00000007103acd50}: 'void java.lang.invoke.DirectMethodHandle$Holder.invokeVirtual(java.lang.Object, java.lang.Object)'> (0x00000007103acd50) 
thrown [s\src\hotspot\share\interpreter\linkResolver.cpp, line 759]
Event: 1.214 Thread 0x0000026a341d4410 Exception <a 'java/lang/NoSuchMethodError'{0x000000070eae9238}: 'long java.lang.invoke.DirectMethodHandle$Holder.invokeSpecial(java.lang.Object, java.lang.Object)'> (0x000000070eae9238) 
thrown [s\src\hotspot\share\interpreter\linkResolver.cpp, line 759]
Event: 1.215 Thread 0x0000026a341d4410 Exception <a 'java/lang/NoSuchMethodError'{0x000000070eaf3db0}: 'long java.lang.invoke.DirectMethodHandle$Holder.invokeStatic(java.lang.Object, java.lang.Object)'> (0x000000070eaf3db0) 
thrown [s\src\hotspot\share\interpreter\linkResolver.cpp, line 759]
Event: 1.215 Thread 0x0000026a341d4410 Exception <a 'java/lang/NoSuchMethodError'{0x000000070eaf7108}: 'long java.lang.invoke.DirectMethodHandle$Holder.invokeStaticInit(java.lang.Object, java.lang.Object)'> (0x000000070eaf7108) 
thrown [s\src\hotspot\share\interpreter\linkResolver.cpp, line 759]
Event: 1.217 Thread 0x0000026a341d4410 Exception <a 'java/lang/NoSuchMethodError'{0x000000070eb049c8}: 'long java.lang.invoke.DirectMethodHandle$Holder.invokeInterface(java.lang.Object, java.lang.Object)'> (0x000000070eb049c8) 
thrown [s\src\hotspot\share\interpreter\linkResolver.cpp, line 759]
Event: 1.217 Thread 0x0000026a341d4410 Exception <a 'java/lang/IncompatibleClassChangeError'{0x000000070eb07cb0}: Found class java.lang.Object, but interface was expected> (0x000000070eb07cb0) 
thrown [s\src\hotspot\share\interpreter\linkResolver.cpp, line 826]
Event: 1.220 Thread 0x0000026a341d4410 Exception <a 'java/lang/NoSuchMethodError'{0x000000070eb20178}: 'java.lang.Object java.lang.invoke.DirectMethodHandle$Holder.invokeVirtual(java.lang.Object, java.lang.Object, java.lang.Object, java.lang.Object)'> (0x000000070eb20178) 
thrown [s\src\hotspot\share\interpreter\linkResolver.cpp, line 759]
Event: 1.576 Thread 0x0000026a341d71a0 Exception <a 'java/lang/IncompatibleClassChangeError'{0x0000000704327bd0}: Found class java.lang.Object, but interface was expected> (0x0000000704327bd0) 
thrown [s\src\hotspot\share\interpreter\linkResolver.cpp, line 826]

VM Operations (20 events):
Event: 1.545 Executing VM operation: CollectForMetadataAllocation done
Event: 1.548 Executing VM operation: G1PauseRemark
Event: 1.549 Executing VM operation: G1PauseRemark done
Event: 1.550 Executing VM operation: G1PauseCleanup
Event: 1.550 Executing VM operation: G1PauseCleanup done
Event: 1.580 Executing VM operation: HandshakeAllThreads
Event: 1.580 Executing VM operation: HandshakeAllThreads done
Event: 1.772 Executing VM operation: ICBufferFull
Event: 1.772 Executing VM operation: ICBufferFull done
Event: 1.871 Executing VM operation: G1CollectForAllocation
Event: 1.875 Executing VM operation: G1CollectForAllocation done
Event: 1.899 Executing VM operation: HandshakeAllThreads
Event: 1.899 Executing VM operation: HandshakeAllThreads done
Event: 1.939 Executing VM operation: HandshakeAllThreads
Event: 1.939 Executing VM operation: HandshakeAllThreads done
Event: 1.987 Executing VM operation: ICBufferFull
Event: 1.987 Executing VM operation: ICBufferFull done
Event: 2.171 Executing VM operation: HandshakeAllThreads
Event: 2.171 Executing VM operation: HandshakeAllThreads done
Event: 2.172 Executing VM operation: G1CollectForAllocation

Memory protections (0 events):
No events

Nmethod flushes (0 events):
No events

Events (20 events):
Event: 0.027 Thread 0x0000026a10c9c5d0 Thread added: 0x0000026a341cf750
Event: 0.027 Thread 0x0000026a10c9c5d0 Thread added: 0x0000026a341d0310
Event: 0.027 Thread 0x0000026a10c9c5d0 Thread added: 0x0000026a341d30f0
Event: 0.027 Thread 0x0000026a10c9c5d0 Thread added: 0x0000026a341d6780
Event: 0.027 Thread 0x0000026a10c9c5d0 Thread added: 0x0000026a341e0790
Event: 0.027 Thread 0x0000026a10c9c5d0 Thread added: 0x0000026a34206760
Event: 0.027 Thread 0x0000026a10c9c5d0 Thread added: 0x0000026a34207160
Event: 0.079 Thread 0x0000026a10c9c5d0 Thread added: 0x0000026a341d6270
Event: 0.120 Thread 0x0000026a34206760 Thread added: 0x0000026a343cd280
Event: 0.165 Thread 0x0000026a10c9c5d0 Thread added: 0x0000026a341d6c90
Event: 0.165 Thread 0x0000026a10c9c5d0 Thread added: 0x0000026a341d3f00
Event: 0.461 Thread 0x0000026a10c9c5d0 Thread added: 0x0000026a341d76b0
Event: 0.463 Thread 0x0000026a341d76b0 Thread added: 0x0000026a341d71a0
Event: 0.806 Thread 0x0000026a341d71a0 Thread added: 0x0000026a341d4410
Event: 0.864 Thread 0x0000026a343cd280 Thread added: 0x0000026a7a7d5e50
Event: 1.282 Thread 0x0000026a341d4410 Thread exited: 0x0000026a341d4410
Event: 1.405 Thread 0x0000026a7a7d5e50 Thread exited: 0x0000026a7a7d5e50
Event: 1.508 Thread 0x0000026a341d71a0 Thread added: 0x0000026a341d4e30
Event: 1.567 Thread 0x0000026a341d4e30 Thread exited: 0x0000026a341d4e30
Event: 1.831 Thread 0x0000026a34206760 Thread added: 0x0000026a7bb85270


Dynamic libraries:
0x00007ff79ebc0000 - 0x00007ff79ebce000 	C:\Users\jorge\.jdks\ms-17.0.18\bin\java.exe
0x00007ffbe5510000 - 0x00007ffbe5708000 	C:\WINDOWS\SYSTEM32\ntdll.dll
0x00007ffbe4a80000 - 0x00007ffbe4b42000 	C:\WINDOWS\System32\KERNEL32.DLL
0x00007ffbe3160000 - 0x00007ffbe3456000 	C:\WINDOWS\System32\KERNELBASE.dll
0x00007ffbe2e50000 - 0x00007ffbe2f50000 	C:\WINDOWS\System32\ucrtbase.dll
0x00007ffbc88d0000 - 0x00007ffbc88ee000 	C:\Users\jorge\.jdks\ms-17.0.18\bin\VCRUNTIME140.dll
0x00007ffbd9be0000 - 0x00007ffbd9bf8000 	C:\Users\jorge\.jdks\ms-17.0.18\bin\jli.dll
0x00007ffbe36f0000 - 0x00007ffbe3891000 	C:\WINDOWS\System32\USER32.dll
0x00007ffbe2ff0000 - 0x00007ffbe3012000 	C:\WINDOWS\System32\win32u.dll
0x00007ffbca5f0000 - 0x00007ffbca88b000 	C:\WINDOWS\WinSxS\amd64_microsoft.windows.common-controls_6595b64144ccf1df_6.0.19041.6456_none_60b8a6cb71f64256\COMCTL32.dll
0x00007ffbe4050000 - 0x00007ffbe407b000 	C:\WINDOWS\System32\GDI32.dll
0x00007ffbe2bd0000 - 0x00007ffbe2ce9000 	C:\WINDOWS\System32\gdi32full.dll
0x00007ffbe5430000 - 0x00007ffbe54ce000 	C:\WINDOWS\System32\msvcrt.dll
0x00007ffbe2f50000 - 0x00007ffbe2fed000 	C:\WINDOWS\System32\msvcp_win.dll
0x00007ffbe4b50000 - 0x00007ffbe4b7f000 	C:\WINDOWS\System32\IMM32.DLL
0x00007ffbdc040000 - 0x00007ffbdc04c000 	C:\Users\jorge\.jdks\ms-17.0.18\bin\vcruntime140_1.dll
0x00007ffbaa1f0000 - 0x00007ffbaa279000 	C:\Users\jorge\.jdks\ms-17.0.18\bin\msvcp140.dll
0x00007ffb56fb0000 - 0x00007ffb57c2a000 	C:\Users\jorge\.jdks\ms-17.0.18\bin\server\jvm.dll
0x00007ffbe4f00000 - 0x00007ffbe4fb1000 	C:\WINDOWS\System32\ADVAPI32.dll
0x00007ffbe4bf0000 - 0x00007ffbe4c8f000 	C:\WINDOWS\System32\sechost.dll
0x00007ffbe4de0000 - 0x00007ffbe4f00000 	C:\WINDOWS\System32\RPCRT4.dll
0x00007ffbe2ba0000 - 0x00007ffbe2bc7000 	C:\WINDOWS\System32\bcrypt.dll
0x00007ffbe4230000 - 0x00007ffbe429b000 	C:\WINDOWS\System32\WS2_32.dll
0x00007ffbe2090000 - 0x00007ffbe20db000 	C:\WINDOWS\SYSTEM32\POWRPROF.dll
0x00007ffbd1c10000 - 0x00007ffbd1c37000 	C:\WINDOWS\SYSTEM32\WINMM.dll
0x00007ffbdba70000 - 0x00007ffbdba7a000 	C:\WINDOWS\SYSTEM32\VERSION.dll
0x00007ffbe1f60000 - 0x00007ffbe1f72000 	C:\WINDOWS\SYSTEM32\UMPDC.dll
0x00007ffbe09f0000 - 0x00007ffbe0a02000 	C:\WINDOWS\SYSTEM32\kernel.appcore.dll
0x00007ffbd9bc0000 - 0x00007ffbd9bca000 	C:\Users\jorge\.jdks\ms-17.0.18\bin\jimage.dll
0x00007ffbd12b0000 - 0x00007ffbd14b1000 	C:\WINDOWS\SYSTEM32\DBGHELP.DLL
0x00007ffbc2710000 - 0x00007ffbc2744000 	C:\WINDOWS\SYSTEM32\dbgcore.DLL
0x00007ffbe3020000 - 0x00007ffbe30a2000 	C:\WINDOWS\System32\bcryptPrimitives.dll
0x00007ffbc7b40000 - 0x00007ffbc7b4f000 	C:\Users\jorge\.jdks\ms-17.0.18\bin\instrument.dll
0x00007ffbc7500000 - 0x00007ffbc7526000 	C:\Users\jorge\.jdks\ms-17.0.18\bin\java.dll
0x00007ffb9e3c0000 - 0x00007ffb9e496000 	C:\Users\jorge\.jdks\ms-17.0.18\bin\jsvml.dll
0x00007ffbe4310000 - 0x00007ffbe4a80000 	C:\WINDOWS\System32\SHELL32.dll
0x00007ffbe0bf0000 - 0x00007ffbe1395000 	C:\WINDOWS\SYSTEM32\windows.storage.dll
0x00007ffbe5070000 - 0x00007ffbe53c4000 	C:\WINDOWS\System32\combase.dll
0x00007ffbe24f0000 - 0x00007ffbe251b000 	C:\WINDOWS\SYSTEM32\Wldp.dll
0x00007ffbe3f20000 - 0x00007ffbe3fed000 	C:\WINDOWS\System32\OLEAUT32.dll
0x00007ffbe4c90000 - 0x00007ffbe4d3d000 	C:\WINDOWS\System32\SHCORE.dll
0x00007ffbe53d0000 - 0x00007ffbe542b000 	C:\WINDOWS\System32\shlwapi.dll
0x00007ffbe2ad0000 - 0x00007ffbe2af4000 	C:\WINDOWS\SYSTEM32\profapi.dll
0x00007ffbc7b90000 - 0x00007ffbc7ba8000 	C:\Users\jorge\.jdks\ms-17.0.18\bin\zip.dll
0x00007ffbd9c00000 - 0x00007ffbd9c1b000 	C:\Users\jorge\.jdks\ms-17.0.18\bin\net.dll
0x00007ffbdbce0000 - 0x00007ffbdbdea000 	C:\WINDOWS\SYSTEM32\WINHTTP.dll
0x00007ffbe22d0000 - 0x00007ffbe233a000 	C:\WINDOWS\system32\mswsock.dll
0x00007ffbc8aa0000 - 0x00007ffbc8ab6000 	C:\Users\jorge\.jdks\ms-17.0.18\bin\nio.dll
0x00007ffbc8a90000 - 0x00007ffbc8a99000 	C:\Users\jorge\.jdks\ms-17.0.18\bin\extnet.dll
0x00007ffbc7b70000 - 0x00007ffbc7b7a000 	C:\Users\jorge\.jdks\ms-17.0.18\bin\management.dll
0x00007ffbc7b60000 - 0x00007ffbc7b6c000 	C:\Users\jorge\.jdks\ms-17.0.18\bin\management_ext.dll
0x00007ffbe42a0000 - 0x00007ffbe42a8000 	C:\WINDOWS\System32\PSAPI.DLL
0x00007ffbc7b80000 - 0x00007ffbc7b8e000 	C:\Users\jorge\.jdks\ms-17.0.18\bin\sunmscapi.dll
0x00007ffbe2cf0000 - 0x00007ffbe2e4d000 	C:\WINDOWS\System32\CRYPT32.dll
0x00007ffbe2640000 - 0x00007ffbe2667000 	C:\WINDOWS\SYSTEM32\ncrypt.dll
0x00007ffbe2600000 - 0x00007ffbe263b000 	C:\WINDOWS\SYSTEM32\NTASN1.dll

dbghelp: loaded successfully - version: 4.0.5 - missing functions: none
symbol engine: initialized successfully - sym options: 0x614 - pdb path: .;C:\Users\jorge\.jdks\ms-17.0.18\bin;C:\WINDOWS\SYSTEM32;C:\WINDOWS\WinSxS\amd64_microsoft.windows.common-controls_6595b64144ccf1df_6.0.19041.6456_none_60b8a6cb71f64256;C:\Users\jorge\.jdks\ms-17.0.18\bin\server

VM Arguments:
jvm_args: -javaagent:C:\Program Files\JetBrains\IntelliJ IDEA Community Edition 2025.1.1.1\lib\idea_rt.jar=51829 -Dfile.encoding=UTF-8 
java_command: com.minimarket.MinimarketApplication
java_class_path (initial): C:\Users\jorge\OneDrive\Desktop\Backend II\minimarket\target\classes;C:\Users\jorge\.m2\repository\org\springframework\boot\spring-boot-starter-data-jpa\3.4.1\spring-boot-starter-data-jpa-3.4.1.jar;C:\Users\jorge\.m2\repository\org\springframework\boot\spring-boot-starter\3.4.1\spring-boot-starter-3.4.1.jar;C:\Users\jorge\.m2\repository\org\springframework\boot\spring-boot-starter-logging\3.4.1\spring-boot-starter-logging-3.4.1.jar;C:\Users\jorge\.m2\repository\ch\qos\logback\logback-classic\1.5.12\logback-classic-1.5.12.jar;C:\Users\jorge\.m2\repository\ch\qos\logback\logback-core\1.5.12\logback-core-1.5.12.jar;C:\Users\jorge\.m2\repository\org\apache\logging\log4j\log4j-to-slf4j\2.24.3\log4j-to-slf4j-2.24.3.jar;C:\Users\jorge\.m2\repository\org\apache\logging\log4j\log4j-api\2.24.3\log4j-api-2.24.3.jar;C:\Users\jorge\.m2\repository\org\slf4j\jul-to-slf4j\2.0.16\jul-to-slf4j-2.0.16.jar;C:\Users\jorge\.m2\repository\jakarta\annotation\jakarta.annotation-api\2.1.1\jakarta.annotation-api-2.1.1.jar;C:\Users\jorge\.m2\repository\org\yaml\snakeyaml\2.3\snakeyaml-2.3.jar;C:\Users\jorge\.m2\repository\org\springframework\boot\spring-boot-starter-jdbc\3.4.1\spring-boot-starter-jdbc-3.4.1.jar;C:\Users\jorge\.m2\repository\com\zaxxer\HikariCP\5.1.0\HikariCP-5.1.0.jar;C:\Users\jorge\.m2\repository\org\springframework\spring-jdbc\6.2.1\spring-jdbc-6.2.1.jar;C:\Users\jorge\.m2\repository\org\hibernate\orm\hibernate-core\6.6.4.Final\hibernate-core-6.6.4.Final.jar;C:\Users\jorge\.m2\repository\jakarta\persistence\jakarta.persistence-api\3.1.0\jakarta.persistence-api-3.1.0.jar;C:\Users\jorge\.m2\repository\jakarta\transaction\jakarta.transaction-api\2.0.1\jakarta.transaction-api-2.0.1.jar;C:\Users\jorge\.m2\repository\org\jboss\logging\jboss-logging\3.6.1.Final\jboss-logging-3.6.1.Final.jar;C:\Users\jorge\.m2\repository\org\hibernate\common\hibernate-commons-annotations\7.0.3.Final\hibernate-commons-annotations-7.0.3.Final.jar;C:\Users\jorge\.m2\reposit
Launcher Type: SUN_STANDARD

[Global flags]
     intx CICompilerCount                          = 4                                         {product} {ergonomic}
     uint ConcGCThreads                            = 3                                         {product} {ergonomic}
     uint G1ConcRefinementThreads                  = 10                                        {product} {ergonomic}
   size_t G1HeapRegionSize                         = 2097152                                   {product} {ergonomic}
    uintx GCDrainStackTargetSize                   = 64                                        {product} {ergonomic}
   size_t InitialHeapSize                          = 268435456                                 {product} {ergonomic}
   size_t MarkStackSize                            = 4194304                                   {product} {ergonomic}
   size_t MaxHeapSize                              = 4276092928                                {product} {ergonomic}
   size_t MaxNewSize                               = 2564816896                                {product} {ergonomic}
   size_t MinHeapDeltaBytes                        = 2097152                                   {product} {ergonomic}
   size_t MinHeapSize                              = 8388608                                   {product} {ergonomic}
    uintx NonNMethodCodeHeapSize                   = 5839372                                {pd product} {ergonomic}
    uintx NonProfiledCodeHeapSize                  = 122909434                              {pd product} {ergonomic}
    uintx ProfiledCodeHeapSize                     = 122909434                              {pd product} {ergonomic}
    uintx ReservedCodeCacheSize                    = 251658240                              {pd product} {ergonomic}
     bool SegmentedCodeCache                       = true                                      {product} {ergonomic}
   size_t SoftMaxHeapSize                          = 4276092928                             {manageable} {ergonomic}
     bool UseCompressedClassPointers               = true                           {product lp64_product} {ergonomic}
     bool UseCompressedOops                        = true                           {product lp64_product} {ergonomic}
     bool UseG1GC                                  = true                                      {product} {ergonomic}
     bool UseLargePagesIndividualAllocation        = false                                  {pd product} {ergonomic}

Logging:
Log output configuration:
 #0: stdout all=warning uptime,level,tags
 #1: stderr all=off uptime,level,tags

Environment Variables:
JAVA_HOME=C:\Program Files\Microsoft\jdk-21.0.10.7-hotspot\
PATH=C:\Program Files\Microsoft\jdk-21.0.10.7-hotspot\bin;C:\Program Files\Common Files\Oracle\Java\javapath;C:\app\jorge\product\21c\dbhomeXE\bin;C:\WINDOWS\system32;C:\WINDOWS;C:\WINDOWS\System32\Wbem;C:\WINDOWS\System32\WindowsPowerShell\v1.0\;C:\WINDOWS\System32\OpenSSH\;C:\Program Files\NVIDIA Corporation\NVIDIA App\NvDLISR;C:\Program Files (x86)\NVIDIA Corporation\PhysX\Common;C:\Program Files\nodejs\;C:\Program Files\Docker\Docker\resources\bin;C:\Program Files\Git\cmd;C:\Program Files\dotnet\;C:\Users\jorge\scoop\apps\maven\current\bin;C:\Users\jorge\scoop\shims;C:\Program Files\MySQL\MySQL Shell 8.0\bin\;C:\Users\jorge\AppData\Local\Programs\Python\Launcher\;C:\Users\jorge\AppData\Local\Microsoft\WindowsApps;C:\Users\jorge\AppData\Local\Programs\Microsoft VS Code\bin;C:\Program Files\JetBrains\PyCharm Community Edition 2025.1.1.1\bin;;C:\Users\jorge\AppData\Roaming\npm;C:\Users\jorge\.dotnet\tools
USERNAME=jorge
OS=Windows_NT
PROCESSOR_IDENTIFIER=Intel64 Family 6 Model 165 Stepping 5, GenuineIntel
TMP=C:\Users\jorge\AppData\Local\Temp
TEMP=C:\Users\jorge\AppData\Local\Temp



Periodic native trim disabled


---------------  S Y S T E M  ---------------

OS:
 Windows 10 , 64 bit Build 19041 (10.0.19041.5915)
OS uptime: 1 days 3:51 hours
Hyper-V role detected

CPU: total 12 (initial active 12) (6 cores per cpu, 2 threads per core) family 6 model 165 stepping 5 microcode 0xca, cx8, cmov, fxsr, ht, mmx, 3dnowpref, sse, sse2, sse3, ssse3, sse4.1, sse4.2, popcnt, lzcnt, tsc, tscinvbit, avx, avx2, aes, erms, clmul, bmi1, bmi2, adx, fma, vzeroupper, clflush, clflushopt, hv
Processor Information for the first 12 processors :
  Max Mhz: 4104, Current Mhz: 3803, Mhz Limit: 4104

Memory: 4k page, system-wide physical 16310M (4248M free)
TotalPageFile size 27574M (AvailPageFile size 9063M)
current process WorkingSet (physical memory assigned to process): 171M, peak: 171M
current process commit charge ("private bytes"): 221M, peak: 410M

vm_info: OpenJDK 64-Bit Server VM (17.0.18+8-LTS) for windows-amd64 JRE (17.0.18+8-LTS), built on Jan 15 2026 18:50:45 by "MicrosoftCorporation" with MS VC++ 17.14 (VS2022)

END.
