#
# A fatal error has been detected by the Java Runtime Environment:
#
#  EXCEPTION_ACCESS_VIOLATION (0xc0000005) at pc=0x00007ffb2acdd3e0, pid=8964, tid=10692
#
# JRE version: OpenJDK Runtime Environment Microsoft-13106404 (21.0.10+7) (build 21.0.10+7-LTS)
# Java VM: OpenJDK 64-Bit Server VM Microsoft-13106404 (21.0.10+7-LTS, mixed mode, sharing, tiered, compressed oops, compressed class ptrs, g1 gc, windows-amd64)
# Problematic frame:
# V  [jvm.dll+0x3cd3e0]
#
# No core dump will be written. Minidumps are not enabled by default on client versions of Windows
#
# If you would like to submit a bug report, please visit:
#   https://github.com/microsoft/openjdk/issues
#

---------------  S U M M A R Y ------------

Command Line: -javaagent:C:\\Users\\jorge\\.m2\\repository\\org\\jacoco\\org.jacoco.agent\\0.8.12\\org.jacoco.agent-0.8.12-runtime.jar=destfile=C:\\Users\\jorge\\OneDrive\\Desktop\\Backend II\\minimarket\\target\\jacoco.exec C:\Users\jorge\AppData\Local\Temp\surefire16328182044126943822\surefirebooter-20260717163710698_3.jar C:\Users\jorge\AppData\Local\Temp\surefire16328182044126943822 2026-07-17T16-37-10_557-jvmRun1 surefire-20260717163710698_1tmp surefire_0-20260717163710698_2tmp

Host: Intel(R) Core(TM) i5-10600K CPU @ 4.10GHz, 12 cores, 15G,  Windows 10 , 64 bit Build 19041 (10.0.19041.5915)
Time: Fri Jul 17 16:37:17 2026 Hora est. Sudam廨ica Pac璗ico elapsed time: 6.184887 seconds (0d 0h 0m 6s)

---------------  T H R E A D  ---------------

Current thread (0x000002b67c7b6070):  JavaThread "C2 CompilerThread0" daemon [_thread_in_native, id=10692, stack(0x000000b6e9500000,0x000000b6e9600000) (1024K)]


Current CompileTask:
C2:6184 6466       4       org.jacoco.agent.rt.internal_aeaf9ab.asm.MethodWriter::putMethodInfo (1274 bytes)

Stack: [0x000000b6e9500000,0x000000b6e9600000],  sp=0x000000b6e95fcc80,  free space=1011k
Native frames: (J=compiled Java code, j=interpreted, Vv=VM code, C=native code)
V  [jvm.dll+0x3cd3e0]  (no source info available)
V  [jvm.dll+0x3c6868]  (no source info available)
V  [jvm.dll+0x1ea814]  (no source info available)
V  [jvm.dll+0x2527c3]  (no source info available)
V  [jvm.dll+0x251c93]  (no source info available)
V  [jvm.dll+0x1d1adf]  (no source info available)
V  [jvm.dll+0x26195a]  (no source info available)
V  [jvm.dll+0x25fcc5]  (no source info available)
V  [jvm.dll+0x402155]  (no source info available)
V  [jvm.dll+0x86ab8d]  (no source info available)
V  [jvm.dll+0x6e141d]  (no source info available)
C  [ucrtbase.dll+0x21bb2]  (no source info available)
C  [KERNEL32.DLL+0x17374]  (no source info available)
C  [ntdll.dll+0x4cc91]  (no source info available)


siginfo: EXCEPTION_ACCESS_VIOLATION (0xc0000005), reading address 0x000002f67f6cf900


Registers:
RAX=0x0000000000000000, RBX=0x000000b6e95fccd0, RCX=0x0000000000000000, RDX=0x000002f67f6cf900
RSP=0x000000b6e95fcc80, RBP=0x000000b6e95fcdf0, RSI=0x00007ffb2b5c3860, RDI=0x000000000000000b
R8 =0x000002b6490b7b40, R9 =0x000000000000000d, R10=0x00000000000002fb, R11=0x0000000000000004
R12=0x0000000000000000, R13=0x000000b6e95fd270, R14=0x0000000000000f67, R15=0x0000000000000001
RIP=0x00007ffb2acdd3e0, EFLAGS=0x0000000000010246

XMM[0]=0x0000000000000000 0x0000000000000000
XMM[1]=0x0000000000000000 0x0000000000000000
XMM[2]=0x0000000000000000 0x0000000000000000
XMM[3]=0x0000000000000000 0x0000000000000000
XMM[4]=0x0000000000000000 0x0000000000000000
XMM[5]=0x0000000000000000 0x0000000000000000
XMM[6]=0x0000000000000000 0x0000000000000000
XMM[7]=0x0000000000000000 0x0000000000000000
XMM[8]=0x0000000000000000 0x0000000000000000
XMM[9]=0x0000000000000000 0x0000000000000000
XMM[10]=0x0000000000000000 0x0000000000000000
XMM[11]=0x0000000000000000 0x0000000000000000
XMM[12]=0x0000000000000000 0x0000000000000000
XMM[13]=0x0000000000000000 0x0000000000000000
XMM[14]=0x0000000000000000 0x0000000000000000
XMM[15]=0x0000000000000000 0x0000000000000000
  MXCSR=0x00001fa0


Register to memory mapping:

RAX=0x0 is null
RBX=0x000000b6e95fccd0 is pointing into the stack for thread: 0x000002b67c7b6070
RCX=0x0 is null
RDX=0x000002f67f6cf900 is an unknown value
RSP=0x000000b6e95fcc80 is pointing into the stack for thread: 0x000002b67c7b6070
RBP=0x000000b6e95fcdf0 is pointing into the stack for thread: 0x000002b67c7b6070
RSI=0x00007ffb2b5c3860 jvm.dll
RDI=0x000000000000000b is an unknown value
R8 =0x000002b6490b7b40 points into unknown readable memory: 0x3ec7b5e1566cbf5e | 5e bf 6c 56 e1 b5 c7 3e
R9 =0x000000000000000d is an unknown value
R10=0x00000000000002fb is an unknown value
R11=0x0000000000000004 is an unknown value
R12=0x0 is null
R13=0x000000b6e95fd270 is pointing into the stack for thread: 0x000002b67c7b6070
R14=0x0000000000000f67 is an unknown value
R15=0x0000000000000001 is an unknown value

Top of Stack: (sp=0x000000b6e95fcc80)
0x000000b6e95fcc80:   000002b67c7aeaf0 000002b67ebe1e00
0x000000b6e95fcc90:   000002b67ebe2ee0 00007ffb2b35fb68
0x000000b6e95fcca0:   0000000000000004 00007ffb2acd6868
0x000000b6e95fccb0:   0000000000000002 0000000000000003
0x000000b6e95fccc0:   000002b67c7aea00 0000000000000000
0x000000b6e95fccd0:   0000000000000000 00000004000002fb
0x000000b6e95fcce0:   0000000d00000003 000002f67f6cf900
0x000000b6e95fccf0:   000002b67f6a5e60 000002b6489daf30
0x000000b6e95fcd00:   000000b6e95fd270 000002b67d253fb0
0x000000b6e95fcd10:   000000b6e95fce20 00007ffb2aafa814
0x000000b6e95fcd20:   000000b6e95fd190 000000b6e95fd1a0
0x000000b6e95fcd30:   0000000000000000 000002b67d253fa0
0x000000b6e95fcd40:   0000000000000000 0000000000000000
0x000000b6e95fcd50:   0000000000000007 000002b67d253fa0
0x000000b6e95fcd60:   000002b67d98caf0 000002b67d98e480
0x000000b6e95fcd70:   000002b67d994ad8 0000000000332068
0x000000b6e95fcd80:   000002b67d253fa0 0000000000000000
0x000000b6e95fcd90:   0000000000000000 0000000000000000
0x000000b6e95fcda0:   0000000000000000 0000000000000000
0x000000b6e95fcdb0:   0000000000000010 00007ffb2b328430
0x000000b6e95fcdc0:   0000000000000000 000000b6e95fe660
0x000000b6e95fcdd0:   0000000000000000 00007ffb2b328430
0x000000b6e95fcde0:   000002b600000000 0000000000000178
0x000000b6e95fcdf0:   000000000000000c 000000b6e95fe660
0x000000b6e95fce00:   000002b648940ed0 000002b67c7aea01
0x000000b6e95fce10:   000002b649096eb0 000002b60000115f
0x000000b6e95fce20:   000000b6e95fcd50 000002b67d253fb0
0x000000b6e95fce30:   00007ffb2b328400 000000000000000d
0x000000b6e95fce40:   000000b6e95fe660 000000b6e95fd190
0x000000b6e95fce50:   0000000000001b5e 00007ffb2a9d958c
0x000000b6e95fce60:   000002b60000000a 000000b6e95fe660
0x000000b6e95fce70:   000002b648540d50 0000000000000000 

Instructions: (pc=0x00007ffb2acdd3e0)
0x00007ffb2acdd2e0:   48 8b 8e d8 08 00 00 48 85 c9 75 0c e8 8f 0b 00
0x00007ffb2acdd2f0:   00 48 8b 8e d8 08 00 00 48 8b 01 0f 57 c0 48 89
0x00007ffb2acdd300:   86 d8 08 00 00 0f 11 01 0f 11 41 10 0f 10 45 00
0x00007ffb2acdd310:   0f 11 01 0f 10 4d 10 0f 11 49 10 48 8b 43 08 49
0x00007ffb2acdd320:   89 0c 06 48 8d 0d 36 65 8e 00 ff c7 ba 70 00 00
0x00007ffb2acdd330:   00 3b bb 90 00 00 00 0f 82 63 ff ff ff 4c 8b 74
0x00007ffb2acdd340:   24 60 4c 8b 64 24 58 48 8b 6c 24 50 48 8b c3 48
0x00007ffb2acdd350:   83 c4 20 41 5f 41 5d 5f 5e 5b c3 cc cc cc cc cc
0x00007ffb2acdd360:   40 53 48 83 ec 20 48 8b d9 8b 49 0c 83 f9 04 73
0x00007ffb2acdd370:   2b 4c 8b 43 18 44 8d 49 01 0f 1f 80 00 00 00 00
0x00007ffb2acdd380:   8b c1 49 83 3c c0 00 49 8d 14 c0 0f 85 90 00 00
0x00007ffb2acdd390:   00 ff c1 41 ff c1 41 83 f9 05 72 e4 48 89 74 24
0x00007ffb2acdd3a0:   30 48 89 7c 24 38 8b 7b 10 3b 7b 14 73 61 48 8d
0x00007ffb2acdd3b0:   35 ab 64 8e 00 66 66 66 0f 1f 84 00 00 00 00 00
0x00007ffb2acdd3c0:   48 8b 43 20 8b cf 48 8b 14 c8 48 3b d6 74 39 33
0x00007ffb2acdd3d0:   c0 48 89 53 18 33 c9 66 0f 1f 84 00 00 00 00 00
0x00007ffb2acdd3e0:   48 83 3c 11 00 44 8d 48 01 75 6e 48 83 c1 08 41
0x00007ffb2acdd3f0:   8b c1 41 83 f9 04 72 e8 48 8b 4b 28 48 85 c9 74
0x00007ffb2acdd400:   07 8b d7 e8 58 01 00 00 ff c7 3b 7b 14 72 b1 48
0x00007ffb2acdd410:   8b 74 24 30 33 c0 48 8b 7c 24 38 48 83 c4 20 5b
0x00007ffb2acdd420:   c3 8b 43 10 44 8d 04 81 41 c1 e0 06 41 81 c0 00
0x00007ffb2acdd430:   ff ff ff 44 89 43 08 48 8b 12 48 0f bc c2 44 89
0x00007ffb2acdd440:   4b 0c 8b c8 48 d3 ea 48 ff ca 41 03 c0 48 89 13
0x00007ffb2acdd450:   89 43 08 48 83 c4 20 5b c3 48 8b 74 24 30 44 8d
0x00007ffb2acdd460:   04 b8 8b c8 8d 47 01 48 8b 7c 24 38 41 c1 e0 06
0x00007ffb2acdd470:   44 89 43 08 48 8b 14 ca 89 43 10 48 0f bc c2 44
0x00007ffb2acdd480:   89 4b 0c 8b c8 48 d3 ea 48 ff ca 41 03 c0 48 89
0x00007ffb2acdd490:   13 89 43 08 48 83 c4 20 5b c3 cc cc cc cc cc cc
0x00007ffb2acdd4a0:   40 53 48 83 ec 20 65 48 8b 04 25 58 00 00 00 8b
0x00007ffb2acdd4b0:   0d 33 e4 92 00 48 8b 1c c8 b8 70 00 00 00 80 3c
0x00007ffb2acdd4c0:   18 00 75 05 e8 e7 1f 59 00 b8 20 00 00 00 48 8b
0x00007ffb2acdd4d0:   04 18 48 8b 88 68 06 00 00 48 8b 99 80 00 00 00 


Stack slot to memory mapping:

stack at sp + 0 slots: 0x000002b67c7aeaf0 points into unknown readable memory: 0x0000000000000007 | 07 00 00 00 00 00 00 00
stack at sp + 1 slots: 0x000002b67ebe1e00 points into unknown readable memory: 0x00007ffb2b2943d0 | d0 43 29 2b fb 7f 00 00
stack at sp + 2 slots: 0x000002b67ebe2ee0 points into unknown readable memory: 0x6f63616a2e67726f | 6f 72 67 2e 6a 61 63 6f
stack at sp + 3 slots: 0x00007ffb2b35fb68 jvm.dll
stack at sp + 4 slots: 0x0000000000000004 is an unknown value
stack at sp + 5 slots: 0x00007ffb2acd6868 jvm.dll
stack at sp + 6 slots: 0x0000000000000002 is an unknown value
stack at sp + 7 slots: 0x0000000000000003 is an unknown value


---------------  P R O C E S S  ---------------

Threads class SMR info:
_java_thread_list=0x000002b64651cbe0, length=17, elements={
0x000002b65ab21b70, 0x000002b67c7af790, 0x000002b67c7b06b0, 0x000002b67c7b1d70,
0x000002b67c7b8140, 0x000002b67c7b8ba0, 0x000002b67c7b9600, 0x000002b67c7b6070,
0x000002b67c7c2640, 0x000002b67ca7cdf0, 0x000002b67c7c33e0, 0x000002b67cf83ff0,
0x000002b67d20de70, 0x000002b67dfbb6d0, 0x000002b67c7c3ab0, 0x000002b646f4b810,
0x000002b646f4bea0
}

Java Threads: ( => current thread )
  0x000002b65ab21b70 JavaThread "main"                              [_thread_in_vm, id=10468, stack(0x000000b6e8700000,0x000000b6e8800000) (1024K)]
  0x000002b67c7af790 JavaThread "Reference Handler"          daemon [_thread_blocked, id=15972, stack(0x000000b6e8f00000,0x000000b6e9000000) (1024K)]
  0x000002b67c7b06b0 JavaThread "Finalizer"                  daemon [_thread_blocked, id=4200, stack(0x000000b6e9000000,0x000000b6e9100000) (1024K)]
  0x000002b67c7b1d70 JavaThread "Signal Dispatcher"          daemon [_thread_blocked, id=15396, stack(0x000000b6e9100000,0x000000b6e9200000) (1024K)]
  0x000002b67c7b8140 JavaThread "Attach Listener"            daemon [_thread_blocked, id=16284, stack(0x000000b6e9200000,0x000000b6e9300000) (1024K)]
  0x000002b67c7b8ba0 JavaThread "Service Thread"             daemon [_thread_blocked, id=11108, stack(0x000000b6e9300000,0x000000b6e9400000) (1024K)]
  0x000002b67c7b9600 JavaThread "Monitor Deflation Thread"   daemon [_thread_blocked, id=16052, stack(0x000000b6e9400000,0x000000b6e9500000) (1024K)]
=>0x000002b67c7b6070 JavaThread "C2 CompilerThread0"         daemon [_thread_in_native, id=10692, stack(0x000000b6e9500000,0x000000b6e9600000) (1024K)]
  0x000002b67c7c2640 JavaThread "C1 CompilerThread0"         daemon [_thread_blocked, id=7200, stack(0x000000b6e9600000,0x000000b6e9700000) (1024K)]
  0x000002b67ca7cdf0 JavaThread "Common-Cleaner"             daemon [_thread_blocked, id=10644, stack(0x000000b6e9700000,0x000000b6e9800000) (1024K)]
  0x000002b67c7c33e0 JavaThread "C2 CompilerThread1"         daemon [_thread_in_native, id=2148, stack(0x000000b6e9800000,0x000000b6e9900000) (1024K)]
  0x000002b67cf83ff0 JavaThread "Notification Thread"        daemon [_thread_blocked, id=2504, stack(0x000000b6e9900000,0x000000b6e9a00000) (1024K)]
  0x000002b67d20de70 JavaThread "surefire-forkedjvm-stream-flusher" daemon [_thread_blocked, id=4436, stack(0x000000b6e9f00000,0x000000b6ea000000) (1024K)]
  0x000002b67dfbb6d0 JavaThread "surefire-forkedjvm-command-thread" daemon [_thread_in_native, id=15792, stack(0x000000b6ea000000,0x000000b6ea100000) (1024K)]
  0x000002b67c7c3ab0 JavaThread "C2 CompilerThread2"         daemon [_thread_in_native, id=7008, stack(0x000000b6ea100000,0x000000b6ea200000) (1024K)]
  0x000002b646f4b810 JavaThread "HikariPool-1 housekeeper"   daemon [_thread_blocked, id=2744, stack(0x000000b6ea600000,0x000000b6ea700000) (1024K)]
  0x000002b646f4bea0 JavaThread "HikariPool-1 connection adder" daemon [_thread_blocked, id=4344, stack(0x000000b6ea900000,0x000000b6eaa00000) (1024K)]
Total: 17

Other Threads:
  0x000002b67c790e80 VMThread "VM Thread"                           [id=10948, stack(0x000000b6e8e00000,0x000000b6e8f00000) (1024K)]
  0x000002b67c77c5a0 WatcherThread "VM Periodic Task Thread"        [id=11932, stack(0x000000b6e8d00000,0x000000b6e8e00000) (1024K)]
  0x000002b65cf6a230 WorkerThread "GC Thread#0"                     [id=10828, stack(0x000000b6e8800000,0x000000b6e8900000) (1024K)]
  0x000002b67cd99c00 WorkerThread "GC Thread#1"                     [id=1980, stack(0x000000b6e9a00000,0x000000b6e9b00000) (1024K)]
  0x000002b67d2780c0 WorkerThread "GC Thread#2"                     [id=12672, stack(0x000000b6e9b00000,0x000000b6e9c00000) (1024K)]
  0x000002b67d28d360 WorkerThread "GC Thread#3"                     [id=16048, stack(0x000000b6e9c00000,0x000000b6e9d00000) (1024K)]
  0x000002b67d2b5e20 WorkerThread "GC Thread#4"                     [id=1768, stack(0x000000b6e9d00000,0x000000b6e9e00000) (1024K)]
  0x000002b67d2b61d0 WorkerThread "GC Thread#5"                     [id=13104, stack(0x000000b6e9e00000,0x000000b6e9f00000) (1024K)]
  0x000002b67edbc7d0 WorkerThread "GC Thread#6"                     [id=4336, stack(0x000000b6ea200000,0x000000b6ea300000) (1024K)]
  0x000002b67edbcb80 WorkerThread "GC Thread#7"                     [id=5984, stack(0x000000b6ea300000,0x000000b6ea400000) (1024K)]
  0x000002b67e44a160 WorkerThread "GC Thread#8"                     [id=10052, stack(0x000000b6ea400000,0x000000b6ea500000) (1024K)]
  0x000002b6469cd8d0 WorkerThread "GC Thread#9"                     [id=16308, stack(0x000000b6ea500000,0x000000b6ea600000) (1024K)]
  0x000002b65abedf70 ConcurrentGCThread "G1 Main Marker"            [id=2408, stack(0x000000b6e8900000,0x000000b6e8a00000) (1024K)]
  0x000002b65abeeb40 WorkerThread "G1 Conc#0"                       [id=13424, stack(0x000000b6e8a00000,0x000000b6e8b00000) (1024K)]
  0x000002b6468996c0 WorkerThread "G1 Conc#1"                       [id=2444, stack(0x000000b6ea700000,0x000000b6ea800000) (1024K)]
  0x000002b67f370b80 WorkerThread "G1 Conc#2"                       [id=2552, stack(0x000000b6ea800000,0x000000b6ea900000) (1024K)]
  0x000002b65cfce5f0 ConcurrentGCThread "G1 Refine#0"               [id=6916, stack(0x000000b6e8b00000,0x000000b6e8c00000) (1024K)]
  0x000002b67c6416d0 ConcurrentGCThread "G1 Service"                [id=15632, stack(0x000000b6e8c00000,0x000000b6e8d00000) (1024K)]
Total: 18

Threads with active compile tasks:
C2 CompilerThread0  6211 6466       4       org.jacoco.agent.rt.internal_aeaf9ab.asm.MethodWriter::putMethodInfo (1274 bytes)
C2 CompilerThread1  6211 6209 %     4       org.jacoco.agent.rt.internal_aeaf9ab.asm.ClassReader::readCode @ 2037 (5117 bytes)
C2 CompilerThread2  6211 6474       4       org.jacoco.agent.rt.internal_aeaf9ab.core.runtime.InjectedClassRuntime::generateDataAccessor (28 bytes)
Total: 3

VM state: not at safepoint (normal execution)

VM Mutex/Monitor currently owned by a thread:  ([mutex/lock_event])
[0x00007ffb2b5da3a0] MethodCompileQueue_lock - owner thread: 0x000002b67c7c3ab0
[0x00007ffb2b5db7a0] CodeCache_lock - owner thread: 0x000002b67c7c3ab0
[0x00007ffb2b5db920] Compile_lock - owner thread: 0x000002b67c7c3ab0

Heap address: 0x0000000701200000, size: 4078 MB, Compressed Oops mode: Zero based, Oop shift amount: 3

CDS archive(s) mapped at: [0x000002b600000000-0x000002b600c80000-0x000002b600c80000), size 13107200, SharedBaseAddress: 0x000002b600000000, ArchiveRelocationMode: 1.
Compressed class space mapped at: 0x000002b601000000-0x000002b641000000, reserved size: 1073741824
Narrow klass base: 0x000002b600000000, Narrow klass shift: 0, Narrow klass range: 0x100000000

GC Precious Log:
 CardTable entry size: 512
 Card Set container configuration: InlinePtr #cards 4 size 8 Array Of Cards #cards 16 size 48 Howl #buckets 8 coarsen threshold 3686 Howl Bitmap #cards 512 size 80 coarsen threshold 460 Card regions per heap region 1 cards per card region 4096
 CPUs: 12 total, 12 available
 Memory: 16310M
 Large Page Support: Disabled
 NUMA Support: Disabled
 Compressed Oops: Enabled (Zero based)
 Heap Region Size: 2M
 Heap Min Capacity: 8M
 Heap Initial Capacity: 256M
 Heap Max Capacity: 4078M
 Pre-touch: Disabled
 Parallel Workers: 10
 Concurrent Workers: 3
 Concurrent Refinement Workers: 10
 Periodic GC: Disabled

Heap:
 garbage-first heap   total 122880K, used 41471K [0x0000000701200000, 0x0000000800000000)
  region size 2048K, 10 young (20480K), 3 survivors (6144K)
 Metaspace       used 63147K, committed 63744K, reserved 1114112K
  class space    used 7505K, committed 7744K, reserved 1048576K

Heap Regions: E=young(eden), S=young(survivor), O=old, HS=humongous(starts), HC=humongous(continues), CS=collection set, F=free, TAMS=top-at-mark-start, PB=parsable bottom
|   0|0x0000000701200000, 0x0000000701400000, 0x0000000701400000|100%| O|  |TAMS 0x0000000701200000| PB 0x0000000701200000| Untracked 
|   1|0x0000000701400000, 0x0000000701600000, 0x0000000701600000|100%| O|  |TAMS 0x0000000701400000| PB 0x0000000701400000| Untracked 
|   2|0x0000000701600000, 0x0000000701800000, 0x0000000701800000|100%| O|  |TAMS 0x0000000701600000| PB 0x0000000701600000| Untracked 
|   3|0x0000000701800000, 0x0000000701999ad0, 0x0000000701a00000| 80%| O|  |TAMS 0x0000000701800000| PB 0x0000000701800000| Untracked 
|   4|0x0000000701a00000, 0x0000000701b349a0, 0x0000000701c00000| 60%| O|Cm|TAMS 0x0000000701a00000| PB 0x0000000701a00000| Complete 
|   5|0x0000000701c00000, 0x0000000701e00000, 0x0000000701e00000|100%| O|  |TAMS 0x0000000701c00000| PB 0x0000000701c00000| Untracked 
|   6|0x0000000701e00000, 0x0000000702000000, 0x0000000702000000|100%| O|  |TAMS 0x0000000701e00000| PB 0x0000000701e00000| Untracked 
|   7|0x0000000702000000, 0x0000000702200000, 0x0000000702200000|100%| O|  |TAMS 0x0000000702000000| PB 0x0000000702000000| Untracked 
|   8|0x0000000702200000, 0x0000000702400000, 0x0000000702400000|100%| O|  |TAMS 0x0000000702200000| PB 0x0000000702200000| Untracked 
|   9|0x0000000702400000, 0x0000000702600000, 0x0000000702600000|100%| O|  |TAMS 0x0000000702400000| PB 0x0000000702400000| Untracked 
|  10|0x0000000702600000, 0x0000000702800000, 0x0000000702800000|100%| O|  |TAMS 0x0000000702600000| PB 0x0000000702600000| Untracked 
|  11|0x0000000702800000, 0x0000000702a00000, 0x0000000702a00000|100%| O|  |TAMS 0x0000000702800000| PB 0x0000000702800000| Untracked 
|  12|0x0000000702a00000, 0x0000000702b44810, 0x0000000702c00000| 63%| O|  |TAMS 0x0000000702a00000| PB 0x0000000702a00000| Untracked 
|  13|0x0000000702c00000, 0x0000000702c00000, 0x0000000702e00000|  0%| F|  |TAMS 0x0000000702c00000| PB 0x0000000702c00000| Untracked 
|  14|0x0000000702e00000, 0x0000000702e00000, 0x0000000703000000|  0%| F|  |TAMS 0x0000000702e00000| PB 0x0000000702e00000| Untracked 
|  15|0x0000000703000000, 0x0000000703000000, 0x0000000703200000|  0%| F|  |TAMS 0x0000000703000000| PB 0x0000000703000000| Untracked 
|  16|0x0000000703200000, 0x0000000703200000, 0x0000000703400000|  0%| F|  |TAMS 0x0000000703200000| PB 0x0000000703200000| Untracked 
|  17|0x0000000703400000, 0x000000070346d1d8, 0x0000000703600000| 21%| S|CS|TAMS 0x0000000703400000| PB 0x0000000703400000| Complete 
|  18|0x0000000703600000, 0x0000000703800000, 0x0000000703800000|100%| S|CS|TAMS 0x0000000703600000| PB 0x0000000703600000| Complete 
|  19|0x0000000703800000, 0x0000000703a00000, 0x0000000703a00000|100%| S|CS|TAMS 0x0000000703800000| PB 0x0000000703800000| Complete 
|  20|0x0000000703a00000, 0x0000000703a00000, 0x0000000703c00000|  0%| F|  |TAMS 0x0000000703a00000| PB 0x0000000703a00000| Untracked 
|  21|0x0000000703c00000, 0x0000000703c00000, 0x0000000703e00000|  0%| F|  |TAMS 0x0000000703c00000| PB 0x0000000703c00000| Untracked 
|  22|0x0000000703e00000, 0x0000000703e00000, 0x0000000704000000|  0%| F|  |TAMS 0x0000000703e00000| PB 0x0000000703e00000| Untracked 
|  23|0x0000000704000000, 0x0000000704000000, 0x0000000704200000|  0%| F|  |TAMS 0x0000000704000000| PB 0x0000000704000000| Untracked 
|  24|0x0000000704200000, 0x0000000704200000, 0x0000000704400000|  0%| F|  |TAMS 0x0000000704200000| PB 0x0000000704200000| Untracked 
|  25|0x0000000704400000, 0x0000000704400000, 0x0000000704600000|  0%| F|  |TAMS 0x0000000704400000| PB 0x0000000704400000| Untracked 
|  26|0x0000000704600000, 0x0000000704600000, 0x0000000704800000|  0%| F|  |TAMS 0x0000000704600000| PB 0x0000000704600000| Untracked 
|  27|0x0000000704800000, 0x0000000704800000, 0x0000000704a00000|  0%| F|  |TAMS 0x0000000704800000| PB 0x0000000704800000| Untracked 
|  28|0x0000000704a00000, 0x0000000704a00000, 0x0000000704c00000|  0%| F|  |TAMS 0x0000000704a00000| PB 0x0000000704a00000| Untracked 
|  29|0x0000000704c00000, 0x0000000704c00000, 0x0000000704e00000|  0%| F|  |TAMS 0x0000000704c00000| PB 0x0000000704c00000| Untracked 
|  30|0x0000000704e00000, 0x0000000704e00000, 0x0000000705000000|  0%| F|  |TAMS 0x0000000704e00000| PB 0x0000000704e00000| Untracked 
|  31|0x0000000705000000, 0x0000000705000000, 0x0000000705200000|  0%| F|  |TAMS 0x0000000705000000| PB 0x0000000705000000| Untracked 
|  32|0x0000000705200000, 0x0000000705200000, 0x0000000705400000|  0%| F|  |TAMS 0x0000000705200000| PB 0x0000000705200000| Untracked 
|  33|0x0000000705400000, 0x0000000705400000, 0x0000000705600000|  0%| F|  |TAMS 0x0000000705400000| PB 0x0000000705400000| Untracked 
|  34|0x0000000705600000, 0x0000000705600000, 0x0000000705800000|  0%| F|  |TAMS 0x0000000705600000| PB 0x0000000705600000| Untracked 
|  35|0x0000000705800000, 0x0000000705800000, 0x0000000705a00000|  0%| F|  |TAMS 0x0000000705800000| PB 0x0000000705800000| Untracked 
|  36|0x0000000705a00000, 0x0000000705a00000, 0x0000000705c00000|  0%| F|  |TAMS 0x0000000705a00000| PB 0x0000000705a00000| Untracked 
|  37|0x0000000705c00000, 0x0000000705c00000, 0x0000000705e00000|  0%| F|  |TAMS 0x0000000705c00000| PB 0x0000000705c00000| Untracked 
|  38|0x0000000705e00000, 0x0000000705e00000, 0x0000000706000000|  0%| F|  |TAMS 0x0000000705e00000| PB 0x0000000705e00000| Untracked 
|  39|0x0000000706000000, 0x0000000706000000, 0x0000000706200000|  0%| F|  |TAMS 0x0000000706000000| PB 0x0000000706000000| Untracked 
|  40|0x0000000706200000, 0x0000000706200000, 0x0000000706400000|  0%| F|  |TAMS 0x0000000706200000| PB 0x0000000706200000| Untracked 
|  41|0x0000000706400000, 0x0000000706400000, 0x0000000706600000|  0%| F|  |TAMS 0x0000000706400000| PB 0x0000000706400000| Untracked 
|  42|0x0000000706600000, 0x0000000706600000, 0x0000000706800000|  0%| F|  |TAMS 0x0000000706600000| PB 0x0000000706600000| Untracked 
|  43|0x0000000706800000, 0x0000000706800000, 0x0000000706a00000|  0%| F|  |TAMS 0x0000000706800000| PB 0x0000000706800000| Untracked 
|  44|0x0000000706a00000, 0x0000000706a00000, 0x0000000706c00000|  0%| F|  |TAMS 0x0000000706a00000| PB 0x0000000706a00000| Untracked 
|  45|0x0000000706c00000, 0x0000000706c00000, 0x0000000706e00000|  0%| F|  |TAMS 0x0000000706c00000| PB 0x0000000706c00000| Untracked 
|  46|0x0000000706e00000, 0x0000000706e00000, 0x0000000707000000|  0%| F|  |TAMS 0x0000000706e00000| PB 0x0000000706e00000| Untracked 
|  47|0x0000000707000000, 0x0000000707000000, 0x0000000707200000|  0%| F|  |TAMS 0x0000000707000000| PB 0x0000000707000000| Untracked 
|  48|0x0000000707200000, 0x0000000707200000, 0x0000000707400000|  0%| F|  |TAMS 0x0000000707200000| PB 0x0000000707200000| Untracked 
|  49|0x0000000707400000, 0x0000000707400000, 0x0000000707600000|  0%| F|  |TAMS 0x0000000707400000| PB 0x0000000707400000| Untracked 
|  50|0x0000000707600000, 0x0000000707600000, 0x0000000707800000|  0%| F|  |TAMS 0x0000000707600000| PB 0x0000000707600000| Untracked 
|  51|0x0000000707800000, 0x0000000707800000, 0x0000000707a00000|  0%| F|  |TAMS 0x0000000707800000| PB 0x0000000707800000| Untracked 
|  52|0x0000000707a00000, 0x0000000707a00000, 0x0000000707c00000|  0%| F|  |TAMS 0x0000000707a00000| PB 0x0000000707a00000| Untracked 
|  53|0x0000000707c00000, 0x0000000707d00000, 0x0000000707e00000| 50%| E|  |TAMS 0x0000000707c00000| PB 0x0000000707c00000| Complete 
|  54|0x0000000707e00000, 0x0000000708000000, 0x0000000708000000|100%| E|CS|TAMS 0x0000000707e00000| PB 0x0000000707e00000| Complete 
|  55|0x0000000708000000, 0x0000000708200000, 0x0000000708200000|100%| E|CS|TAMS 0x0000000708000000| PB 0x0000000708000000| Complete 
|  56|0x0000000708200000, 0x0000000708400000, 0x0000000708400000|100%| E|CS|TAMS 0x0000000708200000| PB 0x0000000708200000| Complete 
|  57|0x0000000708400000, 0x0000000708600000, 0x0000000708600000|100%| E|CS|TAMS 0x0000000708400000| PB 0x0000000708400000| Complete 
|  80|0x000000070b200000, 0x000000070b400000, 0x000000070b400000|100%| E|CS|TAMS 0x000000070b200000| PB 0x000000070b200000| Complete 
| 127|0x0000000711000000, 0x0000000711200000, 0x0000000711200000|100%| E|CS|TAMS 0x0000000711000000| PB 0x0000000711000000| Complete 

Card table byte_map: [0x000002b675390000,0x000002b675b90000] _byte_map_base: 0x000002b671b87000

Marking Bits: (CMBitMap*) 0x000002b65cf6a850
 Bits: [0x000002b675b90000, 0x000002b679b48000)

Polling page: 0x000002b65aad0000

Metaspace:

Usage:
  Non-class:     54.35 MB used.
      Class:      7.33 MB used.
       Both:     61.68 MB used.

Virtual space:
  Non-class space:       64.00 MB reserved,      54.69 MB ( 85%) committed,  1 nodes.
      Class space:        1.00 GB reserved,       7.56 MB ( <1%) committed,  1 nodes.
             Both:        1.06 GB reserved,      62.25 MB (  6%) committed. 

Chunk freelists:
   Non-Class:  8.58 MB
       Class:  8.47 MB
        Both:  17.05 MB

MaxMetaspaceSize: unlimited
CompressedClassSpaceSize: 1.00 GB
Initial GC threshold: 21.00 MB
Current GC threshold: 98.38 MB
CDS: on
 - commit_granule_bytes: 65536.
 - commit_granule_words: 8192.
 - virtual_space_node_default_size: 8388608.
 - enlarge_chunks_in_place: 1.
 - use_allocation_guard: 0.


Internal statistics:

num_allocs_failed_limit: 9.
num_arena_births: 754.
num_arena_deaths: 0.
num_vsnodes_births: 2.
num_vsnodes_deaths: 0.
num_space_committed: 996.
num_space_uncommitted: 0.
num_chunks_returned_to_freelist: 9.
num_chunks_taken_from_freelist: 2991.
num_chunk_merges: 9.
num_chunk_splits: 2225.
num_chunks_enlarged: 1790.
num_inconsistent_stats: 0.

CodeHeap 'non-profiled nmethods': size=120000Kb used=5124Kb max_used=5438Kb free=114875Kb
 bounds [0x000002b66d100000, 0x000002b66d650000, 0x000002b674630000]
CodeHeap 'profiled nmethods': size=120000Kb used=10450Kb max_used=11364Kb free=109549Kb
 bounds [0x000002b665630000, 0x000002b666150000, 0x000002b66cb60000]
CodeHeap 'non-nmethods': size=5760Kb used=1488Kb max_used=1580Kb free=4271Kb
 bounds [0x000002b66cb60000, 0x000002b66cdd0000, 0x000002b66d100000]
CodeCache: size=245760Kb, used=17062Kb, max_used=18382Kb, free=228695Kb
 total_blobs=6101, nmethods=5462, adapters=541, full_count=0
Compilation: enabled, stopped_count=0, restarted_count=0

Compilation events (20 events):
Event: 6.086 Thread 0x000002b67c7c2640 6463       3       java.util.stream.Collectors$$Lambda/0x000002b6010661f8::get (8 bytes)
Event: 6.086 Thread 0x000002b67c7c2640 nmethod 6463 0x000002b665b6b990 code [0x000002b665b6bb60, 0x000002b665b6beb0]
Event: 6.091 Thread 0x000002b67c7c2640 6464       3       org.hibernate.mapping.SimpleValue::getBuildingContext (17 bytes)
Event: 6.091 Thread 0x000002b67c7c2640 nmethod 6464 0x000002b665b54790 code [0x000002b665b54920, 0x000002b665b54a70]
Event: 6.095 Thread 0x000002b67c7c3ab0 6465       4       org.jacoco.agent.rt.internal_aeaf9ab.asm.MethodWriter::computeMethodInfoSize (571 bytes)
Event: 6.096 Thread 0x000002b67c7b6070 6466       4       org.jacoco.agent.rt.internal_aeaf9ab.asm.MethodWriter::putMethodInfo (1274 bytes)
Event: 6.121 Thread 0x000002b67c7c2640 6467       3       java.util.Formatter$Flags::contains (13 bytes)
Event: 6.121 Thread 0x000002b67c7c2640 nmethod 6467 0x000002b665b56c10 code [0x000002b665b56da0, 0x000002b665b56ee0]
Event: 6.122 Thread 0x000002b67c7c3ab0 nmethod 6465 0x000002b66d1c8890 code [0x000002b66d1c8e20, 0x000002b66d1cb6f8]
Event: 6.138 Thread 0x000002b67c7c2640 6469       3       org.jacoco.agent.rt.internal_aeaf9ab.asm.tree.MethodNode::accept (874 bytes)
Event: 6.140 Thread 0x000002b67c7c2640 nmethod 6469 0x000002b665915390 code [0x000002b665915ae0, 0x000002b66591a420]
Event: 6.142 Thread 0x000002b67c7c3ab0 6470   !   4       java.util.zip.Inflater::inflate (456 bytes)
Event: 6.153 Thread 0x000002b67c7c3ab0 nmethod 6470 0x000002b66d1d5c90 code [0x000002b66d1d5ec0, 0x000002b66d1d6880]
Event: 6.171 Thread 0x000002b67c7c3ab0 6471       4       java.lang.invoke.MethodHandle::asType (32 bytes)
Event: 6.176 Thread 0x000002b67c7c2640 6472       3       java.lang.Character::isDigit (9 bytes)
Event: 6.176 Thread 0x000002b67c7c2640 nmethod 6472 0x000002b665914f10 code [0x000002b6659150c0, 0x000002b6659152b8]
Event: 6.176 Thread 0x000002b67c7c2640 6473       3       org.hibernate.internal.util.collections.CaseInsensitiveDictionary::trueKey (19 bytes)
Event: 6.176 Thread 0x000002b67c7c2640 nmethod 6473 0x000002b665be9790 code [0x000002b665be9960, 0x000002b665be9c88]
Event: 6.180 Thread 0x000002b67c7c3ab0 nmethod 6471 0x000002b66d3f0690 code [0x000002b66d3f08a0, 0x000002b66d3f1050]
Event: 6.180 Thread 0x000002b67c7c3ab0 6474       4       org.jacoco.agent.rt.internal_aeaf9ab.core.runtime.InjectedClassRuntime::generateDataAccessor (28 bytes)

GC Heap History (20 events):
Event: 3.861 GC heap before
{Heap before GC invocations=13 (full 0):
 garbage-first heap   total 75776K, used 74527K [0x0000000701200000, 0x0000000800000000)
  region size 2048K, 29 young (59392K), 3 survivors (6144K)
 Metaspace       used 38155K, committed 38656K, reserved 1114112K
  class space    used 4451K, committed 4672K, reserved 1048576K
}
Event: 3.870 GC heap after
{Heap after GC invocations=14 (full 0):
 garbage-first heap   total 83968K, used 23184K [0x0000000701200000, 0x0000000800000000)
  region size 2048K, 4 young (8192K), 4 survivors (8192K)
 Metaspace       used 38155K, committed 38656K, reserved 1114112K
  class space    used 4451K, committed 4672K, reserved 1048576K
}
Event: 4.153 GC heap before
{Heap before GC invocations=14 (full 0):
 garbage-first heap   total 83968K, used 64144K [0x0000000701200000, 0x0000000800000000)
  region size 2048K, 24 young (49152K), 4 survivors (8192K)
 Metaspace       used 40707K, committed 41216K, reserved 1114112K
  class space    used 4767K, committed 4992K, reserved 1048576K
}
Event: 4.166 GC heap after
{Heap after GC invocations=15 (full 0):
 garbage-first heap   total 102400K, used 23634K [0x0000000701200000, 0x0000000800000000)
  region size 2048K, 2 young (4096K), 2 survivors (4096K)
 Metaspace       used 40707K, committed 41216K, reserved 1114112K
  class space    used 4767K, committed 4992K, reserved 1048576K
}
Event: 4.509 GC heap before
{Heap before GC invocations=15 (full 0):
 garbage-first heap   total 102400K, used 80978K [0x0000000701200000, 0x0000000800000000)
  region size 2048K, 30 young (61440K), 2 survivors (4096K)
 Metaspace       used 43606K, committed 44096K, reserved 1114112K
  class space    used 5140K, committed 5376K, reserved 1048576K
}
Event: 4.515 GC heap after
{Heap after GC invocations=16 (full 0):
 garbage-first heap   total 102400K, used 25156K [0x0000000701200000, 0x0000000800000000)
  region size 2048K, 3 young (6144K), 3 survivors (6144K)
 Metaspace       used 43606K, committed 44096K, reserved 1114112K
  class space    used 5140K, committed 5376K, reserved 1048576K
}
Event: 4.805 GC heap before
{Heap before GC invocations=16 (full 0):
 garbage-first heap   total 102400K, used 80452K [0x0000000701200000, 0x0000000800000000)
  region size 2048K, 30 young (61440K), 3 survivors (6144K)
 Metaspace       used 46946K, committed 47488K, reserved 1114112K
  class space    used 5591K, committed 5824K, reserved 1048576K
}
Event: 4.812 GC heap after
{Heap after GC invocations=17 (full 0):
 garbage-first heap   total 102400K, used 25464K [0x0000000701200000, 0x0000000800000000)
  region size 2048K, 2 young (4096K), 2 survivors (4096K)
 Metaspace       used 46946K, committed 47488K, reserved 1114112K
  class space    used 5591K, committed 5824K, reserved 1048576K
}
Event: 5.070 GC heap before
{Heap before GC invocations=17 (full 0):
 garbage-first heap   total 102400K, used 82808K [0x0000000701200000, 0x0000000800000000)
  region size 2048K, 30 young (61440K), 2 survivors (4096K)
 Metaspace       used 50072K, committed 50688K, reserved 1114112K
  class space    used 6066K, committed 6336K, reserved 1048576K
}
Event: 5.076 GC heap after
{Heap after GC invocations=18 (full 0):
 garbage-first heap   total 102400K, used 26598K [0x0000000701200000, 0x0000000800000000)
  region size 2048K, 3 young (6144K), 3 survivors (6144K)
 Metaspace       used 50072K, committed 50688K, reserved 1114112K
  class space    used 6066K, committed 6336K, reserved 1048576K
}
Event: 5.255 GC heap before
{Heap before GC invocations=18 (full 0):
 garbage-first heap   total 102400K, used 81894K [0x0000000701200000, 0x0000000800000000)
  region size 2048K, 30 young (61440K), 3 survivors (6144K)
 Metaspace       used 52656K, committed 53248K, reserved 1114112K
  class space    used 6280K, committed 6528K, reserved 1048576K
}
Event: 5.261 GC heap after
{Heap after GC invocations=19 (full 0):
 garbage-first heap   total 124928K, used 27449K [0x0000000701200000, 0x0000000800000000)
  region size 2048K, 2 young (4096K), 2 survivors (4096K)
 Metaspace       used 52656K, committed 53248K, reserved 1114112K
  class space    used 6280K, committed 6528K, reserved 1048576K
}
Event: 5.483 GC heap before
{Heap before GC invocations=19 (full 0):
 garbage-first heap   total 124928K, used 97081K [0x0000000701200000, 0x0000000800000000)
  region size 2048K, 36 young (73728K), 2 survivors (4096K)
 Metaspace       used 55398K, committed 55936K, reserved 1114112K
  class space    used 6564K, committed 6784K, reserved 1048576K
}
Event: 5.488 GC heap after
{Heap after GC invocations=20 (full 0):
 garbage-first heap   total 124928K, used 28177K [0x0000000701200000, 0x0000000800000000)
  region size 2048K, 3 young (6144K), 3 survivors (6144K)
 Metaspace       used 55398K, committed 55936K, reserved 1114112K
  class space    used 6564K, committed 6784K, reserved 1048576K
}
Event: 5.784 GC heap before
{Heap before GC invocations=20 (full 0):
 garbage-first heap   total 124928K, used 95761K [0x0000000701200000, 0x0000000800000000)
  region size 2048K, 36 young (73728K), 3 survivors (6144K)
 Metaspace       used 58934K, committed 59520K, reserved 1114112K
  class space    used 7018K, committed 7232K, reserved 1048576K
}
Event: 5.790 GC heap after
{Heap after GC invocations=21 (full 0):
 garbage-first heap   total 124928K, used 28203K [0x0000000701200000, 0x0000000800000000)
  region size 2048K, 3 young (6144K), 3 survivors (6144K)
 Metaspace       used 58934K, committed 59520K, reserved 1114112K
  class space    used 7018K, committed 7232K, reserved 1048576K
}
Event: 5.867 GC heap before
{Heap before GC invocations=21 (full 0):
 garbage-first heap   total 124928K, used 40491K [0x0000000701200000, 0x0000000800000000)
  region size 2048K, 10 young (20480K), 3 survivors (6144K)
 Metaspace       used 59721K, committed 60288K, reserved 1114112K
  class space    used 7100K, committed 7360K, reserved 1048576K
}
Event: 5.873 GC heap after
{Heap after GC invocations=22 (full 0):
 garbage-first heap   total 124928K, used 28645K [0x0000000701200000, 0x0000000800000000)
  region size 2048K, 3 young (6144K), 3 survivors (6144K)
 Metaspace       used 59721K, committed 60288K, reserved 1114112K
  class space    used 7100K, committed 7360K, reserved 1048576K
}
Event: 6.142 GC heap before
{Heap before GC invocations=23 (full 0):
 garbage-first heap   total 102400K, used 83941K [0x0000000701200000, 0x0000000800000000)
  region size 2048K, 30 young (61440K), 3 survivors (6144K)
 Metaspace       used 62532K, committed 63104K, reserved 1114112K
  class space    used 7409K, committed 7616K, reserved 1048576K
}
Event: 6.149 GC heap after
{Heap after GC invocations=24 (full 0):
 garbage-first heap   total 122880K, used 29183K [0x0000000701200000, 0x0000000800000000)
  region size 2048K, 3 young (6144K), 3 survivors (6144K)
 Metaspace       used 62532K, committed 63104K, reserved 1114112K
  class space    used 7409K, committed 7616K, reserved 1048576K
}

Dll operation events (12 events):
Event: 0.009 Loaded shared library C:\Program Files\Microsoft\jdk-21.0.10.7-hotspot\bin\java.dll
Event: 0.032 Loaded shared library C:\Program Files\Microsoft\jdk-21.0.10.7-hotspot\bin\jsvml.dll
Event: 0.058 Loaded shared library C:\Program Files\Microsoft\jdk-21.0.10.7-hotspot\bin\zip.dll
Event: 0.061 Loaded shared library C:\Program Files\Microsoft\jdk-21.0.10.7-hotspot\bin\instrument.dll
Event: 0.064 Loaded shared library C:\Program Files\Microsoft\jdk-21.0.10.7-hotspot\bin\net.dll
Event: 0.065 Loaded shared library C:\Program Files\Microsoft\jdk-21.0.10.7-hotspot\bin\nio.dll
Event: 0.067 Loaded shared library C:\Program Files\Microsoft\jdk-21.0.10.7-hotspot\bin\zip.dll
Event: 0.160 Loaded shared library C:\Program Files\Microsoft\jdk-21.0.10.7-hotspot\bin\verify.dll
Event: 0.179 Loaded shared library C:\Program Files\Microsoft\jdk-21.0.10.7-hotspot\bin\jimage.dll
Event: 0.352 Loaded shared library C:\Program Files\Microsoft\jdk-21.0.10.7-hotspot\bin\management.dll
Event: 0.355 Loaded shared library C:\Program Files\Microsoft\jdk-21.0.10.7-hotspot\bin\management_ext.dll
Event: 2.978 Loaded shared library C:\Program Files\Microsoft\jdk-21.0.10.7-hotspot\bin\sunmscapi.dll

Deoptimization events (20 events):
Event: 6.068 Thread 0x000002b65ab21b70 DEOPT PACKING pc=0x000002b6660d82e2 sp=0x000000b6e87f7580
Event: 6.068 Thread 0x000002b65ab21b70 DEOPT UNPACKING pc=0x000002b66cbb4bc2 sp=0x000000b6e87f6c90 mode 0
Event: 6.092 Thread 0x000002b65ab21b70 Uncommon trap: trap_request=0xffffff45 fr.pc=0x000002b66d3c1f80 relative=0x0000000000000060
Event: 6.092 Thread 0x000002b65ab21b70 Uncommon trap: reason=unstable_if action=reinterpret pc=0x000002b66d3c1f80 method=java.lang.StringConcatHelper.stringOf(Ljava/lang/Object;)Ljava/lang/String; @ 1 c2
Event: 6.092 Thread 0x000002b65ab21b70 DEOPT PACKING pc=0x000002b66d3c1f80 sp=0x000000b6e87fb4e0
Event: 6.092 Thread 0x000002b65ab21b70 DEOPT UNPACKING pc=0x000002b66cbb4422 sp=0x000000b6e87fb470 mode 2
Event: 6.094 Thread 0x000002b65ab21b70 DEOPT PACKING pc=0x000002b6660d82e2 sp=0x000000b6e87f5420
Event: 6.094 Thread 0x000002b65ab21b70 DEOPT UNPACKING pc=0x000002b66cbb4bc2 sp=0x000000b6e87f4b30 mode 0
Event: 6.115 Thread 0x000002b65ab21b70 DEOPT PACKING pc=0x000002b6660d94a9 sp=0x000000b6e87f8cc0
Event: 6.115 Thread 0x000002b65ab21b70 DEOPT UNPACKING pc=0x000002b66cbb4bc2 sp=0x000000b6e87f83d0 mode 0
Event: 6.116 Thread 0x000002b65ab21b70 DEOPT PACKING pc=0x000002b6660d94a9 sp=0x000000b6e87f8cc0
Event: 6.116 Thread 0x000002b65ab21b70 DEOPT UNPACKING pc=0x000002b66cbb4bc2 sp=0x000000b6e87f83d0 mode 0
Event: 6.137 Thread 0x000002b65ab21b70 Uncommon trap: trap_request=0xffffff45 fr.pc=0x000002b66d3d5720 relative=0x00000000000024a0
Event: 6.137 Thread 0x000002b65ab21b70 Uncommon trap: reason=unstable_if action=reinterpret pc=0x000002b66d3d5720 method=org.jacoco.agent.rt.internal_aeaf9ab.asm.tree.MethodNode.accept(Lorg/jacoco/agent/rt/internal_aeaf9ab/asm/MethodVisitor;)V @ 760 c2
Event: 6.137 Thread 0x000002b65ab21b70 DEOPT PACKING pc=0x000002b66d3d5720 sp=0x000000b6e87f56f0
Event: 6.137 Thread 0x000002b65ab21b70 DEOPT UNPACKING pc=0x000002b66cbb4422 sp=0x000000b6e87f56c0 mode 2
Event: 6.163 Thread 0x000002b65ab21b70 DEOPT PACKING pc=0x000002b6660d82e2 sp=0x000000b6e87f8cb0
Event: 6.163 Thread 0x000002b65ab21b70 DEOPT UNPACKING pc=0x000002b66cbb4bc2 sp=0x000000b6e87f83c0 mode 0
Event: 6.171 Thread 0x000002b65ab21b70 DEOPT PACKING pc=0x000002b6660d82e2 sp=0x000000b6e87f8cb0
Event: 6.171 Thread 0x000002b65ab21b70 DEOPT UNPACKING pc=0x000002b66cbb4bc2 sp=0x000000b6e87f83c0 mode 0

Classes loaded (20 events):
Event: 5.791 Loading class java/math/MutableBigInteger
Event: 5.792 Loading class java/math/MutableBigInteger done
Event: 5.864 Loading class java/util/stream/ReduceOps$1
Event: 5.864 Loading class java/util/stream/ReduceOps$1 done
Event: 5.864 Loading class java/util/stream/ReduceOps$1ReducingSink
Event: 5.864 Loading class java/util/stream/ReduceOps$1ReducingSink done
Event: 5.964 Loading class javax/naming/RefAddr
Event: 5.964 Loading class javax/naming/RefAddr done
Event: 5.964 Loading class javax/naming/StringRefAddr
Event: 5.964 Loading class javax/naming/StringRefAddr done
Event: 5.996 Loading class java/util/concurrent/CompletionStage
Event: 5.996 Loading class java/util/concurrent/CompletionStage done
Event: 5.997 Loading class java/util/concurrent/CompletableFuture
Event: 5.998 Loading class java/util/concurrent/CompletableFuture done
Event: 5.998 Loading class java/util/concurrent/CompletableFuture$AltResult
Event: 5.998 Loading class java/util/concurrent/CompletableFuture$AltResult done
Event: 5.998 Loading class java/util/concurrent/CompletableFuture$Completion
Event: 5.998 Loading class java/util/concurrent/CompletableFuture$AsynchronousCompletionTask
Event: 5.998 Loading class java/util/concurrent/CompletableFuture$AsynchronousCompletionTask done
Event: 5.998 Loading class java/util/concurrent/CompletableFuture$Completion done

Classes unloaded (0 events):
No events

Classes redefined (0 events):
No events

Internal exceptions (20 events):
Event: 4.083 Thread 0x000002b65ab21b70 Implicit null exception at 0x000002b66d2341a8 to 0x000002b66d2344bc
Event: 4.084 Thread 0x000002b65ab21b70 Exception <a 'java/lang/NoSuchMethodError'{0x0000000703ca4e98}: 'int java.lang.invoke.DirectMethodHandle$Holder.invokeSpecial(java.lang.Object, java.lang.Object, java.lang.Object, int)'> (0x0000000703ca4e98) 
thrown [s\src\hotspot\share\interpreter\linkResolver.cpp, line 773]
Event: 4.084 Thread 0x000002b65ab21b70 Exception <a 'java/lang/NoSuchMethodError'{0x0000000703cb9428}: 'java.lang.Object java.lang.invoke.DirectMethodHandle$Holder.invokeStatic(java.lang.Object, java.lang.Object, java.lang.Object, java.lang.Object, int)'> (0x0000000703cb9428) 
thrown [s\src\hotspot\share\interpreter\linkResolver.cpp, line 773]
Event: 4.085 Thread 0x000002b65ab21b70 Exception <a 'java/lang/NoSuchMethodError'{0x0000000703cc3f00}: 'void java.lang.invoke.DelegatingMethodHandle$Holder.reinvoke_L(java.lang.Object, java.lang.Object, int)'> (0x0000000703cc3f00) 
thrown [s\src\hotspot\share\interpreter\linkResolver.cpp, line 773]
Event: 4.119 Thread 0x000002b65ab21b70 Exception <a 'java/lang/IncompatibleClassChangeError'{0x00000007038e8680}: Found class java.lang.Object, but interface was expected> (0x00000007038e8680) 
thrown [s\src\hotspot\share\interpreter\linkResolver.cpp, line 840]
Event: 4.189 Thread 0x000002b65ab21b70 Exception <a 'java/lang/NoSuchMethodError'{0x000000070b258880}: 'int java.lang.invoke.DirectMethodHandle$Holder.invokeSpecialIFC(java.lang.Object, java.lang.Object, java.lang.Object)'> (0x000000070b258880) 
thrown [s\src\hotspot\share\interpreter\linkResolver.cpp, line 773]
Event: 4.320 Thread 0x000002b65ab21b70 Exception <a 'java/lang/NoSuchMethodError'{0x000000070632bcb8}: 'java.lang.Object java.lang.invoke.DirectMethodHandle$Holder.newInvokeSpecial(java.lang.Object, java.lang.Object, java.lang.Object, java.lang.Object, java.lang.Object, java.lang.Object, java.lang.Object, java.lang.Object, java.lang.Object, java.lang.Object, java.lang.Object)'> (0x000000070632bcb8) 
thrown [s\src\hotspot\share\interpreter\linkResolver.cpp, line 773]
Event: 4.349 Thread 0x000002b65ab21b70 Exception <a 'java/lang/NoSuchMethodError'{0x0000000705ec4ed0}: 'java.lang.Object java.lang.invoke.DirectMethodHandle$Holder.invokeVirtual(java.lang.Object, java.lang.Object, java.lang.Object, java.lang.Object, java.lang.Object)'> (0x0000000705ec4ed0) 
thrown [s\src\hotspot\share\interpreter\linkResolver.cpp, line 773]
Event: 4.409 Thread 0x000002b65ab21b70 Exception <a 'java/lang/NoSuchMethodError'{0x0000000705319d58}: 'void java.lang.invoke.DelegatingMethodHandle$Holder.reinvoke_L(java.lang.Object, java.lang.Object, java.lang.Object, java.lang.Object, int, java.lang.Object, java.lang.Object, java.lang.Object)'> (0x0000000705319d58) 
thrown [s\src\hotspot\share\interpreter\linkResolver.cpp, line 773]
Event: 4.610 Thread 0x000002b65ab21b70 Exception <a 'java/lang/NoSuchMethodError'{0x0000000706582ea0}: 'java.lang.Object java.lang.invoke.DirectMethodHandle$Holder.invokeStaticInit(java.lang.Object, int, int, int, int)'> (0x0000000706582ea0) 
thrown [s\src\hotspot\share\interpreter\linkResolver.cpp, line 773]
Event: 4.626 Thread 0x000002b65ab21b70 Exception <a 'java/lang/NoSuchMethodError'{0x0000000706260760}: 'java.lang.Object java.lang.invoke.DirectMethodHandle$Holder.invokeStaticInit(java.lang.Object, java.lang.Object, int, int, int, int)'> (0x0000000706260760) 
thrown [s\src\hotspot\share\interpreter\linkResolver.cpp, line 773]
Event: 5.053 Thread 0x000002b65ab21b70 Exception <a 'java/lang/NoSuchMethodError'{0x000000070404a250}: 'int java.lang.invoke.DirectMethodHandle$Holder.invokeStatic(java.lang.Object)'> (0x000000070404a250) 
thrown [s\src\hotspot\share\interpreter\linkResolver.cpp, line 773]
Event: 5.196 Thread 0x000002b65ab21b70 Exception <a 'java/lang/NoSuchMethodError'{0x000000070516ca80}: 'void java.lang.invoke.DirectMethodHandle$Holder.invokeStaticInit(java.lang.Object, java.lang.Object, java.lang.Object, java.lang.Object, java.lang.Object)'> (0x000000070516ca80) 
thrown [s\src\hotspot\share\interpreter\linkResolver.cpp, line 773]
Event: 5.558 Thread 0x000002b65ab21b70 Exception <a 'java/lang/NoSuchMethodError'{0x0000000707c77ee0}: 'int java.lang.invoke.Invokers$Holder.invokeExact_MT(java.lang.Object, java.lang.Object)'> (0x0000000707c77ee0) 
thrown [s\src\hotspot\share\interpreter\linkResolver.cpp, line 773]
Event: 5.689 Thread 0x000002b65ab21b70 Exception <a 'java/lang/NoSuchMethodError'{0x0000000705d80250}: 'java.lang.Object java.lang.invoke.DirectMethodHandle$Holder.newInvokeSpecial(java.lang.Object, java.lang.Object, java.lang.Object, int)'> (0x0000000705d80250) 
thrown [s\src\hotspot\share\interpreter\linkResolver.cpp, line 773]
Event: 5.689 Thread 0x000002b65ab21b70 Exception <a 'java/lang/NoSuchMethodError'{0x0000000705d84840}: 'java.lang.Object java.lang.invoke.DirectMethodHandle$Holder.invokeSpecial(java.lang.Object, java.lang.Object, java.lang.Object, java.lang.Object, int)'> (0x0000000705d84840) 
thrown [s\src\hotspot\share\interpreter\linkResolver.cpp, line 773]
Event: 5.689 Thread 0x000002b65ab21b70 Exception <a 'java/lang/NoSuchMethodError'{0x0000000705d884e8}: 'java.lang.Object java.lang.invoke.Invokers$Holder.linkToTargetMethod(java.lang.Object, java.lang.Object, int, java.lang.Object)'> (0x0000000705d884e8) 
thrown [s\src\hotspot\share\interpreter\linkResolver.cpp, line 773]
Event: 6.110 Thread 0x000002b65ab21b70 Exception <a 'java/lang/IncompatibleClassChangeError'{0x00000007043d2288}: Found class java.lang.Object, but interface was expected> (0x00000007043d2288) 
thrown [s\src\hotspot\share\interpreter\linkResolver.cpp, line 840]
Event: 6.132 Thread 0x000002b65ab21b70 Exception <a 'java/lang/NoSuchMethodError'{0x0000000703ddbbf0}: 'java.lang.Object java.lang.invoke.DirectMethodHandle$Holder.invokeStatic(java.lang.Object, java.lang.Object, int, java.lang.Object)'> (0x0000000703ddbbf0) 
thrown [s\src\hotspot\share\interpreter\linkResolver.cpp, line 773]
Event: 6.133 Thread 0x000002b65ab21b70 Exception <a 'java/lang/NoSuchMethodError'{0x0000000703ddfc08}: 'java.lang.Object java.lang.invoke.DirectMethodHandle$Holder.invokeStaticInit(java.lang.Object, java.lang.Object, int, java.lang.Object)'> (0x0000000703ddfc08) 
thrown [s\src\hotspot\share\interpreter\linkResolver.cpp, line 773]

ZGC Phase Switch (0 events):
No events

VM Operations (20 events):
Event: 5.139 Executing non-safepoint VM operation: HandshakeAllThreads (Deoptimize)
Event: 5.139 Executing non-safepoint VM operation: HandshakeAllThreads (Deoptimize) done
Event: 5.180 Executing non-safepoint VM operation: HandshakeAllThreads (Deoptimize)
Event: 5.180 Executing non-safepoint VM operation: HandshakeAllThreads (Deoptimize) done
Event: 5.197 Executing non-safepoint VM operation: HandshakeAllThreads (Deoptimize)
Event: 5.197 Executing non-safepoint VM operation: HandshakeAllThreads (Deoptimize) done
Event: 5.255 Executing safepoint VM operation: G1CollectForAllocation (G1 Evacuation Pause)
Event: 5.261 Executing safepoint VM operation: G1CollectForAllocation (G1 Evacuation Pause) done
Event: 5.483 Executing safepoint VM operation: G1CollectForAllocation (G1 Evacuation Pause)
Event: 5.488 Executing safepoint VM operation: G1CollectForAllocation (G1 Evacuation Pause) done
Event: 5.784 Executing safepoint VM operation: G1CollectForAllocation (G1 Evacuation Pause)
Event: 5.790 Executing safepoint VM operation: G1CollectForAllocation (G1 Evacuation Pause) done
Event: 5.867 Executing safepoint VM operation: CollectForMetadataAllocation (Metadata GC Threshold)
Event: 5.873 Executing safepoint VM operation: CollectForMetadataAllocation (Metadata GC Threshold) done
Event: 5.886 Executing safepoint VM operation: G1PauseRemark
Event: 5.891 Executing safepoint VM operation: G1PauseRemark done
Event: 5.895 Executing safepoint VM operation: G1PauseCleanup
Event: 5.896 Executing safepoint VM operation: G1PauseCleanup done
Event: 6.142 Executing safepoint VM operation: G1CollectForAllocation (G1 Evacuation Pause)
Event: 6.149 Executing safepoint VM operation: G1CollectForAllocation (G1 Evacuation Pause) done

Memory protections (0 events):
No events

Nmethod flushes (20 events):
Event: 5.891 Thread 0x000002b67c790e80 flushing  nmethod 0x000002b665e33810
Event: 5.891 Thread 0x000002b67c790e80 flushing  nmethod 0x000002b665e34e90
Event: 5.891 Thread 0x000002b67c790e80 flushing  nmethod 0x000002b665e35510
Event: 5.891 Thread 0x000002b67c790e80 flushing  nmethod 0x000002b665e6d810
Event: 5.891 Thread 0x000002b67c790e80 flushing  nmethod 0x000002b665ea8d90
Event: 5.891 Thread 0x000002b67c790e80 flushing  nmethod 0x000002b665eb2610
Event: 5.891 Thread 0x000002b67c790e80 flushing  nmethod 0x000002b665ede690
Event: 5.891 Thread 0x000002b67c790e80 flushing  nmethod 0x000002b665f04a10
Event: 5.891 Thread 0x000002b67c790e80 flushing  nmethod 0x000002b665f22490
Event: 5.891 Thread 0x000002b67c790e80 flushing  nmethod 0x000002b665f6c010
Event: 5.891 Thread 0x000002b67c790e80 flushing  nmethod 0x000002b665f6e210
Event: 5.891 Thread 0x000002b67c790e80 flushing  nmethod 0x000002b665f71110
Event: 5.891 Thread 0x000002b67c790e80 flushing  nmethod 0x000002b665f71610
Event: 5.891 Thread 0x000002b67c790e80 flushing  nmethod 0x000002b665f71990
Event: 5.891 Thread 0x000002b67c790e80 flushing  nmethod 0x000002b665f71e90
Event: 5.891 Thread 0x000002b67c790e80 flushing  nmethod 0x000002b665f74390
Event: 5.891 Thread 0x000002b67c790e80 flushing  nmethod 0x000002b665f75110
Event: 5.891 Thread 0x000002b67c790e80 flushing  nmethod 0x000002b665f75490
Event: 5.891 Thread 0x000002b67c790e80 flushing  nmethod 0x000002b665f78010
Event: 5.891 Thread 0x000002b67c790e80 flushing  nmethod 0x000002b665fa2d10

Events (20 events):
Event: 0.031 Thread 0x000002b65ab21b70 Thread added: 0x000002b67c7af790
Event: 0.031 Thread 0x000002b65ab21b70 Thread added: 0x000002b67c7b06b0
Event: 0.031 Thread 0x000002b65ab21b70 Thread added: 0x000002b67c7b1d70
Event: 0.031 Thread 0x000002b65ab21b70 Thread added: 0x000002b67c7b8140
Event: 0.031 Thread 0x000002b65ab21b70 Thread added: 0x000002b67c7b8ba0
Event: 0.031 Thread 0x000002b65ab21b70 Thread added: 0x000002b67c7b9600
Event: 0.031 Thread 0x000002b65ab21b70 Thread added: 0x000002b67c7b6070
Event: 0.031 Thread 0x000002b65ab21b70 Thread added: 0x000002b67c7c2640
Event: 0.062 Thread 0x000002b65ab21b70 Thread added: 0x000002b67ca7cdf0
Event: 0.091 Thread 0x000002b67c7b6070 Thread added: 0x000002b67c7c33e0
Event: 0.242 Thread 0x000002b65ab21b70 Thread added: 0x000002b67cf83ff0
Event: 0.390 Thread 0x000002b65ab21b70 Thread added: 0x000002b67d20de70
Event: 0.411 Thread 0x000002b65ab21b70 Thread added: 0x000002b67dfbb6d0
Event: 0.429 Thread 0x000002b67c7b6070 Thread added: 0x000002b67c7c3ab0
Event: 2.150 Thread 0x000002b65ab21b70 Thread added: 0x000002b646f4ec90
Event: 2.653 Thread 0x000002b65ab21b70 Thread added: 0x000002b646f4b810
Event: 2.696 Thread 0x000002b646f4b810 Thread exited: 0x000002b646f4b810
Event: 2.983 Thread 0x000002b646f4ec90 Thread exited: 0x000002b646f4ec90
Event: 5.443 Thread 0x000002b65ab21b70 Thread added: 0x000002b646f4b810
Event: 5.557 Thread 0x000002b646f4b810 Thread added: 0x000002b646f4bea0


Dynamic libraries:
0x00007ff6c5f10000 - 0x00007ff6c5f1e000 	C:\Program Files\Microsoft\jdk-21.0.10.7-hotspot\bin\java.exe
0x00007ffbe5510000 - 0x00007ffbe5708000 	C:\WINDOWS\SYSTEM32\ntdll.dll
0x00007ffbe4a80000 - 0x00007ffbe4b42000 	C:\WINDOWS\System32\KERNEL32.DLL
0x00007ffbe3160000 - 0x00007ffbe3456000 	C:\WINDOWS\System32\KERNELBASE.dll
0x00007ffbe2e50000 - 0x00007ffbe2f50000 	C:\WINDOWS\System32\ucrtbase.dll
0x00007ffbb3e90000 - 0x00007ffbb3ea8000 	C:\Program Files\Microsoft\jdk-21.0.10.7-hotspot\bin\jli.dll
0x00007ffbb32f0000 - 0x00007ffbb330e000 	C:\Program Files\Microsoft\jdk-21.0.10.7-hotspot\bin\VCRUNTIME140.dll
0x00007ffbe36f0000 - 0x00007ffbe3891000 	C:\WINDOWS\System32\USER32.dll
0x00007ffbe2ff0000 - 0x00007ffbe3012000 	C:\WINDOWS\System32\win32u.dll
0x00007ffbca5f0000 - 0x00007ffbca88b000 	C:\WINDOWS\WinSxS\amd64_microsoft.windows.common-controls_6595b64144ccf1df_6.0.19041.6456_none_60b8a6cb71f64256\COMCTL32.dll
0x00007ffbe4050000 - 0x00007ffbe407b000 	C:\WINDOWS\System32\GDI32.dll
0x00007ffbe5430000 - 0x00007ffbe54ce000 	C:\WINDOWS\System32\msvcrt.dll
0x00007ffbe2bd0000 - 0x00007ffbe2ce9000 	C:\WINDOWS\System32\gdi32full.dll
0x00007ffbe2f50000 - 0x00007ffbe2fed000 	C:\WINDOWS\System32\msvcp_win.dll
0x00007ffbe4b50000 - 0x00007ffbe4b7f000 	C:\WINDOWS\System32\IMM32.DLL
0x00007ffbc1650000 - 0x00007ffbc165c000 	C:\Program Files\Microsoft\jdk-21.0.10.7-hotspot\bin\vcruntime140_1.dll
0x00007ffb54cd0000 - 0x00007ffb54d59000 	C:\Program Files\Microsoft\jdk-21.0.10.7-hotspot\bin\msvcp140.dll
0x00007ffb2a910000 - 0x00007ffb2b6bd000 	C:\Program Files\Microsoft\jdk-21.0.10.7-hotspot\bin\server\jvm.dll
0x00007ffbe4f00000 - 0x00007ffbe4fb1000 	C:\WINDOWS\System32\ADVAPI32.dll
0x00007ffbe4bf0000 - 0x00007ffbe4c8f000 	C:\WINDOWS\System32\sechost.dll
0x00007ffbe4de0000 - 0x00007ffbe4f00000 	C:\WINDOWS\System32\RPCRT4.dll
0x00007ffbe2ba0000 - 0x00007ffbe2bc7000 	C:\WINDOWS\System32\bcrypt.dll
0x00007ffbe4230000 - 0x00007ffbe429b000 	C:\WINDOWS\System32\WS2_32.dll
0x00007ffbe2090000 - 0x00007ffbe20db000 	C:\WINDOWS\SYSTEM32\POWRPROF.dll
0x00007ffbd1c10000 - 0x00007ffbd1c37000 	C:\WINDOWS\SYSTEM32\WINMM.dll
0x00007ffbdba70000 - 0x00007ffbdba7a000 	C:\WINDOWS\SYSTEM32\VERSION.dll
0x00007ffbe1f60000 - 0x00007ffbe1f72000 	C:\WINDOWS\SYSTEM32\UMPDC.dll
0x00007ffbe09f0000 - 0x00007ffbe0a02000 	C:\WINDOWS\SYSTEM32\kernel.appcore.dll
0x00007ffbb5550000 - 0x00007ffbb555a000 	C:\Program Files\Microsoft\jdk-21.0.10.7-hotspot\bin\jimage.dll
0x00007ffbd12b0000 - 0x00007ffbd14b1000 	C:\WINDOWS\SYSTEM32\DBGHELP.DLL
0x00007ffbc2710000 - 0x00007ffbc2744000 	C:\WINDOWS\SYSTEM32\dbgcore.DLL
0x00007ffbe3020000 - 0x00007ffbe30a2000 	C:\WINDOWS\System32\bcryptPrimitives.dll
0x00007ffbc5680000 - 0x00007ffbc5690000 	C:\Program Files\Microsoft\jdk-21.0.10.7-hotspot\bin\instrument.dll
0x00007ffba6d60000 - 0x00007ffba6d81000 	C:\Program Files\Microsoft\jdk-21.0.10.7-hotspot\bin\java.dll
0x00007ffbe4310000 - 0x00007ffbe4a80000 	C:\WINDOWS\System32\SHELL32.dll
0x00007ffbe0bf0000 - 0x00007ffbe1395000 	C:\WINDOWS\SYSTEM32\windows.storage.dll
0x00007ffbe5070000 - 0x00007ffbe53c4000 	C:\WINDOWS\System32\combase.dll
0x00007ffbe24f0000 - 0x00007ffbe251b000 	C:\WINDOWS\SYSTEM32\Wldp.dll
0x00007ffbe3f20000 - 0x00007ffbe3fed000 	C:\WINDOWS\System32\OLEAUT32.dll
0x00007ffbe4c90000 - 0x00007ffbe4d3d000 	C:\WINDOWS\System32\SHCORE.dll
0x00007ffbe53d0000 - 0x00007ffbe542b000 	C:\WINDOWS\System32\shlwapi.dll
0x00007ffbe2ad0000 - 0x00007ffbe2af4000 	C:\WINDOWS\SYSTEM32\profapi.dll
0x00007ffb2a830000 - 0x00007ffb2a906000 	C:\Program Files\Microsoft\jdk-21.0.10.7-hotspot\bin\jsvml.dll
0x00007ffba56b0000 - 0x00007ffba56c8000 	C:\Program Files\Microsoft\jdk-21.0.10.7-hotspot\bin\zip.dll
0x00007ffba7350000 - 0x00007ffba7361000 	C:\Program Files\Microsoft\jdk-21.0.10.7-hotspot\bin\net.dll
0x00007ffbdbce0000 - 0x00007ffbdbdea000 	C:\WINDOWS\SYSTEM32\WINHTTP.dll
0x00007ffbe22d0000 - 0x00007ffbe233a000 	C:\WINDOWS\system32\mswsock.dll
0x00007ffba58c0000 - 0x00007ffba58d6000 	C:\Program Files\Microsoft\jdk-21.0.10.7-hotspot\bin\nio.dll
0x00007ffbb4fe0000 - 0x00007ffbb4ff0000 	C:\Program Files\Microsoft\jdk-21.0.10.7-hotspot\bin\verify.dll
0x00007ffbb8890000 - 0x00007ffbb88a7000 	C:\WINDOWS\system32\napinsp.dll
0x00007ffbb8870000 - 0x00007ffbb888b000 	C:\WINDOWS\system32\pnrpnsp.dll
0x00007ffbdf340000 - 0x00007ffbdf35d000 	C:\WINDOWS\system32\wshbth.dll
0x00007ffbdf160000 - 0x00007ffbdf17d000 	C:\WINDOWS\system32\NLAapi.dll
0x00007ffbe1f80000 - 0x00007ffbe1fbb000 	C:\WINDOWS\SYSTEM32\IPHLPAPI.DLL
0x00007ffbe1fc0000 - 0x00007ffbe208a000 	C:\WINDOWS\SYSTEM32\DNSAPI.dll
0x00007ffbe4d40000 - 0x00007ffbe4d48000 	C:\WINDOWS\System32\NSI.dll
0x00007ffbb8850000 - 0x00007ffbb8862000 	C:\WINDOWS\System32\winrnr.dll
0x00000000687f0000 - 0x0000000068816000 	C:\Program Files\Bonjour\mdnsNSP.dll
0x00007ffbdc310000 - 0x00007ffbdc31a000 	C:\Windows\System32\rasadhlp.dll
0x00007ffbd6d30000 - 0x00007ffbd6db0000 	C:\WINDOWS\System32\fwpuclnt.dll
0x00007ffbc5650000 - 0x00007ffbc565a000 	C:\Program Files\Microsoft\jdk-21.0.10.7-hotspot\bin\management.dll
0x00007ffbc5640000 - 0x00007ffbc564c000 	C:\Program Files\Microsoft\jdk-21.0.10.7-hotspot\bin\management_ext.dll
0x00007ffbe42a0000 - 0x00007ffbe42a8000 	C:\WINDOWS\System32\PSAPI.DLL
0x00007ffbd9c70000 - 0x00007ffbd9c7e000 	C:\Program Files\Microsoft\jdk-21.0.10.7-hotspot\bin\sunmscapi.dll
0x00007ffbe2cf0000 - 0x00007ffbe2e4d000 	C:\WINDOWS\System32\CRYPT32.dll
0x00007ffbe2640000 - 0x00007ffbe2667000 	C:\WINDOWS\SYSTEM32\ncrypt.dll
0x00007ffbe2600000 - 0x00007ffbe263b000 	C:\WINDOWS\SYSTEM32\NTASN1.dll
0x00007ffbe2530000 - 0x00007ffbe2548000 	C:\WINDOWS\SYSTEM32\CRYPTSP.dll
0x00007ffbe1ba0000 - 0x00007ffbe1bd8000 	C:\WINDOWS\system32\rsaenh.dll
0x00007ffbe2a90000 - 0x00007ffbe2abe000 	C:\WINDOWS\SYSTEM32\USERENV.dll
0x00007ffbe2460000 - 0x00007ffbe246c000 	C:\WINDOWS\SYSTEM32\CRYPTBASE.dll

JVMTI agents:
C:\\Users\\jorge\\.m2\\repository\\org\\jacoco\\org.jacoco.agent\\0.8.12\\org.jacoco.agent-0.8.12-runtime.jar path:C:\Program Files\Microsoft\jdk-21.0.10.7-hotspot\bin\instrument.dll, loaded, initialized, instrumentlib options:destfile=C:\\Users\\jorge\\OneDrive\\Desktop\\Backend II\\minimarket\\target\\jacoco.exec

dbghelp: loaded successfully - version: 4.0.5 - missing functions: none
symbol engine: initialized successfully - sym options: 0x614 - pdb path: .;C:\Program Files\Microsoft\jdk-21.0.10.7-hotspot\bin;C:\WINDOWS\SYSTEM32;C:\WINDOWS\WinSxS\amd64_microsoft.windows.common-controls_6595b64144ccf1df_6.0.19041.6456_none_60b8a6cb71f64256;C:\Program Files\Microsoft\jdk-21.0.10.7-hotspot\bin\server;C:\Program Files\Bonjour

VM Arguments:
jvm_args: -javaagent:C:\\Users\\jorge\\.m2\\repository\\org\\jacoco\\org.jacoco.agent\\0.8.12\\org.jacoco.agent-0.8.12-runtime.jar=destfile=C:\\Users\\jorge\\OneDrive\\Desktop\\Backend II\\minimarket\\target\\jacoco.exec 
java_command: C:\Users\jorge\AppData\Local\Temp\surefire16328182044126943822\surefirebooter-20260717163710698_3.jar C:\Users\jorge\AppData\Local\Temp\surefire16328182044126943822 2026-07-17T16-37-10_557-jvmRun1 surefire-20260717163710698_1tmp surefire_0-20260717163710698_2tmp
java_class_path (initial): C:\Users\jorge\AppData\Local\Temp\surefire16328182044126943822\surefirebooter-20260717163710698_3.jar
Launcher Type: SUN_STANDARD

[Global flags]
     intx CICompilerCount                          = 4                                         {product} {ergonomic}
     uint ConcGCThreads                            = 3                                         {product} {ergonomic}
     uint G1ConcRefinementThreads                  = 10                                        {product} {ergonomic}
   size_t G1HeapRegionSize                         = 2097152                                   {product} {ergonomic}
    uintx GCDrainStackTargetSize                   = 64                                        {product} {ergonomic}
   size_t InitialHeapSize                          = 268435456                                 {product} {ergonomic}
   size_t MarkStackSize                            = 4194304                                   {product} {ergonomic}
   size_t MaxHeapSize                              = 4276092928                                {product} {ergonomic}
   size_t MaxNewSize                               = 2564816896                                {product} {ergonomic}
   size_t MinHeapDeltaBytes                        = 2097152                                   {product} {ergonomic}
   size_t MinHeapSize                              = 8388608                                   {product} {ergonomic}
    uintx NonNMethodCodeHeapSize                   = 5839372                                {pd product} {ergonomic}
    uintx NonProfiledCodeHeapSize                  = 122909434                              {pd product} {ergonomic}
    uintx ProfiledCodeHeapSize                     = 122909434                              {pd product} {ergonomic}
    uintx ReservedCodeCacheSize                    = 251658240                              {pd product} {ergonomic}
     bool SegmentedCodeCache                       = true                                      {product} {ergonomic}
   size_t SoftMaxHeapSize                          = 4276092928                             {manageable} {ergonomic}
     bool UseCompressedOops                        = true                           {product lp64_product} {ergonomic}
     bool UseG1GC                                  = true                                      {product} {ergonomic}
     bool UseLargePagesIndividualAllocation        = false                                  {pd product} {ergonomic}

Logging:
Log output configuration:
 #0: stdout all=warning uptime,level,tags foldmultilines=false
 #1: stderr all=off uptime,level,tags foldmultilines=false

Release file:
IMPLEMENTOR="Microsoft" 
IMPLEMENTOR_VERSION="Microsoft-13106404" 
JAVA_RUNTIME_VERSION="21.0.10+7-LTS" 
JAVA_VERSION="21.0.10" 
JAVA_VERSION_DATE="2026-01-20" 
LIBC="default" 
MODULES="java.base java.compiler java.datatransfer java.xml java.prefs java.desktop java.instrument java.logging java.management java.security.sasl java.naming java.rmi java.management.rmi java.net.http java.scripting java.security.jgss java.transaction.xa java.sql java.sql.rowset java.xml.crypto java.se java.smartcardio jdk.accessibility jdk.internal.jvmstat jdk.attach jdk.charsets jdk.internal.opt jdk.zipfs jdk.compiler jdk.crypto.ec jdk.crypto.cryptoki jdk.crypto.mscapi jdk.dynalink jdk.internal.ed jdk.editpad jdk.hotspot.agent jdk.httpserver jdk.incubator.vector jdk.internal.le jdk.internal.vm.ci jdk.internal.vm.compiler jdk.internal.vm.compiler.management jdk.jartool jdk.javadoc jdk.jcmd jdk.management jdk.management.agent jdk.jconsole jdk.jdeps jdk.jdwp.agent jdk.jdi jdk.jfr jdk.jlink jdk.jpackage jdk.jshell jdk.jsobject jdk.jstatd jdk.localedata jdk.management.jfr jdk.naming.dns jdk.naming.rmi jdk.net jdk.nio.mapmode jdk.random jdk.sctp jdk.security.auth jdk.security.jgss jdk.unsupported jdk.unsupported.desktop jdk.xml.dom" 
OS_ARCH="x86_64" 
OS_NAME="Windows" 
SOURCE=".:git:e69b6ef7382e" 

Environment Variables:
JAVA_HOME=C:\Program Files\Microsoft\jdk-21.0.10.7-hotspot\
PATH=C:\Program Files\Microsoft\jdk-21.0.10.7-hotspot\bin;C:\Program Files\Common Files\Oracle\Java\javapath;C:\app\jorge\product\21c\dbhomeXE\bin;C:\WINDOWS\system32;C:\WINDOWS;C:\WINDOWS\System32\Wbem;C:\WINDOWS\System32\WindowsPowerShell\v1.0\;C:\WINDOWS\System32\OpenSSH\;C:\Program Files\NVIDIA Corporation\NVIDIA App\NvDLISR;C:\Program Files (x86)\NVIDIA Corporation\PhysX\Common;C:\Program Files\nodejs\;C:\Program Files\Docker\Docker\resources\bin;C:\Program Files\Git\cmd;C:\Program Files\dotnet\;C:\Users\jorge\scoop\apps\maven\current\bin;C:\Users\jorge\scoop\shims;C:\Program Files\MySQL\MySQL Shell 8.0\bin\;C:\Users\jorge\AppData\Local\Programs\Python\Launcher\;C:\Users\jorge\AppData\Local\Microsoft\WindowsApps;C:\Users\jorge\AppData\Local\Programs\Microsoft VS Code\bin;C:\Program Files\JetBrains\PyCharm Community Edition 2025.1.1.1\bin;;C:\Users\jorge\AppData\Roaming\npm;C:\Users\jorge\.dotnet\tools
USERNAME=jorge
OS=Windows_NT
PROCESSOR_IDENTIFIER=Intel64 Family 6 Model 165 Stepping 5, GenuineIntel
TMP=C:\Users\jorge\AppData\Local\Temp
TEMP=C:\Users\jorge\AppData\Local\Temp




Periodic native trim disabled

---------------  S Y S T E M  ---------------

OS:
 Windows 10 , 64 bit Build 19041 (10.0.19041.5915)
OS uptime: 0 days 3:01 hours
Hyper-V role detected

CPU: total 12 (initial active 12) (6 cores per cpu, 2 threads per core) family 6 model 165 stepping 5 microcode 0xca, cx8, cmov, fxsr, ht, mmx, 3dnowpref, sse, sse2, sse3, ssse3, sse4.1, sse4.2, popcnt, lzcnt, tsc, tscinvbit, avx, avx2, aes, erms, clmul, bmi1, bmi2, adx, fma, vzeroupper, clflush, clflushopt, hv, rdtscp, f16c
Processor Information for the first 12 processors :
  Max Mhz: 4104, Current Mhz: 3803, Mhz Limit: 4104

Memory: 4k page, system-wide physical 16310M (3999M free)
TotalPageFile size 27574M (AvailPageFile size 9376M)
current process WorkingSet (physical memory assigned to process): 321M, peak: 330M
current process commit charge ("private bytes"): 375M, peak: 451M

vm_info: OpenJDK 64-Bit Server VM (21.0.10+7-LTS) for windows-amd64 JRE (21.0.10+7-LTS), built on 2026-01-15T18:39:42Z by "MicrosoftCorporation" with MS VC++ 17.14 (VS2022)

END.
