#
# A fatal error has been detected by the Java Runtime Environment:
#
#  EXCEPTION_ACCESS_VIOLATION (0xc0000005) at pc=0x00007ffb9bafad4e, pid=15800, tid=20492
#
# JRE version: OpenJDK Runtime Environment Microsoft-13106404 (21.0.10+7) (build 21.0.10+7-LTS)
# Java VM: OpenJDK 64-Bit Server VM Microsoft-13106404 (21.0.10+7-LTS, mixed mode, sharing, tiered, compressed oops, compressed class ptrs, g1 gc, windows-amd64)
# Problematic frame:
# V  [jvm.dll+0x36ad4e]
#
# No core dump will be written. Minidumps are not enabled by default on client versions of Windows
#
# If you would like to submit a bug report, please visit:
#   https://github.com/microsoft/openjdk/issues
#

---------------  S U M M A R Y ------------

Command Line: -Dclassworlds.conf=C:\Users\jorge\.m2\wrapper\dists\apache-maven-3.9.9\977a63e90f436cd6ade95b4c0e10c20c\bin\m2.conf -Dmaven.home=C:\Users\jorge\.m2\wrapper\dists\apache-maven-3.9.9\977a63e90f436cd6ade95b4c0e10c20c -Dlibrary.jansi.path=C:\Users\jorge\.m2\wrapper\dists\apache-maven-3.9.9\977a63e90f436cd6ade95b4c0e10c20c\lib\jansi-native -Dmaven.multiModuleProjectDirectory=C:\Users\jorge\OneDrive\Desktop\Backend II\minimarket org.codehaus.plexus.classworlds.launcher.Launcher clean test

Host: Intel(R) Core(TM) i5-10600K CPU @ 4.10GHz, 12 cores, 15G,  Windows 10 , 64 bit Build 19041 (10.0.19041.5915)
Time: Sat Jul 18 11:07:24 2026 Hora est. Sudam廨ica Pac璗ico elapsed time: 6.270169 seconds (0d 0h 0m 6s)

---------------  T H R E A D  ---------------

Current thread (0x000002871d889900):  WorkerThread "GC Thread#3"    [id=20492, stack(0x000000cd49300000,0x000000cd49400000) (1024K)]

Stack: [0x000000cd49300000,0x000000cd49400000],  sp=0x000000cd493ff420,  free space=1021k
Native frames: (J=compiled Java code, j=interpreted, Vv=VM code, C=native code)
V  [jvm.dll+0x36ad4e]  (no source info available)
V  [jvm.dll+0x36741e]  (no source info available)
V  [jvm.dll+0x3742fe]  (no source info available)
V  [jvm.dll+0x3760e2]  (no source info available)
V  [jvm.dll+0x37466a]  (no source info available)
V  [jvm.dll+0x375d13]  (no source info available)
V  [jvm.dll+0x380633]  (no source info available)
V  [jvm.dll+0x38077e]  (no source info available)
V  [jvm.dll+0x8ede21]  (no source info available)
V  [jvm.dll+0x86ab8d]  (no source info available)
V  [jvm.dll+0x6e141d]  (no source info available)
C  [ucrtbase.dll+0x21bb2]  (no source info available)
C  [KERNEL32.DLL+0x17374]  (no source info available)
C  [ntdll.dll+0x4cc91]  (no source info available)


siginfo: EXCEPTION_ACCESS_VIOLATION (0xc0000005), reading address 0x0000000000000080


Registers:
RAX=0x0000000000000000, RBX=0x0000000704e2e2b4, RCX=0x0000000000000015, RDX=0x0000000000000000
RSP=0x000000cd493ff420, RBP=0x0000000000002eec, RSI=0x00000286b59412c0, RDI=0x000002871e05a870
R8 =0x0000000000003823, R9 =0x0000000701200500, R10=0x0000000000000080, R11=0x00007ffbc7b82395
R12=0x0000000000000000, R13=0x000002871db0e390, R14=0x000002871e05a878, R15=0x00000007ffe88000
RIP=0x00007ffb9bafad4e, EFLAGS=0x0000000000010246

XMM[0]=0x0000006200002318 0x0000000000000011
XMM[1]=0x656c62756f442f67 0x6e616c2f6176616a
XMM[2]=0x00000000e08542d1 0xe085437100000000
XMM[3]=0x00000000e08543a3 0x00000000e0854227
XMM[4]=0x00000000e0854213 0xe08543c600000000
XMM[5]=0x6c62756f442f6d61 0x657274732f6c6974
XMM[6]=0x0000000000000000 0x0000000000000000
XMM[7]=0x0000000000000000 0x0000000000000000
XMM[8]=0x0000000000000000 0x0000000000000000
XMM[9]=0x0000000000000000 0x0000000000000000
XMM[10]=0x0000000000000000 0x0000000000000000
XMM[11]=0x0000000000000000 0x0000000000000000
XMM[12]=0x0000000000000000 0x0000000000000000
XMM[13]=0x0000000000000000 0x0000000000000000
XMM[14]=0x0000000000000000 0x0000000000000000
XMM[15]=0x0000000000000000 0x0000000000000000
  MXCSR=0x00001fa0


Register to memory mapping:

RAX=0x0 is null
RBX=0x0000000704e2e2b4 is pointing into object: com.sun.tools.javac.util.UnsharedNameTable$HashEntry 
{0x0000000704e2e2a0} - klass: 'com/sun/tools/javac/util/UnsharedNameTable$HashEntry'
 - ---- fields (total size 4 words):
 - private 'referent' 'Ljava/lang/Object;' @12  a 'com/sun/tools/javac/util/UnsharedNameTable$NameImpl'{0x000000070478d658} (0xe08f1acb)
 - volatile 'queue' 'Ljava/lang/ref/ReferenceQueue;' @16  a 'java/lang/ref/ReferenceQueue$Null'{0x0000000701200500} (0xe02400a0)
 - volatile 'next' 'Ljava/lang/ref/Reference;' @20  
[error occurred during error reporting (printing register info), id 0xc0000005, EXCEPTION_ACCESS_VIOLATION (0xc0000005) at pc=0x00007ffb9be5d92d]
RCX=0x0000000000000015 is an unknown value
RDX=0x0 is null
RSP=0x000000cd493ff420 points into unknown readable memory: 0x000000cd493f0000 | 00 00 3f 49 cd 00 00 00
RBP=0x0000000000002eec is an unknown value
RSI=0x00000286b59412c0 points into unknown readable memory: 0x0000000000000000 | 00 00 00 00 00 00 00 00
RDI=0x000002871e05a870 points into unknown readable memory: 0x00007ffb9c1d5e88 | 88 5e 1d 9c fb 7f 00 00
R8 =0x0000000000003823 is an unknown value
R9 =0x0000000701200500 is an oop: java.lang.ref.ReferenceQueue$Null 
{0x0000000701200500} - klass: 'java/lang/ref/ReferenceQueue$Null'
 - ---- fields (total size 4 words):
 - private volatile 'head' 'Ljava/lang/ref/Reference;' @12  null (0x00000000)
 - private 'queueLength' 'J' @16  0 (0x0000000000000000)
 - private final 'lock' 'Ljava/util/concurrent/locks/ReentrantLock;' @24  null (0x00000000)
 - private final 'notEmpty' 'Ljava/util/concurrent/locks/Condition;' @28  null (0x00000000)
R10=0x0000000000000080 is an unknown value
R11=0x00007ffbc7b82395 VCRUNTIME140.dll
R12=0x0 is null
R13=0x000002871db0e390 points into unknown readable memory: 0x0000000000000000 | 00 00 00 00 00 00 00 00
R14=0x000002871e05a878 points into unknown readable memory: 0x00000286b59403d0 | d0 03 94 b5 86 02 00 00
R15=0x00000007ffe88000 is pointing into object: [Lcom.sun.tools.javac.util.UnsharedNameTable$HashEntry; 
{0x00000007ffe84848} - klass: 'com/sun/tools/javac/util/UnsharedNameTable$HashEntry'[]
 - length: 32768

Top of Stack: (sp=0x000000cd493ff420)
0x000000cd493ff420:   000000cd493f0000 00007ffb9bb00100
0x000000cd493ff430:   0000000000000000 00000286b7d24e90
0x000000cd493ff440:   00000007ffe88000 00000000000007f6
0x000000cd493ff450:   000002871db0e390 0000000000000040
0x000000cd493ff460:   000000cd493ff680 00000007ffe90000
0x000000cd493ff470:   000000cd493ff680 00007ffb9baf741e
0x000000cd493ff480:   00000007ffe88000 0000000000000040
0x000000cd493ff490:   00000007ffe88000 000002871e05a870
0x000000cd493ff4a0:   0000000003bbd512 00000005fae76604
0x000000cd493ff4b0:   0000000000001000 000000cd493ff680
0x000000cd493ff4c0:   000002871eb79920 00007ffb9bb042fe
0x000000cd493ff4d0:   0000000000000040 000000cd493ff4f0
0x000000cd493ff4e0:   000000cd493ff500 00007ffb9be6b4af
0x000000cd493ff4f0:   00000007ffe88000 0000000000001000
0x000000cd493ff500:   00007ffb9c1d70a8 0000000000000000
0x000000cd493ff510:   00000286b59403d0 000002871e05a870
0x000000cd493ff520:   000000cd493ff6d0 00007ffb9c005d27
0x000000cd493ff530:   0000000000000001 00000286d08d6480
0x000000cd493ff540:   00000286b7c787a0 00007ffb9bb060e2
0x000000cd493ff550:   000000cd493ff5d0 00007ffb9baedb62
0x000000cd493ff560:   000002871d7f6710 00000286d08d6480
0x000000cd493ff570:   0000000000000001 0000000000000009
0x000000cd493ff580:   00000286b7c787a0 0000000000000010
0x000000cd493ff590:   00000286b59403d0 000000cd493ff6e9
0x000000cd493ff5a0:   000000cd493ff680 00007ffb9bb0466a
0x000000cd493ff5b0:   00000000000003d8 000002871db0e3a0
0x000000cd493ff5c0:   000002871db0e778 000002871eb79920
0x000000cd493ff5d0:   000002871e05a870 0000000003bbd079
0x000000cd493ff5e0:   00000005fae007a6 000000cd493ff6d8
0x000000cd493ff5f0:   000000cd493ff6e8 0000000000000000
0x000000cd493ff600:   0000000000000000 00007ffb9bb05d13
0x000000cd493ff610:   000000000000000e 0000000000000008 

Instructions: (pc=0x00007ffb9bafad4e)
0x00007ffb9bafac4e:   f4 01 00 00 45 03 ce e8 56 d7 ff ff e9 7f fc ff
0x00007ffb9bafac5e:   ff 4c 8d 77 08 48 8b 77 10 8b 96 80 00 00 00 8b
0x00007ffb9bafac6e:   ca 8b 86 00 01 00 00 2b c8 81 e1 ff ff 01 00 3b
0x00007ffb9bafac7e:   4c 24 68 0f 86 d8 03 00 00 8d 6a ff 81 e5 ff ff
0x00007ffb9bafac8e:   01 00 89 ae 80 00 00 00 e8 65 81 36 00 90 8b cd
0x00007ffb9bafac9e:   8b 86 00 01 00 00 2b c8 48 8b 9e 80 01 00 00 81
0x00007ffb9bafacae:   e1 ff ff 01 00 81 f9 ff ff 01 00 41 0f 44 cc 48
0x00007ffb9bafacbe:   8b 1c eb 85 c9 75 41 90 89 6c 24 60 48 8b 86 00
0x00007ffb9bafacce:   01 00 00 48 8b c8 48 c1 e9 20 ff c1 89 4c 24 64
0x00007ffb9bafacde:   3b e8 0f 85 67 03 00 00 48 c1 e1 20 48 0b cd f0
0x00007ffb9bafacee:   48 0f b1 8e 00 01 00 00 0f 85 51 03 00 00 8b 86
0x00007ffb9bafacfe:   00 01 00 00 4c 8d 77 08 f6 c3 01 0f 84 0d 01 00
0x00007ffb9bafad0e:   00 8b 0d 13 b3 8d 00 48 ff cb 49 8b 16 44 8b 13
0x00007ffb9bafad1e:   49 d3 e2 8b 8a b8 05 00 00 4c 03 15 f2 b2 8d 00
0x00007ffb9bafad2e:   48 8b 92 a8 05 00 00 49 8b c2 48 d3 e8 0f b7 14
0x00007ffb9bafad3e:   42 0f b7 c2 66 c1 e8 08 84 c0 0f 88 11 ff ff ff
0x00007ffb9bafad4e:   4d 8b 02 41 0f b6 c0 24 03 3c 03 75 06 49 83 e0
0x00007ffb9bafad5e:   fc eb 11 4d 8b c8 48 8b cf 4d 8b c2 e8 a1 ec ff
0x00007ffb9bafad6e:   ff 4c 8b c0 8b 0d b0 b2 8d 00 49 8b d0 48 2b 15
0x00007ffb9bafad7e:   9e b2 8d 00 48 d3 ea 89 13 49 8b d0 8b 0d 80 8a
0x00007ffb9bafad8e:   94 00 48 33 d3 48 d3 ea 48 85 d2 0f 84 c0 fe ff
0x00007ffb9bafad9e:   ff 49 8b 06 48 8b 90 a8 05 00 00 8b 88 b8 05 00
0x00007ffb9bafadae:   00 48 8b c3 48 d3 e8 80 7c 42 01 fe 0f 84 9f fe
0x00007ffb9bafadbe:   ff ff 49 d3 e8 42 0f b7 0c 42 0f b7 c1 66 c1 e8
0x00007ffb9bafadce:   08 84 c0 0f 89 88 fe ff ff 84 c9 0f 84 80 fe ff
0x00007ffb9bafadde:   ff 4c 8b 47 60 8b 0d 8f 9e 93 00 48 d3 eb 49 8b
0x00007ffb9bafadee:   50 30 48 03 d3 48 8b da 49 2b 58 28 48 39 9f b8
0x00007ffb9bafadfe:   01 00 00 0f 84 58 fe ff ff 48 8d 4f 18 e8 90 43
0x00007ffb9bafae0e:   00 00 48 89 9f b8 01 00 00 e9 43 fe ff ff f6 c3
0x00007ffb9bafae1e:   03 0f 85 e9 00 00 00 49 8b 16 4c 8b 13 49 8b c2
0x00007ffb9bafae2e:   8b 8a b8 05 00 00 48 8b 92 a8 05 00 00 48 d3 e8
0x00007ffb9bafae3e:   0f b7 14 42 0f b7 c2 66 c1 e8 08 84 c0 0f 88 12 


Stack slot to memory mapping:

stack at sp + 0 slots: 0x000000cd493f0000 is an unknown value
stack at sp + 1 slots: 0x00007ffb9bb00100 jvm.dll
stack at sp + 2 slots: 0x0 is null
stack at sp + 3 slots: 0x00000286b7d24e90 points into unknown readable memory: 0x0000000704a00000 | 00 00 a0 04 07 00 00 00
stack at sp + 4 slots: 0x00000007ffe88000 is pointing into object: [Lcom.sun.tools.javac.util.UnsharedNameTable$HashEntry; 
{0x00000007ffe84848} - klass: 'com/sun/tools/javac/util/UnsharedNameTable$HashEntry'[]
 - length: 32768
stack at sp + 5 slots: 0x00000000000007f6 is an unknown value
stack at sp + 6 slots: 0x000002871db0e390 points into unknown readable memory: 0x0000000000000000 | 00 00 00 00 00 00 00 00
stack at sp + 7 slots: 0x0000000000000040 is an unknown value


---------------  P R O C E S S  ---------------

Threads class SMR info:
_java_thread_list=0x000002871e936020, length=14, elements={
0x00000286b7c633d0, 0x00000286d74fc230, 0x00000286d74fe160, 0x00000286d74ff080,
0x00000286d7503110, 0x00000286d7504380, 0x00000286d7504de0, 0x00000286d7505df0,
0x00000286d75088a0, 0x00000286d76c3e40, 0x00000286d76c92c0, 0x000002871d1edb00,
0x000002871da7a850, 0x00000287201105f0
}

Java Threads: ( => current thread )
  0x00000286b7c633d0 JavaThread "main"                              [_thread_blocked, id=17244, stack(0x000000cd47d00000,0x000000cd47e00000) (1024K)]
  0x00000286d74fc230 JavaThread "Reference Handler"          daemon [_thread_blocked, id=21464, stack(0x000000cd48500000,0x000000cd48600000) (1024K)]
  0x00000286d74fe160 JavaThread "Finalizer"                  daemon [_thread_blocked, id=20024, stack(0x000000cd48600000,0x000000cd48700000) (1024K)]
  0x00000286d74ff080 JavaThread "Signal Dispatcher"          daemon [_thread_blocked, id=13176, stack(0x000000cd48700000,0x000000cd48800000) (1024K)]
  0x00000286d7503110 JavaThread "Attach Listener"            daemon [_thread_blocked, id=14456, stack(0x000000cd48800000,0x000000cd48900000) (1024K)]
  0x00000286d7504380 JavaThread "Service Thread"             daemon [_thread_blocked, id=18188, stack(0x000000cd48900000,0x000000cd48a00000) (1024K)]
  0x00000286d7504de0 JavaThread "Monitor Deflation Thread"   daemon [_thread_blocked, id=10284, stack(0x000000cd48a00000,0x000000cd48b00000) (1024K)]
  0x00000286d7505df0 JavaThread "C2 CompilerThread0"         daemon [_thread_blocked, id=17164, stack(0x000000cd48b00000,0x000000cd48c00000) (1024K)]
  0x00000286d75088a0 JavaThread "C1 CompilerThread0"         daemon [_thread_blocked, id=20472, stack(0x000000cd48c00000,0x000000cd48d00000) (1024K)]
  0x00000286d76c3e40 JavaThread "Notification Thread"        daemon [_thread_blocked, id=7012, stack(0x000000cd48d00000,0x000000cd48e00000) (1024K)]
  0x00000286d76c92c0 JavaThread "Common-Cleaner"             daemon [_thread_blocked, id=5540, stack(0x000000cd48e00000,0x000000cd48f00000) (1024K)]
  0x000002871d1edb00 JavaThread "C2 CompilerThread1"         daemon [_thread_blocked, id=5276, stack(0x000000cd48f00000,0x000000cd49000000) (1024K)]
  0x000002871da7a850 JavaThread "Thread-1"                   daemon [_thread_blocked, id=5940, stack(0x000000cd49a00000,0x000000cd49b00000) (1024K)]
  0x00000287201105f0 JavaThread "C2 CompilerThread2"         daemon [_thread_blocked, id=3144, stack(0x000000cd49000000,0x000000cd49100000) (1024K)]
Total: 14

Other Threads:
  0x00000286d74e00d0 VMThread "VM Thread"                           [id=18620, stack(0x000000cd48400000,0x000000cd48500000) (1024K)]
  0x00000286d74cf8e0 WatcherThread "VM Periodic Task Thread"        [id=7800, stack(0x000000cd48300000,0x000000cd48400000) (1024K)]
  0x00000286b7cc8040 WorkerThread "GC Thread#0"                     [id=13796, stack(0x000000cd47e00000,0x000000cd47f00000) (1024K)]
  0x000002871dc0f920 WorkerThread "GC Thread#1"                     [id=21488, stack(0x000000cd49100000,0x000000cd49200000) (1024K)]
  0x000002871db30980 WorkerThread "GC Thread#2"                     [id=11556, stack(0x000000cd49200000,0x000000cd49300000) (1024K)]
=>0x000002871d889900 WorkerThread "GC Thread#3"                     [id=20492, stack(0x000000cd49300000,0x000000cd49400000) (1024K)]
  0x000002871db12db0 WorkerThread "GC Thread#4"                     [id=13064, stack(0x000000cd49400000,0x000000cd49500000) (1024K)]
  0x000002871db12a00 WorkerThread "GC Thread#5"                     [id=17564, stack(0x000000cd49500000,0x000000cd49600000) (1024K)]
  0x000002871db113e0 WorkerThread "GC Thread#6"                     [id=16504, stack(0x000000cd49600000,0x000000cd49700000) (1024K)]
  0x000002871db11790 WorkerThread "GC Thread#7"                     [id=11976, stack(0x000000cd49700000,0x000000cd49800000) (1024K)]
  0x000002871db11ef0 WorkerThread "GC Thread#8"                     [id=2948, stack(0x000000cd49800000,0x000000cd49900000) (1024K)]
  0x000002871db122a0 WorkerThread "GC Thread#9"                     [id=4296, stack(0x000000cd49900000,0x000000cd49a00000) (1024K)]
  0x00000286b7cd9620 ConcurrentGCThread "G1 Main Marker"            [id=17000, stack(0x000000cd47f00000,0x000000cd48000000) (1024K)]
  0x00000286b7cda2e0 WorkerThread "G1 Conc#0"                       [id=20548, stack(0x000000cd48000000,0x000000cd48100000) (1024K)]
  0x000002871e3734a0 WorkerThread "G1 Conc#1"                       [id=15028, stack(0x000000cd49b00000,0x000000cd49c00000) (1024K)]
  0x000002871e375d30 WorkerThread "G1 Conc#2"                       [id=6576, stack(0x000000cd49c00000,0x000000cd49d00000) (1024K)]
  0x00000286d7393580 ConcurrentGCThread "G1 Refine#0"               [id=14916, stack(0x000000cd48100000,0x000000cd48200000) (1024K)]
  0x00000286d7394100 ConcurrentGCThread "G1 Service"                [id=19152, stack(0x000000cd48200000,0x000000cd48300000) (1024K)]
Total: 18

Threads with active compile tasks:
C2 CompilerThread0  6290 9647       4       lombok.core.AST::buildWithCollection (128 bytes)
C2 CompilerThread1  6290 9618       4       lombok.core.AST::buildWithField (21 bytes)
C2 CompilerThread2  6290 9629   !   4       lombok.javac.JavacAST::drill (146 bytes)
Total: 3

VM state: at safepoint (normal execution)

VM Mutex/Monitor currently owned by a thread:  ([mutex/lock_event])
[0x00007ffb9c45b8a0] Threads_lock - owner thread: 0x00000286d74e00d0
[0x00007ffb9c45b9a0] Heap_lock - owner thread: 0x00000286b7c633d0

Heap address: 0x0000000701200000, size: 4078 MB, Compressed Oops mode: Zero based, Oop shift amount: 3

CDS archive(s) mapped at: [0x00000286d8000000-0x00000286d8c80000-0x00000286d8c80000), size 13107200, SharedBaseAddress: 0x00000286d8000000, ArchiveRelocationMode: 1.
Compressed class space mapped at: 0x00000286d9000000-0x0000028719000000, reserved size: 1073741824
Narrow klass base: 0x00000286d8000000, Narrow klass shift: 0, Narrow klass range: 0x100000000

GC Precious Log:
 CardTable entry size: 512
 Card Set container configuration: InlinePtr #cards 4 size 8 Array Of Cards #cards 16 size 48 Howl #buckets 8 coarsen threshold 3686 Howl Bitmap #cards 512 size 80 coarsen threshold 460 Card regions per heap region 1 cards per card region 4096
 CPUs: 12 total, 12 available
 Memory: 16310M
 Large Page Support: Disabled
 NUMA Support: Disabled
 Compressed Oops: Enabled (Zero based)
 Heap Region Size: 2M
 Heap Min Capacity: 8M
 Heap Initial Capacity: 256M
 Heap Max Capacity: 4078M
 Pre-touch: Disabled
 Parallel Workers: 10
 Concurrent Workers: 3
 Concurrent Refinement Workers: 10
 Periodic GC: Disabled

Heap:
 garbage-first heap   total 157696K, used 123620K [0x0000000701200000, 0x0000000800000000)
  region size 2048K, 29 young (59392K), 2 survivors (4096K)
 Metaspace       used 34548K, committed 35072K, reserved 1114112K
  class space    used 3841K, committed 4096K, reserved 1048576K

Heap Regions: E=young(eden), S=young(survivor), O=old, HS=humongous(starts), HC=humongous(continues), CS=collection set, F=free, TAMS=top-at-mark-start, PB=parsable bottom
|   0|0x0000000701200000, 0x0000000701400000, 0x0000000701400000|100%| O|  |TAMS 0x0000000701200000| PB 0x0000000701200000| Untracked 
|   1|0x0000000701400000, 0x0000000701600000, 0x0000000701600000|100%| O|  |TAMS 0x0000000701400000| PB 0x0000000701400000| Untracked 
|   2|0x0000000701600000, 0x0000000701800000, 0x0000000701800000|100%| O|  |TAMS 0x0000000701600000| PB 0x0000000701600000| Untracked 
|   3|0x0000000701800000, 0x0000000701a00000, 0x0000000701a00000|100%|HS|  |TAMS 0x0000000701800000| PB 0x0000000701800000| Complete 
|   4|0x0000000701a00000, 0x0000000701c00000, 0x0000000701c00000|100%| O|  |TAMS 0x0000000701a00000| PB 0x0000000701a00000| Untracked 
|   5|0x0000000701c00000, 0x0000000701e00000, 0x0000000701e00000|100%| O|  |TAMS 0x0000000701c00000| PB 0x0000000701c00000| Untracked 
|   6|0x0000000701e00000, 0x0000000702000000, 0x0000000702000000|100%| O|  |TAMS 0x0000000701e00000| PB 0x0000000701e00000| Untracked 
|   7|0x0000000702000000, 0x0000000702200000, 0x0000000702200000|100%| O|  |TAMS 0x0000000702000000| PB 0x0000000702000000| Untracked 
|   8|0x0000000702200000, 0x0000000702400000, 0x0000000702400000|100%| O|  |TAMS 0x0000000702200000| PB 0x0000000702200000| Untracked 
|   9|0x0000000702400000, 0x0000000702600000, 0x0000000702600000|100%| O|  |TAMS 0x0000000702400000| PB 0x0000000702400000| Untracked 
|  10|0x0000000702600000, 0x0000000702800000, 0x0000000702800000|100%|HS|  |TAMS 0x0000000702600000| PB 0x0000000702600000| Complete 
|  11|0x0000000702800000, 0x0000000702a00000, 0x0000000702a00000|100%| O|  |TAMS 0x0000000702800000| PB 0x0000000702800000| Untracked 
|  12|0x0000000702a00000, 0x0000000702c00000, 0x0000000702c00000|100%| O|  |TAMS 0x0000000702a00000| PB 0x0000000702a00000| Untracked 
|  13|0x0000000702c00000, 0x0000000702e00000, 0x0000000702e00000|100%| O|  |TAMS 0x0000000702c00000| PB 0x0000000702c00000| Untracked 
|  14|0x0000000702e00000, 0x0000000703000000, 0x0000000703000000|100%| O|  |TAMS 0x0000000702e00000| PB 0x0000000702e00000| Untracked 
|  15|0x0000000703000000, 0x0000000703200000, 0x0000000703200000|100%| O|  |TAMS 0x0000000703000000| PB 0x0000000703000000| Untracked 
|  16|0x0000000703200000, 0x0000000703400000, 0x0000000703400000|100%| O|  |TAMS 0x0000000703200000| PB 0x0000000703200000| Untracked 
|  17|0x0000000703400000, 0x0000000703600000, 0x0000000703600000|100%| O|  |TAMS 0x0000000703400000| PB 0x0000000703400000| Untracked 
|  18|0x0000000703600000, 0x0000000703800000, 0x0000000703800000|100%| O|  |TAMS 0x0000000703600000| PB 0x0000000703600000| Untracked 
|  19|0x0000000703800000, 0x0000000703a00000, 0x0000000703a00000|100%| O|  |TAMS 0x0000000703800000| PB 0x0000000703800000| Untracked 
|  20|0x0000000703a00000, 0x0000000703c00000, 0x0000000703c00000|100%| O|  |TAMS 0x0000000703a00000| PB 0x0000000703a00000| Untracked 
|  21|0x0000000703c00000, 0x0000000703e00000, 0x0000000703e00000|100%| O|  |TAMS 0x0000000703c00000| PB 0x0000000703c00000| Untracked 
|  22|0x0000000703e00000, 0x0000000704000000, 0x0000000704000000|100%| O|  |TAMS 0x0000000703e00000| PB 0x0000000703e00000| Untracked 
|  23|0x0000000704000000, 0x0000000704200000, 0x0000000704200000|100%| E|CS|TAMS 0x0000000704000000| PB 0x0000000704000000| Complete 
|  24|0x0000000704200000, 0x0000000704400000, 0x0000000704400000|100%| E|CS|TAMS 0x0000000704200000| PB 0x0000000704200000| Complete 
|  25|0x0000000704400000, 0x0000000704600000, 0x0000000704600000|100%| O|  |TAMS 0x0000000704400000| PB 0x0000000704400000| Untracked 
|  26|0x0000000704600000, 0x0000000704800000, 0x0000000704800000|100%| O|  |TAMS 0x0000000704600000| PB 0x0000000704600000| Untracked 
|  27|0x0000000704800000, 0x0000000704a00000, 0x0000000704a00000|100%| O|  |TAMS 0x0000000704800000| PB 0x0000000704800000| Untracked 
|  28|0x0000000704a00000, 0x0000000704c00000, 0x0000000704c00000|100%| E|CS|TAMS 0x0000000704a00000| PB 0x0000000704a00000| Complete 
|  29|0x0000000704c00000, 0x0000000704e00000, 0x0000000704e00000|100%| E|CS|TAMS 0x0000000704c00000| PB 0x0000000704c00000| Complete 
|  30|0x0000000704e00000, 0x0000000705000000, 0x0000000705000000|100%| O|  |TAMS 0x0000000704e00000| PB 0x0000000704e00000| Untracked 
|  31|0x0000000705000000, 0x0000000705000000, 0x0000000705200000|  0%| F|  |TAMS 0x0000000705000000| PB 0x0000000705000000| Untracked 
|  32|0x0000000705200000, 0x0000000705200000, 0x0000000705400000|  0%| F|  |TAMS 0x0000000705200000| PB 0x0000000705200000| Untracked 
|  33|0x0000000705400000, 0x0000000705400000, 0x0000000705600000|  0%| F|  |TAMS 0x0000000705400000| PB 0x0000000705400000| Untracked 
|  34|0x0000000705600000, 0x0000000705600000, 0x0000000705800000|  0%| F|  |TAMS 0x0000000705600000| PB 0x0000000705600000| Untracked 
|  35|0x0000000705800000, 0x0000000705800000, 0x0000000705a00000|  0%| F|  |TAMS 0x0000000705800000| PB 0x0000000705800000| Untracked 
|  36|0x0000000705a00000, 0x0000000705a00000, 0x0000000705c00000|  0%| F|  |TAMS 0x0000000705a00000| PB 0x0000000705a00000| Untracked 
|  37|0x0000000705c00000, 0x0000000705c00000, 0x0000000705e00000|  0%| F|  |TAMS 0x0000000705c00000| PB 0x0000000705c00000| Untracked 
|  38|0x0000000705e00000, 0x0000000705e00000, 0x0000000706000000|  0%| F|  |TAMS 0x0000000705e00000| PB 0x0000000705e00000| Untracked 
|  39|0x0000000706000000, 0x0000000706000000, 0x0000000706200000|  0%| F|  |TAMS 0x0000000706000000| PB 0x0000000706000000| Untracked 
|  40|0x0000000706200000, 0x0000000706200000, 0x0000000706400000|  0%| F|  |TAMS 0x0000000706200000| PB 0x0000000706200000| Untracked 
|  41|0x0000000706400000, 0x0000000706478470, 0x0000000706600000| 23%| S|  |TAMS 0x0000000706400000| PB 0x0000000706400000| Complete 
|  42|0x0000000706600000, 0x0000000706800000, 0x0000000706800000|100%| S|  |TAMS 0x0000000706600000| PB 0x0000000706600000| Complete 
|  43|0x0000000706800000, 0x0000000706a00000, 0x0000000706a00000|100%| E|CS|TAMS 0x0000000706800000| PB 0x0000000706800000| Complete 
|  44|0x0000000706a00000, 0x0000000706c00000, 0x0000000706c00000|100%| E|CS|TAMS 0x0000000706a00000| PB 0x0000000706a00000| Complete 
|  45|0x0000000706c00000, 0x0000000706e00000, 0x0000000706e00000|100%| E|CS|TAMS 0x0000000706c00000| PB 0x0000000706c00000| Complete 
|  46|0x0000000706e00000, 0x0000000707000000, 0x0000000707000000|100%| E|CS|TAMS 0x0000000706e00000| PB 0x0000000706e00000| Complete 
|  47|0x0000000707000000, 0x0000000707200000, 0x0000000707200000|100%| E|CS|TAMS 0x0000000707000000| PB 0x0000000707000000| Complete 
|  48|0x0000000707200000, 0x0000000707400000, 0x0000000707400000|100%| E|CS|TAMS 0x0000000707200000| PB 0x0000000707200000| Complete 
|  49|0x0000000707400000, 0x0000000707600000, 0x0000000707600000|100%| E|CS|TAMS 0x0000000707400000| PB 0x0000000707400000| Complete 
|  50|0x0000000707600000, 0x0000000707800000, 0x0000000707800000|100%| E|CS|TAMS 0x0000000707600000| PB 0x0000000707600000| Complete 
|  51|0x0000000707800000, 0x0000000707a00000, 0x0000000707a00000|100%| E|CS|TAMS 0x0000000707800000| PB 0x0000000707800000| Complete 
|  52|0x0000000707a00000, 0x0000000707c00000, 0x0000000707c00000|100%| E|CS|TAMS 0x0000000707a00000| PB 0x0000000707a00000| Complete 
|  53|0x0000000707c00000, 0x0000000707e00000, 0x0000000707e00000|100%| E|CS|TAMS 0x0000000707c00000| PB 0x0000000707c00000| Complete 
|  54|0x0000000707e00000, 0x0000000708000000, 0x0000000708000000|100%| E|CS|TAMS 0x0000000707e00000| PB 0x0000000707e00000| Complete 
|  55|0x0000000708000000, 0x0000000708200000, 0x0000000708200000|100%| E|CS|TAMS 0x0000000708000000| PB 0x0000000708000000| Complete 
|  56|0x0000000708200000, 0x0000000708400000, 0x0000000708400000|100%| E|CS|TAMS 0x0000000708200000| PB 0x0000000708200000| Complete 
|  57|0x0000000708400000, 0x0000000708600000, 0x0000000708600000|100%| E|CS|TAMS 0x0000000708400000| PB 0x0000000708400000| Complete 
|  58|0x0000000708600000, 0x0000000708800000, 0x0000000708800000|100%| E|CS|TAMS 0x0000000708600000| PB 0x0000000708600000| Complete 
|  59|0x0000000708800000, 0x0000000708a00000, 0x0000000708a00000|100%| E|CS|TAMS 0x0000000708800000| PB 0x0000000708800000| Complete 
|  60|0x0000000708a00000, 0x0000000708c00000, 0x0000000708c00000|100%| E|CS|TAMS 0x0000000708a00000| PB 0x0000000708a00000| Complete 
|  61|0x0000000708c00000, 0x0000000708e00000, 0x0000000708e00000|100%| E|CS|TAMS 0x0000000708c00000| PB 0x0000000708c00000| Complete 
|  62|0x0000000708e00000, 0x0000000709000000, 0x0000000709000000|100%| E|CS|TAMS 0x0000000708e00000| PB 0x0000000708e00000| Complete 
|  63|0x0000000709000000, 0x0000000709200000, 0x0000000709200000|100%| E|CS|TAMS 0x0000000709000000| PB 0x0000000709000000| Complete 
|  64|0x0000000709200000, 0x0000000709400000, 0x0000000709400000|100%| E|CS|TAMS 0x0000000709200000| PB 0x0000000709200000| Complete 
|  65|0x0000000709400000, 0x0000000709600000, 0x0000000709600000|100%| E|CS|TAMS 0x0000000709400000| PB 0x0000000709400000| Complete 
| 113|0x000000070f400000, 0x000000070f600000, 0x000000070f600000|100%| E|CS|TAMS 0x000000070f400000| PB 0x000000070f400000| Complete 
| 114|0x000000070f600000, 0x000000070f800000, 0x000000070f800000|100%| E|CS|TAMS 0x000000070f600000| PB 0x000000070f600000| Complete 
| 115|0x000000070f800000, 0x000000070fa00000, 0x000000070fa00000|100%| E|CS|TAMS 0x000000070f800000| PB 0x000000070f800000| Complete 
| 127|0x0000000711000000, 0x0000000711200000, 0x0000000711200000|100%| E|CS|TAMS 0x0000000711000000| PB 0x0000000711000000| Complete 
|2032|0x00000007ff200000, 0x00000007ff400000, 0x00000007ff400000|100%| O|  |TAMS 0x00000007ff200000| PB 0x00000007ff200000| Untracked 
|2033|0x00000007ff400000, 0x00000007ff600000, 0x00000007ff600000|100%| O|  |TAMS 0x00000007ff400000| PB 0x00000007ff400000| Untracked 
|2034|0x00000007ff600000, 0x00000007ff800000, 0x00000007ff800000|100%| O|  |TAMS 0x00000007ff600000| PB 0x00000007ff600000| Untracked 
|2035|0x00000007ff800000, 0x00000007ffa00000, 0x00000007ffa00000|100%| O|  |TAMS 0x00000007ff800000| PB 0x00000007ff800000| Untracked 
|2036|0x00000007ffa00000, 0x00000007ffc00000, 0x00000007ffc00000|100%| O|  |TAMS 0x00000007ffa00000| PB 0x00000007ffa00000| Untracked 
|2037|0x00000007ffc00000, 0x00000007ffe00000, 0x00000007ffe00000|100%| O|  |TAMS 0x00000007ffc00000| PB 0x00000007ffc00000| Untracked 
|2038|0x00000007ffe00000, 0x0000000800000000, 0x0000000800000000|100%| O|  |TAMS 0x00000007ffe00000| PB 0x00000007ffe00000| Untracked 

Card table byte_map: [0x00000286d00e0000,0x00000286d08e0000] _byte_map_base: 0x00000286cc8d7000

Marking Bits: (CMBitMap*) 0x00000286b7cc8e70
 Bits: [0x00000286d08e0000, 0x00000286d4898000)

Polling page: 0x00000286b5b50000

Metaspace:

Usage:
  Non-class:     29.99 MB used.
      Class:      3.75 MB used.
       Both:     33.74 MB used.

Virtual space:
  Non-class space:       64.00 MB reserved,      30.25 MB ( 47%) committed,  1 nodes.
      Class space:        1.00 GB reserved,       4.00 MB ( <1%) committed,  1 nodes.
             Both:        1.06 GB reserved,      34.25 MB (  3%) committed. 

Chunk freelists:
   Non-Class:  944.00 KB
       Class:  12.04 MB
        Both:  12.97 MB

MaxMetaspaceSize: unlimited
CompressedClassSpaceSize: 1.00 GB
Initial GC threshold: 21.00 MB
Current GC threshold: 35.12 MB
CDS: on
 - commit_granule_bytes: 65536.
 - commit_granule_words: 8192.
 - virtual_space_node_default_size: 8388608.
 - enlarge_chunks_in_place: 1.
 - use_allocation_guard: 0.


Internal statistics:

num_allocs_failed_limit: 3.
num_arena_births: 424.
num_arena_deaths: 0.
num_vsnodes_births: 2.
num_vsnodes_deaths: 0.
num_space_committed: 548.
num_space_uncommitted: 0.
num_chunks_returned_to_freelist: 3.
num_chunks_taken_from_freelist: 1713.
num_chunk_merges: 3.
num_chunk_splits: 1214.
num_chunks_enlarged: 928.
num_inconsistent_stats: 0.

CodeHeap 'non-profiled nmethods': size=120000Kb used=6384Kb max_used=6384Kb free=113615Kb
 bounds [0x00000286c7e60000, 0x00000286c84a0000, 0x00000286cf390000]
CodeHeap 'profiled nmethods': size=120000Kb used=22342Kb max_used=22342Kb free=97658Kb
 bounds [0x00000286c0390000, 0x00000286c1970000, 0x00000286c78c0000]
CodeHeap 'non-nmethods': size=5760Kb used=1394Kb max_used=1489Kb free=4365Kb
 bounds [0x00000286c78c0000, 0x00000286c7b30000, 0x00000286c7e60000]
CodeCache: size=245760Kb, used=30120Kb, max_used=30215Kb, free=215638Kb
 total_blobs=10240, nmethods=9687, adapters=457, full_count=0
Compilation: enabled, stopped_count=0, restarted_count=0

Compilation events (20 events):
Event: 6.253 Thread 0x00000286d75088a0 9709       2       com.sun.tools.javac.comp.Resolve$BasicLookupHelper::access (44 bytes)
Event: 6.253 Thread 0x00000286d75088a0 nmethod 9709 0x00000286c1959310 code [0x00000286c19594c0, 0x00000286c1959698]
Event: 6.253 Thread 0x00000286d75088a0 9710       2       com.sun.tools.javac.comp.TransTypes::visitExec (22 bytes)
Event: 6.253 Thread 0x00000286d75088a0 nmethod 9710 0x00000286c1959790 code [0x00000286c1959940, 0x00000286c1959ba8]
Event: 6.253 Thread 0x00000286d75088a0 9711       2       com.sun.tools.javac.jvm.PoolReader::<init> (44 bytes)
Event: 6.254 Thread 0x00000286d75088a0 nmethod 9711 0x00000286c1959c90 code [0x00000286c1959e40, 0x00000286c195a158]
Event: 6.254 Thread 0x00000286d75088a0 9712       3       com.sun.tools.javac.tree.TreeInfo::getStartPos (789 bytes)
Event: 6.255 Thread 0x00000286d75088a0 nmethod 9712 0x00000286c195a210 code [0x00000286c195a820, 0x00000286c195deb8]
Event: 6.255 Thread 0x00000286d75088a0 9713       2       com.sun.tools.javac.jvm.Code::emitInvokevirtual (57 bytes)
Event: 6.255 Thread 0x00000286d75088a0 nmethod 9713 0x00000286c195eb10 code [0x00000286c195ed40, 0x00000286c195f148]
Event: 6.255 Thread 0x00000286d75088a0 9715       2       com.sun.tools.javac.tree.JCTree$Visitor::visitLiteral (6 bytes)
Event: 6.255 Thread 0x00000286d75088a0 nmethod 9715 0x00000286c195f490 code [0x00000286c195f640, 0x00000286c195f770]
Event: 6.255 Thread 0x00000286d75088a0 9714       2       java.lang.invoke.MethodHandles::constant (88 bytes)
Event: 6.256 Thread 0x00000286d75088a0 nmethod 9714 0x00000286c195f810 code [0x00000286c195fac0, 0x00000286c19602e0]
Event: 6.256 Thread 0x00000286d75088a0 9716       2       lombok.bytecode.ClassFileMetaData::decodeString (181 bytes)
Event: 6.257 Thread 0x00000286d75088a0 nmethod 9716 0x00000286c1960710 code [0x00000286c19608e0, 0x00000286c1960d08]
Event: 6.258 Thread 0x00000286d75088a0 9717       2       java.util.stream.SpinedBuffer::capacity (38 bytes)
Event: 6.258 Thread 0x00000286d75088a0 nmethod 9717 0x00000286c1960f90 code [0x00000286c1961140, 0x00000286c1961300]
Event: 6.259 Thread 0x00000286d75088a0 9718       2       com.sun.tools.javac.code.Types$12::visitType (10 bytes)
Event: 6.259 Thread 0x00000286d75088a0 nmethod 9718 0x00000286c1961490 code [0x00000286c1961620, 0x00000286c1961770]

GC Heap History (19 events):
Event: 0.442 GC heap before
{Heap before GC invocations=0 (full 0):
 garbage-first heap   total 262144K, used 22528K [0x0000000701200000, 0x0000000800000000)
  region size 2048K, 11 young (22528K), 0 survivors (0K)
 Metaspace       used 5663K, committed 5824K, reserved 1114112K
  class space    used 671K, committed 768K, reserved 1048576K
}
Event: 0.445 GC heap after
{Heap after GC invocations=1 (full 0):
 garbage-first heap   total 262144K, used 3995K [0x0000000701200000, 0x0000000800000000)
  region size 2048K, 2 young (4096K), 2 survivors (4096K)
 Metaspace       used 5663K, committed 5824K, reserved 1114112K
  class space    used 671K, committed 768K, reserved 1048576K
}
Event: 0.837 GC heap before
{Heap before GC invocations=1 (full 0):
 garbage-first heap   total 262144K, used 36763K [0x0000000701200000, 0x0000000800000000)
  region size 2048K, 18 young (36864K), 2 survivors (4096K)
 Metaspace       used 10030K, committed 10176K, reserved 1114112K
  class space    used 1213K, committed 1280K, reserved 1048576K
}
Event: 0.841 GC heap after
{Heap after GC invocations=2 (full 0):
 garbage-first heap   total 262144K, used 5618K [0x0000000701200000, 0x0000000800000000)
  region size 2048K, 1 young (2048K), 1 survivors (2048K)
 Metaspace       used 10030K, committed 10176K, reserved 1114112K
  class space    used 1213K, committed 1280K, reserved 1048576K
}
Event: 2.803 GC heap before
{Heap before GC invocations=2 (full 0):
 garbage-first heap   total 262144K, used 159218K [0x0000000701200000, 0x0000000800000000)
  region size 2048K, 76 young (155648K), 1 survivors (2048K)
 Metaspace       used 18470K, committed 18752K, reserved 1114112K
  class space    used 2098K, committed 2240K, reserved 1048576K
}
Event: 2.812 GC heap after
{Heap after GC invocations=3 (full 0):
 garbage-first heap   total 262144K, used 17822K [0x0000000701200000, 0x0000000800000000)
  region size 2048K, 7 young (14336K), 7 survivors (14336K)
 Metaspace       used 18470K, committed 18752K, reserved 1114112K
  class space    used 2098K, committed 2240K, reserved 1048576K
}
Event: 3.113 GC heap before
{Heap before GC invocations=3 (full 0):
 garbage-first heap   total 262144K, used 42398K [0x0000000701200000, 0x0000000800000000)
  region size 2048K, 19 young (38912K), 7 survivors (14336K)
 Metaspace       used 21182K, committed 21504K, reserved 1114112K
  class space    used 2416K, committed 2560K, reserved 1048576K
}
Event: 3.122 GC heap after
{Heap after GC invocations=4 (full 0):
 garbage-first heap   total 262144K, used 27160K [0x0000000701200000, 0x0000000800000000)
  region size 2048K, 3 young (6144K), 3 survivors (6144K)
 Metaspace       used 21182K, committed 21504K, reserved 1114112K
  class space    used 2416K, committed 2560K, reserved 1048576K
}
Event: 3.919 GC heap before
{Heap before GC invocations=5 (full 0):
 garbage-first heap   total 96256K, used 94744K [0x0000000701200000, 0x0000000800000000)
  region size 2048K, 36 young (73728K), 3 survivors (6144K)
 Metaspace       used 28213K, committed 28544K, reserved 1114112K
  class space    used 3176K, committed 3328K, reserved 1048576K
}
Event: 3.931 GC heap after
{Heap after GC invocations=6 (full 0):
 garbage-first heap   total 118784K, used 40601K [0x0000000701200000, 0x0000000800000000)
  region size 2048K, 10 young (20480K), 10 survivors (20480K)
 Metaspace       used 28213K, committed 28544K, reserved 1114112K
  class space    used 3176K, committed 3328K, reserved 1048576K
}
Event: 4.405 GC heap before
{Heap before GC invocations=6 (full 0):
 garbage-first heap   total 118784K, used 89753K [0x0000000701200000, 0x0000000800000000)
  region size 2048K, 34 young (69632K), 10 survivors (20480K)
 Metaspace       used 30104K, committed 30464K, reserved 1114112K
  class space    used 3381K, committed 3520K, reserved 1048576K
}
Event: 4.416 GC heap after
{Heap after GC invocations=7 (full 0):
 garbage-first heap   total 118784K, used 44021K [0x0000000701200000, 0x0000000800000000)
  region size 2048K, 2 young (4096K), 2 survivors (4096K)
 Metaspace       used 30104K, committed 30464K, reserved 1114112K
  class space    used 3381K, committed 3520K, reserved 1048576K
}
Event: 4.743 GC heap before
{Heap before GC invocations=7 (full 0):
 garbage-first heap   total 118784K, used 97269K [0x0000000701200000, 0x0000000800000000)
  region size 2048K, 28 young (57344K), 2 survivors (4096K)
 Metaspace       used 31253K, committed 31616K, reserved 1114112K
  class space    used 3523K, committed 3648K, reserved 1048576K
}
Event: 4.748 GC heap after
{Heap after GC invocations=8 (full 0):
 garbage-first heap   total 118784K, used 43916K [0x0000000701200000, 0x0000000800000000)
  region size 2048K, 2 young (4096K), 2 survivors (4096K)
 Metaspace       used 31253K, committed 31616K, reserved 1114112K
  class space    used 3523K, committed 3648K, reserved 1048576K
}
Event: 5.434 GC heap before
{Heap before GC invocations=8 (full 0):
 garbage-first heap   total 118784K, used 97164K [0x0000000701200000, 0x0000000800000000)
  region size 2048K, 29 young (59392K), 2 survivors (4096K)
 Metaspace       used 32928K, committed 33408K, reserved 1114112K
  class space    used 3668K, committed 3904K, reserved 1048576K
}
Event: 5.442 GC heap after
{Heap after GC invocations=9 (full 0):
 garbage-first heap   total 118784K, used 46230K [0x0000000701200000, 0x0000000800000000)
  region size 2048K, 3 young (6144K), 3 survivors (6144K)
 Metaspace       used 32928K, committed 33408K, reserved 1114112K
  class space    used 3668K, committed 3904K, reserved 1048576K
}
Event: 5.771 GC heap before
{Heap before GC invocations=9 (full 0):
 garbage-first heap   total 118784K, used 103574K [0x0000000701200000, 0x0000000800000000)
  region size 2048K, 30 young (61440K), 3 survivors (6144K)
 Metaspace       used 33017K, committed 33536K, reserved 1114112K
  class space    used 3673K, committed 3904K, reserved 1048576K
}
Event: 5.792 GC heap after
{Heap after GC invocations=10 (full 0):
 garbage-first heap   total 157696K, used 68324K [0x0000000701200000, 0x0000000800000000)
  region size 2048K, 4 young (8192K), 4 survivors (8192K)
 Metaspace       used 33017K, committed 33536K, reserved 1114112K
  class space    used 3673K, committed 3904K, reserved 1048576K
}
Event: 6.259 GC heap before
{Heap before GC invocations=10 (full 0):
 garbage-first heap   total 157696K, used 123620K [0x0000000701200000, 0x0000000800000000)
  region size 2048K, 31 young (63488K), 4 survivors (8192K)
 Metaspace       used 34548K, committed 35072K, reserved 1114112K
  class space    used 3841K, committed 4096K, reserved 1048576K
}

Dll operation events (8 events):
Event: 0.005 Loaded shared library C:\Program Files\Microsoft\jdk-21.0.10.7-hotspot\bin\java.dll
Event: 0.027 Loaded shared library C:\Program Files\Microsoft\jdk-21.0.10.7-hotspot\bin\jsvml.dll
Event: 0.040 Loaded shared library C:\Program Files\Microsoft\jdk-21.0.10.7-hotspot\bin\net.dll
Event: 0.041 Loaded shared library C:\Program Files\Microsoft\jdk-21.0.10.7-hotspot\bin\nio.dll
Event: 0.043 Loaded shared library C:\Program Files\Microsoft\jdk-21.0.10.7-hotspot\bin\zip.dll
Event: 0.133 Loaded shared library C:\Program Files\Microsoft\jdk-21.0.10.7-hotspot\bin\jimage.dll
Event: 0.134 Loaded shared library C:\Users\jorge\.m2\wrapper\dists\apache-maven-3.9.9\977a63e90f436cd6ade95b4c0e10c20c\lib\jansi-native\Windows\x86_64\jansi.dll
Event: 0.145 Loaded shared library C:\Program Files\Microsoft\jdk-21.0.10.7-hotspot\bin\verify.dll

Deoptimization events (20 events):
Event: 6.211 Thread 0x00000286b7c633d0 Uncommon trap: trap_request=0xffffffc6 fr.pc=0x00000286c8497b80 relative=0x00000000000000e0
Event: 6.211 Thread 0x00000286b7c633d0 Uncommon trap: reason=bimorphic_or_optimized_type_check action=maybe_recompile pc=0x00000286c8497b80 method=lombok.javac.JavacNode.traverse(Llombok/javac/JavacASTVisitor;)V @ 369 c2
Event: 6.211 Thread 0x00000286b7c633d0 DEOPT PACKING pc=0x00000286c8497b80 sp=0x000000cd47dfd250
Event: 6.211 Thread 0x00000286b7c633d0 DEOPT UNPACKING pc=0x00000286c7914422 sp=0x000000cd47dfd1d8 mode 2
Event: 6.211 Thread 0x00000286b7c633d0 Uncommon trap: trap_request=0xffffffc6 fr.pc=0x00000286c8497b80 relative=0x00000000000000e0
Event: 6.211 Thread 0x00000286b7c633d0 Uncommon trap: reason=bimorphic_or_optimized_type_check action=maybe_recompile pc=0x00000286c8497b80 method=lombok.javac.JavacNode.traverse(Llombok/javac/JavacASTVisitor;)V @ 369 c2
Event: 6.211 Thread 0x00000286b7c633d0 DEOPT PACKING pc=0x00000286c8497b80 sp=0x000000cd47dfd170
Event: 6.211 Thread 0x00000286b7c633d0 DEOPT UNPACKING pc=0x00000286c7914422 sp=0x000000cd47dfd0f8 mode 2
Event: 6.232 Thread 0x00000286b7c633d0 Uncommon trap: trap_request=0xffffff45 fr.pc=0x00000286c83cf364 relative=0x0000000000000524
Event: 6.232 Thread 0x00000286b7c633d0 Uncommon trap: reason=unstable_if action=reinterpret pc=0x00000286c83cf364 method=com.sun.tools.javac.tree.TreeInfo.getStartPos(Lcom/sun/tools/javac/tree/JCTree;)I @ 479 c2
Event: 6.232 Thread 0x00000286b7c633d0 DEOPT PACKING pc=0x00000286c83cf364 sp=0x000000cd47dfd810
Event: 6.232 Thread 0x00000286b7c633d0 DEOPT UNPACKING pc=0x00000286c7914422 sp=0x000000cd47dfd798 mode 2
Event: 6.241 Thread 0x00000286b7c633d0 Uncommon trap: trap_request=0xffffff45 fr.pc=0x00000286c8486fa4 relative=0x0000000000001524
Event: 6.241 Thread 0x00000286b7c633d0 Uncommon trap: reason=unstable_if action=reinterpret pc=0x00000286c8486fa4 method=lombok.launch.PackageShader.apply([B)Z @ 190 c2
Event: 6.241 Thread 0x00000286b7c633d0 DEOPT PACKING pc=0x00000286c8486fa4 sp=0x000000cd47dfca20
Event: 6.241 Thread 0x00000286b7c633d0 DEOPT UNPACKING pc=0x00000286c7914422 sp=0x000000cd47dfc9a0 mode 2
Event: 6.241 Thread 0x00000286b7c633d0 Uncommon trap: trap_request=0xffffff45 fr.pc=0x00000286c8484f38 relative=0x00000000000009b8
Event: 6.241 Thread 0x00000286b7c633d0 Uncommon trap: reason=unstable_if action=reinterpret pc=0x00000286c8484f38 method=lombok.launch.PackageShader.apply([B)Z @ 190 c2
Event: 6.241 Thread 0x00000286b7c633d0 DEOPT PACKING pc=0x00000286c8484f38 sp=0x000000cd47dfca20
Event: 6.241 Thread 0x00000286b7c633d0 DEOPT UNPACKING pc=0x00000286c7914422 sp=0x000000cd47dfc9a0 mode 2

Classes loaded (20 events):
Event: 4.793 Loading class java/util/stream/ReferencePipeline$4$1
Event: 4.793 Loading class java/util/stream/ReferencePipeline$4$1 done
Event: 4.803 Loading class java/util/stream/ReduceOps$2
Event: 4.803 Loading class java/util/stream/ReduceOps$2 done
Event: 4.803 Loading class java/util/stream/ReduceOps$2ReducingSink
Event: 4.803 Loading class java/util/stream/ReduceOps$2ReducingSink done
Event: 4.903 Loading class java/io/DataOutputStream
Event: 4.903 Loading class java/io/DataOutputStream done
Event: 5.273 Loading class java/lang/invoke/MethodHandleImpl$CountingWrapper
Event: 5.273 Loading class java/lang/invoke/MethodHandleImpl$CountingWrapper done
Event: 5.292 Loading class java/util/EnumMap$Values
Event: 5.292 Loading class java/util/EnumMap$Values done
Event: 5.292 Loading class java/util/EnumMap$ValueIterator
Event: 5.292 Loading class java/util/EnumMap$ValueIterator done
Event: 5.292 Loading class java/util/WeakHashMap$KeyIterator
Event: 5.292 Loading class java/util/WeakHashMap$KeyIterator done
Event: 5.295 Loading class java/text/MessageFormat$Field
Event: 5.295 Loading class java/text/MessageFormat$Field done
Event: 5.835 Loading class jdk/internal/module/IllegalAccessLogger
Event: 5.835 Loading class jdk/internal/module/IllegalAccessLogger done

Classes unloaded (0 events):
No events

Classes redefined (0 events):
No events

Internal exceptions (20 events):
Event: 6.197 Thread 0x00000286b7c633d0 Exception <a 'sun/nio/fs/WindowsException'{0x000000070744b8e0}> (0x000000070744b8e0) 
thrown [s\src\hotspot\share\prims\jni.cpp, line 520]
Event: 6.205 Thread 0x00000286b7c633d0 Exception <a 'sun/nio/fs/WindowsException'{0x00000007072dea98}> (0x00000007072dea98) 
thrown [s\src\hotspot\share\prims\jni.cpp, line 520]
Event: 6.205 Thread 0x00000286b7c633d0 Exception <a 'sun/nio/fs/WindowsException'{0x00000007072df490}> (0x00000007072df490) 
thrown [s\src\hotspot\share\prims\jni.cpp, line 520]
Event: 6.205 Thread 0x00000286b7c633d0 Exception <a 'sun/nio/fs/WindowsException'{0x00000007072dff50}> (0x00000007072dff50) 
thrown [s\src\hotspot\share\prims\jni.cpp, line 520]
Event: 6.220 Thread 0x00000286b7c633d0 Exception <a 'sun/nio/fs/WindowsException'{0x0000000706f733e0}> (0x0000000706f733e0) 
thrown [s\src\hotspot\share\prims\jni.cpp, line 520]
Event: 6.220 Thread 0x00000286b7c633d0 Exception <a 'sun/nio/fs/WindowsException'{0x0000000706f73dd8}> (0x0000000706f73dd8) 
thrown [s\src\hotspot\share\prims\jni.cpp, line 520]
Event: 6.221 Thread 0x00000286b7c633d0 Exception <a 'sun/nio/fs/WindowsException'{0x0000000706f74898}> (0x0000000706f74898) 
thrown [s\src\hotspot\share\prims\jni.cpp, line 520]
Event: 6.226 Thread 0x00000286b7c633d0 Exception <a 'sun/nio/fs/WindowsException'{0x0000000706d0cb00}> (0x0000000706d0cb00) 
thrown [s\src\hotspot\share\prims\jni.cpp, line 520]
Event: 6.226 Thread 0x00000286b7c633d0 Exception <a 'sun/nio/fs/WindowsException'{0x0000000706d0d4f8}> (0x0000000706d0d4f8) 
thrown [s\src\hotspot\share\prims\jni.cpp, line 520]
Event: 6.226 Thread 0x00000286b7c633d0 Exception <a 'sun/nio/fs/WindowsException'{0x0000000706d0dfb8}> (0x0000000706d0dfb8) 
thrown [s\src\hotspot\share\prims\jni.cpp, line 520]
Event: 6.233 Thread 0x00000286b7c633d0 Exception <a 'sun/nio/fs/WindowsException'{0x0000000706b08c48}> (0x0000000706b08c48) 
thrown [s\src\hotspot\share\prims\jni.cpp, line 520]
Event: 6.234 Thread 0x00000286b7c633d0 Exception <a 'sun/nio/fs/WindowsException'{0x0000000706b1ff50}> (0x0000000706b1ff50) 
thrown [s\src\hotspot\share\prims\jni.cpp, line 520]
Event: 6.236 Thread 0x00000286b7c633d0 Exception <a 'sun/nio/fs/WindowsException'{0x0000000706b37858}> (0x0000000706b37858) 
thrown [s\src\hotspot\share\prims\jni.cpp, line 520]
Event: 6.236 Thread 0x00000286b7c633d0 Exception <a 'sun/nio/fs/WindowsException'{0x0000000706b37fa8}> (0x0000000706b37fa8) 
thrown [s\src\hotspot\share\prims\jni.cpp, line 520]
Event: 6.236 Thread 0x00000286b7c633d0 Exception <a 'sun/nio/fs/WindowsException'{0x0000000706b38578}> (0x0000000706b38578) 
thrown [s\src\hotspot\share\prims\jni.cpp, line 520]
Event: 6.236 Thread 0x00000286b7c633d0 Exception <a 'sun/nio/fs/WindowsException'{0x0000000706b38c98}> (0x0000000706b38c98) 
thrown [s\src\hotspot\share\prims\jni.cpp, line 520]
Event: 6.255 Thread 0x00000286b7c633d0 Exception <a 'sun/nio/fs/WindowsException'{0x000000070698bdc0}> (0x000000070698bdc0) 
thrown [s\src\hotspot\share\prims\jni.cpp, line 520]
Event: 6.255 Thread 0x00000286b7c633d0 Exception <a 'sun/nio/fs/WindowsException'{0x000000070698c498}> (0x000000070698c498) 
thrown [s\src\hotspot\share\prims\jni.cpp, line 520]
Event: 6.255 Thread 0x00000286b7c633d0 Exception <a 'sun/nio/fs/WindowsException'{0x000000070698d328}> (0x000000070698d328) 
thrown [s\src\hotspot\share\prims\jni.cpp, line 520]
Event: 6.255 Thread 0x00000286b7c633d0 Exception <a 'sun/nio/fs/WindowsException'{0x000000070698da90}> (0x000000070698da90) 
thrown [s\src\hotspot\share\prims\jni.cpp, line 520]

ZGC Phase Switch (0 events):
No events

VM Operations (20 events):
Event: 5.069 Executing safepoint VM operation: ICBufferFull done
Event: 5.123 Executing non-safepoint VM operation: HandshakeAllThreads (Deoptimize)
Event: 5.123 Executing non-safepoint VM operation: HandshakeAllThreads (Deoptimize) done
Event: 5.134 Executing safepoint VM operation: ICBufferFull
Event: 5.134 Executing safepoint VM operation: ICBufferFull done
Event: 5.193 Executing safepoint VM operation: ICBufferFull
Event: 5.193 Executing safepoint VM operation: ICBufferFull done
Event: 5.235 Executing safepoint VM operation: ICBufferFull
Event: 5.236 Executing safepoint VM operation: ICBufferFull done
Event: 5.279 Executing safepoint VM operation: ICBufferFull
Event: 5.279 Executing safepoint VM operation: ICBufferFull done
Event: 5.434 Executing safepoint VM operation: G1CollectForAllocation (G1 Evacuation Pause)
Event: 5.442 Executing safepoint VM operation: G1CollectForAllocation (G1 Evacuation Pause) done
Event: 5.761 Executing non-safepoint VM operation: HandshakeAllThreads (Deoptimize)
Event: 5.761 Executing non-safepoint VM operation: HandshakeAllThreads (Deoptimize) done
Event: 5.771 Executing safepoint VM operation: G1CollectForAllocation (G1 Evacuation Pause)
Event: 5.792 Executing safepoint VM operation: G1CollectForAllocation (G1 Evacuation Pause) done
Event: 6.248 Executing safepoint VM operation: ICBufferFull
Event: 6.248 Executing safepoint VM operation: ICBufferFull done
Event: 6.259 Executing safepoint VM operation: G1CollectForAllocation (G1 Evacuation Pause)

Memory protections (0 events):
No events

Nmethod flushes (0 events):
No events

Events (18 events):
Event: 0.016 Thread 0x00000286b7c633d0 Thread added: 0x00000286b7c633d0
Event: 0.026 Thread 0x00000286b7c633d0 Thread added: 0x00000286d74fc230
Event: 0.026 Thread 0x00000286b7c633d0 Thread added: 0x00000286d74fe160
Event: 0.026 Thread 0x00000286b7c633d0 Thread added: 0x00000286d74ff080
Event: 0.026 Thread 0x00000286b7c633d0 Thread added: 0x00000286d7503110
Event: 0.026 Thread 0x00000286b7c633d0 Thread added: 0x00000286d7504380
Event: 0.026 Thread 0x00000286b7c633d0 Thread added: 0x00000286d7504de0
Event: 0.026 Thread 0x00000286b7c633d0 Thread added: 0x00000286d7505df0
Event: 0.026 Thread 0x00000286b7c633d0 Thread added: 0x00000286d75088a0
Event: 0.037 Thread 0x00000286b7c633d0 Thread added: 0x00000286d76c3e40
Event: 0.038 Thread 0x00000286b7c633d0 Thread added: 0x00000286d76c92c0
Event: 0.131 Thread 0x00000286b7c633d0 Thread added: 0x00000286d77bc610
Event: 0.149 Thread 0x00000286d77bc610 Thread exited: 0x00000286d77bc610
Event: 0.266 Thread 0x00000286d75088a0 Thread added: 0x000002871d1edb00
Event: 0.431 Thread 0x00000286d75088a0 Thread added: 0x000002871d994820
Event: 1.166 Thread 0x00000286b7c633d0 Thread added: 0x000002871da7a850
Event: 4.274 Thread 0x000002871d994820 Thread exited: 0x000002871d994820
Event: 4.344 Thread 0x00000286d75088a0 Thread added: 0x00000287201105f0


Dynamic libraries:
0x00007ff6c5f10000 - 0x00007ff6c5f1e000 	C:\Program Files\Microsoft\jdk-21.0.10.7-hotspot\bin\java.exe
0x00007ffbe5510000 - 0x00007ffbe5708000 	C:\WINDOWS\SYSTEM32\ntdll.dll
0x00007ffbe4a80000 - 0x00007ffbe4b42000 	C:\WINDOWS\System32\KERNEL32.DLL
0x00007ffbe3160000 - 0x00007ffbe3456000 	C:\WINDOWS\System32\KERNELBASE.dll
0x00007ffbe2e50000 - 0x00007ffbe2f50000 	C:\WINDOWS\System32\ucrtbase.dll
0x00007ffbc7b90000 - 0x00007ffbc7ba8000 	C:\Program Files\Microsoft\jdk-21.0.10.7-hotspot\bin\jli.dll
0x00007ffbc7b70000 - 0x00007ffbc7b8e000 	C:\Program Files\Microsoft\jdk-21.0.10.7-hotspot\bin\VCRUNTIME140.dll
0x00007ffbe36f0000 - 0x00007ffbe3891000 	C:\WINDOWS\System32\USER32.dll
0x00007ffbe2ff0000 - 0x00007ffbe3012000 	C:\WINDOWS\System32\win32u.dll
0x00007ffbca5f0000 - 0x00007ffbca88b000 	C:\WINDOWS\WinSxS\amd64_microsoft.windows.common-controls_6595b64144ccf1df_6.0.19041.6456_none_60b8a6cb71f64256\COMCTL32.dll
0x00007ffbe4050000 - 0x00007ffbe407b000 	C:\WINDOWS\System32\GDI32.dll
0x00007ffbe5430000 - 0x00007ffbe54ce000 	C:\WINDOWS\System32\msvcrt.dll
0x00007ffbe2bd0000 - 0x00007ffbe2ce9000 	C:\WINDOWS\System32\gdi32full.dll
0x00007ffbe2f50000 - 0x00007ffbe2fed000 	C:\WINDOWS\System32\msvcp_win.dll
0x00007ffbe4b50000 - 0x00007ffbe4b7f000 	C:\WINDOWS\System32\IMM32.DLL
0x00007ffbc8a60000 - 0x00007ffbc8a6c000 	C:\Program Files\Microsoft\jdk-21.0.10.7-hotspot\bin\vcruntime140_1.dll
0x00007ffbaa1f0000 - 0x00007ffbaa279000 	C:\Program Files\Microsoft\jdk-21.0.10.7-hotspot\bin\msvcp140.dll
0x00007ffb9b790000 - 0x00007ffb9c53d000 	C:\Program Files\Microsoft\jdk-21.0.10.7-hotspot\bin\server\jvm.dll
0x00007ffbe4f00000 - 0x00007ffbe4fb1000 	C:\WINDOWS\System32\ADVAPI32.dll
0x00007ffbe4bf0000 - 0x00007ffbe4c8f000 	C:\WINDOWS\System32\sechost.dll
0x00007ffbe4de0000 - 0x00007ffbe4f00000 	C:\WINDOWS\System32\RPCRT4.dll
0x00007ffbe2ba0000 - 0x00007ffbe2bc7000 	C:\WINDOWS\System32\bcrypt.dll
0x00007ffbe4230000 - 0x00007ffbe429b000 	C:\WINDOWS\System32\WS2_32.dll
0x00007ffbe2090000 - 0x00007ffbe20db000 	C:\WINDOWS\SYSTEM32\POWRPROF.dll
0x00007ffbd1c10000 - 0x00007ffbd1c37000 	C:\WINDOWS\SYSTEM32\WINMM.dll
0x00007ffbdba70000 - 0x00007ffbdba7a000 	C:\WINDOWS\SYSTEM32\VERSION.dll
0x00007ffbe1f60000 - 0x00007ffbe1f72000 	C:\WINDOWS\SYSTEM32\UMPDC.dll
0x00007ffbe09f0000 - 0x00007ffbe0a02000 	C:\WINDOWS\SYSTEM32\kernel.appcore.dll
0x00007ffbc8690000 - 0x00007ffbc869a000 	C:\Program Files\Microsoft\jdk-21.0.10.7-hotspot\bin\jimage.dll
0x00007ffbd12b0000 - 0x00007ffbd14b1000 	C:\WINDOWS\SYSTEM32\DBGHELP.DLL
0x00007ffbc2710000 - 0x00007ffbc2744000 	C:\WINDOWS\SYSTEM32\dbgcore.DLL
0x00007ffbe3020000 - 0x00007ffbe30a2000 	C:\WINDOWS\System32\bcryptPrimitives.dll
0x00007ffbc7b40000 - 0x00007ffbc7b61000 	C:\Program Files\Microsoft\jdk-21.0.10.7-hotspot\bin\java.dll
0x00007ffbe4310000 - 0x00007ffbe4a80000 	C:\WINDOWS\System32\SHELL32.dll
0x00007ffbe0bf0000 - 0x00007ffbe1395000 	C:\WINDOWS\SYSTEM32\windows.storage.dll
0x00007ffbe5070000 - 0x00007ffbe53c4000 	C:\WINDOWS\System32\combase.dll
0x00007ffbe24f0000 - 0x00007ffbe251b000 	C:\WINDOWS\SYSTEM32\Wldp.dll
0x00007ffbe3f20000 - 0x00007ffbe3fed000 	C:\WINDOWS\System32\OLEAUT32.dll
0x00007ffbe4c90000 - 0x00007ffbe4d3d000 	C:\WINDOWS\System32\SHCORE.dll
0x00007ffbe53d0000 - 0x00007ffbe542b000 	C:\WINDOWS\System32\shlwapi.dll
0x00007ffbe2ad0000 - 0x00007ffbe2af4000 	C:\WINDOWS\SYSTEM32\profapi.dll
0x00007ffb9f9e0000 - 0x00007ffb9fab6000 	C:\Program Files\Microsoft\jdk-21.0.10.7-hotspot\bin\jsvml.dll
0x00007ffbc7510000 - 0x00007ffbc7521000 	C:\Program Files\Microsoft\jdk-21.0.10.7-hotspot\bin\net.dll
0x00007ffbdbce0000 - 0x00007ffbdbdea000 	C:\WINDOWS\SYSTEM32\WINHTTP.dll
0x00007ffbe22d0000 - 0x00007ffbe233a000 	C:\WINDOWS\system32\mswsock.dll
0x00007ffbc74f0000 - 0x00007ffbc7506000 	C:\Program Files\Microsoft\jdk-21.0.10.7-hotspot\bin\nio.dll
0x00007ffbc7470000 - 0x00007ffbc7488000 	C:\Program Files\Microsoft\jdk-21.0.10.7-hotspot\bin\zip.dll
0x00007ffbc5670000 - 0x00007ffbc5694000 	C:\Users\jorge\.m2\wrapper\dists\apache-maven-3.9.9\977a63e90f436cd6ade95b4c0e10c20c\lib\jansi-native\Windows\x86_64\jansi.dll
0x00007ffbc78e0000 - 0x00007ffbc78f0000 	C:\Program Files\Microsoft\jdk-21.0.10.7-hotspot\bin\verify.dll
0x00007ffbe1df0000 - 0x00007ffbe1e23000 	C:\WINDOWS\SYSTEM32\ntmarta.dll

JVMTI agents: none

dbghelp: loaded successfully - version: 4.0.5 - missing functions: none
symbol engine: initialized successfully - sym options: 0x614 - pdb path: .;C:\Program Files\Microsoft\jdk-21.0.10.7-hotspot\bin;C:\WINDOWS\SYSTEM32;C:\WINDOWS\WinSxS\amd64_microsoft.windows.common-controls_6595b64144ccf1df_6.0.19041.6456_none_60b8a6cb71f64256;C:\Program Files\Microsoft\jdk-21.0.10.7-hotspot\bin\server;C:\Users\jorge\.m2\wrapper\dists\apache-maven-3.9.9\977a63e90f436cd6ade95b4c0e10c20c\lib\jansi-native\Windows\x86_64

VM Arguments:
jvm_args: -Dclassworlds.conf=C:\Users\jorge\.m2\wrapper\dists\apache-maven-3.9.9\977a63e90f436cd6ade95b4c0e10c20c\bin\m2.conf -Dmaven.home=C:\Users\jorge\.m2\wrapper\dists\apache-maven-3.9.9\977a63e90f436cd6ade95b4c0e10c20c -Dlibrary.jansi.path=C:\Users\jorge\.m2\wrapper\dists\apache-maven-3.9.9\977a63e90f436cd6ade95b4c0e10c20c\lib\jansi-native -Dmaven.multiModuleProjectDirectory=C:\Users\jorge\OneDrive\Desktop\Backend II\minimarket 
java_command: org.codehaus.plexus.classworlds.launcher.Launcher clean test
java_class_path (initial): C:\Users\jorge\.m2\wrapper\dists\apache-maven-3.9.9\977a63e90f436cd6ade95b4c0e10c20c\boot\plexus-classworlds-2.8.0.jar
Launcher Type: SUN_STANDARD

[Global flags]
     intx CICompilerCount                          = 4                                         {product} {ergonomic}
     uint ConcGCThreads                            = 3                                         {product} {ergonomic}
     uint G1ConcRefinementThreads                  = 10                                        {product} {ergonomic}
   size_t G1HeapRegionSize                         = 2097152                                   {product} {ergonomic}
    uintx GCDrainStackTargetSize                   = 64                                        {product} {ergonomic}
   size_t InitialHeapSize                          = 268435456                                 {product} {ergonomic}
   size_t MarkStackSize                            = 4194304                                   {product} {ergonomic}
   size_t MaxHeapSize                              = 4276092928                                {product} {ergonomic}
   size_t MaxNewSize                               = 2564816896                                {product} {ergonomic}
   size_t MinHeapDeltaBytes                        = 2097152                                   {product} {ergonomic}
   size_t MinHeapSize                              = 8388608                                   {product} {ergonomic}
    uintx NonNMethodCodeHeapSize                   = 5839372                                {pd product} {ergonomic}
    uintx NonProfiledCodeHeapSize                  = 122909434                              {pd product} {ergonomic}
    uintx ProfiledCodeHeapSize                     = 122909434                              {pd product} {ergonomic}
    uintx ReservedCodeCacheSize                    = 251658240                              {pd product} {ergonomic}
     bool SegmentedCodeCache                       = true                                      {product} {ergonomic}
   size_t SoftMaxHeapSize                          = 4276092928                             {manageable} {ergonomic}
     bool UseCompressedOops                        = true                           {product lp64_product} {ergonomic}
     bool UseG1GC                                  = true                                      {product} {ergonomic}
     bool UseLargePagesIndividualAllocation        = false                                  {pd product} {ergonomic}

Logging:
Log output configuration:
 #0: stdout all=warning uptime,level,tags foldmultilines=false
 #1: stderr all=off uptime,level,tags foldmultilines=false

Release file:
IMPLEMENTOR="Microsoft" 
IMPLEMENTOR_VERSION="Microsoft-13106404" 
JAVA_RUNTIME_VERSION="21.0.10+7-LTS" 
JAVA_VERSION="21.0.10" 
JAVA_VERSION_DATE="2026-01-20" 
LIBC="default" 
MODULES="java.base java.compiler java.datatransfer java.xml java.prefs java.desktop java.instrument java.logging java.management java.security.sasl java.naming java.rmi java.management.rmi java.net.http java.scripting java.security.jgss java.transaction.xa java.sql java.sql.rowset java.xml.crypto java.se java.smartcardio jdk.accessibility jdk.internal.jvmstat jdk.attach jdk.charsets jdk.internal.opt jdk.zipfs jdk.compiler jdk.crypto.ec jdk.crypto.cryptoki jdk.crypto.mscapi jdk.dynalink jdk.internal.ed jdk.editpad jdk.hotspot.agent jdk.httpserver jdk.incubator.vector jdk.internal.le jdk.internal.vm.ci jdk.internal.vm.compiler jdk.internal.vm.compiler.management jdk.jartool jdk.javadoc jdk.jcmd jdk.management jdk.management.agent jdk.jconsole jdk.jdeps jdk.jdwp.agent jdk.jdi jdk.jfr jdk.jlink jdk.jpackage jdk.jshell jdk.jsobject jdk.jstatd jdk.localedata jdk.management.jfr jdk.naming.dns jdk.naming.rmi jdk.net jdk.nio.mapmode jdk.random jdk.sctp jdk.security.auth jdk.security.jgss jdk.unsupported jdk.unsupported.desktop jdk.xml.dom" 
OS_ARCH="x86_64" 
OS_NAME="Windows" 
SOURCE=".:git:e69b6ef7382e" 

Environment Variables:
JAVA_HOME=C:\Program Files\Microsoft\jdk-21.0.10.7-hotspot\
PATH=C:\Program Files\Microsoft\jdk-21.0.10.7-hotspot\bin;C:\Program Files\Common Files\Oracle\Java\javapath;C:\app\jorge\product\21c\dbhomeXE\bin;C:\WINDOWS\system32;C:\WINDOWS;C:\WINDOWS\System32\Wbem;C:\WINDOWS\System32\WindowsPowerShell\v1.0\;C:\WINDOWS\System32\OpenSSH\;C:\Program Files\NVIDIA Corporation\NVIDIA App\NvDLISR;C:\Program Files (x86)\NVIDIA Corporation\PhysX\Common;C:\Program Files\nodejs\;C:\Program Files\Docker\Docker\resources\bin;C:\Program Files\Git\cmd;C:\Program Files\dotnet\;C:\Users\jorge\scoop\apps\maven\current\bin;C:\Users\jorge\scoop\shims;C:\Program Files\MySQL\MySQL Shell 8.0\bin\;C:\Users\jorge\AppData\Local\Programs\Python\Launcher\;C:\Users\jorge\AppData\Local\Microsoft\WindowsApps;C:\Users\jorge\AppData\Local\Programs\Microsoft VS Code\bin;C:\Program Files\JetBrains\PyCharm Community Edition 2025.1.1.1\bin;;C:\Users\jorge\AppData\Roaming\npm;C:\Users\jorge\.dotnet\tools
USERNAME=jorge
OS=Windows_NT
PROCESSOR_IDENTIFIER=Intel64 Family 6 Model 165 Stepping 5, GenuineIntel
TMP=C:\Users\jorge\AppData\Local\Temp
TEMP=C:\Users\jorge\AppData\Local\Temp




Periodic native trim disabled

---------------  S Y S T E M  ---------------

OS:
 Windows 10 , 64 bit Build 19041 (10.0.19041.5915)
OS uptime: 0 days 21:31 hours
Hyper-V role detected

CPU: total 12 (initial active 12) (6 cores per cpu, 2 threads per core) family 6 model 165 stepping 5 microcode 0xca, cx8, cmov, fxsr, ht, mmx, 3dnowpref, sse, sse2, sse3, ssse3, sse4.1, sse4.2, popcnt, lzcnt, tsc, tscinvbit, avx, avx2, aes, erms, clmul, bmi1, bmi2, adx, fma, vzeroupper, clflush, clflushopt, hv, rdtscp, f16c
Processor Information for the first 12 processors :
  Max Mhz: 4104, Current Mhz: 3803, Mhz Limit: 4104

Memory: 4k page, system-wide physical 16310M (5097M free)
TotalPageFile size 27574M (AvailPageFile size 10790M)
current process WorkingSet (physical memory assigned to process): 331M, peak: 331M
current process commit charge ("private bytes"): 370M, peak: 424M

vm_info: OpenJDK 64-Bit Server VM (21.0.10+7-LTS) for windows-amd64 JRE (21.0.10+7-LTS), built on 2026-01-15T18:39:42Z by "MicrosoftCorporation" with MS VC++ 17.14 (VS2022)

END.
