#
# A fatal error has been detected by the Java Runtime Environment:
#
#  EXCEPTION_ACCESS_VIOLATION (0xc0000005) at pc=0x00007ffb9ad7d19f, pid=20484, tid=11888
#
# JRE version: OpenJDK Runtime Environment Microsoft-13106404 (21.0.10+7) (build 21.0.10+7-LTS)
# Java VM: OpenJDK 64-Bit Server VM Microsoft-13106404 (21.0.10+7-LTS, mixed mode, sharing, tiered, compressed oops, compressed class ptrs, g1 gc, windows-amd64)
# Problematic frame:
# V  [jvm.dll+0x6bd19f]
#
# No core dump will be written. Minidumps are not enabled by default on client versions of Windows
#
# If you would like to submit a bug report, please visit:
#   https://github.com/microsoft/openjdk/issues
#

---------------  S U M M A R Y ------------

Command Line: -Dclassworlds.conf=C:\Users\jorge\.m2\wrapper\dists\apache-maven-3.9.9\977a63e90f436cd6ade95b4c0e10c20c\bin\m2.conf -Dmaven.home=C:\Users\jorge\.m2\wrapper\dists\apache-maven-3.9.9\977a63e90f436cd6ade95b4c0e10c20c -Dlibrary.jansi.path=C:\Users\jorge\.m2\wrapper\dists\apache-maven-3.9.9\977a63e90f436cd6ade95b4c0e10c20c\lib\jansi-native -Dmaven.multiModuleProjectDirectory=C:\Users\jorge\OneDrive\Desktop\Backend II\minimarket org.codehaus.plexus.classworlds.launcher.Launcher clean compile

Host: Intel(R) Core(TM) i5-10600K CPU @ 4.10GHz, 12 cores, 15G,  Windows 10 , 64 bit Build 19041 (10.0.19041.5915)
Time: Sat Jul 18 11:04:19 2026 Hora est. Sudamérica Pacífico elapsed time: 2.352805 seconds (0d 0h 0m 2s)

---------------  T H R E A D  ---------------

Current thread (0x000001fe46068ab0):  JavaThread "C2 CompilerThread0" daemon [_thread_in_native, id=11888, stack(0x0000009f0b000000,0x0000009f0b100000) (1024K)]


Current CompileTask:
C2:2352 4417       4       org.codehaus.plexus.util.xml.Xpp3DomBuilder::build (413 bytes)

Stack: [0x0000009f0b000000,0x0000009f0b100000],  sp=0x0000009f0b0fca50,  free space=1010k
Native frames: (J=compiled Java code, j=interpreted, Vv=VM code, C=native code)
V  [jvm.dll+0x6bd19f]  (no source info available)
V  [jvm.dll+0x70ff87]  (no source info available)
V  [jvm.dll+0x70fd8d]  (no source info available)
V  [jvm.dll+0x70dcb5]  (no source info available)
V  [jvm.dll+0x70f345]  (no source info available)
V  [jvm.dll+0x1ea89e]  (no source info available)
V  [jvm.dll+0x2527c3]  (no source info available)
V  [jvm.dll+0x251c93]  (no source info available)
V  [jvm.dll+0x1d1adf]  (no source info available)
V  [jvm.dll+0x26195a]  (no source info available)
V  [jvm.dll+0x25fcc5]  (no source info available)
V  [jvm.dll+0x402155]  (no source info available)
V  [jvm.dll+0x86ab8d]  (no source info available)
V  [jvm.dll+0x6e141d]  (no source info available)
C  [ucrtbase.dll+0x21bb2]  (no source info available)
C  [KERNEL32.DLL+0x17374]  (no source info available)
C  [ntdll.dll+0x4cc91]  (no source info available)


siginfo: EXCEPTION_ACCESS_VIOLATION (0xc0000005), reading address 0x0000001000000010


Registers:
RAX=0x000001fe45eebc80, RBX=0x000001fe8d2a4da0, RCX=0x0000000000000000, RDX=0x0000001000000000
RSP=0x0000009f0b0fca50, RBP=0x0000000000000070, RSI=0x000001fe45eebc98, RDI=0x0000000000000003
R8 =0x000001fe8d2a4da0, R9 =0x000001fe8d2a4e10, R10=0x000001fe8d2a4e08, R11=0x000001fe8d2a4c50
R12=0x0000009f0b0fe740, R13=0x0000000000000000, R14=0x0000009f0b0fd270, R15=0x000001fe45eebc98
RIP=0x00007ffb9ad7d19f, EFLAGS=0x0000000000010206

XMM[0]=0x0000000000000000 0x0000000000000000
XMM[1]=0x0000000000000000 0x0000000000000000
XMM[2]=0x0000000000000000 0x0000000000000000
XMM[3]=0x0000000000000000 0x0000000000000000
XMM[4]=0x0000000000000000 0x0000000000000000
XMM[5]=0x0000000000000000 0x0000000000000000
XMM[6]=0x0000000000000000 0x0000000000000000
XMM[7]=0x0000000000000000 0x0000000000000000
XMM[8]=0x0000000000000000 0x0000000000000000
XMM[9]=0x0000000000000000 0x0000000000000000
XMM[10]=0x0000000000000000 0x0000000000000000
XMM[11]=0x0000000000000000 0x0000000000000000
XMM[12]=0x0000000000000000 0x0000000000000000
XMM[13]=0x0000000000000000 0x0000000000000000
XMM[14]=0x0000000000000000 0x0000000000000000
XMM[15]=0x0000000000000000 0x0000000000000000
  MXCSR=0x00001fa0


Register to memory mapping:

RAX=0x000001fe45eebc80 points into unknown readable memory: 0x000001fe460536a0 | a0 36 05 46 fe 01 00 00
RBX=0x000001fe8d2a4da0 points into unknown readable memory: 0x00007ffb9b0d8260 | 60 82 0d 9b fb 7f 00 00
RCX=0x0 is null
RDX=0x0000001000000000 is an unknown value
RSP=0x0000009f0b0fca50 is pointing into the stack for thread: 0x000001fe46068ab0
RBP=0x0000000000000070 is an unknown value
RSI=0x000001fe45eebc98 points into unknown readable memory: 0x000001fe460695b0 | b0 95 06 46 fe 01 00 00
RDI=0x0000000000000003 is an unknown value
R8 =0x000001fe8d2a4da0 points into unknown readable memory: 0x00007ffb9b0d8260 | 60 82 0d 9b fb 7f 00 00
R9 =0x000001fe8d2a4e10 points into unknown readable memory: 0x0000000000000000 | 00 00 00 00 00 00 00 00
R10=0x000001fe8d2a4e08 points into unknown readable memory: 0x0000000000000000 | 00 00 00 00 00 00 00 00
R11=0x000001fe8d2a4c50 points into unknown readable memory: 0x000001fe469facb0 | b0 ac 9f 46 fe 01 00 00
R12=0x0000009f0b0fe740 is pointing into the stack for thread: 0x000001fe46068ab0
R13=0x0 is null
R14=0x0000009f0b0fd270 is pointing into the stack for thread: 0x000001fe46068ab0
R15=0x000001fe45eebc98 points into unknown readable memory: 0x000001fe460695b0 | b0 95 06 46 fe 01 00 00

Top of Stack: (sp=0x0000009f0b0fca50)
0x0000009f0b0fca50:   000001fe8c281668 000001fe8c2801d0
0x0000009f0b0fca60:   000001fe8c281668 00007ffb9a809bdc
0x0000009f0b0fca70:   0000009f0b0fd270 000001fe45eebc98
0x0000009f0b0fca80:   0000000000000001 000001fe8d2a4da0
0x0000009f0b0fca90:   000001fe469fac10 00007ffb9adcff87
0x0000009f0b0fcaa0:   000001fe4610b0c8 0000000000000002
0x0000009f0b0fcab0:   000001fe46109c30 000001fe8c7712f8
0x0000009f0b0fcac0:   000001fe4610b0c8 000001fe46109c30
0x0000009f0b0fcad0:   0000000000000008 0000000000000001
0x0000009f0b0fcae0:   0000009f0b0fd270 000001fe8d40e7b0
0x0000009f0b0fcaf0:   000001fe8e10d480 000001fe8d2a4da0
0x0000009f0b0fcb00:   00007ffb9b302b20 00007ffb9adcfd8d
0x0000009f0b0fcb10:   000001fe469fac10 000001fe469fac10
0x0000009f0b0fcb20:   000001fe8d2a4da0 000001fe8c7712f8
0x0000009f0b0fcb30:   000001fe4610b0c8 000001fe46109c30
0x0000009f0b0fcb40:   0000000000000001 000001fe46109c30
0x0000009f0b0fcb50:   0000009f0b0fd270 0000000000000000
0x0000009f0b0fcb60:   000001fe8d40e7b0 00007ffb9adcdcb5
0x0000009f0b0fcb70:   0000000000000010 000001fe4610b0c8
0x0000009f0b0fcb80:   000001fe46109c30 000001fe45eebc98
0x0000009f0b0fcb90:   000001fe8c7712f8 000001fe4610b0c8
0x0000009f0b0fcba0:   000001fe46109c30 00007ffb9adcff87
0x0000009f0b0fcbb0:   0000000000000008 0000000000000000
0x0000009f0b0fcbc0:   000001fe469fac10 0000000000000000
0x0000009f0b0fcbd0:   0000000000007fd8 000001fe46109c30
0x0000009f0b0fcbe0:   000001fe8d40e7b0 0000009f0b0fd270
0x0000009f0b0fcbf0:   000001fe4610b0c8 0000000000000000
0x0000009f0b0fcc00:   000001fe8c7712f8 0000009f0b0fcd20
0x0000009f0b0fcc10:   0000000000000001 00007ffb9adcf345
0x0000009f0b0fcc20:   000001fe00000000 000001fe8d40e7b0
0x0000009f0b0fcc30:   000001fe00000001 000001fe8c7712f8
0x0000009f0b0fcc40:   000001fe4610b0c8 000001fe46109c30 

Instructions: (pc=0x00007ffb9ad7d19f)
0x00007ffb9ad7d09f:   83 98 02 00 00 75 07 48 89 bb 98 02 00 00 48 8b
0x00007ffb9ad7d0af:   5c 24 50 48 8b 6c 24 58 48 8b 74 24 60 48 83 c4
0x00007ffb9ad7d0bf:   20 41 5f 41 5e 41 5d 41 5c 5f c3 cc cc cc cc cc
0x00007ffb9ad7d0cf:   cc 48 89 5c 24 10 48 89 6c 24 18 56 57 41 54 41
0x00007ffb9ad7d0df:   55 41 56 48 83 ec 20 8b 41 18 45 33 ed 8b 2d f6
0x00007ffb9ad7d0ef:   e7 63 00 4c 8b e2 41 ba 70 00 00 00 48 8b d9 41
0x00007ffb9ad7d0ff:   8b fd 85 c0 74 69 65 48 8b 04 25 58 00 00 00 48
0x00007ffb9ad7d10f:   8d 34 e8 48 8b 43 08 8b cf 4c 8d 0c c8 48 8b 0c
0x00007ffb9ad7d11f:   c8 48 85 c9 74 40 4c 8b 41 10 4d 85 c0 74 1d 8b
0x00007ffb9ad7d12f:   41 20 49 8d 14 c0 48 39 5a f8 48 8d 52 f8 75 f6
0x00007ffb9ad7d13f:   ff c8 89 41 20 49 8b 0c c0 48 89 0a 48 8b 06 41
0x00007ffb9ad7d14f:   8b ca 4d 89 29 44 38 2c 01 75 0b e8 51 23 2a 00
0x00007ffb9ad7d15f:   41 ba 70 00 00 00 8b 43 18 ff c7 3b f8 72 a4 8b
0x00007ffb9ad7d16f:   7b 1c 3b f8 0f 86 aa 00 00 00 65 48 8b 04 25 58
0x00007ffb9ad7d17f:   00 00 00 4c 89 7c 24 50 4c 8d 3c e8 bd 70 00 00
0x00007ffb9ad7d18f:   00 4c 8b 53 08 ff cf 49 8b 14 fa 48 85 d2 74 76
0x00007ffb9ad7d19f:   4c 8b 42 10 4d 85 c0 74 22 8b 4a 20 49 8d 04 c8
0x00007ffb9ad7d1af:   90 48 39 58 f8 48 8d 40 f8 75 f6 ff c9 89 4a 20
0x00007ffb9ad7d1bf:   49 8b 14 c8 48 89 10 4c 8b 53 08 44 8b 4b 1c 4d
0x00007ffb9ad7d1cf:   8b dd 41 ff c9 8b cf 41 3b f9 73 1b 0f 1f 44 00
0x00007ffb9ad7d1df:   00 8d 51 01 4d 8b 04 d2 4d 85 c0 74 0a 8b ca 4d
0x00007ffb9ad7d1ef:   8b d8 41 3b d1 72 ea 48 8b 43 08 4c 89 1c f8 48
0x00007ffb9ad7d1ff:   8b 43 08 4c 89 2c c8 49 8b 07 44 38 6c 05 00 75
0x00007ffb9ad7d20f:   05 e8 9b 22 2a 00 3b 7b 18 0f 87 72 ff ff ff 4c
0x00007ffb9ad7d21f:   8b 7c 24 50 8b 53 28 49 8b cc 48 8b 5c 24 58 48
0x00007ffb9ad7d22f:   8b 6c 24 60 48 83 c4 20 41 5e 41 5d 41 5c 5f 5e
0x00007ffb9ad7d23f:   e9 2c fc b9 ff cc cc cc cc cc cc cc cc cc cc cc
0x00007ffb9ad7d24f:   cc 48 89 5c 24 18 55 56 57 41 54 41 55 41 56 41
0x00007ffb9ad7d25f:   57 48 83 ec 20 44 8b 3d 6d a9 58 00 49 8b e8 41
0x00007ffb9ad7d26f:   c7 40 18 00 00 00 00 48 8b fa 45 8b 40 08 4c 8b
0x00007ffb9ad7d27f:   e9 48 8b f2 48 89 54 24 60 48 8b 4d 10 33 d2 49
0x00007ffb9ad7d28f:   c1 e0 03 45 32 e4 e8 88 34 2a 00 48 85 f6 0f 84 


Stack slot to memory mapping:

stack at sp + 0 slots: 0x000001fe8c281668 points into unknown readable memory: 0x000001fe4605bfa0 | a0 bf 05 46 fe 01 00 00
stack at sp + 1 slots: 0x000001fe8c2801d0 points into unknown readable memory: 0x000001fe4605bfa0 | a0 bf 05 46 fe 01 00 00
stack at sp + 2 slots: 0x000001fe8c281668 points into unknown readable memory: 0x000001fe4605bfa0 | a0 bf 05 46 fe 01 00 00
stack at sp + 3 slots: 0x00007ffb9a809bdc jvm.dll
stack at sp + 4 slots: 0x0000009f0b0fd270 is pointing into the stack for thread: 0x000001fe46068ab0
stack at sp + 5 slots: 0x000001fe45eebc98 points into unknown readable memory: 0x000001fe460695b0 | b0 95 06 46 fe 01 00 00
stack at sp + 6 slots: 0x0000000000000001 is an unknown value
stack at sp + 7 slots: 0x000001fe8d2a4da0 points into unknown readable memory: 0x00007ffb9b0d8260 | 60 82 0d 9b fb 7f 00 00


---------------  P R O C E S S  ---------------

Threads class SMR info:
_java_thread_list=0x000001fe8c0897a0, length=14, elements={
0x000001fe267bdd50, 0x000001fe4605a6b0, 0x000001fe4605c5e0, 0x000001fe4605fbb0,
0x000001fe46061d90, 0x000001fe46062f90, 0x000001fe46064080, 0x000001fe46068ab0,
0x000001fe4606d570, 0x000001fe4621b170, 0x000001fe46221dd0, 0x000001fe46679400,
0x000001fe8c1597e0, 0x000001fe8c0d9780
}

Java Threads: ( => current thread )
  0x000001fe267bdd50 JavaThread "main"                              [_thread_in_vm, id=2904, stack(0x0000009f0a200000,0x0000009f0a300000) (1024K)]
  0x000001fe4605a6b0 JavaThread "Reference Handler"          daemon [_thread_blocked, id=13892, stack(0x0000009f0aa00000,0x0000009f0ab00000) (1024K)]
  0x000001fe4605c5e0 JavaThread "Finalizer"                  daemon [_thread_blocked, id=15668, stack(0x0000009f0ab00000,0x0000009f0ac00000) (1024K)]
  0x000001fe4605fbb0 JavaThread "Signal Dispatcher"          daemon [_thread_blocked, id=18960, stack(0x0000009f0ac00000,0x0000009f0ad00000) (1024K)]
  0x000001fe46061d90 JavaThread "Attach Listener"            daemon [_thread_blocked, id=16412, stack(0x0000009f0ad00000,0x0000009f0ae00000) (1024K)]
  0x000001fe46062f90 JavaThread "Service Thread"             daemon [_thread_blocked, id=8260, stack(0x0000009f0ae00000,0x0000009f0af00000) (1024K)]
  0x000001fe46064080 JavaThread "Monitor Deflation Thread"   daemon [_thread_blocked, id=16352, stack(0x0000009f0af00000,0x0000009f0b000000) (1024K)]
=>0x000001fe46068ab0 JavaThread "C2 CompilerThread0"         daemon [_thread_in_native, id=11888, stack(0x0000009f0b000000,0x0000009f0b100000) (1024K)]
  0x000001fe4606d570 JavaThread "C1 CompilerThread0"         daemon [_thread_blocked, id=10880, stack(0x0000009f0b100000,0x0000009f0b200000) (1024K)]
  0x000001fe4621b170 JavaThread "Notification Thread"        daemon [_thread_blocked, id=20084, stack(0x0000009f0b200000,0x0000009f0b300000) (1024K)]
  0x000001fe46221dd0 JavaThread "Common-Cleaner"             daemon [_thread_blocked, id=20116, stack(0x0000009f0b300000,0x0000009f0b400000) (1024K)]
  0x000001fe46679400 JavaThread "C2 CompilerThread1"         daemon [_thread_blocked, id=10676, stack(0x0000009f0b400000,0x0000009f0b500000) (1024K)]
  0x000001fe8c1597e0 JavaThread "C2 CompilerThread2"         daemon [_thread_in_native, id=4000, stack(0x0000009f0b500000,0x0000009f0b600000) (1024K)]
  0x000001fe8c0d9780 JavaThread "Thread-1"                   daemon [_thread_blocked, id=7616, stack(0x0000009f0bf00000,0x0000009f0c000000) (1024K)]
Total: 14

Other Threads:
  0x000001fe4603bec0 VMThread "VM Thread"                           [id=12272, stack(0x0000009f0a900000,0x0000009f0aa00000) (1024K)]
  0x000001fe4602c0d0 WatcherThread "VM Periodic Task Thread"        [id=11148, stack(0x0000009f0a800000,0x0000009f0a900000) (1024K)]
  0x000001fe26826eb0 WorkerThread "GC Thread#0"                     [id=13256, stack(0x0000009f0a300000,0x0000009f0a400000) (1024K)]
  0x000001fe8c3a4bf0 WorkerThread "GC Thread#1"                     [id=15756, stack(0x0000009f0b600000,0x0000009f0b700000) (1024K)]
  0x000001fe8c3a4fa0 WorkerThread "GC Thread#2"                     [id=17892, stack(0x0000009f0b700000,0x0000009f0b800000) (1024K)]
  0x000001fe8c3a5350 WorkerThread "GC Thread#3"                     [id=4532, stack(0x0000009f0b800000,0x0000009f0b900000) (1024K)]
  0x000001fe46c9df80 WorkerThread "GC Thread#4"                     [id=7052, stack(0x0000009f0b900000,0x0000009f0ba00000) (1024K)]
  0x000001fe8c577ef0 WorkerThread "GC Thread#5"                     [id=16848, stack(0x0000009f0ba00000,0x0000009f0bb00000) (1024K)]
  0x000001fe8c6169e0 WorkerThread "GC Thread#6"                     [id=19372, stack(0x0000009f0bb00000,0x0000009f0bc00000) (1024K)]
  0x000001fe8c616d90 WorkerThread "GC Thread#7"                     [id=16892, stack(0x0000009f0bc00000,0x0000009f0bd00000) (1024K)]
  0x000001fe8c3cca10 WorkerThread "GC Thread#8"                     [id=8680, stack(0x0000009f0bd00000,0x0000009f0be00000) (1024K)]
  0x000001fe8c5e5960 WorkerThread "GC Thread#9"                     [id=18792, stack(0x0000009f0be00000,0x0000009f0bf00000) (1024K)]
  0x000001fe26837d70 ConcurrentGCThread "G1 Main Marker"            [id=19196, stack(0x0000009f0a400000,0x0000009f0a500000) (1024K)]
  0x000001fe26838a30 WorkerThread "G1 Conc#0"                       [id=10508, stack(0x0000009f0a500000,0x0000009f0a600000) (1024K)]
  0x000001fe2688e830 ConcurrentGCThread "G1 Refine#0"               [id=14680, stack(0x0000009f0a600000,0x0000009f0a700000) (1024K)]
  0x000001fe45eef950 ConcurrentGCThread "G1 Service"                [id=18712, stack(0x0000009f0a700000,0x0000009f0a800000) (1024K)]
Total: 16

Threads with active compile tasks:
C2 CompilerThread0  2374 4417       4       org.codehaus.plexus.util.xml.Xpp3DomBuilder::build (413 bytes)
C2 CompilerThread2  2374 4535       4       org.apache.maven.model.inheritance.DefaultInheritanceAssembler$InheritanceModelMerger::mergePlugin (71 bytes)
Total: 2

VM state: not at safepoint (normal execution)

VM Mutex/Monitor currently owned by a thread: None

Heap address: 0x0000000701200000, size: 4078 MB, Compressed Oops mode: Zero based, Oop shift amount: 3

CDS archive(s) mapped at: [0x000001fe47000000-0x000001fe47c80000-0x000001fe47c80000), size 13107200, SharedBaseAddress: 0x000001fe47000000, ArchiveRelocationMode: 1.
Compressed class space mapped at: 0x000001fe48000000-0x000001fe88000000, reserved size: 1073741824
Narrow klass base: 0x000001fe47000000, Narrow klass shift: 0, Narrow klass range: 0x100000000

GC Precious Log:
 CardTable entry size: 512
 Card Set container configuration: InlinePtr #cards 4 size 8 Array Of Cards #cards 16 size 48 Howl #buckets 8 coarsen threshold 3686 Howl Bitmap #cards 512 size 80 coarsen threshold 460 Card regions per heap region 1 cards per card region 4096
 CPUs: 12 total, 12 available
 Memory: 16310M
 Large Page Support: Disabled
 NUMA Support: Disabled
 Compressed Oops: Enabled (Zero based)
 Heap Region Size: 2M
 Heap Min Capacity: 8M
 Heap Initial Capacity: 256M
 Heap Max Capacity: 4078M
 Pre-touch: Disabled
 Parallel Workers: 10
 Concurrent Workers: 3
 Concurrent Refinement Workers: 10
 Periodic GC: Disabled

Heap:
 garbage-first heap   total 262144K, used 124233K [0x0000000701200000, 0x0000000800000000)
  region size 2048K, 60 young (122880K), 1 survivors (2048K)
 Metaspace       used 16933K, committed 17216K, reserved 1114112K
  class space    used 1945K, committed 2048K, reserved 1048576K

Heap Regions: E=young(eden), S=young(survivor), O=old, HS=humongous(starts), HC=humongous(continues), CS=collection set, F=free, TAMS=top-at-mark-start, PB=parsable bottom
|   0|0x0000000701200000, 0x0000000701400000, 0x0000000701400000|100%| O|  |TAMS 0x0000000701200000| PB 0x0000000701200000| Untracked 
|   1|0x0000000701400000, 0x000000070157b040, 0x0000000701600000| 74%| O|  |TAMS 0x0000000701400000| PB 0x0000000701400000| Untracked 
|   2|0x0000000701600000, 0x0000000701600000, 0x0000000701800000|  0%| F|  |TAMS 0x0000000701600000| PB 0x0000000701600000| Untracked 
|   3|0x0000000701800000, 0x0000000701800000, 0x0000000701a00000|  0%| F|  |TAMS 0x0000000701800000| PB 0x0000000701800000| Untracked 
|   4|0x0000000701a00000, 0x0000000701a00000, 0x0000000701c00000|  0%| F|  |TAMS 0x0000000701a00000| PB 0x0000000701a00000| Untracked 
|   5|0x0000000701c00000, 0x0000000701c00000, 0x0000000701e00000|  0%| F|  |TAMS 0x0000000701c00000| PB 0x0000000701c00000| Untracked 
|   6|0x0000000701e00000, 0x0000000701e00000, 0x0000000702000000|  0%| F|  |TAMS 0x0000000701e00000| PB 0x0000000701e00000| Untracked 
|   7|0x0000000702000000, 0x0000000702000000, 0x0000000702200000|  0%| F|  |TAMS 0x0000000702000000| PB 0x0000000702000000| Untracked 
|   8|0x0000000702200000, 0x0000000702200000, 0x0000000702400000|  0%| F|  |TAMS 0x0000000702200000| PB 0x0000000702200000| Untracked 
|   9|0x0000000702400000, 0x0000000702400000, 0x0000000702600000|  0%| F|  |TAMS 0x0000000702400000| PB 0x0000000702400000| Untracked 
|  10|0x0000000702600000, 0x0000000702600000, 0x0000000702800000|  0%| F|  |TAMS 0x0000000702600000| PB 0x0000000702600000| Untracked 
|  11|0x0000000702800000, 0x0000000702800000, 0x0000000702a00000|  0%| F|  |TAMS 0x0000000702800000| PB 0x0000000702800000| Untracked 
|  12|0x0000000702a00000, 0x0000000702a00000, 0x0000000702c00000|  0%| F|  |TAMS 0x0000000702a00000| PB 0x0000000702a00000| Untracked 
|  13|0x0000000702c00000, 0x0000000702c00000, 0x0000000702e00000|  0%| F|  |TAMS 0x0000000702c00000| PB 0x0000000702c00000| Untracked 
|  14|0x0000000702e00000, 0x0000000702e00000, 0x0000000703000000|  0%| F|  |TAMS 0x0000000702e00000| PB 0x0000000702e00000| Untracked 
|  15|0x0000000703000000, 0x0000000703000000, 0x0000000703200000|  0%| F|  |TAMS 0x0000000703000000| PB 0x0000000703000000| Untracked 
|  16|0x0000000703200000, 0x0000000703200000, 0x0000000703400000|  0%| F|  |TAMS 0x0000000703200000| PB 0x0000000703200000| Untracked 
|  17|0x0000000703400000, 0x0000000703400000, 0x0000000703600000|  0%| F|  |TAMS 0x0000000703400000| PB 0x0000000703400000| Untracked 
|  18|0x0000000703600000, 0x0000000703600000, 0x0000000703800000|  0%| F|  |TAMS 0x0000000703600000| PB 0x0000000703600000| Untracked 
|  19|0x0000000703800000, 0x0000000703800000, 0x0000000703a00000|  0%| F|  |TAMS 0x0000000703800000| PB 0x0000000703800000| Untracked 
|  20|0x0000000703a00000, 0x0000000703a00000, 0x0000000703c00000|  0%| F|  |TAMS 0x0000000703a00000| PB 0x0000000703a00000| Untracked 
|  21|0x0000000703c00000, 0x0000000703c00000, 0x0000000703e00000|  0%| F|  |TAMS 0x0000000703c00000| PB 0x0000000703c00000| Untracked 
|  22|0x0000000703e00000, 0x0000000703e00000, 0x0000000704000000|  0%| F|  |TAMS 0x0000000703e00000| PB 0x0000000703e00000| Untracked 
|  23|0x0000000704000000, 0x0000000704000000, 0x0000000704200000|  0%| F|  |TAMS 0x0000000704000000| PB 0x0000000704000000| Untracked 
|  24|0x0000000704200000, 0x0000000704200000, 0x0000000704400000|  0%| F|  |TAMS 0x0000000704200000| PB 0x0000000704200000| Untracked 
|  25|0x0000000704400000, 0x0000000704400000, 0x0000000704600000|  0%| F|  |TAMS 0x0000000704400000| PB 0x0000000704400000| Untracked 
|  26|0x0000000704600000, 0x0000000704600000, 0x0000000704800000|  0%| F|  |TAMS 0x0000000704600000| PB 0x0000000704600000| Untracked 
|  27|0x0000000704800000, 0x0000000704800000, 0x0000000704a00000|  0%| F|  |TAMS 0x0000000704800000| PB 0x0000000704800000| Untracked 
|  28|0x0000000704a00000, 0x0000000704a00000, 0x0000000704c00000|  0%| F|  |TAMS 0x0000000704a00000| PB 0x0000000704a00000| Untracked 
|  29|0x0000000704c00000, 0x0000000704c00000, 0x0000000704e00000|  0%| F|  |TAMS 0x0000000704c00000| PB 0x0000000704c00000| Untracked 
|  30|0x0000000704e00000, 0x0000000704e00000, 0x0000000705000000|  0%| F|  |TAMS 0x0000000704e00000| PB 0x0000000704e00000| Untracked 
|  31|0x0000000705000000, 0x0000000705000000, 0x0000000705200000|  0%| F|  |TAMS 0x0000000705000000| PB 0x0000000705000000| Untracked 
|  32|0x0000000705200000, 0x0000000705200000, 0x0000000705400000|  0%| F|  |TAMS 0x0000000705200000| PB 0x0000000705200000| Untracked 
|  33|0x0000000705400000, 0x0000000705400000, 0x0000000705600000|  0%| F|  |TAMS 0x0000000705400000| PB 0x0000000705400000| Untracked 
|  34|0x0000000705600000, 0x0000000705600000, 0x0000000705800000|  0%| F|  |TAMS 0x0000000705600000| PB 0x0000000705600000| Untracked 
|  35|0x0000000705800000, 0x0000000705800000, 0x0000000705a00000|  0%| F|  |TAMS 0x0000000705800000| PB 0x0000000705800000| Untracked 
|  36|0x0000000705a00000, 0x0000000705a00000, 0x0000000705c00000|  0%| F|  |TAMS 0x0000000705a00000| PB 0x0000000705a00000| Untracked 
|  37|0x0000000705c00000, 0x0000000705c00000, 0x0000000705e00000|  0%| F|  |TAMS 0x0000000705c00000| PB 0x0000000705c00000| Untracked 
|  38|0x0000000705e00000, 0x0000000705e00000, 0x0000000706000000|  0%| F|  |TAMS 0x0000000705e00000| PB 0x0000000705e00000| Untracked 
|  39|0x0000000706000000, 0x0000000706000000, 0x0000000706200000|  0%| F|  |TAMS 0x0000000706000000| PB 0x0000000706000000| Untracked 
|  40|0x0000000706200000, 0x0000000706200000, 0x0000000706400000|  0%| F|  |TAMS 0x0000000706200000| PB 0x0000000706200000| Untracked 
|  41|0x0000000706400000, 0x0000000706400000, 0x0000000706600000|  0%| F|  |TAMS 0x0000000706400000| PB 0x0000000706400000| Untracked 
|  42|0x0000000706600000, 0x0000000706600000, 0x0000000706800000|  0%| F|  |TAMS 0x0000000706600000| PB 0x0000000706600000| Untracked 
|  43|0x0000000706800000, 0x0000000706800000, 0x0000000706a00000|  0%| F|  |TAMS 0x0000000706800000| PB 0x0000000706800000| Untracked 
|  44|0x0000000706a00000, 0x0000000706a00000, 0x0000000706c00000|  0%| F|  |TAMS 0x0000000706a00000| PB 0x0000000706a00000| Untracked 
|  45|0x0000000706c00000, 0x0000000706c00000, 0x0000000706e00000|  0%| F|  |TAMS 0x0000000706c00000| PB 0x0000000706c00000| Untracked 
|  46|0x0000000706e00000, 0x0000000706e00000, 0x0000000707000000|  0%| F|  |TAMS 0x0000000706e00000| PB 0x0000000706e00000| Untracked 
|  47|0x0000000707000000, 0x0000000707000000, 0x0000000707200000|  0%| F|  |TAMS 0x0000000707000000| PB 0x0000000707000000| Untracked 
|  48|0x0000000707200000, 0x0000000707200000, 0x0000000707400000|  0%| F|  |TAMS 0x0000000707200000| PB 0x0000000707200000| Untracked 
|  49|0x0000000707400000, 0x0000000707400000, 0x0000000707600000|  0%| F|  |TAMS 0x0000000707400000| PB 0x0000000707400000| Untracked 
|  50|0x0000000707600000, 0x0000000707600000, 0x0000000707800000|  0%| F|  |TAMS 0x0000000707600000| PB 0x0000000707600000| Untracked 
|  51|0x0000000707800000, 0x0000000707800000, 0x0000000707a00000|  0%| F|  |TAMS 0x0000000707800000| PB 0x0000000707800000| Untracked 
|  52|0x0000000707a00000, 0x0000000707a00000, 0x0000000707c00000|  0%| F|  |TAMS 0x0000000707a00000| PB 0x0000000707a00000| Untracked 
|  53|0x0000000707c00000, 0x0000000707c00000, 0x0000000707e00000|  0%| F|  |TAMS 0x0000000707c00000| PB 0x0000000707c00000| Untracked 
|  54|0x0000000707e00000, 0x0000000707e00000, 0x0000000708000000|  0%| F|  |TAMS 0x0000000707e00000| PB 0x0000000707e00000| Untracked 
|  55|0x0000000708000000, 0x0000000708000000, 0x0000000708200000|  0%| F|  |TAMS 0x0000000708000000| PB 0x0000000708000000| Untracked 
|  56|0x0000000708200000, 0x0000000708200000, 0x0000000708400000|  0%| F|  |TAMS 0x0000000708200000| PB 0x0000000708200000| Untracked 
|  57|0x0000000708400000, 0x0000000708400000, 0x0000000708600000|  0%| F|  |TAMS 0x0000000708400000| PB 0x0000000708400000| Untracked 
|  58|0x0000000708600000, 0x0000000708600000, 0x0000000708800000|  0%| F|  |TAMS 0x0000000708600000| PB 0x0000000708600000| Untracked 
|  59|0x0000000708800000, 0x0000000708800000, 0x0000000708a00000|  0%| F|  |TAMS 0x0000000708800000| PB 0x0000000708800000| Untracked 
|  60|0x0000000708a00000, 0x0000000708a00000, 0x0000000708c00000|  0%| F|  |TAMS 0x0000000708a00000| PB 0x0000000708a00000| Untracked 
|  61|0x0000000708c00000, 0x0000000708c00000, 0x0000000708e00000|  0%| F|  |TAMS 0x0000000708c00000| PB 0x0000000708c00000| Untracked 
|  62|0x0000000708e00000, 0x0000000708e00000, 0x0000000709000000|  0%| F|  |TAMS 0x0000000708e00000| PB 0x0000000708e00000| Untracked 
|  63|0x0000000709000000, 0x0000000709000000, 0x0000000709200000|  0%| F|  |TAMS 0x0000000709000000| PB 0x0000000709000000| Untracked 
|  64|0x0000000709200000, 0x0000000709200000, 0x0000000709400000|  0%| F|  |TAMS 0x0000000709200000| PB 0x0000000709200000| Untracked 
|  65|0x0000000709400000, 0x0000000709400000, 0x0000000709600000|  0%| F|  |TAMS 0x0000000709400000| PB 0x0000000709400000| Untracked 
|  66|0x0000000709600000, 0x0000000709600000, 0x0000000709800000|  0%| F|  |TAMS 0x0000000709600000| PB 0x0000000709600000| Untracked 
|  67|0x0000000709800000, 0x0000000709800000, 0x0000000709a00000|  0%| F|  |TAMS 0x0000000709800000| PB 0x0000000709800000| Untracked 
|  68|0x0000000709a00000, 0x0000000709aa6038, 0x0000000709c00000| 32%| E|  |TAMS 0x0000000709a00000| PB 0x0000000709a00000| Complete 
|  69|0x0000000709c00000, 0x0000000709e00000, 0x0000000709e00000|100%| E|CS|TAMS 0x0000000709c00000| PB 0x0000000709c00000| Complete 
|  70|0x0000000709e00000, 0x000000070a000000, 0x000000070a000000|100%| E|CS|TAMS 0x0000000709e00000| PB 0x0000000709e00000| Complete 
|  71|0x000000070a000000, 0x000000070a200000, 0x000000070a200000|100%| E|CS|TAMS 0x000000070a000000| PB 0x000000070a000000| Complete 
|  72|0x000000070a200000, 0x000000070a400000, 0x000000070a400000|100%| E|CS|TAMS 0x000000070a200000| PB 0x000000070a200000| Complete 
|  73|0x000000070a400000, 0x000000070a600000, 0x000000070a600000|100%| E|CS|TAMS 0x000000070a400000| PB 0x000000070a400000| Complete 
|  74|0x000000070a600000, 0x000000070a800000, 0x000000070a800000|100%| E|CS|TAMS 0x000000070a600000| PB 0x000000070a600000| Complete 
|  75|0x000000070a800000, 0x000000070aa00000, 0x000000070aa00000|100%| E|CS|TAMS 0x000000070a800000| PB 0x000000070a800000| Complete 
|  76|0x000000070aa00000, 0x000000070ac00000, 0x000000070ac00000|100%| E|CS|TAMS 0x000000070aa00000| PB 0x000000070aa00000| Complete 
|  77|0x000000070ac00000, 0x000000070ae00000, 0x000000070ae00000|100%| E|CS|TAMS 0x000000070ac00000| PB 0x000000070ac00000| Complete 
|  78|0x000000070ae00000, 0x000000070b000000, 0x000000070b000000|100%| E|CS|TAMS 0x000000070ae00000| PB 0x000000070ae00000| Complete 
|  79|0x000000070b000000, 0x000000070b200000, 0x000000070b200000|100%| E|CS|TAMS 0x000000070b000000| PB 0x000000070b000000| Complete 
|  80|0x000000070b200000, 0x000000070b400000, 0x000000070b400000|100%| E|CS|TAMS 0x000000070b200000| PB 0x000000070b200000| Complete 
|  81|0x000000070b400000, 0x000000070b600000, 0x000000070b600000|100%| E|CS|TAMS 0x000000070b400000| PB 0x000000070b400000| Complete 
|  82|0x000000070b600000, 0x000000070b800000, 0x000000070b800000|100%| E|CS|TAMS 0x000000070b600000| PB 0x000000070b600000| Complete 
|  83|0x000000070b800000, 0x000000070ba00000, 0x000000070ba00000|100%| E|CS|TAMS 0x000000070b800000| PB 0x000000070b800000| Complete 
|  84|0x000000070ba00000, 0x000000070bc00000, 0x000000070bc00000|100%| E|CS|TAMS 0x000000070ba00000| PB 0x000000070ba00000| Complete 
|  85|0x000000070bc00000, 0x000000070be00000, 0x000000070be00000|100%| E|CS|TAMS 0x000000070bc00000| PB 0x000000070bc00000| Complete 
|  86|0x000000070be00000, 0x000000070c000000, 0x000000070c000000|100%| E|CS|TAMS 0x000000070be00000| PB 0x000000070be00000| Complete 
|  87|0x000000070c000000, 0x000000070c200000, 0x000000070c200000|100%| E|CS|TAMS 0x000000070c000000| PB 0x000000070c000000| Complete 
|  88|0x000000070c200000, 0x000000070c400000, 0x000000070c400000|100%| E|CS|TAMS 0x000000070c200000| PB 0x000000070c200000| Complete 
|  89|0x000000070c400000, 0x000000070c600000, 0x000000070c600000|100%| E|CS|TAMS 0x000000070c400000| PB 0x000000070c400000| Complete 
|  90|0x000000070c600000, 0x000000070c800000, 0x000000070c800000|100%| E|CS|TAMS 0x000000070c600000| PB 0x000000070c600000| Complete 
|  91|0x000000070c800000, 0x000000070ca00000, 0x000000070ca00000|100%| E|CS|TAMS 0x000000070c800000| PB 0x000000070c800000| Complete 
|  92|0x000000070ca00000, 0x000000070cc00000, 0x000000070cc00000|100%| E|CS|TAMS 0x000000070ca00000| PB 0x000000070ca00000| Complete 
|  93|0x000000070cc00000, 0x000000070ce00000, 0x000000070ce00000|100%| E|CS|TAMS 0x000000070cc00000| PB 0x000000070cc00000| Complete 
|  94|0x000000070ce00000, 0x000000070d000000, 0x000000070d000000|100%| E|CS|TAMS 0x000000070ce00000| PB 0x000000070ce00000| Complete 
|  95|0x000000070d000000, 0x000000070d200000, 0x000000070d200000|100%| E|CS|TAMS 0x000000070d000000| PB 0x000000070d000000| Complete 
|  96|0x000000070d200000, 0x000000070d400000, 0x000000070d400000|100%| E|CS|TAMS 0x000000070d200000| PB 0x000000070d200000| Complete 
|  97|0x000000070d400000, 0x000000070d600000, 0x000000070d600000|100%| E|CS|TAMS 0x000000070d400000| PB 0x000000070d400000| Complete 
|  98|0x000000070d600000, 0x000000070d800000, 0x000000070d800000|100%| E|CS|TAMS 0x000000070d600000| PB 0x000000070d600000| Complete 
|  99|0x000000070d800000, 0x000000070da00000, 0x000000070da00000|100%| E|CS|TAMS 0x000000070d800000| PB 0x000000070d800000| Complete 
| 100|0x000000070da00000, 0x000000070dc00000, 0x000000070dc00000|100%| E|CS|TAMS 0x000000070da00000| PB 0x000000070da00000| Complete 
| 101|0x000000070dc00000, 0x000000070de00000, 0x000000070de00000|100%| E|CS|TAMS 0x000000070dc00000| PB 0x000000070dc00000| Complete 
| 102|0x000000070de00000, 0x000000070e000000, 0x000000070e000000|100%| E|CS|TAMS 0x000000070de00000| PB 0x000000070de00000| Complete 
| 103|0x000000070e000000, 0x000000070e200000, 0x000000070e200000|100%| E|CS|TAMS 0x000000070e000000| PB 0x000000070e000000| Complete 
| 104|0x000000070e200000, 0x000000070e400000, 0x000000070e400000|100%| E|CS|TAMS 0x000000070e200000| PB 0x000000070e200000| Complete 
| 105|0x000000070e400000, 0x000000070e600000, 0x000000070e600000|100%| E|CS|TAMS 0x000000070e400000| PB 0x000000070e400000| Complete 
| 106|0x000000070e600000, 0x000000070e800000, 0x000000070e800000|100%| E|CS|TAMS 0x000000070e600000| PB 0x000000070e600000| Complete 
| 107|0x000000070e800000, 0x000000070ea00000, 0x000000070ea00000|100%| E|CS|TAMS 0x000000070e800000| PB 0x000000070e800000| Complete 
| 108|0x000000070ea00000, 0x000000070ec00000, 0x000000070ec00000|100%| E|CS|TAMS 0x000000070ea00000| PB 0x000000070ea00000| Complete 
| 109|0x000000070ec00000, 0x000000070edd74a0, 0x000000070ee00000| 92%| S|CS|TAMS 0x000000070ec00000| PB 0x000000070ec00000| Complete 
| 110|0x000000070ee00000, 0x000000070f000000, 0x000000070f000000|100%| E|CS|TAMS 0x000000070ee00000| PB 0x000000070ee00000| Complete 
| 111|0x000000070f000000, 0x000000070f200000, 0x000000070f200000|100%| E|CS|TAMS 0x000000070f000000| PB 0x000000070f000000| Complete 
| 112|0x000000070f200000, 0x000000070f400000, 0x000000070f400000|100%| E|CS|TAMS 0x000000070f200000| PB 0x000000070f200000| Complete 
| 113|0x000000070f400000, 0x000000070f600000, 0x000000070f600000|100%| E|CS|TAMS 0x000000070f400000| PB 0x000000070f400000| Complete 
| 114|0x000000070f600000, 0x000000070f800000, 0x000000070f800000|100%| E|CS|TAMS 0x000000070f600000| PB 0x000000070f600000| Complete 
| 115|0x000000070f800000, 0x000000070fa00000, 0x000000070fa00000|100%| E|CS|TAMS 0x000000070f800000| PB 0x000000070f800000| Complete 
| 116|0x000000070fa00000, 0x000000070fc00000, 0x000000070fc00000|100%| E|CS|TAMS 0x000000070fa00000| PB 0x000000070fa00000| Complete 
| 117|0x000000070fc00000, 0x000000070fe00000, 0x000000070fe00000|100%| E|CS|TAMS 0x000000070fc00000| PB 0x000000070fc00000| Complete 
| 118|0x000000070fe00000, 0x0000000710000000, 0x0000000710000000|100%| E|CS|TAMS 0x000000070fe00000| PB 0x000000070fe00000| Complete 
| 119|0x0000000710000000, 0x0000000710200000, 0x0000000710200000|100%| E|CS|TAMS 0x0000000710000000| PB 0x0000000710000000| Complete 
| 120|0x0000000710200000, 0x0000000710400000, 0x0000000710400000|100%| E|CS|TAMS 0x0000000710200000| PB 0x0000000710200000| Complete 
| 121|0x0000000710400000, 0x0000000710600000, 0x0000000710600000|100%| E|CS|TAMS 0x0000000710400000| PB 0x0000000710400000| Complete 
| 122|0x0000000710600000, 0x0000000710800000, 0x0000000710800000|100%| E|CS|TAMS 0x0000000710600000| PB 0x0000000710600000| Complete 
| 123|0x0000000710800000, 0x0000000710a00000, 0x0000000710a00000|100%| E|CS|TAMS 0x0000000710800000| PB 0x0000000710800000| Complete 
| 124|0x0000000710a00000, 0x0000000710c00000, 0x0000000710c00000|100%| E|CS|TAMS 0x0000000710a00000| PB 0x0000000710a00000| Complete 
| 125|0x0000000710c00000, 0x0000000710e00000, 0x0000000710e00000|100%| E|CS|TAMS 0x0000000710c00000| PB 0x0000000710c00000| Complete 
| 126|0x0000000710e00000, 0x0000000711000000, 0x0000000711000000|100%| E|CS|TAMS 0x0000000710e00000| PB 0x0000000710e00000| Complete 
| 127|0x0000000711000000, 0x0000000711200000, 0x0000000711200000|100%| E|CS|TAMS 0x0000000711000000| PB 0x0000000711000000| Complete 

Card table byte_map: [0x000001fe3ec40000,0x000001fe3f440000] _byte_map_base: 0x000001fe3b437000

Marking Bits: (CMBitMap*) 0x000001fe268275c0
 Bits: [0x000001fe3f440000, 0x000001fe433f8000)

Polling page: 0x000001fe24620000

Metaspace:

Usage:
  Non-class:     14.67 MB used.
      Class:      1.90 MB used.
       Both:     16.57 MB used.

Virtual space:
  Non-class space:       64.00 MB reserved,      14.81 MB ( 23%) committed,  1 nodes.
      Class space:        1.00 GB reserved,       2.00 MB ( <1%) committed,  1 nodes.
             Both:        1.06 GB reserved,      16.81 MB (  2%) committed. 

Chunk freelists:
   Non-Class:  1.06 MB
       Class:  13.84 MB
        Both:  14.91 MB

MaxMetaspaceSize: unlimited
CompressedClassSpaceSize: 1.00 GB
Initial GC threshold: 21.00 MB
Current GC threshold: 21.00 MB
CDS: on
 - commit_granule_bytes: 65536.
 - commit_granule_words: 8192.
 - virtual_space_node_default_size: 8388608.
 - enlarge_chunks_in_place: 1.
 - use_allocation_guard: 0.


Internal statistics:

num_allocs_failed_limit: 0.
num_arena_births: 182.
num_arena_deaths: 0.
num_vsnodes_births: 2.
num_vsnodes_deaths: 0.
num_space_committed: 269.
num_space_uncommitted: 0.
num_chunks_returned_to_freelist: 0.
num_chunks_taken_from_freelist: 759.
num_chunk_merges: 0.
num_chunk_splits: 524.
num_chunks_enlarged: 423.
num_inconsistent_stats: 0.

CodeHeap 'non-profiled nmethods': size=120000Kb used=2423Kb max_used=2423Kb free=117576Kb
 bounds [0x000001fe369c0000, 0x000001fe36c30000, 0x000001fe3def0000]
CodeHeap 'profiled nmethods': size=120000Kb used=9540Kb max_used=9540Kb free=110459Kb
 bounds [0x000001fe2eef0000, 0x000001fe2f850000, 0x000001fe36420000]
CodeHeap 'non-nmethods': size=5760Kb used=1333Kb max_used=1420Kb free=4426Kb
 bounds [0x000001fe36420000, 0x000001fe36690000, 0x000001fe369c0000]
CodeCache: size=245760Kb, used=13296Kb, max_used=13383Kb, free=232461Kb
 total_blobs=5058, nmethods=4565, adapters=397, full_count=0
Compilation: enabled, stopped_count=0, restarted_count=0

Compilation events (20 events):
Event: 2.337 Thread 0x000001fe4606d570 nmethod 4520 0x000001fe2f81a690 code [0x000001fe2f81a840, 0x000001fe2f81aa38]
Event: 2.337 Thread 0x000001fe8c1597e0 4521       4       org.codehaus.plexus.util.StringUtils::isNotEmpty (17 bytes)
Event: 2.337 Thread 0x000001fe4606d570 4522       1       org.apache.maven.artifact.DefaultArtifact::setFile (6 bytes)
Event: 2.337 Thread 0x000001fe4606d570 nmethod 4522 0x000001fe36c18c10 code [0x000001fe36c18da0, 0x000001fe36c18ec0]
Event: 2.337 Thread 0x000001fe4606d570 4524       3       org.apache.maven.artifact.DefaultArtifact::appendArtifactTypeClassifierString (49 bytes)
Event: 2.337 Thread 0x000001fe8c1597e0 nmethod 4521 0x000001fe36c18f10 code [0x000001fe36c190a0, 0x000001fe36c19158]
Event: 2.337 Thread 0x000001fe4606d570 nmethod 4524 0x000001fe2f81ab10 code [0x000001fe2f81ad60, 0x000001fe2f81b488]
Event: 2.337 Thread 0x000001fe4606d570 4525       3       org.apache.maven.artifact.DefaultArtifact::getDependencyConflictId (37 bytes)
Event: 2.338 Thread 0x000001fe4606d570 nmethod 4525 0x000001fe2f81b790 code [0x000001fe2f81b9c0, 0x000001fe2f81bef8]
Event: 2.338 Thread 0x000001fe4606d570 4523       1       org.apache.maven.artifact.DefaultArtifact::setResolved (6 bytes)
Event: 2.338 Thread 0x000001fe4606d570 nmethod 4523 0x000001fe36c19210 code [0x000001fe36c193a0, 0x000001fe36c19478]
Event: 2.338 Thread 0x000001fe4606d570 4527       3       java.nio.Buffer::remaining (20 bytes)
Event: 2.338 Thread 0x000001fe8c1597e0 4526       4       java.lang.StringBuilder::<init> (6 bytes)
Event: 2.338 Thread 0x000001fe4606d570 nmethod 4527 0x000001fe2f81c110 code [0x000001fe2f81c2c0, 0x000001fe2f81c440]
Event: 2.340 Thread 0x000001fe8c1597e0 nmethod 4526 0x000001fe36c19510 code [0x000001fe36c196a0, 0x000001fe36c19938]
Event: 2.340 Thread 0x000001fe4606d570 4528       3       jdk.internal.org.objectweb.asm.MethodVisitor::visitVarInsn (17 bytes)
Event: 2.341 Thread 0x000001fe4606d570 nmethod 4528 0x000001fe2f81c510 code [0x000001fe2f81c6c0, 0x000001fe2f81c8d0]
Event: 2.342 Thread 0x000001fe46679400 nmethod 4515 0x000001fe36c19d10 code [0x000001fe36c19ee0, 0x000001fe36c1a7e0]
Event: 2.345 Thread 0x000001fe4606d570 4530       3       org.codehaus.plexus.util.xml.pull.MXParser::parseXmlDeclWithVersion (1204 bytes)
Event: 2.347 Thread 0x000001fe46679400 4533       4       org.apache.maven.model.merge.MavenModelMerger::mergePlugin_Executions (235 bytes)

GC Heap History (4 events):
Event: 0.438 GC heap before
{Heap before GC invocations=0 (full 0):
 garbage-first heap   total 262144K, used 22528K [0x0000000701200000, 0x0000000800000000)
  region size 2048K, 11 young (22528K), 0 survivors (0K)
 Metaspace       used 5669K, committed 5824K, reserved 1114112K
  class space    used 671K, committed 768K, reserved 1048576K
}
Event: 0.441 GC heap after
{Heap after GC invocations=1 (full 0):
 garbage-first heap   total 262144K, used 3972K [0x0000000701200000, 0x0000000800000000)
  region size 2048K, 2 young (4096K), 2 survivors (4096K)
 Metaspace       used 5669K, committed 5824K, reserved 1114112K
  class space    used 671K, committed 768K, reserved 1048576K
}
Event: 0.838 GC heap before
{Heap before GC invocations=1 (full 0):
 garbage-first heap   total 262144K, used 36740K [0x0000000701200000, 0x0000000800000000)
  region size 2048K, 18 young (36864K), 2 survivors (4096K)
 Metaspace       used 10049K, committed 10240K, reserved 1114112K
  class space    used 1212K, committed 1280K, reserved 1048576K
}
Event: 0.841 GC heap after
{Heap after GC invocations=2 (full 0):
 garbage-first heap   total 262144K, used 5449K [0x0000000701200000, 0x0000000800000000)
  region size 2048K, 1 young (2048K), 1 survivors (2048K)
 Metaspace       used 10049K, committed 10240K, reserved 1114112K
  class space    used 1212K, committed 1280K, reserved 1048576K
}

Dll operation events (8 events):
Event: 0.005 Loaded shared library C:\Program Files\Microsoft\jdk-21.0.10.7-hotspot\bin\java.dll
Event: 0.028 Loaded shared library C:\Program Files\Microsoft\jdk-21.0.10.7-hotspot\bin\jsvml.dll
Event: 0.040 Loaded shared library C:\Program Files\Microsoft\jdk-21.0.10.7-hotspot\bin\net.dll
Event: 0.042 Loaded shared library C:\Program Files\Microsoft\jdk-21.0.10.7-hotspot\bin\nio.dll
Event: 0.044 Loaded shared library C:\Program Files\Microsoft\jdk-21.0.10.7-hotspot\bin\zip.dll
Event: 0.134 Loaded shared library C:\Program Files\Microsoft\jdk-21.0.10.7-hotspot\bin\jimage.dll
Event: 0.135 Loaded shared library C:\Users\jorge\.m2\wrapper\dists\apache-maven-3.9.9\977a63e90f436cd6ade95b4c0e10c20c\lib\jansi-native\Windows\x86_64\jansi.dll
Event: 0.146 Loaded shared library C:\Program Files\Microsoft\jdk-21.0.10.7-hotspot\bin\verify.dll

Deoptimization events (20 events):
Event: 2.218 Thread 0x000001fe267bdd50 DEOPT PACKING pc=0x000001fe36bbd3ac sp=0x0000009f0a2fdbc0
Event: 2.218 Thread 0x000001fe267bdd50 DEOPT UNPACKING pc=0x000001fe36474422 sp=0x0000009f0a2fdac8 mode 2
Event: 2.218 Thread 0x000001fe267bdd50 Uncommon trap: trap_request=0xffffff45 fr.pc=0x000001fe36ab2d54 relative=0x00000000000000b4
Event: 2.218 Thread 0x000001fe267bdd50 Uncommon trap: reason=unstable_if action=reinterpret pc=0x000001fe36ab2d54 method=java.util.HashMap.hash(Ljava/lang/Object;)I @ 1 c2
Event: 2.218 Thread 0x000001fe267bdd50 DEOPT PACKING pc=0x000001fe36ab2d54 sp=0x0000009f0a2fdb30
Event: 2.218 Thread 0x000001fe267bdd50 DEOPT UNPACKING pc=0x000001fe36474422 sp=0x0000009f0a2fdac8 mode 2
Event: 2.312 Thread 0x000001fe267bdd50 DEOPT PACKING pc=0x000001fe2f1525e6 sp=0x0000009f0a2fd740
Event: 2.312 Thread 0x000001fe267bdd50 DEOPT UNPACKING pc=0x000001fe36474bc2 sp=0x0000009f0a2fccc0 mode 0
Event: 2.340 Thread 0x000001fe267bdd50 Uncommon trap: trap_request=0xffffff45 fr.pc=0x000001fe36b5f744 relative=0x00000000000000a4
Event: 2.340 Thread 0x000001fe267bdd50 Uncommon trap: reason=unstable_if action=reinterpret pc=0x000001fe36b5f744 method=java.util.Objects.hashCode(Ljava/lang/Object;)I @ 1 c2
Event: 2.340 Thread 0x000001fe267bdd50 DEOPT PACKING pc=0x000001fe36b5f744 sp=0x0000009f0a2fe020
Event: 2.340 Thread 0x000001fe267bdd50 DEOPT UNPACKING pc=0x000001fe36474422 sp=0x0000009f0a2fdfc0 mode 2
Event: 2.342 Thread 0x000001fe267bdd50 Uncommon trap: trap_request=0xffffff45 fr.pc=0x000001fe36c0902c relative=0x000000000000082c
Event: 2.342 Thread 0x000001fe267bdd50 Uncommon trap: reason=unstable_if action=reinterpret pc=0x000001fe36c0902c method=org.eclipse.aether.artifact.DefaultArtifact.<init>(Ljava/lang/String;Ljava/lang/String;Ljava/lang/String;Ljava/lang/String;Ljava/lang/String;Ljava/util/Map;Lorg/eclipse/aeth
Event: 2.342 Thread 0x000001fe267bdd50 DEOPT PACKING pc=0x000001fe36c0902c sp=0x0000009f0a2fdbc0
Event: 2.342 Thread 0x000001fe267bdd50 DEOPT UNPACKING pc=0x000001fe36474422 sp=0x0000009f0a2fdbb0 mode 2
Event: 2.342 Thread 0x000001fe267bdd50 Uncommon trap: trap_request=0xffffff45 fr.pc=0x000001fe36c1268c relative=0x0000000000000d4c
Event: 2.342 Thread 0x000001fe267bdd50 Uncommon trap: reason=unstable_if action=reinterpret pc=0x000001fe36c1268c method=org.eclipse.aether.graph.Dependency$Exclusions.copy(Ljava/util/Collection;)Ljava/util/Set; @ 1 c2
Event: 2.342 Thread 0x000001fe267bdd50 DEOPT PACKING pc=0x000001fe36c1268c sp=0x0000009f0a2fd9f0
Event: 2.342 Thread 0x000001fe267bdd50 DEOPT UNPACKING pc=0x000001fe36474422 sp=0x0000009f0a2fd998 mode 2

Classes loaded (20 events):
Event: 1.273 Loading class java/util/stream/IntPipeline$Head
Event: 1.273 Loading class java/util/stream/IntPipeline
Event: 1.273 Loading class java/util/stream/IntPipeline done
Event: 1.273 Loading class java/util/stream/IntPipeline$Head done
Event: 1.276 Loading class java/util/StringTokenizer
Event: 1.276 Loading class java/util/StringTokenizer done
Event: 1.318 Loading class java/util/stream/Streams$RangeIntSpliterator
Event: 1.318 Loading class java/util/stream/Streams$RangeIntSpliterator done
Event: 1.516 Loading class java/util/stream/MatchOps$MatchKind
Event: 1.516 Loading class java/util/stream/MatchOps$MatchKind done
Event: 1.516 Loading class java/util/stream/MatchOps
Event: 1.516 Loading class java/util/stream/MatchOps done
Event: 1.516 Loading class java/util/stream/MatchOps$MatchOp
Event: 1.516 Loading class java/util/stream/MatchOps$MatchOp done
Event: 1.516 Loading class java/util/stream/MatchOps$BooleanTerminalSink
Event: 1.516 Loading class java/util/stream/MatchOps$BooleanTerminalSink done
Event: 1.517 Loading class java/util/stream/MatchOps$1MatchSink
Event: 1.517 Loading class java/util/stream/MatchOps$1MatchSink done
Event: 2.013 Loading class sun/nio/cs/ISO_8859_1$Decoder
Event: 2.013 Loading class sun/nio/cs/ISO_8859_1$Decoder done

Classes unloaded (0 events):
No events

Classes redefined (0 events):
No events

Internal exceptions (20 events):
Event: 0.916 Thread 0x000001fe267bdd50 Implicit null exception at 0x000001fe36a4b2e0 to 0x000001fe36a4b4f8
Event: 0.918 Thread 0x000001fe267bdd50 Exception <a 'java/lang/NoSuchMethodError'{0x0000000710cd89f0}: 'java.lang.Object java.lang.invoke.Invokers$Holder.invokeExact_MT(java.lang.Object, int, java.lang.Object)'> (0x0000000710cd89f0) 
thrown [s\src\hotspot\share\interpreter\linkResolver.cpp, line 773]
Event: 1.057 Thread 0x000001fe267bdd50 Exception <a 'java/lang/NoSuchMethodError'{0x00000007104d86c8}: 'void java.lang.invoke.Invokers$Holder.invokeExact_MT(java.lang.Object, java.lang.Object, java.lang.Object, java.lang.Object)'> (0x00000007104d86c8) 
thrown [s\src\hotspot\share\interpreter\linkResolver.cpp, line 773]
Event: 1.070 Thread 0x000001fe267bdd50 Exception <a 'java/lang/NoClassDefFoundError'{0x0000000710566500}: com/google/inject/servlet/ServletModuleTargetVisitor> (0x0000000710566500) 
thrown [s\src\hotspot\share\classfile\systemDictionary.cpp, line 301]
Event: 1.111 Thread 0x000001fe267bdd50 Exception <a 'java/lang/NoSuchMethodError'{0x000000071032d8e8}: 'void java.lang.invoke.DirectMethodHandle$Holder.invokeVirtual(java.lang.Object, java.lang.Object)'> (0x000000071032d8e8) 
thrown [s\src\hotspot\share\interpreter\linkResolver.cpp, line 773]
Event: 1.132 Thread 0x000001fe267bdd50 Exception <a 'java/lang/NoSuchMethodError'{0x00000007103ade58}: 'java.lang.Object java.lang.invoke.DirectMethodHandle$Holder.invokeStaticInit(java.lang.Object, int, int, int, int)'> (0x00000007103ade58) 
thrown [s\src\hotspot\share\interpreter\linkResolver.cpp, line 773]
Event: 1.213 Thread 0x000001fe267bdd50 Implicit null exception at 0x000001fe369f3fa4 to 0x000001fe369f463c
Event: 1.213 Thread 0x000001fe267bdd50 Implicit null exception at 0x000001fe36a00520 to 0x000001fe36a00bbc
Event: 1.234 Thread 0x000001fe267bdd50 Exception <a 'java/lang/NoSuchMethodError'{0x000000070fcdef80}: 'void java.lang.invoke.DirectMethodHandle$Holder.invokeSpecial(java.lang.Object, java.lang.Object, java.lang.Object, java.lang.Object, java.lang.Object)'> (0x000000070fcdef80) 
thrown [s\src\hotspot\share\interpreter\linkResolver.cpp, line 773]
Event: 1.236 Thread 0x000001fe267bdd50 Exception <a 'java/lang/NoSuchMethodError'{0x000000070fcf9928}: 'void java.lang.invoke.DirectMethodHandle$Holder.invokeSpecial(java.lang.Object, java.lang.Object, java.lang.Object, java.lang.Object, java.lang.Object, java.lang.Object)'> (0x000000070fcf9928) 
thrown [s\src\hotspot\share\interpreter\linkResolver.cpp, line 773]
Event: 1.247 Thread 0x000001fe267bdd50 Exception <a 'java/lang/NoSuchMethodError'{0x000000070fdf0008}: 'java.lang.Object java.lang.invoke.DirectMethodHandle$Holder.invokeVirtual(java.lang.Object, java.lang.Object, java.lang.Object)'> (0x000000070fdf0008) 
thrown [s\src\hotspot\share\interpreter\linkResolver.cpp, line 773]
Event: 1.281 Thread 0x000001fe267bdd50 Exception <a 'java/lang/NoSuchMethodError'{0x000000070fbd0770}: 'void java.lang.invoke.DirectMethodHandle$Holder.invokeVirtual(java.lang.Object, java.lang.Object, int)'> (0x000000070fbd0770) 
thrown [s\src\hotspot\share\interpreter\linkResolver.cpp, line 773]
Event: 1.281 Thread 0x000001fe267bdd50 Exception <a 'java/lang/NoSuchMethodError'{0x000000070fbd4580}: 'void java.lang.invoke.DirectMethodHandle$Holder.invokeSpecial(java.lang.Object, java.lang.Object, java.lang.Object, int)'> (0x000000070fbd4580) 
thrown [s\src\hotspot\share\interpreter\linkResolver.cpp, line 773]
Event: 1.282 Thread 0x000001fe267bdd50 Exception <a 'java/lang/NoSuchMethodError'{0x000000070fbd7c60}: 'void java.lang.invoke.DelegatingMethodHandle$Holder.reinvoke_L(java.lang.Object, java.lang.Object, int)'> (0x000000070fbd7c60) 
thrown [s\src\hotspot\share\interpreter\linkResolver.cpp, line 773]
Event: 2.218 Thread 0x000001fe267bdd50 Implicit null exception at 0x000001fe36bc06a0 to 0x000001fe36bc08a0
Event: 2.218 Thread 0x000001fe267bdd50 Implicit null exception at 0x000001fe36bbd1a0 to 0x000001fe36bbd390
Event: 2.218 Thread 0x000001fe267bdd50 Implicit null exception at 0x000001fe36ab2cc0 to 0x000001fe36ab2d45
Event: 2.340 Thread 0x000001fe267bdd50 Implicit null exception at 0x000001fe36b5f6c0 to 0x000001fe36b5f736
Event: 2.341 Thread 0x000001fe267bdd50 Exception <a 'java/lang/NoSuchMethodError'{0x0000000709c56468}: 'java.lang.Object java.lang.invoke.DirectMethodHandle$Holder.newInvokeSpecial(java.lang.Object, java.lang.Object, java.lang.Object, java.lang.Object, java.lang.Object, java.lang.Object, java.lang.Object)'> (0x0000000709c56468) 
thrown [s\src\hotspot\share\interpreter\linkResolver.cpp, line 773]
Event: 2.342 Thread 0x000001fe267bdd50 Implicit null exception at 0x000001fe36c11992 to 0x000001fe36c12668

ZGC Phase Switch (0 events):
No events

VM Operations (20 events):
Event: 1.118 Executing non-safepoint VM operation: HandshakeAllThreads (Deoptimize)
Event: 1.118 Executing non-safepoint VM operation: HandshakeAllThreads (Deoptimize) done
Event: 1.142 Executing non-safepoint VM operation: HandshakeAllThreads (Deoptimize)
Event: 1.142 Executing non-safepoint VM operation: HandshakeAllThreads (Deoptimize) done
Event: 1.163 Executing non-safepoint VM operation: HandshakeAllThreads (Deoptimize)
Event: 1.163 Executing non-safepoint VM operation: HandshakeAllThreads (Deoptimize) done
Event: 1.191 Executing non-safepoint VM operation: HandshakeAllThreads (Deoptimize)
Event: 1.191 Executing non-safepoint VM operation: HandshakeAllThreads (Deoptimize) done
Event: 1.192 Executing non-safepoint VM operation: HandshakeAllThreads (Deoptimize)
Event: 1.192 Executing non-safepoint VM operation: HandshakeAllThreads (Deoptimize) done
Event: 1.255 Executing safepoint VM operation: ICBufferFull
Event: 1.255 Executing safepoint VM operation: ICBufferFull done
Event: 1.469 Executing safepoint VM operation: ICBufferFull
Event: 1.470 Executing safepoint VM operation: ICBufferFull done
Event: 1.701 Executing safepoint VM operation: ICBufferFull
Event: 1.701 Executing safepoint VM operation: ICBufferFull done
Event: 1.909 Executing safepoint VM operation: ICBufferFull
Event: 1.910 Executing safepoint VM operation: ICBufferFull done
Event: 2.180 Executing safepoint VM operation: ICBufferFull
Event: 2.180 Executing safepoint VM operation: ICBufferFull done

Memory protections (0 events):
No events

Nmethod flushes (0 events):
No events

Events (16 events):
Event: 0.016 Thread 0x000001fe267bdd50 Thread added: 0x000001fe267bdd50
Event: 0.026 Thread 0x000001fe267bdd50 Thread added: 0x000001fe4605a6b0
Event: 0.026 Thread 0x000001fe267bdd50 Thread added: 0x000001fe4605c5e0
Event: 0.026 Thread 0x000001fe267bdd50 Thread added: 0x000001fe4605fbb0
Event: 0.026 Thread 0x000001fe267bdd50 Thread added: 0x000001fe46061d90
Event: 0.026 Thread 0x000001fe267bdd50 Thread added: 0x000001fe46062f90
Event: 0.026 Thread 0x000001fe267bdd50 Thread added: 0x000001fe46064080
Event: 0.027 Thread 0x000001fe267bdd50 Thread added: 0x000001fe46068ab0
Event: 0.027 Thread 0x000001fe267bdd50 Thread added: 0x000001fe4606d570
Event: 0.037 Thread 0x000001fe267bdd50 Thread added: 0x000001fe4621b170
Event: 0.038 Thread 0x000001fe267bdd50 Thread added: 0x000001fe46221dd0
Event: 0.133 Thread 0x000001fe267bdd50 Thread added: 0x000001fe463cb920
Event: 0.156 Thread 0x000001fe463cb920 Thread exited: 0x000001fe463cb920
Event: 0.237 Thread 0x000001fe46068ab0 Thread added: 0x000001fe46679400
Event: 0.426 Thread 0x000001fe4606d570 Thread added: 0x000001fe8c1597e0
Event: 1.173 Thread 0x000001fe267bdd50 Thread added: 0x000001fe8c0d9780


Dynamic libraries:
0x00007ff6c5f10000 - 0x00007ff6c5f1e000 	C:\Program Files\Microsoft\jdk-21.0.10.7-hotspot\bin\java.exe
0x00007ffbe5510000 - 0x00007ffbe5708000 	C:\WINDOWS\SYSTEM32\ntdll.dll
0x00007ffbe4a80000 - 0x00007ffbe4b42000 	C:\WINDOWS\System32\KERNEL32.DLL
0x00007ffbe3160000 - 0x00007ffbe3456000 	C:\WINDOWS\System32\KERNELBASE.dll
0x00007ffbe2e50000 - 0x00007ffbe2f50000 	C:\WINDOWS\System32\ucrtbase.dll
0x00007ffbc5680000 - 0x00007ffbc569e000 	C:\Program Files\Microsoft\jdk-21.0.10.7-hotspot\bin\VCRUNTIME140.dll
0x00007ffbc5660000 - 0x00007ffbc5678000 	C:\Program Files\Microsoft\jdk-21.0.10.7-hotspot\bin\jli.dll
0x00007ffbe36f0000 - 0x00007ffbe3891000 	C:\WINDOWS\System32\USER32.dll
0x00007ffbe2ff0000 - 0x00007ffbe3012000 	C:\WINDOWS\System32\win32u.dll
0x00007ffbca5f0000 - 0x00007ffbca88b000 	C:\WINDOWS\WinSxS\amd64_microsoft.windows.common-controls_6595b64144ccf1df_6.0.19041.6456_none_60b8a6cb71f64256\COMCTL32.dll
0x00007ffbe5430000 - 0x00007ffbe54ce000 	C:\WINDOWS\System32\msvcrt.dll
0x00007ffbe4050000 - 0x00007ffbe407b000 	C:\WINDOWS\System32\GDI32.dll
0x00007ffbe2bd0000 - 0x00007ffbe2ce9000 	C:\WINDOWS\System32\gdi32full.dll
0x00007ffbe2f50000 - 0x00007ffbe2fed000 	C:\WINDOWS\System32\msvcp_win.dll
0x00007ffbe4b50000 - 0x00007ffbe4b7f000 	C:\WINDOWS\System32\IMM32.DLL
0x00007ffbc7730000 - 0x00007ffbc773c000 	C:\Program Files\Microsoft\jdk-21.0.10.7-hotspot\bin\vcruntime140_1.dll
0x00007ffb9f950000 - 0x00007ffb9f9d9000 	C:\Program Files\Microsoft\jdk-21.0.10.7-hotspot\bin\msvcp140.dll
0x00007ffb9a6c0000 - 0x00007ffb9b46d000 	C:\Program Files\Microsoft\jdk-21.0.10.7-hotspot\bin\server\jvm.dll
0x00007ffbe4f00000 - 0x00007ffbe4fb1000 	C:\WINDOWS\System32\ADVAPI32.dll
0x00007ffbe4bf0000 - 0x00007ffbe4c8f000 	C:\WINDOWS\System32\sechost.dll
0x00007ffbe4de0000 - 0x00007ffbe4f00000 	C:\WINDOWS\System32\RPCRT4.dll
0x00007ffbe2ba0000 - 0x00007ffbe2bc7000 	C:\WINDOWS\System32\bcrypt.dll
0x00007ffbe4230000 - 0x00007ffbe429b000 	C:\WINDOWS\System32\WS2_32.dll
0x00007ffbe2090000 - 0x00007ffbe20db000 	C:\WINDOWS\SYSTEM32\POWRPROF.dll
0x00007ffbd1c10000 - 0x00007ffbd1c37000 	C:\WINDOWS\SYSTEM32\WINMM.dll
0x00007ffbdba70000 - 0x00007ffbdba7a000 	C:\WINDOWS\SYSTEM32\VERSION.dll
0x00007ffbe1f60000 - 0x00007ffbe1f72000 	C:\WINDOWS\SYSTEM32\UMPDC.dll
0x00007ffbe09f0000 - 0x00007ffbe0a02000 	C:\WINDOWS\SYSTEM32\kernel.appcore.dll
0x00007ffbc6510000 - 0x00007ffbc651a000 	C:\Program Files\Microsoft\jdk-21.0.10.7-hotspot\bin\jimage.dll
0x00007ffbd12b0000 - 0x00007ffbd14b1000 	C:\WINDOWS\SYSTEM32\DBGHELP.DLL
0x00007ffbc2710000 - 0x00007ffbc2744000 	C:\WINDOWS\SYSTEM32\dbgcore.DLL
0x00007ffbe3020000 - 0x00007ffbe30a2000 	C:\WINDOWS\System32\bcryptPrimitives.dll
0x00007ffbc54d0000 - 0x00007ffbc54f1000 	C:\Program Files\Microsoft\jdk-21.0.10.7-hotspot\bin\java.dll
0x00007ffbe4310000 - 0x00007ffbe4a80000 	C:\WINDOWS\System32\SHELL32.dll
0x00007ffbe0bf0000 - 0x00007ffbe1395000 	C:\WINDOWS\SYSTEM32\windows.storage.dll
0x00007ffbe5070000 - 0x00007ffbe53c4000 	C:\WINDOWS\System32\combase.dll
0x00007ffbe24f0000 - 0x00007ffbe251b000 	C:\WINDOWS\SYSTEM32\Wldp.dll
0x00007ffbe3f20000 - 0x00007ffbe3fed000 	C:\WINDOWS\System32\OLEAUT32.dll
0x00007ffbe4c90000 - 0x00007ffbe4d3d000 	C:\WINDOWS\System32\SHCORE.dll
0x00007ffbe53d0000 - 0x00007ffbe542b000 	C:\WINDOWS\System32\shlwapi.dll
0x00007ffbe2ad0000 - 0x00007ffbe2af4000 	C:\WINDOWS\SYSTEM32\profapi.dll
0x00007ffb9e370000 - 0x00007ffb9e446000 	C:\Program Files\Microsoft\jdk-21.0.10.7-hotspot\bin\jsvml.dll
0x00007ffbc54b0000 - 0x00007ffbc54c1000 	C:\Program Files\Microsoft\jdk-21.0.10.7-hotspot\bin\net.dll
0x00007ffbdbce0000 - 0x00007ffbdbdea000 	C:\WINDOWS\SYSTEM32\WINHTTP.dll
0x00007ffbe22d0000 - 0x00007ffbe233a000 	C:\WINDOWS\system32\mswsock.dll
0x00007ffbbf0d0000 - 0x00007ffbbf0e6000 	C:\Program Files\Microsoft\jdk-21.0.10.7-hotspot\bin\nio.dll
0x00007ffbbf0b0000 - 0x00007ffbbf0c8000 	C:\Program Files\Microsoft\jdk-21.0.10.7-hotspot\bin\zip.dll
0x00007ffbb3b30000 - 0x00007ffbb3b54000 	C:\Users\jorge\.m2\wrapper\dists\apache-maven-3.9.9\977a63e90f436cd6ade95b4c0e10c20c\lib\jansi-native\Windows\x86_64\jansi.dll
0x00007ffbc54a0000 - 0x00007ffbc54b0000 	C:\Program Files\Microsoft\jdk-21.0.10.7-hotspot\bin\verify.dll

JVMTI agents: none

dbghelp: loaded successfully - version: 4.0.5 - missing functions: none
symbol engine: initialized successfully - sym options: 0x614 - pdb path: .;C:\Program Files\Microsoft\jdk-21.0.10.7-hotspot\bin;C:\WINDOWS\SYSTEM32;C:\WINDOWS\WinSxS\amd64_microsoft.windows.common-controls_6595b64144ccf1df_6.0.19041.6456_none_60b8a6cb71f64256;C:\Program Files\Microsoft\jdk-21.0.10.7-hotspot\bin\server;C:\Users\jorge\.m2\wrapper\dists\apache-maven-3.9.9\977a63e90f436cd6ade95b4c0e10c20c\lib\jansi-native\Windows\x86_64

VM Arguments:
jvm_args: -Dclassworlds.conf=C:\Users\jorge\.m2\wrapper\dists\apache-maven-3.9.9\977a63e90f436cd6ade95b4c0e10c20c\bin\m2.conf -Dmaven.home=C:\Users\jorge\.m2\wrapper\dists\apache-maven-3.9.9\977a63e90f436cd6ade95b4c0e10c20c -Dlibrary.jansi.path=C:\Users\jorge\.m2\wrapper\dists\apache-maven-3.9.9\977a63e90f436cd6ade95b4c0e10c20c\lib\jansi-native -Dmaven.multiModuleProjectDirectory=C:\Users\jorge\OneDrive\Desktop\Backend II\minimarket 
java_command: org.codehaus.plexus.classworlds.launcher.Launcher clean compile
java_class_path (initial): C:\Users\jorge\.m2\wrapper\dists\apache-maven-3.9.9\977a63e90f436cd6ade95b4c0e10c20c\boot\plexus-classworlds-2.8.0.jar
Launcher Type: SUN_STANDARD

[Global flags]
     intx CICompilerCount                          = 4                                         {product} {ergonomic}
     uint ConcGCThreads                            = 3                                         {product} {ergonomic}
     uint G1ConcRefinementThreads                  = 10                                        {product} {ergonomic}
   size_t G1HeapRegionSize                         = 2097152                                   {product} {ergonomic}
    uintx GCDrainStackTargetSize                   = 64                                        {product} {ergonomic}
   size_t InitialHeapSize                          = 268435456                                 {product} {ergonomic}
   size_t MarkStackSize                            = 4194304                                   {product} {ergonomic}
   size_t MaxHeapSize                              = 4276092928                                {product} {ergonomic}
   size_t MaxNewSize                               = 2564816896                                {product} {ergonomic}
   size_t MinHeapDeltaBytes                        = 2097152                                   {product} {ergonomic}
   size_t MinHeapSize                              = 8388608                                   {product} {ergonomic}
    uintx NonNMethodCodeHeapSize                   = 5839372                                {pd product} {ergonomic}
    uintx NonProfiledCodeHeapSize                  = 122909434                              {pd product} {ergonomic}
    uintx ProfiledCodeHeapSize                     = 122909434                              {pd product} {ergonomic}
    uintx ReservedCodeCacheSize                    = 251658240                              {pd product} {ergonomic}
     bool SegmentedCodeCache                       = true                                      {product} {ergonomic}
   size_t SoftMaxHeapSize                          = 4276092928                             {manageable} {ergonomic}
     bool UseCompressedOops                        = true                           {product lp64_product} {ergonomic}
     bool UseG1GC                                  = true                                      {product} {ergonomic}
     bool UseLargePagesIndividualAllocation        = false                                  {pd product} {ergonomic}

Logging:
Log output configuration:
 #0: stdout all=warning uptime,level,tags foldmultilines=false
 #1: stderr all=off uptime,level,tags foldmultilines=false

Release file:
IMPLEMENTOR="Microsoft" 
IMPLEMENTOR_VERSION="Microsoft-13106404" 
JAVA_RUNTIME_VERSION="21.0.10+7-LTS" 
JAVA_VERSION="21.0.10" 
JAVA_VERSION_DATE="2026-01-20" 
LIBC="default" 
MODULES="java.base java.compiler java.datatransfer java.xml java.prefs java.desktop java.instrument java.logging java.management java.security.sasl java.naming java.rmi java.management.rmi java.net.http java.scripting java.security.jgss java.transaction.xa java.sql java.sql.rowset java.xml.crypto java.se java.smartcardio jdk.accessibility jdk.internal.jvmstat jdk.attach jdk.charsets jdk.internal.opt jdk.zipfs jdk.compiler jdk.crypto.ec jdk.crypto.cryptoki jdk.crypto.mscapi jdk.dynalink jdk.internal.ed jdk.editpad jdk.hotspot.agent jdk.httpserver jdk.incubator.vector jdk.internal.le jdk.internal.vm.ci jdk.internal.vm.compiler jdk.internal.vm.compiler.management jdk.jartool jdk.javadoc jdk.jcmd jdk.management jdk.management.agent jdk.jconsole jdk.jdeps jdk.jdwp.agent jdk.jdi jdk.jfr jdk.jlink jdk.jpackage jdk.jshell jdk.jsobject jdk.jstatd jdk.localedata jdk.management.jfr jdk.naming.dns jdk.naming.rmi jdk.net jdk.nio.mapmode jdk.random jdk.sctp jdk.security.auth jdk.security.jgss jdk.unsupported jdk.unsupported.desktop jdk.xml.dom" 
OS_ARCH="x86_64" 
OS_NAME="Windows" 
SOURCE=".:git:e69b6ef7382e" 

Environment Variables:
JAVA_HOME=C:\Program Files\Microsoft\jdk-21.0.10.7-hotspot\
PATH=C:\Program Files\Microsoft\jdk-21.0.10.7-hotspot\bin;C:\Program Files\Common Files\Oracle\Java\javapath;C:\app\jorge\product\21c\dbhomeXE\bin;C:\WINDOWS\system32;C:\WINDOWS;C:\WINDOWS\System32\Wbem;C:\WINDOWS\System32\WindowsPowerShell\v1.0\;C:\WINDOWS\System32\OpenSSH\;C:\Program Files\NVIDIA Corporation\NVIDIA App\NvDLISR;C:\Program Files (x86)\NVIDIA Corporation\PhysX\Common;C:\Program Files\nodejs\;C:\Program Files\Docker\Docker\resources\bin;C:\Program Files\Git\cmd;C:\Program Files\dotnet\;C:\Users\jorge\scoop\apps\maven\current\bin;C:\Users\jorge\scoop\shims;C:\Program Files\MySQL\MySQL Shell 8.0\bin\;C:\Users\jorge\AppData\Local\Programs\Python\Launcher\;C:\Users\jorge\AppData\Local\Microsoft\WindowsApps;C:\Users\jorge\AppData\Local\Programs\Microsoft VS Code\bin;C:\Program Files\JetBrains\PyCharm Community Edition 2025.1.1.1\bin;;C:\Users\jorge\AppData\Roaming\npm;C:\Users\jorge\.dotnet\tools
USERNAME=jorge
OS=Windows_NT
PROCESSOR_IDENTIFIER=Intel64 Family 6 Model 165 Stepping 5, GenuineIntel
TMP=C:\Users\jorge\AppData\Local\Temp
TEMP=C:\Users\jorge\AppData\Local\Temp




Periodic native trim disabled

---------------  S Y S T E M  ---------------

OS:
 Windows 10 , 64 bit Build 19041 (10.0.19041.5915)
OS uptime: 0 days 21:28 hours
Hyper-V role detected

CPU: total 12 (initial active 12) (6 cores per cpu, 2 threads per core) family 6 model 165 stepping 5 microcode 0xca, cx8, cmov, fxsr, ht, mmx, 3dnowpref, sse, sse2, sse3, ssse3, sse4.1, sse4.2, popcnt, lzcnt, tsc, tscinvbit, avx, avx2, aes, erms, clmul, bmi1, bmi2, adx, fma, vzeroupper, clflush, clflushopt, hv, rdtscp, f16c
Processor Information for the first 12 processors :
  Max Mhz: 4104, Current Mhz: 3803, Mhz Limit: 4104

Memory: 4k page, system-wide physical 16310M (5059M free)
TotalPageFile size 27574M (AvailPageFile size 10229M)
current process WorkingSet (physical memory assigned to process): 227M, peak: 227M
current process commit charge ("private bytes"): 408M, peak: 411M

vm_info: OpenJDK 64-Bit Server VM (21.0.10+7-LTS) for windows-amd64 JRE (21.0.10+7-LTS), built on 2026-01-15T18:39:42Z by "MicrosoftCorporation" with MS VC++ 17.14 (VS2022)

END.
