#
# A fatal error has been detected by the Java Runtime Environment:
#
#  EXCEPTION_ACCESS_VIOLATION (0xc0000005) at pc=0x00007ffb9c54b612, pid=21224, tid=11436
#
# JRE version: OpenJDK Runtime Environment Microsoft-13106404 (21.0.10+7) (build 21.0.10+7-LTS)
# Java VM: OpenJDK 64-Bit Server VM Microsoft-13106404 (21.0.10+7-LTS, mixed mode, sharing, tiered, compressed oops, compressed class ptrs, g1 gc, windows-amd64)
# Problematic frame:
# V  [jvm.dll+0x70b612]
#
# No core dump will be written. Minidumps are not enabled by default on client versions of Windows
#
# If you would like to submit a bug report, please visit:
#   https://github.com/microsoft/openjdk/issues
#

---------------  S U M M A R Y ------------

Command Line: -javaagent:C:\\Users\\jorge\\.m2\\repository\\org\\jacoco\\org.jacoco.agent\\0.8.12\\org.jacoco.agent-0.8.12-runtime.jar=destfile=C:\\Users\\jorge\\OneDrive\\Desktop\\Backend II\\minimarket\\target\\jacoco.exec,excludes=**/dto/**:**/security/model/**:**/hateoas/**:**/MinimarketApplication.class C:\Users\jorge\AppData\Local\Temp\surefire17905284806529330595\surefirebooter-20260718094454972_3.jar C:\Users\jorge\AppData\Local\Temp\surefire17905284806529330595 2026-07-18T09-44-54_830-jvmRun1 surefire-20260718094454972_1tmp surefire_0-20260718094454972_2tmp

Host: Intel(R) Core(TM) i5-10600K CPU @ 4.10GHz, 12 cores, 15G,  Windows 10 , 64 bit Build 19041 (10.0.19041.5915)
Time: Sat Jul 18 09:44:56 2026 Hora est. Sudamérica Pacífico elapsed time: 1.339895 seconds (0d 0h 0m 1s)

---------------  T H R E A D  ---------------

Current thread (0x000001aee6483410):  JavaThread "C2 CompilerThread2" daemon [_thread_in_native, id=11436, stack(0x0000009f44200000,0x0000009f44300000) (1024K)]


Current CompileTask:
C2:1339 2667       4       org.jacoco.agent.rt.internal_aeaf9ab.asm.SymbolTable::<init> (536 bytes)

Stack: [0x0000009f44200000,0x0000009f44300000],  sp=0x0000009f442fc130,  free space=1008k
Native frames: (J=compiled Java code, j=interpreted, Vv=VM code, C=native code)
V  [jvm.dll+0x70b612]  (no source info available)
V  [jvm.dll+0x70c392]  (no source info available)
V  [jvm.dll+0x709f29]  (no source info available)
V  [jvm.dll+0x254533]  (no source info available)
V  [jvm.dll+0x251b81]  (no source info available)
V  [jvm.dll+0x1d1adf]  (no source info available)
V  [jvm.dll+0x26195a]  (no source info available)
V  [jvm.dll+0x25fcc5]  (no source info available)
V  [jvm.dll+0x402155]  (no source info available)
V  [jvm.dll+0x86ab8d]  (no source info available)
V  [jvm.dll+0x6e141d]  (no source info available)
C  [ucrtbase.dll+0x21bb2]  (no source info available)
C  [KERNEL32.DLL+0x17374]  (no source info available)
C  [ntdll.dll+0x4cc91]  (no source info available)


siginfo: EXCEPTION_ACCESS_VIOLATION (0xc0000005), reading address 0x0000001000000028


Registers:
RAX=0x0000001000000000, RBX=0x000001aee6b78508, RCX=0x000000000000000e, RDX=0x0000000000000105
RSP=0x0000009f442fc130, RBP=0x0000009f442fc219, RSI=0x0000009f442fce00, RDI=0x0000009f442fc1a0
R8 =0x00000000000259d0, R9 =0x000001aeed959450, R10=0x00000000000034c6, R11=0x000001aeeb4f5780
R12=0x0000000000000000, R13=0x0000000000000002, R14=0x0000000000000001, R15=0x0000000000001209
RIP=0x00007ffb9c54b612, EFLAGS=0x0000000000010283

XMM[0]=0x0000000000000000 0x0000000000000000
XMM[1]=0x0000000000000000 0x0000000000000000
XMM[2]=0x0000000000000000 0x0000000000000000
XMM[3]=0x0000000000000000 0x0000000000000000
XMM[4]=0x0000000000000000 0x0000000000000000
XMM[5]=0x0000000000000000 0x0000000000000000
XMM[6]=0x0000000000000000 0x0000000000000000
XMM[7]=0x0000000000000000 0x0000000000000000
XMM[8]=0x0000000000000000 0x0000000000000000
XMM[9]=0x0000000000000000 0x0000000000000000
XMM[10]=0x0000000000000000 0x0000000000000000
XMM[11]=0x0000000000000000 0x0000000000000000
XMM[12]=0x0000000000000000 0x0000000000000000
XMM[13]=0x0000000000000000 0x0000000000000000
XMM[14]=0x0000000000000000 0x0000000000000000
XMM[15]=0x0000000000000000 0x0000000000000000
  MXCSR=0x00001fa0


Register to memory mapping:

RAX=0x0000001000000000 is an unknown value
RBX=0x000001aee6b78508 points into unknown readable memory: 0x0000009f442fe5b0 | b0 e5 2f 44 9f 00 00 00
RCX=0x000000000000000e is an unknown value
RDX=0x0000000000000105 is an unknown value
RSP=0x0000009f442fc130 is pointing into the stack for thread: 0x000001aee6483410
RBP=0x0000009f442fc219 is pointing into the stack for thread: 0x000001aee6483410
RSI=0x0000009f442fce00 is pointing into the stack for thread: 0x000001aee6483410
RDI=0x0000009f442fc1a0 is pointing into the stack for thread: 0x000001aee6483410
R8 =0x00000000000259d0 is an unknown value
R9 =0x000001aeed959450 points into unknown readable memory: 0x0000000000000000 | 00 00 00 00 00 00 00 00
R10=0x00000000000034c6 is an unknown value
R11=0x000001aeeb4f5780 points into unknown readable memory: 0x00007ffb9c7c63d8 | d8 63 7c 9c fb 7f 00 00
R12=0x0 is null
R13=0x0000000000000002 is an unknown value
R14=0x0000000000000001 is an unknown value
R15=0x0000000000001209 is an unknown value

Top of Stack: (sp=0x0000009f442fc130)
0x0000009f442fc130:   0000000000001209 0000000000000002
0x0000009f442fc140:   0000000000000000 0000009f442fce00
0x0000009f442fc150:   0000009f442fce00 00007ffb9c54c392
0x0000009f442fc160:   0000000000000000 000001aeecb5a0f0
0x0000009f442fc170:   0000000000000001 000001aeed064048
0x0000009f442fc180:   000001aee62f3230 00007ffb00004000
0x0000009f442fc190:   000001aeee22d8e0 000001ae000023f8
0x0000009f442fc1a0:   000001ae00000200 000001aeee5b9fa0
0x0000009f442fc1b0:   0000000000000200 000001aee62f3230
0x0000009f442fc1c0:   0000000000000000 0000000000000000
0x0000009f442fc1d0:   000001aee62f3230 0000000000004000
0x0000009f442fc1e0:   000001aeed6741f0 0000000000000000
0x0000009f442fc1f0:   0000120900000000 000001aeecb5a0f0
0x0000009f442fc200:   0000000000000000 000001aeec4e0390
0x0000009f442fc210:   00000000000a8248 000001aeec4e4880
0x0000009f442fc220:   000001aeec4e8378 0000009f442fc1c0
0x0000009f442fc230:   000001ae00000000 0000000000000000
0x0000009f442fc240:   0000000000000020 000001aee62f3230
0x0000009f442fc250:   0000000000000003 00007ffb9c868730
0x0000009f442fc260:   00007ffb9c8686f8 0000009f442fce00
0x0000009f442fc270:   0000009f442fc3b0 00007ffb9c549f29
0x0000009f442fc280:   0000009f442fce00 000001aeeb4f56b0
0x0000009f442fc290:   000001aeed064048 000001aee62f3230
0x0000009f442fc2a0:   0000009f442fe480 00007ffb9c094533
0x0000009f442fc2b0:   0000009f442fe480 00007ffb9c8686f8
0x0000009f442fc2c0:   000001aeec4e8378 0000009f442fc3b0
0x0000009f442fc2d0:   0000009f442ff000 00007ffb9c425d75
0x0000009f442fc2e0:   0000000000000000 0000000000000000
0x0000009f442fc2f0:   0000000000000070 000001aeec653400
0x0000009f442fc300:   000001aeec653460 00007ffb9c868730
0x0000009f442fc310:   0000000000000000 0000000000000000
0x0000009f442fc320:   0000000000000000 00007ffb9c868730 

Instructions: (pc=0x00007ffb9c54b612)
0x00007ffb9c54b512:   89 41 18 eb 13 45 33 c0 ba 08 00 00 00 49 8b c9
0x00007ffb9c54b522:   e8 59 df 9b ff 48 8b c8 48 89 4e 10 4c 89 29 44
0x00007ffb9c54b532:   8b 7e 08 8d 53 01 85 d2 74 04 85 d3 74 0c 0f bd
0x00007ffb9c54b542:   ca ba 01 00 00 00 ff c1 d3 e2 48 8b 0e 4a 8d 3c
0x00007ffb9c54b552:   fd 00 00 00 00 44 8b ca 4c 8b c7 89 56 08 48 8b
0x00007ffb9c54b562:   56 10 49 c1 e1 03 44 89 6c 24 20 e8 1e db 9b ff
0x00007ffb9c54b572:   44 8b 46 08 33 d2 45 2b c7 48 89 46 10 49 c1 e0
0x00007ffb9c54b582:   03 48 8d 0c 07 e8 96 51 25 00 48 8b 46 10 4c 89
0x00007ffb9c54b592:   24 e8 49 8b 46 28 ff c3 3b 58 08 0f 82 1d ff ff
0x00007ffb9c54b5a2:   ff 4c 8b 7c 24 30 4c 8b 64 24 38 48 8b 7c 24 70
0x00007ffb9c54b5b2:   48 8b 74 24 68 48 8b 6c 24 60 48 83 c4 40 41 5e
0x00007ffb9c54b5c2:   41 5d 5b c3 cc cc cc cc cc cc cc cc cc cc 48 89
0x00007ffb9c54b5d2:   5c 24 08 48 89 74 24 10 57 48 83 ec 20 48 8b 59
0x00007ffb9c54b5e2:   20 48 8b fa 48 8b f1 8b 43 08 4c 8b 5b 20 85 c0
0x00007ffb9c54b5f2:   74 49 45 33 c0 44 8b d0 66 0f 1f 44 00 00 4c 8b
0x00007ffb9c54b602:   4b 18 4b 8b 04 01 48 85 c0 74 26 49 3b c3 74 21
0x00007ffb9c54b612:   8b 48 28 8b c1 c1 e8 05 3b 07 73 11 8b d0 83 e1
0x00007ffb9c54b622:   1f 48 8b 47 08 8b 04 90 0f a3 c8 72 04 4f 89 1c
0x00007ffb9c54b632:   01 49 83 c0 08 49 83 ea 01 75 c3 48 8d 4e 30 33
0x00007ffb9c54b642:   d2 41 b8 48 04 00 00 e8 d4 50 25 00 48 8d 8e 78
0x00007ffb9c54b652:   04 00 00 33 d2 41 b8 48 04 00 00 e8 c0 50 25 00
0x00007ffb9c54b662:   48 8d 8e c0 08 00 00 33 d2 41 b8 a0 00 00 00 48
0x00007ffb9c54b672:   8b 5c 24 30 48 8b 74 24 38 48 83 c4 20 5f e9 9d
0x00007ffb9c54b682:   50 25 00 cc cc cc cc cc cc cc cc cc cc cc 40 53
0x00007ffb9c54b692:   41 55 41 57 48 83 ec 40 4c 8b e9 48 8b da 48 8b
0x00007ffb9c54b6a2:   49 10 48 89 4c 24 70 45 8b 7d 20 49 ff cf 4e 8d
0x00007ffb9c54b6b2:   3c f9 4c 89 7c 24 60 4c 3b f9 0f 82 de 01 00 00
0x00007ffb9c54b6c2:   8b 15 20 02 5f 00 65 48 8b 04 25 58 00 00 00 48
0x00007ffb9c54b6d2:   89 6c 24 68 48 89 74 24 38 48 89 7c 24 30 4c 89
0x00007ffb9c54b6e2:   64 24 28 4c 8d 24 d0 4c 89 74 24 20 66 90 49 8b
0x00007ffb9c54b6f2:   3f 33 ed 33 f6 44 8b 47 1c 45 85 c0 0f 84 6c 01
0x00007ffb9c54b702:   00 00 41 bf 70 00 00 00 66 0f 1f 44 00 00 4c 8b 


Stack slot to memory mapping:

stack at sp + 0 slots: 0x0000000000001209 is an unknown value
stack at sp + 1 slots: 0x0000000000000002 is an unknown value
stack at sp + 2 slots: 0x0 is null
stack at sp + 3 slots: 0x0000009f442fce00 is pointing into the stack for thread: 0x000001aee6483410
stack at sp + 4 slots: 0x0000009f442fce00 is pointing into the stack for thread: 0x000001aee6483410
stack at sp + 5 slots: 0x00007ffb9c54c392 jvm.dll
stack at sp + 6 slots: 0x0 is null
stack at sp + 7 slots: 0x000001aeecb5a0f0 points into unknown readable memory: 0x000001aeed064048 | 48 40 06 ed ae 01 00 00


---------------  P R O C E S S  ---------------

Threads class SMR info:
_java_thread_list=0x000001aee6b25ac0, length=15, elements={
0x000001aec4622b40, 0x000001aee619ca40, 0x000001aee619eb20, 0x000001aee619fbf0,
0x000001aee61a2920, 0x000001aee61a4540, 0x000001aee61a73e0, 0x000001aee61aa330,
0x000001aee61aaf80, 0x000001aee62e8e40, 0x000001aee64c58e0, 0x000001aee6483410,
0x000001aee695d130, 0x000001aee6ade5f0, 0x000001aee6c4e700
}

Java Threads: ( => current thread )
  0x000001aec4622b40 JavaThread "main"                              [_thread_in_Java, id=2860, stack(0x0000009f43000000,0x0000009f43100000) (1024K)]
  0x000001aee619ca40 JavaThread "Reference Handler"          daemon [_thread_blocked, id=18236, stack(0x0000009f43800000,0x0000009f43900000) (1024K)]
  0x000001aee619eb20 JavaThread "Finalizer"                  daemon [_thread_blocked, id=19868, stack(0x0000009f43900000,0x0000009f43a00000) (1024K)]
  0x000001aee619fbf0 JavaThread "Signal Dispatcher"          daemon [_thread_blocked, id=11396, stack(0x0000009f43a00000,0x0000009f43b00000) (1024K)]
  0x000001aee61a2920 JavaThread "Attach Listener"            daemon [_thread_blocked, id=20540, stack(0x0000009f43b00000,0x0000009f43c00000) (1024K)]
  0x000001aee61a4540 JavaThread "Service Thread"             daemon [_thread_blocked, id=21128, stack(0x0000009f43c00000,0x0000009f43d00000) (1024K)]
  0x000001aee61a73e0 JavaThread "Monitor Deflation Thread"   daemon [_thread_blocked, id=4200, stack(0x0000009f43d00000,0x0000009f43e00000) (1024K)]
  0x000001aee61aa330 JavaThread "C2 CompilerThread0"         daemon [_thread_in_native, id=20184, stack(0x0000009f43e00000,0x0000009f43f00000) (1024K)]
  0x000001aee61aaf80 JavaThread "C1 CompilerThread0"         daemon [_thread_blocked, id=18028, stack(0x0000009f43f00000,0x0000009f44000000) (1024K)]
  0x000001aee62e8e40 JavaThread "Common-Cleaner"             daemon [_thread_blocked, id=17992, stack(0x0000009f44000000,0x0000009f44100000) (1024K)]
  0x000001aee64c58e0 JavaThread "C2 CompilerThread1"         daemon [_thread_in_native, id=18744, stack(0x0000009f44100000,0x0000009f44200000) (1024K)]
=>0x000001aee6483410 JavaThread "C2 CompilerThread2"         daemon [_thread_in_native, id=11436, stack(0x0000009f44200000,0x0000009f44300000) (1024K)]
  0x000001aee695d130 JavaThread "Notification Thread"        daemon [_thread_blocked, id=20168, stack(0x0000009f44300000,0x0000009f44400000) (1024K)]
  0x000001aee6ade5f0 JavaThread "surefire-forkedjvm-stream-flusher" daemon [_thread_blocked, id=21364, stack(0x0000009f44900000,0x0000009f44a00000) (1024K)]
  0x000001aee6c4e700 JavaThread "surefire-forkedjvm-command-thread" daemon [_thread_in_native, id=10180, stack(0x0000009f44a00000,0x0000009f44b00000) (1024K)]
Total: 15

Other Threads:
  0x000001aee617f790 VMThread "VM Thread"                           [id=11844, stack(0x0000009f43700000,0x0000009f43800000) (1024K)]
  0x000001aee616c4a0 WatcherThread "VM Periodic Task Thread"        [id=21388, stack(0x0000009f43600000,0x0000009f43700000) (1024K)]
  0x000001aec69668f0 WorkerThread "GC Thread#0"                     [id=15504, stack(0x0000009f43100000,0x0000009f43200000) (1024K)]
  0x000001aee65de4c0 WorkerThread "GC Thread#1"                     [id=15460, stack(0x0000009f44400000,0x0000009f44500000) (1024K)]
  0x000001aee6b77a50 WorkerThread "GC Thread#2"                     [id=21216, stack(0x0000009f44500000,0x0000009f44600000) (1024K)]
  0x000001aee6b77e00 WorkerThread "GC Thread#3"                     [id=21284, stack(0x0000009f44600000,0x0000009f44700000) (1024K)]
  0x000001aee6c38790 WorkerThread "GC Thread#4"                     [id=20164, stack(0x0000009f44700000,0x0000009f44800000) (1024K)]
  0x000001aee6c38b40 WorkerThread "GC Thread#5"                     [id=3056, stack(0x0000009f44800000,0x0000009f44900000) (1024K)]
  0x000001aeebcd4c80 WorkerThread "GC Thread#6"                     [id=17900, stack(0x0000009f44b00000,0x0000009f44c00000) (1024K)]
  0x000001aeeb6a4930 WorkerThread "GC Thread#7"                     [id=20332, stack(0x0000009f44c00000,0x0000009f44d00000) (1024K)]
  0x000001aeec5d8eb0 WorkerThread "GC Thread#8"                     [id=17932, stack(0x0000009f44d00000,0x0000009f44e00000) (1024K)]
  0x000001aec6977870 ConcurrentGCThread "G1 Main Marker"            [id=17168, stack(0x0000009f43200000,0x0000009f43300000) (1024K)]
  0x000001aec6978a30 WorkerThread "G1 Conc#0"                       [id=20756, stack(0x0000009f43300000,0x0000009f43400000) (1024K)]
  0x000001aee602e550 ConcurrentGCThread "G1 Refine#0"               [id=18780, stack(0x0000009f43400000,0x0000009f43500000) (1024K)]
  0x000001aee6031190 ConcurrentGCThread "G1 Service"                [id=20568, stack(0x0000009f43500000,0x0000009f43600000) (1024K)]
Total: 15

Threads with active compile tasks:
C2 CompilerThread0  1363 2719       4       org.jacoco.agent.rt.internal_aeaf9ab.asm.commons.AnalyzerAdapter::execute (1961 bytes)
C2 CompilerThread1  1363 2208 %     4       org.jacoco.agent.rt.internal_aeaf9ab.asm.ClassReader::readCode @ 92 (5117 bytes)
C2 CompilerThread2  1363 2667       4       org.jacoco.agent.rt.internal_aeaf9ab.asm.SymbolTable::<init> (536 bytes)
Total: 3

VM state: not at safepoint (normal execution)

VM Mutex/Monitor currently owned by a thread: None

Heap address: 0x0000000701200000, size: 4078 MB, Compressed Oops mode: Zero based, Oop shift amount: 3

CDS archive(s) mapped at: [0x000001ae80000000-0x000001ae80c80000-0x000001ae80c80000), size 13107200, SharedBaseAddress: 0x000001ae80000000, ArchiveRelocationMode: 1.
Compressed class space mapped at: 0x000001ae81000000-0x000001aec1000000, reserved size: 1073741824
Narrow klass base: 0x000001ae80000000, Narrow klass shift: 0, Narrow klass range: 0x100000000

GC Precious Log:
 CardTable entry size: 512
 Card Set container configuration: InlinePtr #cards 4 size 8 Array Of Cards #cards 16 size 48 Howl #buckets 8 coarsen threshold 3686 Howl Bitmap #cards 512 size 80 coarsen threshold 460 Card regions per heap region 1 cards per card region 4096
 CPUs: 12 total, 12 available
 Memory: 16310M
 Large Page Support: Disabled
 NUMA Support: Disabled
 Compressed Oops: Enabled (Zero based)
 Heap Region Size: 2M
 Heap Min Capacity: 8M
 Heap Initial Capacity: 256M
 Heap Max Capacity: 4078M
 Pre-touch: Disabled
 Parallel Workers: 10
 Concurrent Workers: 3
 Concurrent Refinement Workers: 10
 Periodic GC: Disabled

Heap:
 garbage-first heap   total 262144K, used 91383K [0x0000000701200000, 0x0000000800000000)
  region size 2048K, 42 young (86016K), 1 survivors (2048K)
 Metaspace       used 11717K, committed 12032K, reserved 1114112K
  class space    used 1273K, committed 1408K, reserved 1048576K

Heap Regions: E=young(eden), S=young(survivor), O=old, HS=humongous(starts), HC=humongous(continues), CS=collection set, F=free, TAMS=top-at-mark-start, PB=parsable bottom
|   0|0x0000000701200000, 0x0000000701400000, 0x0000000701400000|100%| O|  |TAMS 0x0000000701200000| PB 0x0000000701200000| Untracked 
|   1|0x0000000701400000, 0x0000000701600000, 0x0000000701600000|100%| O|  |TAMS 0x0000000701400000| PB 0x0000000701400000| Untracked 
|   2|0x0000000701600000, 0x0000000701800000, 0x0000000701800000|100%| O|  |TAMS 0x0000000701600000| PB 0x0000000701600000| Untracked 
|   3|0x0000000701800000, 0x00000007019a94f0, 0x0000000701a00000| 83%| O|  |TAMS 0x0000000701800000| PB 0x0000000701800000| Untracked 
|   4|0x0000000701a00000, 0x0000000701a00000, 0x0000000701c00000|  0%| F|  |TAMS 0x0000000701a00000| PB 0x0000000701a00000| Untracked 
|   5|0x0000000701c00000, 0x0000000701c00000, 0x0000000701e00000|  0%| F|  |TAMS 0x0000000701c00000| PB 0x0000000701c00000| Untracked 
|   6|0x0000000701e00000, 0x0000000701e00000, 0x0000000702000000|  0%| F|  |TAMS 0x0000000701e00000| PB 0x0000000701e00000| Untracked 
|   7|0x0000000702000000, 0x0000000702000000, 0x0000000702200000|  0%| F|  |TAMS 0x0000000702000000| PB 0x0000000702000000| Untracked 
|   8|0x0000000702200000, 0x0000000702200000, 0x0000000702400000|  0%| F|  |TAMS 0x0000000702200000| PB 0x0000000702200000| Untracked 
|   9|0x0000000702400000, 0x0000000702400000, 0x0000000702600000|  0%| F|  |TAMS 0x0000000702400000| PB 0x0000000702400000| Untracked 
|  10|0x0000000702600000, 0x0000000702600000, 0x0000000702800000|  0%| F|  |TAMS 0x0000000702600000| PB 0x0000000702600000| Untracked 
|  11|0x0000000702800000, 0x0000000702800000, 0x0000000702a00000|  0%| F|  |TAMS 0x0000000702800000| PB 0x0000000702800000| Untracked 
|  12|0x0000000702a00000, 0x0000000702a00000, 0x0000000702c00000|  0%| F|  |TAMS 0x0000000702a00000| PB 0x0000000702a00000| Untracked 
|  13|0x0000000702c00000, 0x0000000702c00000, 0x0000000702e00000|  0%| F|  |TAMS 0x0000000702c00000| PB 0x0000000702c00000| Untracked 
|  14|0x0000000702e00000, 0x0000000702e00000, 0x0000000703000000|  0%| F|  |TAMS 0x0000000702e00000| PB 0x0000000702e00000| Untracked 
|  15|0x0000000703000000, 0x0000000703000000, 0x0000000703200000|  0%| F|  |TAMS 0x0000000703000000| PB 0x0000000703000000| Untracked 
|  16|0x0000000703200000, 0x0000000703200000, 0x0000000703400000|  0%| F|  |TAMS 0x0000000703200000| PB 0x0000000703200000| Untracked 
|  17|0x0000000703400000, 0x0000000703400000, 0x0000000703600000|  0%| F|  |TAMS 0x0000000703400000| PB 0x0000000703400000| Untracked 
|  18|0x0000000703600000, 0x0000000703600000, 0x0000000703800000|  0%| F|  |TAMS 0x0000000703600000| PB 0x0000000703600000| Untracked 
|  19|0x0000000703800000, 0x0000000703800000, 0x0000000703a00000|  0%| F|  |TAMS 0x0000000703800000| PB 0x0000000703800000| Untracked 
|  20|0x0000000703a00000, 0x0000000703a00000, 0x0000000703c00000|  0%| F|  |TAMS 0x0000000703a00000| PB 0x0000000703a00000| Untracked 
|  21|0x0000000703c00000, 0x0000000703c00000, 0x0000000703e00000|  0%| F|  |TAMS 0x0000000703c00000| PB 0x0000000703c00000| Untracked 
|  22|0x0000000703e00000, 0x0000000703e00000, 0x0000000704000000|  0%| F|  |TAMS 0x0000000703e00000| PB 0x0000000703e00000| Untracked 
|  23|0x0000000704000000, 0x0000000704000000, 0x0000000704200000|  0%| F|  |TAMS 0x0000000704000000| PB 0x0000000704000000| Untracked 
|  24|0x0000000704200000, 0x0000000704200000, 0x0000000704400000|  0%| F|  |TAMS 0x0000000704200000| PB 0x0000000704200000| Untracked 
|  25|0x0000000704400000, 0x0000000704400000, 0x0000000704600000|  0%| F|  |TAMS 0x0000000704400000| PB 0x0000000704400000| Untracked 
|  26|0x0000000704600000, 0x0000000704600000, 0x0000000704800000|  0%| F|  |TAMS 0x0000000704600000| PB 0x0000000704600000| Untracked 
|  27|0x0000000704800000, 0x0000000704800000, 0x0000000704a00000|  0%| F|  |TAMS 0x0000000704800000| PB 0x0000000704800000| Untracked 
|  28|0x0000000704a00000, 0x0000000704a00000, 0x0000000704c00000|  0%| F|  |TAMS 0x0000000704a00000| PB 0x0000000704a00000| Untracked 
|  29|0x0000000704c00000, 0x0000000704c00000, 0x0000000704e00000|  0%| F|  |TAMS 0x0000000704c00000| PB 0x0000000704c00000| Untracked 
|  30|0x0000000704e00000, 0x0000000704e00000, 0x0000000705000000|  0%| F|  |TAMS 0x0000000704e00000| PB 0x0000000704e00000| Untracked 
|  31|0x0000000705000000, 0x0000000705000000, 0x0000000705200000|  0%| F|  |TAMS 0x0000000705000000| PB 0x0000000705000000| Untracked 
|  32|0x0000000705200000, 0x0000000705200000, 0x0000000705400000|  0%| F|  |TAMS 0x0000000705200000| PB 0x0000000705200000| Untracked 
|  33|0x0000000705400000, 0x0000000705400000, 0x0000000705600000|  0%| F|  |TAMS 0x0000000705400000| PB 0x0000000705400000| Untracked 
|  34|0x0000000705600000, 0x0000000705600000, 0x0000000705800000|  0%| F|  |TAMS 0x0000000705600000| PB 0x0000000705600000| Untracked 
|  35|0x0000000705800000, 0x0000000705800000, 0x0000000705a00000|  0%| F|  |TAMS 0x0000000705800000| PB 0x0000000705800000| Untracked 
|  36|0x0000000705a00000, 0x0000000705a00000, 0x0000000705c00000|  0%| F|  |TAMS 0x0000000705a00000| PB 0x0000000705a00000| Untracked 
|  37|0x0000000705c00000, 0x0000000705c00000, 0x0000000705e00000|  0%| F|  |TAMS 0x0000000705c00000| PB 0x0000000705c00000| Untracked 
|  38|0x0000000705e00000, 0x0000000705e00000, 0x0000000706000000|  0%| F|  |TAMS 0x0000000705e00000| PB 0x0000000705e00000| Untracked 
|  39|0x0000000706000000, 0x0000000706000000, 0x0000000706200000|  0%| F|  |TAMS 0x0000000706000000| PB 0x0000000706000000| Untracked 
|  40|0x0000000706200000, 0x0000000706200000, 0x0000000706400000|  0%| F|  |TAMS 0x0000000706200000| PB 0x0000000706200000| Untracked 
|  41|0x0000000706400000, 0x0000000706400000, 0x0000000706600000|  0%| F|  |TAMS 0x0000000706400000| PB 0x0000000706400000| Untracked 
|  42|0x0000000706600000, 0x0000000706600000, 0x0000000706800000|  0%| F|  |TAMS 0x0000000706600000| PB 0x0000000706600000| Untracked 
|  43|0x0000000706800000, 0x0000000706800000, 0x0000000706a00000|  0%| F|  |TAMS 0x0000000706800000| PB 0x0000000706800000| Untracked 
|  44|0x0000000706a00000, 0x0000000706a00000, 0x0000000706c00000|  0%| F|  |TAMS 0x0000000706a00000| PB 0x0000000706a00000| Untracked 
|  45|0x0000000706c00000, 0x0000000706c00000, 0x0000000706e00000|  0%| F|  |TAMS 0x0000000706c00000| PB 0x0000000706c00000| Untracked 
|  46|0x0000000706e00000, 0x0000000706e00000, 0x0000000707000000|  0%| F|  |TAMS 0x0000000706e00000| PB 0x0000000706e00000| Untracked 
|  47|0x0000000707000000, 0x0000000707000000, 0x0000000707200000|  0%| F|  |TAMS 0x0000000707000000| PB 0x0000000707000000| Untracked 
|  48|0x0000000707200000, 0x0000000707200000, 0x0000000707400000|  0%| F|  |TAMS 0x0000000707200000| PB 0x0000000707200000| Untracked 
|  49|0x0000000707400000, 0x0000000707400000, 0x0000000707600000|  0%| F|  |TAMS 0x0000000707400000| PB 0x0000000707400000| Untracked 
|  50|0x0000000707600000, 0x0000000707600000, 0x0000000707800000|  0%| F|  |TAMS 0x0000000707600000| PB 0x0000000707600000| Untracked 
|  51|0x0000000707800000, 0x0000000707800000, 0x0000000707a00000|  0%| F|  |TAMS 0x0000000707800000| PB 0x0000000707800000| Untracked 
|  52|0x0000000707a00000, 0x0000000707a00000, 0x0000000707c00000|  0%| F|  |TAMS 0x0000000707a00000| PB 0x0000000707a00000| Untracked 
|  53|0x0000000707c00000, 0x0000000707c00000, 0x0000000707e00000|  0%| F|  |TAMS 0x0000000707c00000| PB 0x0000000707c00000| Untracked 
|  54|0x0000000707e00000, 0x0000000707e00000, 0x0000000708000000|  0%| F|  |TAMS 0x0000000707e00000| PB 0x0000000707e00000| Untracked 
|  55|0x0000000708000000, 0x0000000708000000, 0x0000000708200000|  0%| F|  |TAMS 0x0000000708000000| PB 0x0000000708000000| Untracked 
|  56|0x0000000708200000, 0x0000000708200000, 0x0000000708400000|  0%| F|  |TAMS 0x0000000708200000| PB 0x0000000708200000| Untracked 
|  57|0x0000000708400000, 0x0000000708400000, 0x0000000708600000|  0%| F|  |TAMS 0x0000000708400000| PB 0x0000000708400000| Untracked 
|  58|0x0000000708600000, 0x0000000708600000, 0x0000000708800000|  0%| F|  |TAMS 0x0000000708600000| PB 0x0000000708600000| Untracked 
|  59|0x0000000708800000, 0x0000000708800000, 0x0000000708a00000|  0%| F|  |TAMS 0x0000000708800000| PB 0x0000000708800000| Untracked 
|  60|0x0000000708a00000, 0x0000000708a00000, 0x0000000708c00000|  0%| F|  |TAMS 0x0000000708a00000| PB 0x0000000708a00000| Untracked 
|  61|0x0000000708c00000, 0x0000000708c00000, 0x0000000708e00000|  0%| F|  |TAMS 0x0000000708c00000| PB 0x0000000708c00000| Untracked 
|  62|0x0000000708e00000, 0x0000000708e00000, 0x0000000709000000|  0%| F|  |TAMS 0x0000000708e00000| PB 0x0000000708e00000| Untracked 
|  63|0x0000000709000000, 0x0000000709000000, 0x0000000709200000|  0%| F|  |TAMS 0x0000000709000000| PB 0x0000000709000000| Untracked 
|  64|0x0000000709200000, 0x0000000709200000, 0x0000000709400000|  0%| F|  |TAMS 0x0000000709200000| PB 0x0000000709200000| Untracked 
|  65|0x0000000709400000, 0x0000000709400000, 0x0000000709600000|  0%| F|  |TAMS 0x0000000709400000| PB 0x0000000709400000| Untracked 
|  66|0x0000000709600000, 0x0000000709600000, 0x0000000709800000|  0%| F|  |TAMS 0x0000000709600000| PB 0x0000000709600000| Untracked 
|  67|0x0000000709800000, 0x0000000709800000, 0x0000000709a00000|  0%| F|  |TAMS 0x0000000709800000| PB 0x0000000709800000| Untracked 
|  68|0x0000000709a00000, 0x0000000709a00000, 0x0000000709c00000|  0%| F|  |TAMS 0x0000000709a00000| PB 0x0000000709a00000| Untracked 
|  69|0x0000000709c00000, 0x0000000709c00000, 0x0000000709e00000|  0%| F|  |TAMS 0x0000000709c00000| PB 0x0000000709c00000| Untracked 
|  70|0x0000000709e00000, 0x0000000709e00000, 0x000000070a000000|  0%| F|  |TAMS 0x0000000709e00000| PB 0x0000000709e00000| Untracked 
|  71|0x000000070a000000, 0x000000070a000000, 0x000000070a200000|  0%| F|  |TAMS 0x000000070a000000| PB 0x000000070a000000| Untracked 
|  72|0x000000070a200000, 0x000000070a200000, 0x000000070a400000|  0%| F|  |TAMS 0x000000070a200000| PB 0x000000070a200000| Untracked 
|  73|0x000000070a400000, 0x000000070a400000, 0x000000070a600000|  0%| F|  |TAMS 0x000000070a400000| PB 0x000000070a400000| Untracked 
|  74|0x000000070a600000, 0x000000070a600000, 0x000000070a800000|  0%| F|  |TAMS 0x000000070a600000| PB 0x000000070a600000| Untracked 
|  75|0x000000070a800000, 0x000000070a800000, 0x000000070aa00000|  0%| F|  |TAMS 0x000000070a800000| PB 0x000000070a800000| Untracked 
|  76|0x000000070aa00000, 0x000000070aa00000, 0x000000070ac00000|  0%| F|  |TAMS 0x000000070aa00000| PB 0x000000070aa00000| Untracked 
|  77|0x000000070ac00000, 0x000000070ac00000, 0x000000070ae00000|  0%| F|  |TAMS 0x000000070ac00000| PB 0x000000070ac00000| Untracked 
|  78|0x000000070ae00000, 0x000000070ae00000, 0x000000070b000000|  0%| F|  |TAMS 0x000000070ae00000| PB 0x000000070ae00000| Untracked 
|  79|0x000000070b000000, 0x000000070b000000, 0x000000070b200000|  0%| F|  |TAMS 0x000000070b000000| PB 0x000000070b000000| Untracked 
|  80|0x000000070b200000, 0x000000070b200000, 0x000000070b400000|  0%| F|  |TAMS 0x000000070b200000| PB 0x000000070b200000| Untracked 
|  81|0x000000070b400000, 0x000000070b400000, 0x000000070b600000|  0%| F|  |TAMS 0x000000070b400000| PB 0x000000070b400000| Untracked 
|  82|0x000000070b600000, 0x000000070b600000, 0x000000070b800000|  0%| F|  |TAMS 0x000000070b600000| PB 0x000000070b600000| Untracked 
|  83|0x000000070b800000, 0x000000070b800000, 0x000000070ba00000|  0%| F|  |TAMS 0x000000070b800000| PB 0x000000070b800000| Untracked 
|  84|0x000000070ba00000, 0x000000070ba00000, 0x000000070bc00000|  0%| F|  |TAMS 0x000000070ba00000| PB 0x000000070ba00000| Untracked 
|  85|0x000000070bc00000, 0x000000070bc00000, 0x000000070be00000|  0%| F|  |TAMS 0x000000070bc00000| PB 0x000000070bc00000| Untracked 
|  86|0x000000070be00000, 0x000000070bf11df8, 0x000000070c000000| 53%| E|  |TAMS 0x000000070be00000| PB 0x000000070be00000| Complete 
|  87|0x000000070c000000, 0x000000070c200000, 0x000000070c200000|100%| E|CS|TAMS 0x000000070c000000| PB 0x000000070c000000| Complete 
|  88|0x000000070c200000, 0x000000070c400000, 0x000000070c400000|100%| E|CS|TAMS 0x000000070c200000| PB 0x000000070c200000| Complete 
|  89|0x000000070c400000, 0x000000070c600000, 0x000000070c600000|100%| E|CS|TAMS 0x000000070c400000| PB 0x000000070c400000| Complete 
|  90|0x000000070c600000, 0x000000070c800000, 0x000000070c800000|100%| E|CS|TAMS 0x000000070c600000| PB 0x000000070c600000| Complete 
|  91|0x000000070c800000, 0x000000070ca00000, 0x000000070ca00000|100%| E|CS|TAMS 0x000000070c800000| PB 0x000000070c800000| Complete 
|  92|0x000000070ca00000, 0x000000070cc00000, 0x000000070cc00000|100%| E|CS|TAMS 0x000000070ca00000| PB 0x000000070ca00000| Complete 
|  93|0x000000070cc00000, 0x000000070ce00000, 0x000000070ce00000|100%| E|CS|TAMS 0x000000070cc00000| PB 0x000000070cc00000| Complete 
|  94|0x000000070ce00000, 0x000000070d000000, 0x000000070d000000|100%| E|CS|TAMS 0x000000070ce00000| PB 0x000000070ce00000| Complete 
|  95|0x000000070d000000, 0x000000070d200000, 0x000000070d200000|100%| E|CS|TAMS 0x000000070d000000| PB 0x000000070d000000| Complete 
|  96|0x000000070d200000, 0x000000070d400000, 0x000000070d400000|100%| E|CS|TAMS 0x000000070d200000| PB 0x000000070d200000| Complete 
|  97|0x000000070d400000, 0x000000070d600000, 0x000000070d600000|100%| E|CS|TAMS 0x000000070d400000| PB 0x000000070d400000| Complete 
|  98|0x000000070d600000, 0x000000070d800000, 0x000000070d800000|100%| E|CS|TAMS 0x000000070d600000| PB 0x000000070d600000| Complete 
|  99|0x000000070d800000, 0x000000070da00000, 0x000000070da00000|100%| E|CS|TAMS 0x000000070d800000| PB 0x000000070d800000| Complete 
| 100|0x000000070da00000, 0x000000070dc00000, 0x000000070dc00000|100%| E|CS|TAMS 0x000000070da00000| PB 0x000000070da00000| Complete 
| 101|0x000000070dc00000, 0x000000070de00000, 0x000000070de00000|100%| E|CS|TAMS 0x000000070dc00000| PB 0x000000070dc00000| Complete 
| 102|0x000000070de00000, 0x000000070e000000, 0x000000070e000000|100%| E|CS|TAMS 0x000000070de00000| PB 0x000000070de00000| Complete 
| 103|0x000000070e000000, 0x000000070e200000, 0x000000070e200000|100%| E|CS|TAMS 0x000000070e000000| PB 0x000000070e000000| Complete 
| 104|0x000000070e200000, 0x000000070e400000, 0x000000070e400000|100%| E|CS|TAMS 0x000000070e200000| PB 0x000000070e200000| Complete 
| 105|0x000000070e400000, 0x000000070e600000, 0x000000070e600000|100%| E|CS|TAMS 0x000000070e400000| PB 0x000000070e400000| Complete 
| 106|0x000000070e600000, 0x000000070e800000, 0x000000070e800000|100%| E|CS|TAMS 0x000000070e600000| PB 0x000000070e600000| Complete 
| 107|0x000000070e800000, 0x000000070ea00000, 0x000000070ea00000|100%| E|CS|TAMS 0x000000070e800000| PB 0x000000070e800000| Complete 
| 108|0x000000070ea00000, 0x000000070ec00000, 0x000000070ec00000|100%| E|CS|TAMS 0x000000070ea00000| PB 0x000000070ea00000| Complete 
| 109|0x000000070ec00000, 0x000000070ee00000, 0x000000070ee00000|100%| E|CS|TAMS 0x000000070ec00000| PB 0x000000070ec00000| Complete 
| 110|0x000000070ee00000, 0x000000070f000000, 0x000000070f000000|100%| E|CS|TAMS 0x000000070ee00000| PB 0x000000070ee00000| Complete 
| 111|0x000000070f000000, 0x000000070f200000, 0x000000070f200000|100%| E|CS|TAMS 0x000000070f000000| PB 0x000000070f000000| Complete 
| 112|0x000000070f200000, 0x000000070f394780, 0x000000070f400000| 78%| S|CS|TAMS 0x000000070f200000| PB 0x000000070f200000| Complete 
| 113|0x000000070f400000, 0x000000070f600000, 0x000000070f600000|100%| E|CS|TAMS 0x000000070f400000| PB 0x000000070f400000| Complete 
| 114|0x000000070f600000, 0x000000070f800000, 0x000000070f800000|100%| E|CS|TAMS 0x000000070f600000| PB 0x000000070f600000| Complete 
| 115|0x000000070f800000, 0x000000070fa00000, 0x000000070fa00000|100%| E|CS|TAMS 0x000000070f800000| PB 0x000000070f800000| Complete 
| 116|0x000000070fa00000, 0x000000070fc00000, 0x000000070fc00000|100%| E|CS|TAMS 0x000000070fa00000| PB 0x000000070fa00000| Complete 
| 117|0x000000070fc00000, 0x000000070fe00000, 0x000000070fe00000|100%| E|CS|TAMS 0x000000070fc00000| PB 0x000000070fc00000| Complete 
| 118|0x000000070fe00000, 0x0000000710000000, 0x0000000710000000|100%| E|CS|TAMS 0x000000070fe00000| PB 0x000000070fe00000| Complete 
| 119|0x0000000710000000, 0x0000000710200000, 0x0000000710200000|100%| E|CS|TAMS 0x0000000710000000| PB 0x0000000710000000| Complete 
| 120|0x0000000710200000, 0x0000000710400000, 0x0000000710400000|100%| E|CS|TAMS 0x0000000710200000| PB 0x0000000710200000| Complete 
| 121|0x0000000710400000, 0x0000000710600000, 0x0000000710600000|100%| E|CS|TAMS 0x0000000710400000| PB 0x0000000710400000| Complete 
| 122|0x0000000710600000, 0x0000000710800000, 0x0000000710800000|100%| E|CS|TAMS 0x0000000710600000| PB 0x0000000710600000| Complete 
| 123|0x0000000710800000, 0x0000000710a00000, 0x0000000710a00000|100%| E|CS|TAMS 0x0000000710800000| PB 0x0000000710800000| Complete 
| 124|0x0000000710a00000, 0x0000000710c00000, 0x0000000710c00000|100%| E|CS|TAMS 0x0000000710a00000| PB 0x0000000710a00000| Complete 
| 125|0x0000000710c00000, 0x0000000710e00000, 0x0000000710e00000|100%| E|CS|TAMS 0x0000000710c00000| PB 0x0000000710c00000| Complete 
| 126|0x0000000710e00000, 0x0000000711000000, 0x0000000711000000|100%| E|CS|TAMS 0x0000000710e00000| PB 0x0000000710e00000| Complete 
| 127|0x0000000711000000, 0x0000000711200000, 0x0000000711200000|100%| E|CS|TAMS 0x0000000711000000| PB 0x0000000711000000| Complete 

Card table byte_map: [0x000001aeded80000,0x000001aedf580000] _byte_map_base: 0x000001aedb577000

Marking Bits: (CMBitMap*) 0x000001aec6966f10
 Bits: [0x000001aedf580000, 0x000001aee3538000)

Polling page: 0x000001aec47f0000

Metaspace:

Usage:
  Non-class:     10.27 MB used.
      Class:      1.25 MB used.
       Both:     11.51 MB used.

Virtual space:
  Non-class space:       64.00 MB reserved,      10.44 MB ( 16%) committed,  1 nodes.
      Class space:        1.00 GB reserved,       1.38 MB ( <1%) committed,  1 nodes.
             Both:        1.06 GB reserved,      11.81 MB (  1%) committed. 

Chunk freelists:
   Non-Class:  4.64 MB
       Class:  14.55 MB
        Both:  19.19 MB

MaxMetaspaceSize: unlimited
CompressedClassSpaceSize: 1.00 GB
Initial GC threshold: 21.00 MB
Current GC threshold: 21.00 MB
CDS: on
 - commit_granule_bytes: 65536.
 - commit_granule_words: 8192.
 - virtual_space_node_default_size: 8388608.
 - enlarge_chunks_in_place: 1.
 - use_allocation_guard: 0.


Internal statistics:

num_allocs_failed_limit: 0.
num_arena_births: 256.
num_arena_deaths: 0.
num_vsnodes_births: 2.
num_vsnodes_deaths: 0.
num_space_committed: 189.
num_space_uncommitted: 0.
num_chunks_returned_to_freelist: 0.
num_chunks_taken_from_freelist: 666.
num_chunk_merges: 0.
num_chunk_splits: 407.
num_chunks_enlarged: 256.
num_inconsistent_stats: 0.

CodeHeap 'non-profiled nmethods': size=120000Kb used=1461Kb max_used=1461Kb free=118538Kb
 bounds [0x000001aed6b00000, 0x000001aed6d70000, 0x000001aede030000]
CodeHeap 'profiled nmethods': size=120000Kb used=5739Kb max_used=5739Kb free=114260Kb
 bounds [0x000001aecf030000, 0x000001aecf5d0000, 0x000001aed6560000]
CodeHeap 'non-nmethods': size=5760Kb used=1348Kb max_used=1419Kb free=4411Kb
 bounds [0x000001aed6560000, 0x000001aed67d0000, 0x000001aed6b00000]
CodeCache: size=245760Kb, used=8548Kb, max_used=8619Kb, free=237209Kb
 total_blobs=3239, nmethods=2727, adapters=415, full_count=0
Compilation: enabled, stopped_count=0, restarted_count=0

Compilation events (20 events):
Event: 1.317 Thread 0x000001aee61aaf80 2718       3       java.util.Objects::equals (23 bytes)
Event: 1.318 Thread 0x000001aee61aaf80 nmethod 2718 0x000001aecf5c6b90 code [0x000001aecf5c6d40, 0x000001aecf5c6fa8]
Event: 1.318 Thread 0x000001aee61aa330 nmethod 2700 0x000001aed6c64590 code [0x000001aed6c64720, 0x000001aed6c648b8]
Event: 1.318 Thread 0x000001aee61aa330 2701       4       java.util.AbstractList::subListRangeCheck (110 bytes)
Event: 1.318 Thread 0x000001aee61aa330 nmethod 2701 0x000001aed6c64a10 code [0x000001aed6c64ba0, 0x000001aed6c64c70]
Event: 1.318 Thread 0x000001aee61aa330 2631       4       jdk.internal.misc.Blocker::end (71 bytes)
Event: 1.318 Thread 0x000001aee61aa330 nmethod 2631 0x000001aed6c64d90 code [0x000001aed6c64f20, 0x000001aed6c64fb8]
Event: 1.319 Thread 0x000001aee61aa330 2386       4       org.jacoco.agent.rt.internal_aeaf9ab.core.internal.flow.MethodSanitizer::<init> (16 bytes)
Event: 1.328 Thread 0x000001aee61aaf80 2726       3       org.jacoco.agent.rt.internal_aeaf9ab.core.internal.flow.LabelInfo::isDone (18 bytes)
Event: 1.328 Thread 0x000001aee61aaf80 nmethod 2726 0x000001aecf5c7090 code [0x000001aecf5c7260, 0x000001aecf5c7638]
Event: 1.329 Thread 0x000001aee61aaf80 2727       3       java.util.Collections$EmptyMap::values (4 bytes)
Event: 1.329 Thread 0x000001aee61aaf80 nmethod 2727 0x000001aecf5c7790 code [0x000001aecf5c7940, 0x000001aecf5c7ab0]
Event: 1.329 Thread 0x000001aee61aaf80 2728       3       java.util.Collections$EmptySet::toArray (11 bytes)
Event: 1.330 Thread 0x000001aee61aaf80 nmethod 2728 0x000001aecf5c7b90 code [0x000001aecf5c7d40, 0x000001aecf5c8030]
Event: 1.330 Thread 0x000001aee61aaf80 2729       3       org.springframework.core.annotation.AttributeMethods::size (18 bytes)
Event: 1.330 Thread 0x000001aee61aaf80 nmethod 2729 0x000001aecf5c8110 code [0x000001aecf5c82c0, 0x000001aecf5c8418]
Event: 1.330 Thread 0x000001aee61aaf80 2730       3       jdk.internal.loader.AbstractClassLoaderValue$Sub::hashCode (19 bytes)
Event: 1.330 Thread 0x000001aee61aaf80 nmethod 2730 0x000001aecf5c8510 code [0x000001aecf5c86e0, 0x000001aecf5c8a58]
Event: 1.331 Thread 0x000001aee61aaf80 2731       2       java.lang.String::equals (56 bytes)
Event: 1.331 Thread 0x000001aee61aaf80 nmethod 2731 0x000001aecf5c8b90 code [0x000001aecf5c8d40, 0x000001aecf5c8f58]

GC Heap History (4 events):
Event: 0.378 GC heap before
{Heap before GC invocations=0 (full 0):
 garbage-first heap   total 262144K, used 20480K [0x0000000701200000, 0x0000000800000000)
  region size 2048K, 11 young (22528K), 0 survivors (0K)
 Metaspace       used 3254K, committed 3456K, reserved 1114112K
  class space    used 299K, committed 384K, reserved 1048576K
}
Event: 0.382 GC heap after
{Heap after GC invocations=1 (full 0):
 garbage-first heap   total 262144K, used 7559K [0x0000000701200000, 0x0000000800000000)
  region size 2048K, 2 young (4096K), 2 survivors (4096K)
 Metaspace       used 3254K, committed 3456K, reserved 1114112K
  class space    used 299K, committed 384K, reserved 1048576K
}
Event: 0.613 GC heap before
{Heap before GC invocations=1 (full 0):
 garbage-first heap   total 262144K, used 34183K [0x0000000701200000, 0x0000000800000000)
  region size 2048K, 15 young (30720K), 2 survivors (4096K)
 Metaspace       used 5174K, committed 5376K, reserved 1114112K
  class space    used 462K, committed 576K, reserved 1048576K
}
Event: 0.616 GC heap after
{Heap after GC invocations=2 (full 0):
 garbage-first heap   total 262144K, used 9463K [0x0000000701200000, 0x0000000800000000)
  region size 2048K, 1 young (2048K), 1 survivors (2048K)
 Metaspace       used 5174K, committed 5376K, reserved 1114112K
  class space    used 462K, committed 576K, reserved 1048576K
}

Dll operation events (11 events):
Event: 0.005 Loaded shared library C:\Program Files\Microsoft\jdk-21.0.10.7-hotspot\bin\java.dll
Event: 0.031 Loaded shared library C:\Program Files\Microsoft\jdk-21.0.10.7-hotspot\bin\jsvml.dll
Event: 0.057 Loaded shared library C:\Program Files\Microsoft\jdk-21.0.10.7-hotspot\bin\zip.dll
Event: 0.060 Loaded shared library C:\Program Files\Microsoft\jdk-21.0.10.7-hotspot\bin\instrument.dll
Event: 0.063 Loaded shared library C:\Program Files\Microsoft\jdk-21.0.10.7-hotspot\bin\net.dll
Event: 0.064 Loaded shared library C:\Program Files\Microsoft\jdk-21.0.10.7-hotspot\bin\nio.dll
Event: 0.066 Loaded shared library C:\Program Files\Microsoft\jdk-21.0.10.7-hotspot\bin\zip.dll
Event: 0.140 Loaded shared library C:\Program Files\Microsoft\jdk-21.0.10.7-hotspot\bin\verify.dll
Event: 0.162 Loaded shared library C:\Program Files\Microsoft\jdk-21.0.10.7-hotspot\bin\jimage.dll
Event: 0.346 Loaded shared library C:\Program Files\Microsoft\jdk-21.0.10.7-hotspot\bin\management.dll
Event: 0.349 Loaded shared library C:\Program Files\Microsoft\jdk-21.0.10.7-hotspot\bin\management_ext.dll

Deoptimization events (20 events):
Event: 1.320 Thread 0x000001aec4622b40 Uncommon trap: trap_request=0xffffff6e fr.pc=0x000001aed6c607d8 relative=0x0000000000000978
Event: 1.320 Thread 0x000001aec4622b40 Uncommon trap: reason=loop_limit_check action=maybe_recompile pc=0x000001aed6c607d8 method=org.jacoco.agent.rt.internal_aeaf9ab.core.internal.flow.LabelFlowAnalyzer.markLabels(Lorg/jacoco/agent/rt/internal_aeaf9ab/asm/tree/MethodNode;)V @ 22 c2
Event: 1.320 Thread 0x000001aec4622b40 DEOPT PACKING pc=0x000001aed6c607d8 sp=0x0000009f430f9c80
Event: 1.320 Thread 0x000001aec4622b40 DEOPT UNPACKING pc=0x000001aed65b4422 sp=0x0000009f430f9bd8 mode 2
Event: 1.323 Thread 0x000001aec4622b40 Uncommon trap: trap_request=0xffffffde fr.pc=0x000001aed6b1046c relative=0x00000000000001cc
Event: 1.323 Thread 0x000001aec4622b40 Uncommon trap: reason=class_check action=maybe_recompile pc=0x000001aed6b1046c method=java.lang.String.equals(Ljava/lang/Object;)Z @ 8 c2
Event: 1.323 Thread 0x000001aec4622b40 DEOPT PACKING pc=0x000001aed6b1046c sp=0x0000009f430fc8e0
Event: 1.323 Thread 0x000001aec4622b40 DEOPT UNPACKING pc=0x000001aed65b4422 sp=0x0000009f430fc878 mode 2
Event: 1.323 Thread 0x000001aec4622b40 Uncommon trap: trap_request=0xffffffde fr.pc=0x000001aed6b1046c relative=0x00000000000001cc
Event: 1.323 Thread 0x000001aec4622b40 Uncommon trap: reason=class_check action=maybe_recompile pc=0x000001aed6b1046c method=java.lang.String.equals(Ljava/lang/Object;)Z @ 8 c2
Event: 1.323 Thread 0x000001aec4622b40 DEOPT PACKING pc=0x000001aed6b1046c sp=0x0000009f430fc8e0
Event: 1.323 Thread 0x000001aec4622b40 DEOPT UNPACKING pc=0x000001aed65b4422 sp=0x0000009f430fc878 mode 2
Event: 1.328 Thread 0x000001aec4622b40 DEOPT PACKING pc=0x000001aecf305758 sp=0x0000009f430fa500
Event: 1.328 Thread 0x000001aec4622b40 DEOPT UNPACKING pc=0x000001aed65b4bc2 sp=0x0000009f430f9a10 mode 0
Event: 1.329 Thread 0x000001aec4622b40 Uncommon trap: trap_request=0xffffffde fr.pc=0x000001aed6b1046c relative=0x00000000000001cc
Event: 1.329 Thread 0x000001aec4622b40 Uncommon trap: reason=class_check action=maybe_recompile pc=0x000001aed6b1046c method=java.lang.String.equals(Ljava/lang/Object;)Z @ 8 c2
Event: 1.330 Thread 0x000001aec4622b40 DEOPT PACKING pc=0x000001aed6b1046c sp=0x0000009f430fc7f0
Event: 1.330 Thread 0x000001aec4622b40 DEOPT UNPACKING pc=0x000001aed65b4422 sp=0x0000009f430fc788 mode 2
Event: 1.336 Thread 0x000001aec4622b40 DEOPT PACKING pc=0x000001aecf30d5ae sp=0x0000009f430fa700
Event: 1.336 Thread 0x000001aec4622b40 DEOPT UNPACKING pc=0x000001aed65b4bc2 sp=0x0000009f430f9c80 mode 0

Classes loaded (20 events):
Event: 1.255 Loading class java/util/ImmutableCollections$Access
Event: 1.256 Loading class java/util/ImmutableCollections$Access done
Event: 1.256 Loading class java/util/ImmutableCollections$Access$1
Event: 1.256 Loading class jdk/internal/access/JavaUtilCollectionAccess
Event: 1.256 Loading class jdk/internal/access/JavaUtilCollectionAccess done
Event: 1.256 Loading class java/util/ImmutableCollections$Access$1 done
Event: 1.256 Loading class java/util/stream/Nodes$SpinedNodeBuilder
Event: 1.256 Loading class java/util/stream/SpinedBuffer
Event: 1.256 Loading class java/util/stream/AbstractSpinedBuffer
Event: 1.256 Loading class java/util/stream/AbstractSpinedBuffer done
Event: 1.256 Loading class java/util/stream/SpinedBuffer done
Event: 1.256 Loading class java/util/stream/Nodes$SpinedNodeBuilder done
Event: 1.270 Loading class java/util/concurrent/atomic/AtomicLongArray
Event: 1.270 Loading class java/util/concurrent/atomic/AtomicLongArray done
Event: 1.270 Loading class java/lang/invoke/VarHandleLongs$Array
Event: 1.270 Loading class java/lang/invoke/VarHandleLongs$Array done
Event: 1.270 Loading class java/util/concurrent/atomic/AtomicReferenceArray
Event: 1.270 Loading class java/util/concurrent/atomic/AtomicReferenceArray done
Event: 1.270 Loading class java/lang/invoke/VarHandleReferences$Array
Event: 1.270 Loading class java/lang/invoke/VarHandleReferences$Array done

Classes unloaded (0 events):
No events

Classes redefined (0 events):
No events

Internal exceptions (20 events):
Event: 0.893 Thread 0x000001aec4622b40 Exception <a 'java/lang/NoSuchMethodError'{0x000000070f73d2a8}: 'int java.lang.invoke.DirectMethodHandle$Holder.invokeStatic(java.lang.Object, java.lang.Object, java.lang.Object, java.lang.Object)'> (0x000000070f73d2a8) 
thrown [s\src\hotspot\share\interpreter\linkResolver.cpp, line 773]
Event: 0.893 Thread 0x000001aec4622b40 Exception <a 'java/lang/NoSuchMethodError'{0x000000070f740978}: 'java.lang.Object java.lang.invoke.Invokers$Holder.invokeExact_MT(java.lang.Object, java.lang.Object, java.lang.Object, java.lang.Object, java.lang.Object, java.lang.Object)'> (0x000000070f740978) 
thrown [s\src\hotspot\share\interpreter\linkResolver.cpp, line 773]
Event: 0.894 Thread 0x000001aec4622b40 Exception <a 'java/lang/NoSuchMethodError'{0x000000070f74ec10}: 'int java.lang.invoke.DirectMethodHandle$Holder.invokeStatic(java.lang.Object, java.lang.Object, java.lang.Object, java.lang.Object, java.lang.Object)'> (0x000000070f74ec10) 
thrown [s\src\hotspot\share\interpreter\linkResolver.cpp, line 773]
Event: 0.905 Thread 0x000001aec4622b40 Exception <a 'java/lang/NoSuchMethodError'{0x000000070f423460}: 'void java.lang.invoke.DirectMethodHandle$Holder.invokeStaticInit(java.lang.Object)'> (0x000000070f423460) 
thrown [s\src\hotspot\share\interpreter\linkResolver.cpp, line 773]
Event: 0.925 Thread 0x000001aec4622b40 Exception <a 'java/lang/NoSuchMethodError'{0x000000070f0e7bf0}: 'void java.lang.invoke.DirectMethodHandle$Holder.invokeStaticInit(java.lang.Object, java.lang.Object, java.lang.Object, java.lang.Object)'> (0x000000070f0e7bf0) 
thrown [s\src\hotspot\share\interpreter\linkResolver.cpp, line 773]
Event: 0.938 Thread 0x000001aec4622b40 Exception <a 'java/lang/NoSuchMethodError'{0x000000070ee27078}: 'int java.lang.invoke.DirectMethodHandle$Holder.invokeStaticInit(java.lang.Object, java.lang.Object)'> (0x000000070ee27078) 
thrown [s\src\hotspot\share\interpreter\linkResolver.cpp, line 773]
Event: 0.969 Thread 0x000001aec4622b40 Exception <a 'java/lang/NoSuchMethodError'{0x000000070ec56c50}: 'void java.lang.invoke.DirectMethodHandle$Holder.invokeStatic(java.lang.Object, java.lang.Object)'> (0x000000070ec56c50) 
thrown [s\src\hotspot\share\interpreter\linkResolver.cpp, line 773]
Event: 0.978 Thread 0x000001aec4622b40 Exception <a 'java/lang/NoSuchMethodError'{0x000000070ece8498}: 'java.lang.Object java.lang.invoke.DirectMethodHandle$Holder.newInvokeSpecial(java.lang.Object, java.lang.Object, java.lang.Object, java.lang.Object, java.lang.Object, java.lang.Object, java.lang.Object)'> (0x000000070ece8498) 
thrown [s\src\hotspot\share\interpreter\linkResolver.cpp, line 773]
Event: 0.980 Thread 0x000001aec4622b40 Exception <a 'java/lang/NoSuchMethodError'{0x000000070ed027c8}: 'java.lang.Object java.lang.invoke.DirectMethodHandle$Holder.invokeInterface(java.lang.Object, java.lang.Object, java.lang.Object, java.lang.Object, java.lang.Object)'> (0x000000070ed027c8) 
thrown [s\src\hotspot\share\interpreter\linkResolver.cpp, line 773]
Event: 0.980 Thread 0x000001aec4622b40 Exception <a 'java/lang/IncompatibleClassChangeError'{0x000000070ed06310}: Found class java.lang.Object, but interface was expected> (0x000000070ed06310) 
thrown [s\src\hotspot\share\interpreter\linkResolver.cpp, line 840]
Event: 0.992 Thread 0x000001aec4622b40 Exception <a 'java/lang/IncompatibleClassChangeError'{0x000000070edf71c8}: Found class java.lang.Object, but interface was expected> (0x000000070edf71c8) 
thrown [s\src\hotspot\share\interpreter\linkResolver.cpp, line 840]
Event: 0.998 Thread 0x000001aec4622b40 Exception <a 'java/lang/NoSuchMethodError'{0x000000070ea75040}: 'void java.lang.invoke.DirectMethodHandle$Holder.invokeVirtual(java.lang.Object, java.lang.Object)'> (0x000000070ea75040) 
thrown [s\src\hotspot\share\interpreter\linkResolver.cpp, line 773]
Event: 1.023 Thread 0x000001aec4622b40 Exception <a 'java/lang/NoSuchMethodError'{0x000000070e965110}: 'void java.lang.invoke.DirectMethodHandle$Holder.invokeSpecial(java.lang.Object, java.lang.Object, java.lang.Object, java.lang.Object, java.lang.Object, java.lang.Object, java.lang.Object)'> (0x000000070e965110) 
thrown [s\src\hotspot\share\interpreter\linkResolver.cpp, line 773]
Event: 1.043 Thread 0x000001aec4622b40 Exception <a 'java/lang/NoSuchMethodError'{0x000000070e66ef40}: 'java.lang.Object java.lang.invoke.DirectMethodHandle$Holder.invokeStatic(java.lang.Object, int, java.lang.Object)'> (0x000000070e66ef40) 
thrown [s\src\hotspot\share\interpreter\linkResolver.cpp, line 773]
Event: 1.146 Thread 0x000001aec4622b40 Exception <a 'java/lang/ClassNotFoundException'{0x000000070dd8d010}: javax/smartcardio/CardPermission> (0x000000070dd8d010) 
thrown [s\src\hotspot\share\classfile\systemDictionary.cpp, line 312]
Event: 1.148 Thread 0x000001aec4622b40 Exception <a 'java/io/FileNotFoundException'{0x000000070dd99f68}> (0x000000070dd99f68) 
thrown [s\src\hotspot\share\prims\jni.cpp, line 520]
Event: 1.165 Thread 0x000001aec4622b40 Exception <a 'java/lang/NoSuchMethodError'{0x000000070dabac80}: 'java.lang.Object java.lang.invoke.DirectMethodHandle$Holder.invokeSpecial(java.lang.Object, java.lang.Object, java.lang.Object, long, java.lang.Object)'> (0x000000070dabac80) 
thrown [s\src\hotspot\share\interpreter\linkResolver.cpp, line 773]
Event: 1.165 Thread 0x000001aec4622b40 Exception <a 'java/lang/NoSuchMethodError'{0x000000070dabe8a0}: 'java.lang.Object java.lang.invoke.Invokers$Holder.linkToTargetMethod(java.lang.Object, long, java.lang.Object, java.lang.Object)'> (0x000000070dabe8a0) 
thrown [s\src\hotspot\share\interpreter\linkResolver.cpp, line 773]
Event: 1.292 Thread 0x000001aec4622b40 Exception <a 'java/lang/NoSuchMethodError'{0x000000070c8652e8}: 'int java.lang.invoke.DirectMethodHandle$Holder.invokeStaticInit(java.lang.Object, java.lang.Object, java.lang.Object)'> (0x000000070c8652e8) 
thrown [s\src\hotspot\share\interpreter\linkResolver.cpp, line 773]
Event: 1.327 Thread 0x000001aec4622b40 Exception <a 'java/lang/NoSuchMethodError'{0x000000070c53df50}: 'int java.lang.invoke.DirectMethodHandle$Holder.invokeInterface(java.lang.Object, java.lang.Object)'> (0x000000070c53df50) 
thrown [s\src\hotspot\share\interpreter\linkResolver.cpp, line 773]

ZGC Phase Switch (0 events):
No events

VM Operations (20 events):
Event: 0.686 Executing non-safepoint VM operation: HandshakeAllThreads (Deoptimize)
Event: 0.686 Executing non-safepoint VM operation: HandshakeAllThreads (Deoptimize) done
Event: 0.699 Executing non-safepoint VM operation: HandshakeAllThreads (Deoptimize)
Event: 0.699 Executing non-safepoint VM operation: HandshakeAllThreads (Deoptimize) done
Event: 0.699 Executing non-safepoint VM operation: HandshakeAllThreads (Deoptimize)
Event: 0.699 Executing non-safepoint VM operation: HandshakeAllThreads (Deoptimize) done
Event: 0.782 Executing non-safepoint VM operation: HandshakeAllThreads (Deoptimize)
Event: 0.782 Executing non-safepoint VM operation: HandshakeAllThreads (Deoptimize) done
Event: 0.846 Executing safepoint VM operation: ICBufferFull
Event: 0.846 Executing safepoint VM operation: ICBufferFull done
Event: 0.907 Executing non-safepoint VM operation: HandshakeAllThreads (Deoptimize)
Event: 0.907 Executing non-safepoint VM operation: HandshakeAllThreads (Deoptimize) done
Event: 0.986 Executing non-safepoint VM operation: HandshakeAllThreads (Deoptimize)
Event: 0.986 Executing non-safepoint VM operation: HandshakeAllThreads (Deoptimize) done
Event: 1.018 Executing safepoint VM operation: ICBufferFull
Event: 1.018 Executing safepoint VM operation: ICBufferFull done
Event: 1.112 Executing non-safepoint VM operation: HandshakeAllThreads (Deoptimize)
Event: 1.112 Executing non-safepoint VM operation: HandshakeAllThreads (Deoptimize) done
Event: 1.329 Executing non-safepoint VM operation: HandshakeAllThreads (Deoptimize)
Event: 1.329 Executing non-safepoint VM operation: HandshakeAllThreads (Deoptimize) done

Memory protections (0 events):
No events

Nmethod flushes (0 events):
No events

Events (15 events):
Event: 0.020 Thread 0x000001aec4622b40 Thread added: 0x000001aec4622b40
Event: 0.029 Thread 0x000001aec4622b40 Thread added: 0x000001aee619ca40
Event: 0.029 Thread 0x000001aec4622b40 Thread added: 0x000001aee619eb20
Event: 0.029 Thread 0x000001aec4622b40 Thread added: 0x000001aee619fbf0
Event: 0.029 Thread 0x000001aec4622b40 Thread added: 0x000001aee61a2920
Event: 0.029 Thread 0x000001aec4622b40 Thread added: 0x000001aee61a4540
Event: 0.030 Thread 0x000001aec4622b40 Thread added: 0x000001aee61a73e0
Event: 0.030 Thread 0x000001aec4622b40 Thread added: 0x000001aee61aa330
Event: 0.030 Thread 0x000001aec4622b40 Thread added: 0x000001aee61aaf80
Event: 0.061 Thread 0x000001aec4622b40 Thread added: 0x000001aee62e8e40
Event: 0.089 Thread 0x000001aee61aa330 Thread added: 0x000001aee64c58e0
Event: 0.089 Thread 0x000001aee61aa330 Thread added: 0x000001aee6483410
Event: 0.228 Thread 0x000001aec4622b40 Thread added: 0x000001aee695d130
Event: 0.386 Thread 0x000001aec4622b40 Thread added: 0x000001aee6ade5f0
Event: 0.410 Thread 0x000001aec4622b40 Thread added: 0x000001aee6c4e700


Dynamic libraries:
0x00007ff6c5f10000 - 0x00007ff6c5f1e000 	C:\Program Files\Microsoft\jdk-21.0.10.7-hotspot\bin\java.exe
0x00007ffbe5510000 - 0x00007ffbe5708000 	C:\WINDOWS\SYSTEM32\ntdll.dll
0x00007ffbe4a80000 - 0x00007ffbe4b42000 	C:\WINDOWS\System32\KERNEL32.DLL
0x00007ffbe3160000 - 0x00007ffbe3456000 	C:\WINDOWS\System32\KERNELBASE.dll
0x00007ffbe2e50000 - 0x00007ffbe2f50000 	C:\WINDOWS\System32\ucrtbase.dll
0x00007ffbc7760000 - 0x00007ffbc7778000 	C:\Program Files\Microsoft\jdk-21.0.10.7-hotspot\bin\jli.dll
0x00007ffbc7740000 - 0x00007ffbc775e000 	C:\Program Files\Microsoft\jdk-21.0.10.7-hotspot\bin\VCRUNTIME140.dll
0x00007ffbe36f0000 - 0x00007ffbe3891000 	C:\WINDOWS\System32\USER32.dll
0x00007ffbe2ff0000 - 0x00007ffbe3012000 	C:\WINDOWS\System32\win32u.dll
0x00007ffbca5f0000 - 0x00007ffbca88b000 	C:\WINDOWS\WinSxS\amd64_microsoft.windows.common-controls_6595b64144ccf1df_6.0.19041.6456_none_60b8a6cb71f64256\COMCTL32.dll
0x00007ffbe4050000 - 0x00007ffbe407b000 	C:\WINDOWS\System32\GDI32.dll
0x00007ffbe5430000 - 0x00007ffbe54ce000 	C:\WINDOWS\System32\msvcrt.dll
0x00007ffbe2bd0000 - 0x00007ffbe2ce9000 	C:\WINDOWS\System32\gdi32full.dll
0x00007ffbe2f50000 - 0x00007ffbe2fed000 	C:\WINDOWS\System32\msvcp_win.dll
0x00007ffbe4b50000 - 0x00007ffbe4b7f000 	C:\WINDOWS\System32\IMM32.DLL
0x00007ffbc9250000 - 0x00007ffbc925c000 	C:\Program Files\Microsoft\jdk-21.0.10.7-hotspot\bin\vcruntime140_1.dll
0x00007ffbc5760000 - 0x00007ffbc57e9000 	C:\Program Files\Microsoft\jdk-21.0.10.7-hotspot\bin\msvcp140.dll
0x00007ffb9be40000 - 0x00007ffb9cbed000 	C:\Program Files\Microsoft\jdk-21.0.10.7-hotspot\bin\server\jvm.dll
0x00007ffbe4f00000 - 0x00007ffbe4fb1000 	C:\WINDOWS\System32\ADVAPI32.dll
0x00007ffbe4bf0000 - 0x00007ffbe4c8f000 	C:\WINDOWS\System32\sechost.dll
0x00007ffbe4de0000 - 0x00007ffbe4f00000 	C:\WINDOWS\System32\RPCRT4.dll
0x00007ffbe2ba0000 - 0x00007ffbe2bc7000 	C:\WINDOWS\System32\bcrypt.dll
0x00007ffbe4230000 - 0x00007ffbe429b000 	C:\WINDOWS\System32\WS2_32.dll
0x00007ffbe2090000 - 0x00007ffbe20db000 	C:\WINDOWS\SYSTEM32\POWRPROF.dll
0x00007ffbd1c10000 - 0x00007ffbd1c37000 	C:\WINDOWS\SYSTEM32\WINMM.dll
0x00007ffbdba70000 - 0x00007ffbdba7a000 	C:\WINDOWS\SYSTEM32\VERSION.dll
0x00007ffbe1f60000 - 0x00007ffbe1f72000 	C:\WINDOWS\SYSTEM32\UMPDC.dll
0x00007ffbe09f0000 - 0x00007ffbe0a02000 	C:\WINDOWS\SYSTEM32\kernel.appcore.dll
0x00007ffbc7730000 - 0x00007ffbc773a000 	C:\Program Files\Microsoft\jdk-21.0.10.7-hotspot\bin\jimage.dll
0x00007ffbd12b0000 - 0x00007ffbd14b1000 	C:\WINDOWS\SYSTEM32\DBGHELP.DLL
0x00007ffbc2710000 - 0x00007ffbc2744000 	C:\WINDOWS\SYSTEM32\dbgcore.DLL
0x00007ffbe3020000 - 0x00007ffbe30a2000 	C:\WINDOWS\System32\bcryptPrimitives.dll
0x00007ffbd9bf0000 - 0x00007ffbd9c00000 	C:\Program Files\Microsoft\jdk-21.0.10.7-hotspot\bin\instrument.dll
0x00007ffbc7700000 - 0x00007ffbc7721000 	C:\Program Files\Microsoft\jdk-21.0.10.7-hotspot\bin\java.dll
0x00007ffbe4310000 - 0x00007ffbe4a80000 	C:\WINDOWS\System32\SHELL32.dll
0x00007ffbe0bf0000 - 0x00007ffbe1395000 	C:\WINDOWS\SYSTEM32\windows.storage.dll
0x00007ffbe5070000 - 0x00007ffbe53c4000 	C:\WINDOWS\System32\combase.dll
0x00007ffbe24f0000 - 0x00007ffbe251b000 	C:\WINDOWS\SYSTEM32\Wldp.dll
0x00007ffbe3f20000 - 0x00007ffbe3fed000 	C:\WINDOWS\System32\OLEAUT32.dll
0x00007ffbe4c90000 - 0x00007ffbe4d3d000 	C:\WINDOWS\System32\SHCORE.dll
0x00007ffbe53d0000 - 0x00007ffbe542b000 	C:\WINDOWS\System32\shlwapi.dll
0x00007ffbe2ad0000 - 0x00007ffbe2af4000 	C:\WINDOWS\SYSTEM32\profapi.dll
0x00007ffbaa1a0000 - 0x00007ffbaa276000 	C:\Program Files\Microsoft\jdk-21.0.10.7-hotspot\bin\jsvml.dll
0x00007ffbc7470000 - 0x00007ffbc7488000 	C:\Program Files\Microsoft\jdk-21.0.10.7-hotspot\bin\zip.dll
0x00007ffbc7620000 - 0x00007ffbc7631000 	C:\Program Files\Microsoft\jdk-21.0.10.7-hotspot\bin\net.dll
0x00007ffbdbce0000 - 0x00007ffbdbdea000 	C:\WINDOWS\SYSTEM32\WINHTTP.dll
0x00007ffbe22d0000 - 0x00007ffbe233a000 	C:\WINDOWS\system32\mswsock.dll
0x00007ffbc7600000 - 0x00007ffbc7616000 	C:\Program Files\Microsoft\jdk-21.0.10.7-hotspot\bin\nio.dll
0x00007ffbc76f0000 - 0x00007ffbc7700000 	C:\Program Files\Microsoft\jdk-21.0.10.7-hotspot\bin\verify.dll
0x00007ffbb8890000 - 0x00007ffbb88a7000 	C:\WINDOWS\system32\napinsp.dll
0x00007ffbb8870000 - 0x00007ffbb888b000 	C:\WINDOWS\system32\pnrpnsp.dll
0x00007ffbdf340000 - 0x00007ffbdf35d000 	C:\WINDOWS\system32\wshbth.dll
0x00007ffbdf160000 - 0x00007ffbdf17d000 	C:\WINDOWS\system32\NLAapi.dll
0x00007ffbe1f80000 - 0x00007ffbe1fbb000 	C:\WINDOWS\SYSTEM32\IPHLPAPI.DLL
0x00007ffbe1fc0000 - 0x00007ffbe208a000 	C:\WINDOWS\SYSTEM32\DNSAPI.dll
0x00007ffbe4d40000 - 0x00007ffbe4d48000 	C:\WINDOWS\System32\NSI.dll
0x00007ffbb8850000 - 0x00007ffbb8862000 	C:\WINDOWS\System32\winrnr.dll
0x00000000687f0000 - 0x0000000068816000 	C:\Program Files\Bonjour\mdnsNSP.dll
0x00007ffbdc310000 - 0x00007ffbdc31a000 	C:\Windows\System32\rasadhlp.dll
0x00007ffbd6d30000 - 0x00007ffbd6db0000 	C:\WINDOWS\System32\fwpuclnt.dll
0x00007ffbd9be0000 - 0x00007ffbd9bea000 	C:\Program Files\Microsoft\jdk-21.0.10.7-hotspot\bin\management.dll
0x00007ffbd9b90000 - 0x00007ffbd9b9c000 	C:\Program Files\Microsoft\jdk-21.0.10.7-hotspot\bin\management_ext.dll
0x00007ffbe42a0000 - 0x00007ffbe42a8000 	C:\WINDOWS\System32\PSAPI.DLL

JVMTI agents:
C:\\Users\\jorge\\.m2\\repository\\org\\jacoco\\org.jacoco.agent\\0.8.12\\org.jacoco.agent-0.8.12-runtime.jar path:C:\Program Files\Microsoft\jdk-21.0.10.7-hotspot\bin\instrument.dll, loaded, initialized, instrumentlib options:destfile=C:\\Users\\jorge\\OneDrive\\Desktop\\Backend II\\minimarket\\target\\jacoco.exec,excludes=**/dto/**:**/security/model/**:**/hateoas/**:**/MinimarketApplication.class

dbghelp: loaded successfully - version: 4.0.5 - missing functions: none
symbol engine: initialized successfully - sym options: 0x614 - pdb path: .;C:\Program Files\Microsoft\jdk-21.0.10.7-hotspot\bin;C:\WINDOWS\SYSTEM32;C:\WINDOWS\WinSxS\amd64_microsoft.windows.common-controls_6595b64144ccf1df_6.0.19041.6456_none_60b8a6cb71f64256;C:\Program Files\Microsoft\jdk-21.0.10.7-hotspot\bin\server;C:\Program Files\Bonjour

VM Arguments:
jvm_args: -javaagent:C:\\Users\\jorge\\.m2\\repository\\org\\jacoco\\org.jacoco.agent\\0.8.12\\org.jacoco.agent-0.8.12-runtime.jar=destfile=C:\\Users\\jorge\\OneDrive\\Desktop\\Backend II\\minimarket\\target\\jacoco.exec,excludes=**/dto/**:**/security/model/**:**/hateoas/**:**/MinimarketApplication.class 
java_command: C:\Users\jorge\AppData\Local\Temp\surefire17905284806529330595\surefirebooter-20260718094454972_3.jar C:\Users\jorge\AppData\Local\Temp\surefire17905284806529330595 2026-07-18T09-44-54_830-jvmRun1 surefire-20260718094454972_1tmp surefire_0-20260718094454972_2tmp
java_class_path (initial): C:\Users\jorge\AppData\Local\Temp\surefire17905284806529330595\surefirebooter-20260718094454972_3.jar
Launcher Type: SUN_STANDARD

[Global flags]
     intx CICompilerCount                          = 4                                         {product} {ergonomic}
     uint ConcGCThreads                            = 3                                         {product} {ergonomic}
     uint G1ConcRefinementThreads                  = 10                                        {product} {ergonomic}
   size_t G1HeapRegionSize                         = 2097152                                   {product} {ergonomic}
    uintx GCDrainStackTargetSize                   = 64                                        {product} {ergonomic}
   size_t InitialHeapSize                          = 268435456                                 {product} {ergonomic}
   size_t MarkStackSize                            = 4194304                                   {product} {ergonomic}
   size_t MaxHeapSize                              = 4276092928                                {product} {ergonomic}
   size_t MaxNewSize                               = 2564816896                                {product} {ergonomic}
   size_t MinHeapDeltaBytes                        = 2097152                                   {product} {ergonomic}
   size_t MinHeapSize                              = 8388608                                   {product} {ergonomic}
    uintx NonNMethodCodeHeapSize                   = 5839372                                {pd product} {ergonomic}
    uintx NonProfiledCodeHeapSize                  = 122909434                              {pd product} {ergonomic}
    uintx ProfiledCodeHeapSize                     = 122909434                              {pd product} {ergonomic}
    uintx ReservedCodeCacheSize                    = 251658240                              {pd product} {ergonomic}
     bool SegmentedCodeCache                       = true                                      {product} {ergonomic}
   size_t SoftMaxHeapSize                          = 4276092928                             {manageable} {ergonomic}
     bool UseCompressedOops                        = true                           {product lp64_product} {ergonomic}
     bool UseG1GC                                  = true                                      {product} {ergonomic}
     bool UseLargePagesIndividualAllocation        = false                                  {pd product} {ergonomic}

Logging:
Log output configuration:
 #0: stdout all=warning uptime,level,tags foldmultilines=false
 #1: stderr all=off uptime,level,tags foldmultilines=false

Release file:
IMPLEMENTOR="Microsoft" 
IMPLEMENTOR_VERSION="Microsoft-13106404" 
JAVA_RUNTIME_VERSION="21.0.10+7-LTS" 
JAVA_VERSION="21.0.10" 
JAVA_VERSION_DATE="2026-01-20" 
LIBC="default" 
MODULES="java.base java.compiler java.datatransfer java.xml java.prefs java.desktop java.instrument java.logging java.management java.security.sasl java.naming java.rmi java.management.rmi java.net.http java.scripting java.security.jgss java.transaction.xa java.sql java.sql.rowset java.xml.crypto java.se java.smartcardio jdk.accessibility jdk.internal.jvmstat jdk.attach jdk.charsets jdk.internal.opt jdk.zipfs jdk.compiler jdk.crypto.ec jdk.crypto.cryptoki jdk.crypto.mscapi jdk.dynalink jdk.internal.ed jdk.editpad jdk.hotspot.agent jdk.httpserver jdk.incubator.vector jdk.internal.le jdk.internal.vm.ci jdk.internal.vm.compiler jdk.internal.vm.compiler.management jdk.jartool jdk.javadoc jdk.jcmd jdk.management jdk.management.agent jdk.jconsole jdk.jdeps jdk.jdwp.agent jdk.jdi jdk.jfr jdk.jlink jdk.jpackage jdk.jshell jdk.jsobject jdk.jstatd jdk.localedata jdk.management.jfr jdk.naming.dns jdk.naming.rmi jdk.net jdk.nio.mapmode jdk.random jdk.sctp jdk.security.auth jdk.security.jgss jdk.unsupported jdk.unsupported.desktop jdk.xml.dom" 
OS_ARCH="x86_64" 
OS_NAME="Windows" 
SOURCE=".:git:e69b6ef7382e" 

Environment Variables:
JAVA_HOME=C:\Program Files\Microsoft\jdk-21.0.10.7-hotspot\
PATH=C:\Program Files\Microsoft\jdk-21.0.10.7-hotspot\bin;C:\Program Files\Common Files\Oracle\Java\javapath;C:\app\jorge\product\21c\dbhomeXE\bin;C:\WINDOWS\system32;C:\WINDOWS;C:\WINDOWS\System32\Wbem;C:\WINDOWS\System32\WindowsPowerShell\v1.0\;C:\WINDOWS\System32\OpenSSH\;C:\Program Files\NVIDIA Corporation\NVIDIA App\NvDLISR;C:\Program Files (x86)\NVIDIA Corporation\PhysX\Common;C:\Program Files\nodejs\;C:\Program Files\Docker\Docker\resources\bin;C:\Program Files\Git\cmd;C:\Program Files\dotnet\;C:\Users\jorge\scoop\apps\maven\current\bin;C:\Users\jorge\scoop\shims;C:\Program Files\MySQL\MySQL Shell 8.0\bin\;C:\Users\jorge\AppData\Local\Programs\Python\Launcher\;C:\Users\jorge\AppData\Local\Microsoft\WindowsApps;C:\Users\jorge\AppData\Local\Programs\Microsoft VS Code\bin;C:\Program Files\JetBrains\PyCharm Community Edition 2025.1.1.1\bin;;C:\Users\jorge\AppData\Roaming\npm;C:\Users\jorge\.dotnet\tools
USERNAME=jorge
OS=Windows_NT
PROCESSOR_IDENTIFIER=Intel64 Family 6 Model 165 Stepping 5, GenuineIntel
TMP=C:\Users\jorge\AppData\Local\Temp
TEMP=C:\Users\jorge\AppData\Local\Temp




Periodic native trim disabled

---------------  S Y S T E M  ---------------

OS:
 Windows 10 , 64 bit Build 19041 (10.0.19041.5915)
OS uptime: 0 days 20:08 hours
Hyper-V role detected

CPU: total 12 (initial active 12) (6 cores per cpu, 2 threads per core) family 6 model 165 stepping 5 microcode 0xca, cx8, cmov, fxsr, ht, mmx, 3dnowpref, sse, sse2, sse3, ssse3, sse4.1, sse4.2, popcnt, lzcnt, tsc, tscinvbit, avx, avx2, aes, erms, clmul, bmi1, bmi2, adx, fma, vzeroupper, clflush, clflushopt, hv, rdtscp, f16c
Processor Information for the first 12 processors :
  Max Mhz: 4104, Current Mhz: 3803, Mhz Limit: 4104

Memory: 4k page, system-wide physical 16310M (4226M free)
TotalPageFile size 27574M (AvailPageFile size 9475M)
current process WorkingSet (physical memory assigned to process): 214M, peak: 214M
current process commit charge ("private bytes"): 428M, peak: 428M

vm_info: OpenJDK 64-Bit Server VM (21.0.10+7-LTS) for windows-amd64 JRE (21.0.10+7-LTS), built on 2026-01-15T18:39:42Z by "MicrosoftCorporation" with MS VC++ 17.14 (VS2022)

END.
