#
# A fatal error has been detected by the Java Runtime Environment:
#
#  EXCEPTION_ACCESS_VIOLATION (0xc0000005) at pc=0x00007ffb2aa88f9a, pid=16044, tid=12488
#
# JRE version: OpenJDK Runtime Environment Microsoft-13106404 (21.0.10+7) (build 21.0.10+7-LTS)
# Java VM: OpenJDK 64-Bit Server VM Microsoft-13106404 (21.0.10+7-LTS, mixed mode, sharing, tiered, compressed oops, compressed class ptrs, g1 gc, windows-amd64)
# Problematic frame:
# V  [jvm.dll+0x708f9a]
#
# No core dump will be written. Minidumps are not enabled by default on client versions of Windows
#
# If you would like to submit a bug report, please visit:
#   https://github.com/microsoft/openjdk/issues
#

---------------  S U M M A R Y ------------

Command Line: -javaagent:C:\\Users\\jorge\\.m2\\repository\\org\\jacoco\\org.jacoco.agent\\0.8.12\\org.jacoco.agent-0.8.12-runtime.jar=destfile=C:\\Users\\jorge\\OneDrive\\Desktop\\Backend II\\minimarket\\target\\jacoco.exec,excludes=**/dto/**:**/security/model/**:**/hateoas/**:**/MinimarketApplication.class C:\Users\jorge\AppData\Local\Temp\surefire17658372945585800359\surefirebooter-20260717222041911_3.jar C:\Users\jorge\AppData\Local\Temp\surefire17658372945585800359 2026-07-17T22-20-41_748-jvmRun1 surefire-20260717222041911_1tmp surefire_0-20260717222041911_2tmp

Host: Intel(R) Core(TM) i5-10600K CPU @ 4.10GHz, 12 cores, 15G,  Windows 10 , 64 bit Build 19041 (10.0.19041.5915)
Time: Fri Jul 17 22:20:43 2026 Hora est. Sudamérica Pacífico elapsed time: 1.652731 seconds (0d 0h 0m 1s)

---------------  T H R E A D  ---------------

Current thread (0x0000025fb3aca6b0):  JavaThread "C2 CompilerThread2" daemon [_thread_in_native, id=12488, stack(0x0000008e9c500000,0x0000008e9c600000) (1024K)]


Current CompileTask:
C2:1652 2872       4       jdk.internal.org.objectweb.asm.SymbolTable::addConstantUtf8Reference (101 bytes)

Stack: [0x0000008e9c500000,0x0000008e9c600000],  sp=0x0000008e9c5fc700,  free space=1009k
Native frames: (J=compiled Java code, j=interpreted, Vv=VM code, C=native code)
V  [jvm.dll+0x708f9a]  (no source info available)
V  [jvm.dll+0x70c7b8]  (no source info available)
V  [jvm.dll+0x70ab03]  (no source info available)
V  [jvm.dll+0x2535de]  (no source info available)
V  [jvm.dll+0x251b81]  (no source info available)
V  [jvm.dll+0x1d1adf]  (no source info available)
V  [jvm.dll+0x26195a]  (no source info available)
V  [jvm.dll+0x25fcc5]  (no source info available)
V  [jvm.dll+0x402155]  (no source info available)
V  [jvm.dll+0x86ab8d]  (no source info available)
V  [jvm.dll+0x6e141d]  (no source info available)
C  [ucrtbase.dll+0x21bb2]  (no source info available)
C  [KERNEL32.DLL+0x17374]  (no source info available)
C  [ntdll.dll+0x4cc91]  (no source info available)


siginfo: EXCEPTION_ACCESS_VIOLATION (0xc0000005), reading address 0x0000000005555455


Registers:
RAX=0x0000000005555455, RBX=0x0000025ff9e28188, RCX=0x00007ffb2afc2dc0, RDX=0x0000025f8553582c
RSP=0x0000008e9c5fc700, RBP=0x0000000000000448, RSI=0x0000008e9c5fca00, RDI=0x0000025ff9e27d68
R8 =0x0000000000010000, R9 =0x0000025f80001250, R10=0x00007ffbc7b70000, R11=0x0000000000000000
R12=0x0000000000000000, R13=0x0000008e9c5fca00, R14=0x0000000000000348, R15=0x00007ffb2afc2dc0
RIP=0x00007ffb2aa88f9a, EFLAGS=0x0000000000010297

XMM[0]=0x0000000000000000 0x0000000000000000
XMM[1]=0x0000000000000000 0x0000000000000000
XMM[2]=0x0000010400008300 0x0000000000000000
XMM[3]=0x4202000080000000 0x00000000040403f0
XMM[4]=0x40c0141c07a00008 0x04000c0040101010
XMM[5]=0x0000000000000000 0x0000000000000000
XMM[6]=0x0000000000000000 0x0000000000000000
XMM[7]=0x0000000000000000 0x0000000000000000
XMM[8]=0x0000000000000000 0x0000000000000000
XMM[9]=0x0000000000000000 0x0000000000000000
XMM[10]=0x0000000000000000 0x0000000000000000
XMM[11]=0x0000000000000000 0x0000000000000000
XMM[12]=0x0000000000000000 0x0000000000000000
XMM[13]=0x0000000000000000 0x0000000000000000
XMM[14]=0x0000000000000000 0x0000000000000000
XMM[15]=0x0000000000000000 0x0000000000000000
  MXCSR=0x00001fa0


Register to memory mapping:

RAX=0x0000000005555455 is an unknown value
RBX=0x0000025ff9e28188 points into unknown readable memory: 0x00007ffb2ad7f5c0 | c0 f5 d7 2a fb 7f 00 00
RCX=0x00007ffb2afc2dc0 jvm.dll
RDX=0x0000025f8553582c points into unknown readable memory: 00 00 01 00
RSP=0x0000008e9c5fc700 is pointing into the stack for thread: 0x0000025fb3aca6b0
RBP=0x0000000000000448 is an unknown value
RSI=0x0000008e9c5fca00 is pointing into the stack for thread: 0x0000025fb3aca6b0
RDI=0x0000025ff9e27d68 points into unknown readable memory: 0x00007ffb2ad7f5c0 | c0 f5 d7 2a fb 7f 00 00
R8 =0x0000000000010000 is an unknown value
R9 =0x0000025f80001250 points into unknown readable memory: 0x0000000000000000 | 00 00 00 00 00 00 00 00
R10=0x00007ffbc7b70000 VCRUNTIME140.dll
R11=0x0 is null
R12=0x0 is null
R13=0x0000008e9c5fca00 is pointing into the stack for thread: 0x0000025fb3aca6b0
R14=0x0000000000000348 is an unknown value
R15=0x00007ffb2afc2dc0 jvm.dll

Top of Stack: (sp=0x0000008e9c5fc700)
0x0000008e9c5fc700:   0000025ff9e28188 0000000000000448
0x0000008e9c5fc710:   0000008e9c5fca00 00007ffb2a43ff2c
0x0000008e9c5fc720:   0000025fb3962450 0000000000000000
0x0000008e9c5fc730:   0000008e9c5fca00 0000025ff9e28488
0x0000008e9c5fc740:   0000008e9c5fca00 00007ffb2a9fa374
0x0000008e9c5fc750:   0000025ffd4c6dc8 0000025ff9e28498
0x0000008e9c5fc760:   ffffffff88ca6bff 0000025ffd4c6dc8
0x0000008e9c5fc770:   0000000000000348 0000000000000000
0x0000008e9c5fc780:   0000025ff9e27d68 0000008e9c5fca00
0x0000008e9c5fc790:   0000000000000448 0000025fb3962450
0x0000008e9c5fc7a0:   0000025ff9e28188 00007ffb2aa8c7b8
0x0000008e9c5fc7b0:   0000008e9c5fca00 0000025ff9e28188
0x0000008e9c5fc7c0:   0000025ff9e28188 00007ffb2afc2dc0
0x0000008e9c5fc7d0:   0000008e9c5fca00 00007ffb2aa8ab03
0x0000008e9c5fc7e0:   0000008e9c5fe9f0 0000025ff9e28188
0x0000008e9c5fc7f0:   0000025ffd65ebd8 0000000000010388
0x0000008e9c5fc800:   0000000000000003 0000025fb3800ba0
0x0000008e9c5fc810:   0000000000000070 00007ffb2a5d35de
0x0000008e9c5fc820:   0000000000000020 0000000000000000
0x0000008e9c5fc830:   0000008e9c5fe9f0 0000008e9c5fc920
0x0000008e9c5fc840:   0000000000000000 00007ffb2abfd472
0x0000008e9c5fc850:   0000000000000000 0000000000000000
0x0000008e9c5fc860:   0000025ffbad5fd0 0000025ff9c71900
0x0000008e9c5fc870:   0000000000000000 00007ffb2ada8718
0x0000008e9c5fc880:   0000000000000000 0000000000000000
0x0000008e9c5fc890:   0000000000000000 00007ffb2ada8718
0x0000008e9c5fc8a0:   0000025ffae00d00 00007ffb2a6756cc
0x0000008e9c5fc8b0:   0000025ffd6574e8 0000025ffd65ebd8
0x0000008e9c5fc8c0:   0000025ffbad6170 0000025ff9c719b0
0x0000008e9c5fc8d0:   0000025fb3800ba0 00007ffbe2e64c74
0x0000008e9c5fc8e0:   0000000000000020 00007ffb2a44917f
0x0000008e9c5fc8f0:   0000025ffae00000 0000000000000000 

Instructions: (pc=0x00007ffb2aa88f9a)
0x00007ffb2aa88e9a:   f0 48 83 c7 08 49 3b fc 72 8c 4c 8b 7c 24 20 4c
0x00007ffb2aa88eaa:   8b 74 24 28 48 8b 74 24 60 48 8b 6c 24 58 48 8b
0x00007ffb2aa88eba:   5c 24 50 48 83 c4 30 41 5d 41 5c 5f c3 cc cc cc
0x00007ffb2aa88eca:   cc cc cc cc cc cc 48 89 54 24 10 48 89 4c 24 08
0x00007ffb2aa88eda:   53 41 55 48 81 ec 98 00 00 00 48 8b da 4c 8b e9
0x00007ffb2aa88eea:   e8 01 ff ff ff 48 8b 4b 10 8b 43 20 48 89 4c 24
0x00007ffb2aa88efa:   38 48 8d 04 c1 48 89 44 24 58 48 3b c8 0f 83 49
0x00007ffb2aa88f0a:   0a 00 00 48 89 ac 24 90 00 00 00 48 89 b4 24 88
0x00007ffb2aa88f1a:   00 00 00 48 89 bc 24 80 00 00 00 4c 89 64 24 78
0x00007ffb2aa88f2a:   4c 89 74 24 70 4c 89 7c 24 68 0f 1f 40 00 0f 1f
0x00007ffb2aa88f3a:   84 00 00 00 00 00 4c 8b 39 4c 89 bc 24 c8 00 00
0x00007ffb2aa88f4a:   00 41 8b 47 2c a8 01 75 07 83 e0 7f 3c 50 75 0b
0x00007ffb2aa88f5a:   49 8b d7 49 8b cd e8 8b fe ff ff 41 8b 47 2c 83
0x00007ffb2aa88f6a:   e0 3f 3c 2f 75 24 49 8b 47 08 48 3b 58 28 75 1a
0x00007ffb2aa88f7a:   33 d2 49 8b cf e8 9c 43 fa ff 48 85 c0 74 0b 48
0x00007ffb2aa88f8a:   8b d0 49 8b cd e8 5c fe ff ff 49 8b 07 49 8b cf
0x00007ffb2aa88f9a:   ff 10 41 80 7f 2c c0 44 8b f0 89 84 24 c0 00 00
0x00007ffb2aa88faa:   00 0f 85 df 02 00 00 49 8b d7 49 8b cd e8 14 ff
0x00007ffb2aa88fba:   ff ff 41 83 7f 20 00 76 49 49 8b 4f 10 48 8b 01
0x00007ffb2aa88fca:   83 78 20 00 76 3c 48 8b 40 10 48 8b 08 83 79 20
0x00007ffb2aa88fda:   02 75 2f 48 8b 41 10 48 8b 10 83 7a 20 00 76 22
0x00007ffb2aa88fea:   48 8b 48 08 83 79 20 00 76 18 48 8b 42 10 48 8b
0x00007ffb2aa88ffa:   10 48 8b 41 10 48 3b 10 75 08 49 8b cd e8 e4 fd
0x00007ffb2aa8900a:   ff ff 41 8d 46 af 83 f8 01 0f 87 77 02 00 00 48
0x00007ffb2aa8901a:   8b d3 49 8b cf e8 dc 0d 00 00 48 85 c0 74 0f 49
0x00007ffb2aa8902a:   8b 8d 68 09 00 00 48 8b d0 e8 c8 cd 9c ff 41 83
0x00007ffb2aa8903a:   fe 51 0f 85 4e 02 00 00 49 8b 47 08 48 8b 48 08
0x00007ffb2aa8904a:   48 3b 48 10 0f 84 3c 02 00 00 48 3b cb 0f 85 a3
0x00007ffb2aa8905a:   01 00 00 49 8b 4f 10 41 8b 47 20 48 89 4c 24 30
0x00007ffb2aa8906a:   48 8d 04 c1 48 89 44 24 50 48 3b c8 0f 83 14 02
0x00007ffb2aa8907a:   00 00 0f 1f 40 00 48 8b 09 8b 41 2c 25 ff 01 00
0x00007ffb2aa8908a:   00 3d 00 01 00 00 0f 85 34 01 00 00 48 8b 51 10 


Stack slot to memory mapping:

stack at sp + 0 slots: 0x0000025ff9e28188 points into unknown readable memory: 0x00007ffb2ad7f5c0 | c0 f5 d7 2a fb 7f 00 00
stack at sp + 1 slots: 0x0000000000000448 is an unknown value
stack at sp + 2 slots: 0x0000008e9c5fca00 is pointing into the stack for thread: 0x0000025fb3aca6b0
stack at sp + 3 slots: 0x00007ffb2a43ff2c jvm.dll
stack at sp + 4 slots: 0x0000025fb3962450 points into unknown readable memory: 0x0000000000000007 | 07 00 00 00 00 00 00 00
stack at sp + 5 slots: 0x0 is null
stack at sp + 6 slots: 0x0000008e9c5fca00 is pointing into the stack for thread: 0x0000025fb3aca6b0
stack at sp + 7 slots: 0x0000025ff9e28488 points into unknown readable memory: 0x00007ffb2afc2dc0 | c0 2d fc 2a fb 7f 00 00


---------------  P R O C E S S  ---------------

Threads class SMR info:
_java_thread_list=0x0000025ff9c88d40, length=15, elements={
0x0000025f93f4dc90, 0x0000025fb37efb30, 0x0000025fb37f1a60, 0x0000025fb37f3530,
0x0000025fb37f7010, 0x0000025fb37fb4c0, 0x0000025fb37fc5b0, 0x0000025fb37fdef0,
0x0000025fb3801e30, 0x0000025fb39747e0, 0x0000025fb3ad88d0, 0x0000025fb3aca6b0,
0x0000025ff959e0d0, 0x0000025ff9787300, 0x0000025ff9e0ad50
}

Java Threads: ( => current thread )
  0x0000025f93f4dc90 JavaThread "main"                              [_thread_in_vm, id=9728, stack(0x0000008e9b300000,0x0000008e9b400000) (1024K)]
  0x0000025fb37efb30 JavaThread "Reference Handler"          daemon [_thread_blocked, id=16784, stack(0x0000008e9bb00000,0x0000008e9bc00000) (1024K)]
  0x0000025fb37f1a60 JavaThread "Finalizer"                  daemon [_thread_blocked, id=1780, stack(0x0000008e9bc00000,0x0000008e9bd00000) (1024K)]
  0x0000025fb37f3530 JavaThread "Signal Dispatcher"          daemon [_thread_blocked, id=7396, stack(0x0000008e9bd00000,0x0000008e9be00000) (1024K)]
  0x0000025fb37f7010 JavaThread "Attach Listener"            daemon [_thread_blocked, id=3628, stack(0x0000008e9be00000,0x0000008e9bf00000) (1024K)]
  0x0000025fb37fb4c0 JavaThread "Service Thread"             daemon [_thread_blocked, id=13780, stack(0x0000008e9bf00000,0x0000008e9c000000) (1024K)]
  0x0000025fb37fc5b0 JavaThread "Monitor Deflation Thread"   daemon [_thread_blocked, id=5080, stack(0x0000008e9c000000,0x0000008e9c100000) (1024K)]
  0x0000025fb37fdef0 JavaThread "C2 CompilerThread0"         daemon [_thread_in_native, id=10880, stack(0x0000008e9c100000,0x0000008e9c200000) (1024K)]
  0x0000025fb3801e30 JavaThread "C1 CompilerThread0"         daemon [_thread_in_vm, id=16876, stack(0x0000008e9c200000,0x0000008e9c300000) (1024K)]
  0x0000025fb39747e0 JavaThread "Common-Cleaner"             daemon [_thread_blocked, id=1724, stack(0x0000008e9c300000,0x0000008e9c400000) (1024K)]
  0x0000025fb3ad88d0 JavaThread "C2 CompilerThread1"         daemon [_thread_in_native, id=12156, stack(0x0000008e9c400000,0x0000008e9c500000) (1024K)]
=>0x0000025fb3aca6b0 JavaThread "C2 CompilerThread2"         daemon [_thread_in_native, id=12488, stack(0x0000008e9c500000,0x0000008e9c600000) (1024K)]
  0x0000025ff959e0d0 JavaThread "Notification Thread"        daemon [_thread_blocked, id=10672, stack(0x0000008e9c600000,0x0000008e9c700000) (1024K)]
  0x0000025ff9787300 JavaThread "surefire-forkedjvm-stream-flusher" daemon [_thread_blocked, id=14340, stack(0x0000008e9cc00000,0x0000008e9cd00000) (1024K)]
  0x0000025ff9e0ad50 JavaThread "surefire-forkedjvm-command-thread" daemon [_thread_in_native, id=12152, stack(0x0000008e9cd00000,0x0000008e9ce00000) (1024K)]
Total: 15

Other Threads:
  0x0000025fb37d0240 VMThread "VM Thread"                           [id=2372, stack(0x0000008e9ba00000,0x0000008e9bb00000) (1024K)]
  0x0000025fb37bd9e0 WatcherThread "VM Periodic Task Thread"        [id=10864, stack(0x0000008e9b900000,0x0000008e9ba00000) (1024K)]
  0x0000025f93fb6020 WorkerThread "GC Thread#0"                     [id=15572, stack(0x0000008e9b400000,0x0000008e9b500000) (1024K)]
  0x0000025fb37cfe90 WorkerThread "GC Thread#1"                     [id=8740, stack(0x0000008e9c700000,0x0000008e9c800000) (1024K)]
  0x0000025fb37cfae0 WorkerThread "GC Thread#2"                     [id=12140, stack(0x0000008e9c800000,0x0000008e9c900000) (1024K)]
  0x0000025fb37d14b0 WorkerThread "GC Thread#3"                     [id=12272, stack(0x0000008e9c900000,0x0000008e9ca00000) (1024K)]
  0x0000025fb37d0d50 WorkerThread "GC Thread#4"                     [id=15860, stack(0x0000008e9ca00000,0x0000008e9cb00000) (1024K)]
  0x0000025fb37d05f0 WorkerThread "GC Thread#5"                     [id=17060, stack(0x0000008e9cb00000,0x0000008e9cc00000) (1024K)]
  0x0000025fb37d09a0 WorkerThread "GC Thread#6"                     [id=5488, stack(0x0000008e9ce00000,0x0000008e9cf00000) (1024K)]
  0x0000025fb37d1100 WorkerThread "GC Thread#7"                     [id=7368, stack(0x0000008e9cf00000,0x0000008e9d000000) (1024K)]
  0x0000025ffa3ec690 WorkerThread "GC Thread#8"                     [id=3940, stack(0x0000008e9d000000,0x0000008e9d100000) (1024K)]
  0x0000025f93fc7090 ConcurrentGCThread "G1 Main Marker"            [id=12776, stack(0x0000008e9b500000,0x0000008e9b600000) (1024K)]
  0x0000025f93fc8340 WorkerThread "G1 Conc#0"                       [id=1320, stack(0x0000008e9b600000,0x0000008e9b700000) (1024K)]
  0x0000025f9401e6a0 ConcurrentGCThread "G1 Refine#0"               [id=16736, stack(0x0000008e9b700000,0x0000008e9b800000) (1024K)]
  0x0000025fb3682fe0 ConcurrentGCThread "G1 Service"                [id=13296, stack(0x0000008e9b800000,0x0000008e9b900000) (1024K)]
Total: 15

Threads with active compile tasks:
C2 CompilerThread0  1677 2877 %     4       org.jacoco.agent.rt.internal_aeaf9ab.asm.ClassReader::readCode @ 2187 (5117 bytes)
C1 CompilerThread0  1677 2899       3       java.lang.invoke.MethodHandleImpl::makePairwiseConvertByEditor (617 bytes)
C2 CompilerThread1  1677 2883       4       org.jacoco.agent.rt.internal_aeaf9ab.asm.tree.MethodNode::visitFrame (47 bytes)
C2 CompilerThread2  1677 2872       4       jdk.internal.org.objectweb.asm.SymbolTable::addConstantUtf8Reference (101 bytes)
Total: 4

VM state: not at safepoint (normal execution)

VM Mutex/Monitor currently owned by a thread: None

Heap address: 0x0000000701200000, size: 4078 MB, Compressed Oops mode: Zero based, Oop shift amount: 3

CDS archive(s) mapped at: [0x0000025fb4000000-0x0000025fb4c80000-0x0000025fb4c80000), size 13107200, SharedBaseAddress: 0x0000025fb4000000, ArchiveRelocationMode: 1.
Compressed class space mapped at: 0x0000025fb5000000-0x0000025ff5000000, reserved size: 1073741824
Narrow klass base: 0x0000025fb4000000, Narrow klass shift: 0, Narrow klass range: 0x100000000

GC Precious Log:
 CardTable entry size: 512
 Card Set container configuration: InlinePtr #cards 4 size 8 Array Of Cards #cards 16 size 48 Howl #buckets 8 coarsen threshold 3686 Howl Bitmap #cards 512 size 80 coarsen threshold 460 Card regions per heap region 1 cards per card region 4096
 CPUs: 12 total, 12 available
 Memory: 16310M
 Large Page Support: Disabled
 NUMA Support: Disabled
 Compressed Oops: Enabled (Zero based)
 Heap Region Size: 2M
 Heap Min Capacity: 8M
 Heap Initial Capacity: 256M
 Heap Max Capacity: 4078M
 Pre-touch: Disabled
 Parallel Workers: 10
 Concurrent Workers: 3
 Concurrent Refinement Workers: 10
 Periodic GC: Disabled

Heap:
 garbage-first heap   total 262144K, used 128009K [0x0000000701200000, 0x0000000800000000)
  region size 2048K, 60 young (122880K), 1 survivors (2048K)
 Metaspace       used 13812K, committed 14144K, reserved 1114112K
  class space    used 1524K, committed 1664K, reserved 1048576K

Heap Regions: E=young(eden), S=young(survivor), O=old, HS=humongous(starts), HC=humongous(continues), CS=collection set, F=free, TAMS=top-at-mark-start, PB=parsable bottom
|   0|0x0000000701200000, 0x0000000701400000, 0x0000000701400000|100%| O|  |TAMS 0x0000000701200000| PB 0x0000000701200000| Untracked 
|   1|0x0000000701400000, 0x0000000701600000, 0x0000000701600000|100%| O|  |TAMS 0x0000000701400000| PB 0x0000000701400000| Untracked 
|   2|0x0000000701600000, 0x0000000701800000, 0x0000000701800000|100%| O|  |TAMS 0x0000000701600000| PB 0x0000000701600000| Untracked 
|   3|0x0000000701800000, 0x0000000701973370, 0x0000000701a00000| 72%| O|  |TAMS 0x0000000701800000| PB 0x0000000701800000| Untracked 
|   4|0x0000000701a00000, 0x0000000701a00000, 0x0000000701c00000|  0%| F|  |TAMS 0x0000000701a00000| PB 0x0000000701a00000| Untracked 
|   5|0x0000000701c00000, 0x0000000701c00000, 0x0000000701e00000|  0%| F|  |TAMS 0x0000000701c00000| PB 0x0000000701c00000| Untracked 
|   6|0x0000000701e00000, 0x0000000701e00000, 0x0000000702000000|  0%| F|  |TAMS 0x0000000701e00000| PB 0x0000000701e00000| Untracked 
|   7|0x0000000702000000, 0x0000000702000000, 0x0000000702200000|  0%| F|  |TAMS 0x0000000702000000| PB 0x0000000702000000| Untracked 
|   8|0x0000000702200000, 0x0000000702200000, 0x0000000702400000|  0%| F|  |TAMS 0x0000000702200000| PB 0x0000000702200000| Untracked 
|   9|0x0000000702400000, 0x0000000702400000, 0x0000000702600000|  0%| F|  |TAMS 0x0000000702400000| PB 0x0000000702400000| Untracked 
|  10|0x0000000702600000, 0x0000000702600000, 0x0000000702800000|  0%| F|  |TAMS 0x0000000702600000| PB 0x0000000702600000| Untracked 
|  11|0x0000000702800000, 0x0000000702800000, 0x0000000702a00000|  0%| F|  |TAMS 0x0000000702800000| PB 0x0000000702800000| Untracked 
|  12|0x0000000702a00000, 0x0000000702a00000, 0x0000000702c00000|  0%| F|  |TAMS 0x0000000702a00000| PB 0x0000000702a00000| Untracked 
|  13|0x0000000702c00000, 0x0000000702c00000, 0x0000000702e00000|  0%| F|  |TAMS 0x0000000702c00000| PB 0x0000000702c00000| Untracked 
|  14|0x0000000702e00000, 0x0000000702e00000, 0x0000000703000000|  0%| F|  |TAMS 0x0000000702e00000| PB 0x0000000702e00000| Untracked 
|  15|0x0000000703000000, 0x0000000703000000, 0x0000000703200000|  0%| F|  |TAMS 0x0000000703000000| PB 0x0000000703000000| Untracked 
|  16|0x0000000703200000, 0x0000000703200000, 0x0000000703400000|  0%| F|  |TAMS 0x0000000703200000| PB 0x0000000703200000| Untracked 
|  17|0x0000000703400000, 0x0000000703400000, 0x0000000703600000|  0%| F|  |TAMS 0x0000000703400000| PB 0x0000000703400000| Untracked 
|  18|0x0000000703600000, 0x0000000703600000, 0x0000000703800000|  0%| F|  |TAMS 0x0000000703600000| PB 0x0000000703600000| Untracked 
|  19|0x0000000703800000, 0x0000000703800000, 0x0000000703a00000|  0%| F|  |TAMS 0x0000000703800000| PB 0x0000000703800000| Untracked 
|  20|0x0000000703a00000, 0x0000000703a00000, 0x0000000703c00000|  0%| F|  |TAMS 0x0000000703a00000| PB 0x0000000703a00000| Untracked 
|  21|0x0000000703c00000, 0x0000000703c00000, 0x0000000703e00000|  0%| F|  |TAMS 0x0000000703c00000| PB 0x0000000703c00000| Untracked 
|  22|0x0000000703e00000, 0x0000000703e00000, 0x0000000704000000|  0%| F|  |TAMS 0x0000000703e00000| PB 0x0000000703e00000| Untracked 
|  23|0x0000000704000000, 0x0000000704000000, 0x0000000704200000|  0%| F|  |TAMS 0x0000000704000000| PB 0x0000000704000000| Untracked 
|  24|0x0000000704200000, 0x0000000704200000, 0x0000000704400000|  0%| F|  |TAMS 0x0000000704200000| PB 0x0000000704200000| Untracked 
|  25|0x0000000704400000, 0x0000000704400000, 0x0000000704600000|  0%| F|  |TAMS 0x0000000704400000| PB 0x0000000704400000| Untracked 
|  26|0x0000000704600000, 0x0000000704600000, 0x0000000704800000|  0%| F|  |TAMS 0x0000000704600000| PB 0x0000000704600000| Untracked 
|  27|0x0000000704800000, 0x0000000704800000, 0x0000000704a00000|  0%| F|  |TAMS 0x0000000704800000| PB 0x0000000704800000| Untracked 
|  28|0x0000000704a00000, 0x0000000704a00000, 0x0000000704c00000|  0%| F|  |TAMS 0x0000000704a00000| PB 0x0000000704a00000| Untracked 
|  29|0x0000000704c00000, 0x0000000704c00000, 0x0000000704e00000|  0%| F|  |TAMS 0x0000000704c00000| PB 0x0000000704c00000| Untracked 
|  30|0x0000000704e00000, 0x0000000704e00000, 0x0000000705000000|  0%| F|  |TAMS 0x0000000704e00000| PB 0x0000000704e00000| Untracked 
|  31|0x0000000705000000, 0x0000000705000000, 0x0000000705200000|  0%| F|  |TAMS 0x0000000705000000| PB 0x0000000705000000| Untracked 
|  32|0x0000000705200000, 0x0000000705200000, 0x0000000705400000|  0%| F|  |TAMS 0x0000000705200000| PB 0x0000000705200000| Untracked 
|  33|0x0000000705400000, 0x0000000705400000, 0x0000000705600000|  0%| F|  |TAMS 0x0000000705400000| PB 0x0000000705400000| Untracked 
|  34|0x0000000705600000, 0x0000000705600000, 0x0000000705800000|  0%| F|  |TAMS 0x0000000705600000| PB 0x0000000705600000| Untracked 
|  35|0x0000000705800000, 0x0000000705800000, 0x0000000705a00000|  0%| F|  |TAMS 0x0000000705800000| PB 0x0000000705800000| Untracked 
|  36|0x0000000705a00000, 0x0000000705a00000, 0x0000000705c00000|  0%| F|  |TAMS 0x0000000705a00000| PB 0x0000000705a00000| Untracked 
|  37|0x0000000705c00000, 0x0000000705c00000, 0x0000000705e00000|  0%| F|  |TAMS 0x0000000705c00000| PB 0x0000000705c00000| Untracked 
|  38|0x0000000705e00000, 0x0000000705e00000, 0x0000000706000000|  0%| F|  |TAMS 0x0000000705e00000| PB 0x0000000705e00000| Untracked 
|  39|0x0000000706000000, 0x0000000706000000, 0x0000000706200000|  0%| F|  |TAMS 0x0000000706000000| PB 0x0000000706000000| Untracked 
|  40|0x0000000706200000, 0x0000000706200000, 0x0000000706400000|  0%| F|  |TAMS 0x0000000706200000| PB 0x0000000706200000| Untracked 
|  41|0x0000000706400000, 0x0000000706400000, 0x0000000706600000|  0%| F|  |TAMS 0x0000000706400000| PB 0x0000000706400000| Untracked 
|  42|0x0000000706600000, 0x0000000706600000, 0x0000000706800000|  0%| F|  |TAMS 0x0000000706600000| PB 0x0000000706600000| Untracked 
|  43|0x0000000706800000, 0x0000000706800000, 0x0000000706a00000|  0%| F|  |TAMS 0x0000000706800000| PB 0x0000000706800000| Untracked 
|  44|0x0000000706a00000, 0x0000000706a00000, 0x0000000706c00000|  0%| F|  |TAMS 0x0000000706a00000| PB 0x0000000706a00000| Untracked 
|  45|0x0000000706c00000, 0x0000000706c00000, 0x0000000706e00000|  0%| F|  |TAMS 0x0000000706c00000| PB 0x0000000706c00000| Untracked 
|  46|0x0000000706e00000, 0x0000000706e00000, 0x0000000707000000|  0%| F|  |TAMS 0x0000000706e00000| PB 0x0000000706e00000| Untracked 
|  47|0x0000000707000000, 0x0000000707000000, 0x0000000707200000|  0%| F|  |TAMS 0x0000000707000000| PB 0x0000000707000000| Untracked 
|  48|0x0000000707200000, 0x0000000707200000, 0x0000000707400000|  0%| F|  |TAMS 0x0000000707200000| PB 0x0000000707200000| Untracked 
|  49|0x0000000707400000, 0x0000000707400000, 0x0000000707600000|  0%| F|  |TAMS 0x0000000707400000| PB 0x0000000707400000| Untracked 
|  50|0x0000000707600000, 0x0000000707600000, 0x0000000707800000|  0%| F|  |TAMS 0x0000000707600000| PB 0x0000000707600000| Untracked 
|  51|0x0000000707800000, 0x0000000707800000, 0x0000000707a00000|  0%| F|  |TAMS 0x0000000707800000| PB 0x0000000707800000| Untracked 
|  52|0x0000000707a00000, 0x0000000707a00000, 0x0000000707c00000|  0%| F|  |TAMS 0x0000000707a00000| PB 0x0000000707a00000| Untracked 
|  53|0x0000000707c00000, 0x0000000707c00000, 0x0000000707e00000|  0%| F|  |TAMS 0x0000000707c00000| PB 0x0000000707c00000| Untracked 
|  54|0x0000000707e00000, 0x0000000707e00000, 0x0000000708000000|  0%| F|  |TAMS 0x0000000707e00000| PB 0x0000000707e00000| Untracked 
|  55|0x0000000708000000, 0x0000000708000000, 0x0000000708200000|  0%| F|  |TAMS 0x0000000708000000| PB 0x0000000708000000| Untracked 
|  56|0x0000000708200000, 0x0000000708200000, 0x0000000708400000|  0%| F|  |TAMS 0x0000000708200000| PB 0x0000000708200000| Untracked 
|  57|0x0000000708400000, 0x0000000708400000, 0x0000000708600000|  0%| F|  |TAMS 0x0000000708400000| PB 0x0000000708400000| Untracked 
|  58|0x0000000708600000, 0x0000000708600000, 0x0000000708800000|  0%| F|  |TAMS 0x0000000708600000| PB 0x0000000708600000| Untracked 
|  59|0x0000000708800000, 0x0000000708800000, 0x0000000708a00000|  0%| F|  |TAMS 0x0000000708800000| PB 0x0000000708800000| Untracked 
|  60|0x0000000708a00000, 0x0000000708a00000, 0x0000000708c00000|  0%| F|  |TAMS 0x0000000708a00000| PB 0x0000000708a00000| Untracked 
|  61|0x0000000708c00000, 0x0000000708c00000, 0x0000000708e00000|  0%| F|  |TAMS 0x0000000708c00000| PB 0x0000000708c00000| Untracked 
|  62|0x0000000708e00000, 0x0000000708e00000, 0x0000000709000000|  0%| F|  |TAMS 0x0000000708e00000| PB 0x0000000708e00000| Untracked 
|  63|0x0000000709000000, 0x0000000709000000, 0x0000000709200000|  0%| F|  |TAMS 0x0000000709000000| PB 0x0000000709000000| Untracked 
|  64|0x0000000709200000, 0x0000000709200000, 0x0000000709400000|  0%| F|  |TAMS 0x0000000709200000| PB 0x0000000709200000| Untracked 
|  65|0x0000000709400000, 0x0000000709400000, 0x0000000709600000|  0%| F|  |TAMS 0x0000000709400000| PB 0x0000000709400000| Untracked 
|  66|0x0000000709600000, 0x0000000709600000, 0x0000000709800000|  0%| F|  |TAMS 0x0000000709600000| PB 0x0000000709600000| Untracked 
|  67|0x0000000709800000, 0x0000000709800000, 0x0000000709a00000|  0%| F|  |TAMS 0x0000000709800000| PB 0x0000000709800000| Untracked 
|  68|0x0000000709a00000, 0x0000000709b9ce90, 0x0000000709c00000| 80%| E|  |TAMS 0x0000000709a00000| PB 0x0000000709a00000| Complete 
|  69|0x0000000709c00000, 0x0000000709e00000, 0x0000000709e00000|100%| E|CS|TAMS 0x0000000709c00000| PB 0x0000000709c00000| Complete 
|  70|0x0000000709e00000, 0x000000070a000000, 0x000000070a000000|100%| E|CS|TAMS 0x0000000709e00000| PB 0x0000000709e00000| Complete 
|  71|0x000000070a000000, 0x000000070a200000, 0x000000070a200000|100%| E|CS|TAMS 0x000000070a000000| PB 0x000000070a000000| Complete 
|  72|0x000000070a200000, 0x000000070a400000, 0x000000070a400000|100%| E|CS|TAMS 0x000000070a200000| PB 0x000000070a200000| Complete 
|  73|0x000000070a400000, 0x000000070a600000, 0x000000070a600000|100%| E|CS|TAMS 0x000000070a400000| PB 0x000000070a400000| Complete 
|  74|0x000000070a600000, 0x000000070a800000, 0x000000070a800000|100%| E|CS|TAMS 0x000000070a600000| PB 0x000000070a600000| Complete 
|  75|0x000000070a800000, 0x000000070aa00000, 0x000000070aa00000|100%| E|CS|TAMS 0x000000070a800000| PB 0x000000070a800000| Complete 
|  76|0x000000070aa00000, 0x000000070ac00000, 0x000000070ac00000|100%| E|CS|TAMS 0x000000070aa00000| PB 0x000000070aa00000| Complete 
|  77|0x000000070ac00000, 0x000000070ae00000, 0x000000070ae00000|100%| E|CS|TAMS 0x000000070ac00000| PB 0x000000070ac00000| Complete 
|  78|0x000000070ae00000, 0x000000070b000000, 0x000000070b000000|100%| E|CS|TAMS 0x000000070ae00000| PB 0x000000070ae00000| Complete 
|  79|0x000000070b000000, 0x000000070b200000, 0x000000070b200000|100%| E|CS|TAMS 0x000000070b000000| PB 0x000000070b000000| Complete 
|  80|0x000000070b200000, 0x000000070b400000, 0x000000070b400000|100%| E|CS|TAMS 0x000000070b200000| PB 0x000000070b200000| Complete 
|  81|0x000000070b400000, 0x000000070b600000, 0x000000070b600000|100%| E|CS|TAMS 0x000000070b400000| PB 0x000000070b400000| Complete 
|  82|0x000000070b600000, 0x000000070b800000, 0x000000070b800000|100%| E|CS|TAMS 0x000000070b600000| PB 0x000000070b600000| Complete 
|  83|0x000000070b800000, 0x000000070ba00000, 0x000000070ba00000|100%| E|CS|TAMS 0x000000070b800000| PB 0x000000070b800000| Complete 
|  84|0x000000070ba00000, 0x000000070bc00000, 0x000000070bc00000|100%| E|CS|TAMS 0x000000070ba00000| PB 0x000000070ba00000| Complete 
|  85|0x000000070bc00000, 0x000000070be00000, 0x000000070be00000|100%| E|CS|TAMS 0x000000070bc00000| PB 0x000000070bc00000| Complete 
|  86|0x000000070be00000, 0x000000070c000000, 0x000000070c000000|100%| E|CS|TAMS 0x000000070be00000| PB 0x000000070be00000| Complete 
|  87|0x000000070c000000, 0x000000070c200000, 0x000000070c200000|100%| E|CS|TAMS 0x000000070c000000| PB 0x000000070c000000| Complete 
|  88|0x000000070c200000, 0x000000070c400000, 0x000000070c400000|100%| E|CS|TAMS 0x000000070c200000| PB 0x000000070c200000| Complete 
|  89|0x000000070c400000, 0x000000070c600000, 0x000000070c600000|100%| E|CS|TAMS 0x000000070c400000| PB 0x000000070c400000| Complete 
|  90|0x000000070c600000, 0x000000070c800000, 0x000000070c800000|100%| E|CS|TAMS 0x000000070c600000| PB 0x000000070c600000| Complete 
|  91|0x000000070c800000, 0x000000070ca00000, 0x000000070ca00000|100%| E|CS|TAMS 0x000000070c800000| PB 0x000000070c800000| Complete 
|  92|0x000000070ca00000, 0x000000070cc00000, 0x000000070cc00000|100%| E|CS|TAMS 0x000000070ca00000| PB 0x000000070ca00000| Complete 
|  93|0x000000070cc00000, 0x000000070ce00000, 0x000000070ce00000|100%| E|CS|TAMS 0x000000070cc00000| PB 0x000000070cc00000| Complete 
|  94|0x000000070ce00000, 0x000000070d000000, 0x000000070d000000|100%| E|CS|TAMS 0x000000070ce00000| PB 0x000000070ce00000| Complete 
|  95|0x000000070d000000, 0x000000070d200000, 0x000000070d200000|100%| E|CS|TAMS 0x000000070d000000| PB 0x000000070d000000| Complete 
|  96|0x000000070d200000, 0x000000070d400000, 0x000000070d400000|100%| E|CS|TAMS 0x000000070d200000| PB 0x000000070d200000| Complete 
|  97|0x000000070d400000, 0x000000070d600000, 0x000000070d600000|100%| E|CS|TAMS 0x000000070d400000| PB 0x000000070d400000| Complete 
|  98|0x000000070d600000, 0x000000070d800000, 0x000000070d800000|100%| E|CS|TAMS 0x000000070d600000| PB 0x000000070d600000| Complete 
|  99|0x000000070d800000, 0x000000070da00000, 0x000000070da00000|100%| E|CS|TAMS 0x000000070d800000| PB 0x000000070d800000| Complete 
| 100|0x000000070da00000, 0x000000070dc00000, 0x000000070dc00000|100%| E|CS|TAMS 0x000000070da00000| PB 0x000000070da00000| Complete 
| 101|0x000000070dc00000, 0x000000070de00000, 0x000000070de00000|100%| E|CS|TAMS 0x000000070dc00000| PB 0x000000070dc00000| Complete 
| 102|0x000000070de00000, 0x000000070e000000, 0x000000070e000000|100%| E|CS|TAMS 0x000000070de00000| PB 0x000000070de00000| Complete 
| 103|0x000000070e000000, 0x000000070e200000, 0x000000070e200000|100%| E|CS|TAMS 0x000000070e000000| PB 0x000000070e000000| Complete 
| 104|0x000000070e200000, 0x000000070e400000, 0x000000070e400000|100%| E|CS|TAMS 0x000000070e200000| PB 0x000000070e200000| Complete 
| 105|0x000000070e400000, 0x000000070e600000, 0x000000070e600000|100%| E|CS|TAMS 0x000000070e400000| PB 0x000000070e400000| Complete 
| 106|0x000000070e600000, 0x000000070e800000, 0x000000070e800000|100%| E|CS|TAMS 0x000000070e600000| PB 0x000000070e600000| Complete 
| 107|0x000000070e800000, 0x000000070ea00000, 0x000000070ea00000|100%| E|CS|TAMS 0x000000070e800000| PB 0x000000070e800000| Complete 
| 108|0x000000070ea00000, 0x000000070ec00000, 0x000000070ec00000|100%| E|CS|TAMS 0x000000070ea00000| PB 0x000000070ea00000| Complete 
| 109|0x000000070ec00000, 0x000000070ee00000, 0x000000070ee00000|100%| E|CS|TAMS 0x000000070ec00000| PB 0x000000070ec00000| Complete 
| 110|0x000000070ee00000, 0x000000070f000000, 0x000000070f000000|100%| E|CS|TAMS 0x000000070ee00000| PB 0x000000070ee00000| Complete 
| 111|0x000000070f000000, 0x000000070f200000, 0x000000070f200000|100%| E|CS|TAMS 0x000000070f000000| PB 0x000000070f000000| Complete 
| 112|0x000000070f200000, 0x000000070f38f208, 0x000000070f400000| 77%| S|CS|TAMS 0x000000070f200000| PB 0x000000070f200000| Complete 
| 113|0x000000070f400000, 0x000000070f600000, 0x000000070f600000|100%| E|CS|TAMS 0x000000070f400000| PB 0x000000070f400000| Complete 
| 114|0x000000070f600000, 0x000000070f800000, 0x000000070f800000|100%| E|CS|TAMS 0x000000070f600000| PB 0x000000070f600000| Complete 
| 115|0x000000070f800000, 0x000000070fa00000, 0x000000070fa00000|100%| E|CS|TAMS 0x000000070f800000| PB 0x000000070f800000| Complete 
| 116|0x000000070fa00000, 0x000000070fc00000, 0x000000070fc00000|100%| E|CS|TAMS 0x000000070fa00000| PB 0x000000070fa00000| Complete 
| 117|0x000000070fc00000, 0x000000070fe00000, 0x000000070fe00000|100%| E|CS|TAMS 0x000000070fc00000| PB 0x000000070fc00000| Complete 
| 118|0x000000070fe00000, 0x0000000710000000, 0x0000000710000000|100%| E|CS|TAMS 0x000000070fe00000| PB 0x000000070fe00000| Complete 
| 119|0x0000000710000000, 0x0000000710200000, 0x0000000710200000|100%| E|CS|TAMS 0x0000000710000000| PB 0x0000000710000000| Complete 
| 120|0x0000000710200000, 0x0000000710400000, 0x0000000710400000|100%| E|CS|TAMS 0x0000000710200000| PB 0x0000000710200000| Complete 
| 121|0x0000000710400000, 0x0000000710600000, 0x0000000710600000|100%| E|CS|TAMS 0x0000000710400000| PB 0x0000000710400000| Complete 
| 122|0x0000000710600000, 0x0000000710800000, 0x0000000710800000|100%| E|CS|TAMS 0x0000000710600000| PB 0x0000000710600000| Complete 
| 123|0x0000000710800000, 0x0000000710a00000, 0x0000000710a00000|100%| E|CS|TAMS 0x0000000710800000| PB 0x0000000710800000| Complete 
| 124|0x0000000710a00000, 0x0000000710c00000, 0x0000000710c00000|100%| E|CS|TAMS 0x0000000710a00000| PB 0x0000000710a00000| Complete 
| 125|0x0000000710c00000, 0x0000000710e00000, 0x0000000710e00000|100%| E|CS|TAMS 0x0000000710c00000| PB 0x0000000710c00000| Complete 
| 126|0x0000000710e00000, 0x0000000711000000, 0x0000000711000000|100%| E|CS|TAMS 0x0000000710e00000| PB 0x0000000710e00000| Complete 
| 127|0x0000000711000000, 0x0000000711200000, 0x0000000711200000|100%| E|CS|TAMS 0x0000000711000000| PB 0x0000000711000000| Complete 

Card table byte_map: [0x0000025fac3d0000,0x0000025facbd0000] _byte_map_base: 0x0000025fa8bc7000

Marking Bits: (CMBitMap*) 0x0000025f93fb6730
 Bits: [0x0000025facbd0000, 0x0000025fb0b88000)

Polling page: 0x0000025f91dc0000

Metaspace:

Usage:
  Non-class:     12.01 MB used.
      Class:      1.49 MB used.
       Both:     13.50 MB used.

Virtual space:
  Non-class space:       64.00 MB reserved,      12.19 MB ( 19%) committed,  1 nodes.
      Class space:        1.00 GB reserved,       1.62 MB ( <1%) committed,  1 nodes.
             Both:        1.06 GB reserved,      13.81 MB (  1%) committed. 

Chunk freelists:
   Non-Class:  3.16 MB
       Class:  14.34 MB
        Both:  17.50 MB

MaxMetaspaceSize: unlimited
CompressedClassSpaceSize: 1.00 GB
Initial GC threshold: 21.00 MB
Current GC threshold: 21.00 MB
CDS: on
 - commit_granule_bytes: 65536.
 - commit_granule_words: 8192.
 - virtual_space_node_default_size: 8388608.
 - enlarge_chunks_in_place: 1.
 - use_allocation_guard: 0.


Internal statistics:

num_allocs_failed_limit: 0.
num_arena_births: 264.
num_arena_deaths: 0.
num_vsnodes_births: 2.
num_vsnodes_deaths: 0.
num_space_committed: 221.
num_space_uncommitted: 0.
num_chunks_returned_to_freelist: 0.
num_chunks_taken_from_freelist: 745.
num_chunk_merges: 0.
num_chunk_splits: 465.
num_chunks_enlarged: 306.
num_inconsistent_stats: 0.

CodeHeap 'non-profiled nmethods': size=120000Kb used=1783Kb max_used=1783Kb free=118216Kb
 bounds [0x0000025fa4150000, 0x0000025fa43c0000, 0x0000025fab680000]
CodeHeap 'profiled nmethods': size=120000Kb used=6061Kb max_used=6061Kb free=113938Kb
 bounds [0x0000025f9c680000, 0x0000025f9cc70000, 0x0000025fa3bb0000]
CodeHeap 'non-nmethods': size=5760Kb used=1352Kb max_used=1447Kb free=4407Kb
 bounds [0x0000025fa3bb0000, 0x0000025fa3e20000, 0x0000025fa4150000]
CodeCache: size=245760Kb, used=9196Kb, max_used=9291Kb, free=236561Kb
 total_blobs=3398, nmethods=2886, adapters=416, full_count=0
Compilation: enabled, stopped_count=0, restarted_count=0

Compilation events (20 events):
Event: 1.610 Thread 0x0000025fb3aca6b0 nmethod 2751 0x0000025fa42fb190 code [0x0000025fa42fbb40, 0x0000025fa4301510]
Event: 1.611 Thread 0x0000025fb3aca6b0 2868       4       org.jacoco.agent.rt.internal_aeaf9ab.asm.SymbolTable::addBootstrapMethod (144 bytes)
Event: 1.612 Thread 0x0000025fb3801e30 2879       3       java.lang.reflect.Proxy::newProxyInstance (35 bytes)
Event: 1.612 Thread 0x0000025fb3801e30 nmethod 2879 0x0000025f9cc59010 code [0x0000025f9cc59200, 0x0000025f9cc595d8]
Event: 1.612 Thread 0x0000025fb3801e30 2880       3       java.lang.reflect.Proxy::getProxyConstructor (92 bytes)
Event: 1.612 Thread 0x0000025fb3801e30 nmethod 2880 0x0000025f9cc59790 code [0x0000025f9cc59aa0, 0x0000025f9cc5b100]
Event: 1.612 Thread 0x0000025fb3801e30 2881       3       java.lang.reflect.Proxy::<init> (15 bytes)
Event: 1.613 Thread 0x0000025fb3801e30 nmethod 2881 0x0000025f9cc5b690 code [0x0000025f9cc5b860, 0x0000025f9cc5bb88]
Event: 1.617 Thread 0x0000025fb3aca6b0 nmethod 2868 0x0000025fa4304590 code [0x0000025fa4304740, 0x0000025fa4304bd8]
Event: 1.617 Thread 0x0000025fb3aca6b0 2872       4       jdk.internal.org.objectweb.asm.SymbolTable::addConstantUtf8Reference (101 bytes)
Event: 1.637 Thread 0x0000025fb3ad88d0 nmethod 2836 0x0000025fa4305190 code [0x0000025fa43055c0, 0x0000025fa4308bf0]
Event: 1.637 Thread 0x0000025fb3ad88d0 2885       4       org.jacoco.agent.rt.internal_aeaf9ab.core.internal.flow.LabelFlowAnalyzer::visitJumpInsn (43 bytes)
Event: 1.639 Thread 0x0000025fb3ad88d0 nmethod 2885 0x0000025fa430a190 code [0x0000025fa430a340, 0x0000025fa430a600]
Event: 1.639 Thread 0x0000025fb3ad88d0 2886       4       org.jacoco.agent.rt.internal_aeaf9ab.core.internal.flow.MethodProbesAdapter::visitJumpInsn (47 bytes)
Event: 1.640 Thread 0x0000025fb3801e30 2890       2       org.jacoco.agent.rt.internal_aeaf9ab.asm.ClassReader::readByte (11 bytes)
Event: 1.640 Thread 0x0000025fb3801e30 nmethod 2890 0x0000025f9cc5bc90 code [0x0000025f9cc5be20, 0x0000025f9cc5bf60]
Event: 1.646 Thread 0x0000025fb3801e30 2891       3       org.jacoco.agent.rt.internal_aeaf9ab.asm.ClassReader::readMethod (1070 bytes)
Event: 1.649 Thread 0x0000025fb3ad88d0 nmethod 2886 0x0000025fa430a790 code [0x0000025fa430ac80, 0x0000025fa430bd18]
Event: 1.649 Thread 0x0000025fb3ad88d0 2887       4       org.jacoco.agent.rt.internal_aeaf9ab.asm.commons.AnalyzerAdapter::visitJumpInsn (31 bytes)
Event: 1.649 Thread 0x0000025fb3801e30 nmethod 2891 0x0000025f9cc5c090 code [0x0000025f9cc5c800, 0x0000025f9cc60d50]

GC Heap History (4 events):
Event: 0.360 GC heap before
{Heap before GC invocations=0 (full 0):
 garbage-first heap   total 262144K, used 20480K [0x0000000701200000, 0x0000000800000000)
  region size 2048K, 11 young (22528K), 0 survivors (0K)
 Metaspace       used 3246K, committed 3392K, reserved 1114112K
  class space    used 299K, committed 384K, reserved 1048576K
}
Event: 0.364 GC heap after
{Heap after GC invocations=1 (full 0):
 garbage-first heap   total 262144K, used 8165K [0x0000000701200000, 0x0000000800000000)
  region size 2048K, 2 young (4096K), 2 survivors (4096K)
 Metaspace       used 3246K, committed 3392K, reserved 1114112K
  class space    used 299K, committed 384K, reserved 1048576K
}
Event: 0.594 GC heap before
{Heap before GC invocations=1 (full 0):
 garbage-first heap   total 262144K, used 34789K [0x0000000701200000, 0x0000000800000000)
  region size 2048K, 15 young (30720K), 2 survivors (4096K)
 Metaspace       used 5151K, committed 5376K, reserved 1114112K
  class space    used 458K, committed 576K, reserved 1048576K
}
Event: 0.597 GC heap after
{Heap after GC invocations=2 (full 0):
 garbage-first heap   total 262144K, used 9225K [0x0000000701200000, 0x0000000800000000)
  region size 2048K, 1 young (2048K), 1 survivors (2048K)
 Metaspace       used 5151K, committed 5376K, reserved 1114112K
  class space    used 458K, committed 576K, reserved 1048576K
}

Dll operation events (11 events):
Event: 0.006 Loaded shared library C:\Program Files\Microsoft\jdk-21.0.10.7-hotspot\bin\java.dll
Event: 0.027 Loaded shared library C:\Program Files\Microsoft\jdk-21.0.10.7-hotspot\bin\jsvml.dll
Event: 0.053 Loaded shared library C:\Program Files\Microsoft\jdk-21.0.10.7-hotspot\bin\zip.dll
Event: 0.055 Loaded shared library C:\Program Files\Microsoft\jdk-21.0.10.7-hotspot\bin\instrument.dll
Event: 0.058 Loaded shared library C:\Program Files\Microsoft\jdk-21.0.10.7-hotspot\bin\net.dll
Event: 0.059 Loaded shared library C:\Program Files\Microsoft\jdk-21.0.10.7-hotspot\bin\nio.dll
Event: 0.062 Loaded shared library C:\Program Files\Microsoft\jdk-21.0.10.7-hotspot\bin\zip.dll
Event: 0.132 Loaded shared library C:\Program Files\Microsoft\jdk-21.0.10.7-hotspot\bin\verify.dll
Event: 0.151 Loaded shared library C:\Program Files\Microsoft\jdk-21.0.10.7-hotspot\bin\jimage.dll
Event: 0.328 Loaded shared library C:\Program Files\Microsoft\jdk-21.0.10.7-hotspot\bin\management.dll
Event: 0.330 Loaded shared library C:\Program Files\Microsoft\jdk-21.0.10.7-hotspot\bin\management_ext.dll

Deoptimization events (20 events):
Event: 1.569 Thread 0x0000025f93f4dc90 DEOPT PACKING pc=0x0000025f9cc2426d sp=0x0000008e9b3f9d20
Event: 1.569 Thread 0x0000025f93f4dc90 DEOPT UNPACKING pc=0x0000025fa3c04bc2 sp=0x0000008e9b3f91d0 mode 0
Event: 1.571 Thread 0x0000025f93f4dc90 DEOPT PACKING pc=0x0000025f9cc2426d sp=0x0000008e9b3f99c0
Event: 1.571 Thread 0x0000025f93f4dc90 DEOPT UNPACKING pc=0x0000025fa3c04bc2 sp=0x0000008e9b3f8e70 mode 0
Event: 1.572 Thread 0x0000025f93f4dc90 DEOPT PACKING pc=0x0000025f9cc2426d sp=0x0000008e9b3f9ed0
Event: 1.572 Thread 0x0000025f93f4dc90 DEOPT UNPACKING pc=0x0000025fa3c04bc2 sp=0x0000008e9b3f9380 mode 0
Event: 1.574 Thread 0x0000025f93f4dc90 DEOPT PACKING pc=0x0000025f9cc2426d sp=0x0000008e9b3f9b60
Event: 1.574 Thread 0x0000025f93f4dc90 DEOPT UNPACKING pc=0x0000025fa3c04bc2 sp=0x0000008e9b3f9010 mode 0
Event: 1.575 Thread 0x0000025f93f4dc90 DEOPT PACKING pc=0x0000025f9cc2426d sp=0x0000008e9b3f8c50
Event: 1.575 Thread 0x0000025f93f4dc90 DEOPT UNPACKING pc=0x0000025fa3c04bc2 sp=0x0000008e9b3f8100 mode 0
Event: 1.576 Thread 0x0000025f93f4dc90 DEOPT PACKING pc=0x0000025f9cc2426d sp=0x0000008e9b3f8c50
Event: 1.576 Thread 0x0000025f93f4dc90 DEOPT UNPACKING pc=0x0000025fa3c04bc2 sp=0x0000008e9b3f8100 mode 0
Event: 1.577 Thread 0x0000025f93f4dc90 DEOPT PACKING pc=0x0000025f9cc2426d sp=0x0000008e9b3f8fa0
Event: 1.577 Thread 0x0000025f93f4dc90 DEOPT UNPACKING pc=0x0000025fa3c04bc2 sp=0x0000008e9b3f8450 mode 0
Event: 1.621 Thread 0x0000025f93f4dc90 DEOPT PACKING pc=0x0000025f9cc1df27 sp=0x0000008e9b3fa520
Event: 1.621 Thread 0x0000025f93f4dc90 DEOPT UNPACKING pc=0x0000025fa3c04bc2 sp=0x0000008e9b3f99f8 mode 0
Event: 1.639 Thread 0x0000025f93f4dc90 Uncommon trap: trap_request=0xffffff45 fr.pc=0x0000025fa42a80b4 relative=0x0000000000007494
Event: 1.639 Thread 0x0000025f93f4dc90 Uncommon trap: reason=unstable_if action=reinterpret pc=0x0000025fa42a80b4 method=org.jacoco.agent.rt.internal_aeaf9ab.asm.ClassReader.readMethod(Lorg/jacoco/agent/rt/internal_aeaf9ab/asm/ClassVisitor;Lorg/jacoco/agent/rt/internal_aeaf9ab/asm/Context;I)I 
Event: 1.639 Thread 0x0000025f93f4dc90 DEOPT PACKING pc=0x0000025fa42a80b4 sp=0x0000008e9b3f6760
Event: 1.639 Thread 0x0000025f93f4dc90 DEOPT UNPACKING pc=0x0000025fa3c04422 sp=0x0000008e9b3f6778 mode 2

Classes loaded (20 events):
Event: 1.522 Loading class sun/nio/fs/WindowsDirectoryStream$WindowsDirectoryIterator
Event: 1.522 Loading class sun/nio/fs/WindowsDirectoryStream$WindowsDirectoryIterator done
Event: 1.523 Loading class java/nio/file/FileTreeWalker$Event
Event: 1.523 Loading class java/nio/file/FileTreeWalker$Event done
Event: 1.523 Loading class java/nio/file/FileTreeWalker$EventType
Event: 1.523 Loading class java/nio/file/FileTreeWalker$EventType done
Event: 1.524 Loading class sun/nio/fs/WindowsPath$WindowsPathWithAttributes
Event: 1.524 Loading class sun/nio/fs/BasicFileAttributesHolder
Event: 1.524 Loading class sun/nio/fs/BasicFileAttributesHolder done
Event: 1.524 Loading class sun/nio/fs/WindowsPath$WindowsPathWithAttributes done
Event: 1.525 Loading class java/util/regex/Pattern$LazyLoop
Event: 1.526 Loading class java/util/regex/Pattern$Loop
Event: 1.526 Loading class java/util/regex/Pattern$Loop done
Event: 1.526 Loading class java/util/regex/Pattern$LazyLoop done
Event: 1.526 Loading class java/util/regex/Pattern$Prolog
Event: 1.526 Loading class java/util/regex/Pattern$Prolog done
Event: 1.608 Loading class java/util/concurrent/CopyOnWriteArraySet
Event: 1.608 Loading class java/util/concurrent/CopyOnWriteArraySet done
Event: 1.617 Loading class java/lang/ArrayIndexOutOfBoundsException
Event: 1.617 Loading class java/lang/ArrayIndexOutOfBoundsException done

Classes unloaded (0 events):
No events

Classes redefined (0 events):
No events

Internal exceptions (20 events):
Event: 0.958 Thread 0x0000025f93f4dc90 Exception <a 'java/lang/NoSuchMethodError'{0x000000070ec0bd28}: 'void java.lang.invoke.DirectMethodHandle$Holder.invokeStatic(java.lang.Object, java.lang.Object)'> (0x000000070ec0bd28) 
thrown [s\src\hotspot\share\interpreter\linkResolver.cpp, line 773]
Event: 0.968 Thread 0x0000025f93f4dc90 Exception <a 'java/lang/NoSuchMethodError'{0x000000070ec9d6b8}: 'java.lang.Object java.lang.invoke.DirectMethodHandle$Holder.newInvokeSpecial(java.lang.Object, java.lang.Object, java.lang.Object, java.lang.Object, java.lang.Object, java.lang.Object, java.lang.Object)'> (0x000000070ec9d6b8) 
thrown [s\src\hotspot\share\interpreter\linkResolver.cpp, line 773]
Event: 0.970 Thread 0x0000025f93f4dc90 Exception <a 'java/lang/NoSuchMethodError'{0x000000070ecb7a08}: 'java.lang.Object java.lang.invoke.DirectMethodHandle$Holder.invokeInterface(java.lang.Object, java.lang.Object, java.lang.Object, java.lang.Object, java.lang.Object)'> (0x000000070ecb7a08) 
thrown [s\src\hotspot\share\interpreter\linkResolver.cpp, line 773]
Event: 0.971 Thread 0x0000025f93f4dc90 Exception <a 'java/lang/IncompatibleClassChangeError'{0x000000070ecbb550}: Found class java.lang.Object, but interface was expected> (0x000000070ecbb550) 
thrown [s\src\hotspot\share\interpreter\linkResolver.cpp, line 840]
Event: 0.984 Thread 0x0000025f93f4dc90 Exception <a 'java/lang/IncompatibleClassChangeError'{0x000000070edaad18}: Found class java.lang.Object, but interface was expected> (0x000000070edaad18) 
thrown [s\src\hotspot\share\interpreter\linkResolver.cpp, line 840]
Event: 0.989 Thread 0x0000025f93f4dc90 Exception <a 'java/lang/NoSuchMethodError'{0x000000070ea28c88}: 'void java.lang.invoke.DirectMethodHandle$Holder.invokeVirtual(java.lang.Object, java.lang.Object)'> (0x000000070ea28c88) 
thrown [s\src\hotspot\share\interpreter\linkResolver.cpp, line 773]
Event: 1.016 Thread 0x0000025f93f4dc90 Exception <a 'java/lang/NoSuchMethodError'{0x000000070e917cb0}: 'void java.lang.invoke.DirectMethodHandle$Holder.invokeSpecial(java.lang.Object, java.lang.Object, java.lang.Object, java.lang.Object, java.lang.Object, java.lang.Object, java.lang.Object)'> (0x000000070e917cb0) 
thrown [s\src\hotspot\share\interpreter\linkResolver.cpp, line 773]
Event: 1.038 Thread 0x0000025f93f4dc90 Exception <a 'java/lang/NoSuchMethodError'{0x000000070e622f00}: 'java.lang.Object java.lang.invoke.DirectMethodHandle$Holder.invokeStatic(java.lang.Object, int, java.lang.Object)'> (0x000000070e622f00) 
thrown [s\src\hotspot\share\interpreter\linkResolver.cpp, line 773]
Event: 1.144 Thread 0x0000025f93f4dc90 Exception <a 'java/lang/ClassNotFoundException'{0x000000070dd3ec20}: javax/smartcardio/CardPermission> (0x000000070dd3ec20) 
thrown [s\src\hotspot\share\classfile\systemDictionary.cpp, line 312]
Event: 1.147 Thread 0x0000025f93f4dc90 Exception <a 'java/io/FileNotFoundException'{0x000000070dd4fb88}> (0x000000070dd4fb88) 
thrown [s\src\hotspot\share\prims\jni.cpp, line 520]
Event: 1.162 Thread 0x0000025f93f4dc90 Exception <a 'java/lang/NoSuchMethodError'{0x000000070da6bc88}: 'java.lang.Object java.lang.invoke.DirectMethodHandle$Holder.invokeSpecial(java.lang.Object, java.lang.Object, java.lang.Object, long, java.lang.Object)'> (0x000000070da6bc88) 
thrown [s\src\hotspot\share\interpreter\linkResolver.cpp, line 773]
Event: 1.162 Thread 0x0000025f93f4dc90 Exception <a 'java/lang/NoSuchMethodError'{0x000000070da6f8a8}: 'java.lang.Object java.lang.invoke.Invokers$Holder.linkToTargetMethod(java.lang.Object, long, java.lang.Object, java.lang.Object)'> (0x000000070da6f8a8) 
thrown [s\src\hotspot\share\interpreter\linkResolver.cpp, line 773]
Event: 1.302 Thread 0x0000025f93f4dc90 Exception <a 'java/lang/NoSuchMethodError'{0x000000070c8152f8}: 'int java.lang.invoke.DirectMethodHandle$Holder.invokeStaticInit(java.lang.Object, java.lang.Object, java.lang.Object)'> (0x000000070c8152f8) 
thrown [s\src\hotspot\share\interpreter\linkResolver.cpp, line 773]
Event: 1.356 Thread 0x0000025f93f4dc90 Exception <a 'java/lang/NoSuchMethodError'{0x000000070c4f02e8}: 'int java.lang.invoke.DirectMethodHandle$Holder.invokeInterface(java.lang.Object, java.lang.Object)'> (0x000000070c4f02e8) 
thrown [s\src\hotspot\share\interpreter\linkResolver.cpp, line 773]
Event: 1.387 Thread 0x0000025f93f4dc90 Exception <a 'java/lang/NoSuchMethodError'{0x000000070c193bd8}: 'void java.lang.invoke.DirectMethodHandle$Holder.invokeStaticInit(java.lang.Object, java.lang.Object)'> (0x000000070c193bd8) 
thrown [s\src\hotspot\share\interpreter\linkResolver.cpp, line 773]
Event: 1.415 Thread 0x0000025f93f4dc90 Exception <a 'java/lang/NoSuchMethodError'{0x000000070bc26520}: 'int java.lang.invoke.DirectMethodHandle$Holder.invokeVirtual(java.lang.Object, java.lang.Object, java.lang.Object)'> (0x000000070bc26520) 
thrown [s\src\hotspot\share\interpreter\linkResolver.cpp, line 773]
Event: 1.467 Thread 0x0000025f93f4dc90 Exception <a 'java/lang/IncompatibleClassChangeError'{0x000000070b9d6010}: Found class java.lang.Object, but interface was expected> (0x000000070b9d6010) 
thrown [s\src\hotspot\share\interpreter\linkResolver.cpp, line 840]
Event: 1.516 Thread 0x0000025f93f4dc90 Exception <a 'java/lang/NoSuchMethodError'{0x000000070b04cc38}: 'int java.lang.invoke.DirectMethodHandle$Holder.invokeSpecial(java.lang.Object, java.lang.Object, java.lang.Object, java.lang.Object)'> (0x000000070b04cc38) 
thrown [s\src\hotspot\share\interpreter\linkResolver.cpp, line 773]
Event: 1.521 Thread 0x0000025f93f4dc90 Exception <a 'java/lang/NoSuchMethodError'{0x000000070b0ac430}: 'int java.lang.invoke.DirectMethodHandle$Holder.invokeSpecial(java.lang.Object, java.lang.Object, java.lang.Object, java.lang.Object, java.lang.Object)'> (0x000000070b0ac430) 
thrown [s\src\hotspot\share\interpreter\linkResolver.cpp, line 773]
Event: 1.626 Thread 0x0000025f93f4dc90 Exception <a 'java/lang/NoSuchMethodError'{0x000000070a2c9f70}: 'void java.lang.invoke.DirectMethodHandle$Holder.invokeVirtual(java.lang.Object, java.lang.Object, java.lang.Object, java.lang.Object)'> (0x000000070a2c9f70) 
thrown [s\src\hotspot\share\interpreter\linkResolver.cpp, line 773]

ZGC Phase Switch (0 events):
No events

VM Operations (20 events):
Event: 0.769 Executing non-safepoint VM operation: HandshakeAllThreads (Deoptimize)
Event: 0.769 Executing non-safepoint VM operation: HandshakeAllThreads (Deoptimize) done
Event: 0.828 Executing safepoint VM operation: ICBufferFull
Event: 0.828 Executing safepoint VM operation: ICBufferFull done
Event: 0.888 Executing non-safepoint VM operation: HandshakeAllThreads (Deoptimize)
Event: 0.888 Executing non-safepoint VM operation: HandshakeAllThreads (Deoptimize) done
Event: 0.976 Executing non-safepoint VM operation: HandshakeAllThreads (Deoptimize)
Event: 0.976 Executing non-safepoint VM operation: HandshakeAllThreads (Deoptimize) done
Event: 1.034 Executing safepoint VM operation: ICBufferFull
Event: 1.034 Executing safepoint VM operation: ICBufferFull done
Event: 1.112 Executing non-safepoint VM operation: HandshakeAllThreads (Deoptimize)
Event: 1.112 Executing non-safepoint VM operation: HandshakeAllThreads (Deoptimize) done
Event: 1.358 Executing non-safepoint VM operation: HandshakeAllThreads (Deoptimize)
Event: 1.358 Executing non-safepoint VM operation: HandshakeAllThreads (Deoptimize) done
Event: 1.489 Executing non-safepoint VM operation: HandshakeAllThreads (Deoptimize)
Event: 1.489 Executing non-safepoint VM operation: HandshakeAllThreads (Deoptimize) done
Event: 1.591 Executing safepoint VM operation: ICBufferFull
Event: 1.591 Executing safepoint VM operation: ICBufferFull done
Event: 1.619 Executing non-safepoint VM operation: HandshakeAllThreads (Deoptimize)
Event: 1.619 Executing non-safepoint VM operation: HandshakeAllThreads (Deoptimize) done

Memory protections (0 events):
No events

Nmethod flushes (0 events):
No events

Events (15 events):
Event: 0.017 Thread 0x0000025f93f4dc90 Thread added: 0x0000025f93f4dc90
Event: 0.026 Thread 0x0000025f93f4dc90 Thread added: 0x0000025fb37efb30
Event: 0.026 Thread 0x0000025f93f4dc90 Thread added: 0x0000025fb37f1a60
Event: 0.026 Thread 0x0000025f93f4dc90 Thread added: 0x0000025fb37f3530
Event: 0.026 Thread 0x0000025f93f4dc90 Thread added: 0x0000025fb37f7010
Event: 0.026 Thread 0x0000025f93f4dc90 Thread added: 0x0000025fb37fb4c0
Event: 0.026 Thread 0x0000025f93f4dc90 Thread added: 0x0000025fb37fc5b0
Event: 0.026 Thread 0x0000025f93f4dc90 Thread added: 0x0000025fb37fdef0
Event: 0.026 Thread 0x0000025f93f4dc90 Thread added: 0x0000025fb3801e30
Event: 0.057 Thread 0x0000025f93f4dc90 Thread added: 0x0000025fb39747e0
Event: 0.083 Thread 0x0000025fb37fdef0 Thread added: 0x0000025fb3ad88d0
Event: 0.083 Thread 0x0000025fb37fdef0 Thread added: 0x0000025fb3aca6b0
Event: 0.218 Thread 0x0000025f93f4dc90 Thread added: 0x0000025ff959e0d0
Event: 0.367 Thread 0x0000025f93f4dc90 Thread added: 0x0000025ff9787300
Event: 0.391 Thread 0x0000025f93f4dc90 Thread added: 0x0000025ff9e0ad50


Dynamic libraries:
0x00007ff6c5f10000 - 0x00007ff6c5f1e000 	C:\Program Files\Microsoft\jdk-21.0.10.7-hotspot\bin\java.exe
0x00007ffbe5510000 - 0x00007ffbe5708000 	C:\WINDOWS\SYSTEM32\ntdll.dll
0x00007ffbe4a80000 - 0x00007ffbe4b42000 	C:\WINDOWS\System32\KERNEL32.DLL
0x00007ffbe3160000 - 0x00007ffbe3456000 	C:\WINDOWS\System32\KERNELBASE.dll
0x00007ffbe2e50000 - 0x00007ffbe2f50000 	C:\WINDOWS\System32\ucrtbase.dll
0x00007ffbc7b90000 - 0x00007ffbc7ba8000 	C:\Program Files\Microsoft\jdk-21.0.10.7-hotspot\bin\jli.dll
0x00007ffbc7b70000 - 0x00007ffbc7b8e000 	C:\Program Files\Microsoft\jdk-21.0.10.7-hotspot\bin\VCRUNTIME140.dll
0x00007ffbe36f0000 - 0x00007ffbe3891000 	C:\WINDOWS\System32\USER32.dll
0x00007ffbe2ff0000 - 0x00007ffbe3012000 	C:\WINDOWS\System32\win32u.dll
0x00007ffbca5f0000 - 0x00007ffbca88b000 	C:\WINDOWS\WinSxS\amd64_microsoft.windows.common-controls_6595b64144ccf1df_6.0.19041.6456_none_60b8a6cb71f64256\COMCTL32.dll
0x00007ffbe4050000 - 0x00007ffbe407b000 	C:\WINDOWS\System32\GDI32.dll
0x00007ffbe5430000 - 0x00007ffbe54ce000 	C:\WINDOWS\System32\msvcrt.dll
0x00007ffbe2bd0000 - 0x00007ffbe2ce9000 	C:\WINDOWS\System32\gdi32full.dll
0x00007ffbe2f50000 - 0x00007ffbe2fed000 	C:\WINDOWS\System32\msvcp_win.dll
0x00007ffbe4b50000 - 0x00007ffbe4b7f000 	C:\WINDOWS\System32\IMM32.DLL
0x00007ffbd9b90000 - 0x00007ffbd9b9c000 	C:\Program Files\Microsoft\jdk-21.0.10.7-hotspot\bin\vcruntime140_1.dll
0x00007ffb9fc70000 - 0x00007ffb9fcf9000 	C:\Program Files\Microsoft\jdk-21.0.10.7-hotspot\bin\msvcp140.dll
0x00007ffb2a380000 - 0x00007ffb2b12d000 	C:\Program Files\Microsoft\jdk-21.0.10.7-hotspot\bin\server\jvm.dll
0x00007ffbe4f00000 - 0x00007ffbe4fb1000 	C:\WINDOWS\System32\ADVAPI32.dll
0x00007ffbe4bf0000 - 0x00007ffbe4c8f000 	C:\WINDOWS\System32\sechost.dll
0x00007ffbe4de0000 - 0x00007ffbe4f00000 	C:\WINDOWS\System32\RPCRT4.dll
0x00007ffbe2ba0000 - 0x00007ffbe2bc7000 	C:\WINDOWS\System32\bcrypt.dll
0x00007ffbe4230000 - 0x00007ffbe429b000 	C:\WINDOWS\System32\WS2_32.dll
0x00007ffbe2090000 - 0x00007ffbe20db000 	C:\WINDOWS\SYSTEM32\POWRPROF.dll
0x00007ffbd1c10000 - 0x00007ffbd1c37000 	C:\WINDOWS\SYSTEM32\WINMM.dll
0x00007ffbdba70000 - 0x00007ffbdba7a000 	C:\WINDOWS\SYSTEM32\VERSION.dll
0x00007ffbe1f60000 - 0x00007ffbe1f72000 	C:\WINDOWS\SYSTEM32\UMPDC.dll
0x00007ffbe09f0000 - 0x00007ffbe0a02000 	C:\WINDOWS\SYSTEM32\kernel.appcore.dll
0x00007ffbc9400000 - 0x00007ffbc940a000 	C:\Program Files\Microsoft\jdk-21.0.10.7-hotspot\bin\jimage.dll
0x00007ffbd12b0000 - 0x00007ffbd14b1000 	C:\WINDOWS\SYSTEM32\DBGHELP.DLL
0x00007ffbc2710000 - 0x00007ffbc2744000 	C:\WINDOWS\SYSTEM32\dbgcore.DLL
0x00007ffbe3020000 - 0x00007ffbe30a2000 	C:\WINDOWS\System32\bcryptPrimitives.dll
0x00007ffbd9cb0000 - 0x00007ffbd9cc0000 	C:\Program Files\Microsoft\jdk-21.0.10.7-hotspot\bin\instrument.dll
0x00007ffbc7b40000 - 0x00007ffbc7b61000 	C:\Program Files\Microsoft\jdk-21.0.10.7-hotspot\bin\java.dll
0x00007ffbe4310000 - 0x00007ffbe4a80000 	C:\WINDOWS\System32\SHELL32.dll
0x00007ffbe0bf0000 - 0x00007ffbe1395000 	C:\WINDOWS\SYSTEM32\windows.storage.dll
0x00007ffbe5070000 - 0x00007ffbe53c4000 	C:\WINDOWS\System32\combase.dll
0x00007ffbe24f0000 - 0x00007ffbe251b000 	C:\WINDOWS\SYSTEM32\Wldp.dll
0x00007ffbe3f20000 - 0x00007ffbe3fed000 	C:\WINDOWS\System32\OLEAUT32.dll
0x00007ffbe4c90000 - 0x00007ffbe4d3d000 	C:\WINDOWS\System32\SHCORE.dll
0x00007ffbe53d0000 - 0x00007ffbe542b000 	C:\WINDOWS\System32\shlwapi.dll
0x00007ffbe2ad0000 - 0x00007ffbe2af4000 	C:\WINDOWS\SYSTEM32\profapi.dll
0x00007ffb9fb90000 - 0x00007ffb9fc66000 	C:\Program Files\Microsoft\jdk-21.0.10.7-hotspot\bin\jsvml.dll
0x00007ffbc7600000 - 0x00007ffbc7618000 	C:\Program Files\Microsoft\jdk-21.0.10.7-hotspot\bin\zip.dll
0x00007ffbc7640000 - 0x00007ffbc7651000 	C:\Program Files\Microsoft\jdk-21.0.10.7-hotspot\bin\net.dll
0x00007ffbdbce0000 - 0x00007ffbdbdea000 	C:\WINDOWS\SYSTEM32\WINHTTP.dll
0x00007ffbe22d0000 - 0x00007ffbe233a000 	C:\WINDOWS\system32\mswsock.dll
0x00007ffbc7620000 - 0x00007ffbc7636000 	C:\Program Files\Microsoft\jdk-21.0.10.7-hotspot\bin\nio.dll
0x00007ffbb6500000 - 0x00007ffbb6510000 	C:\Program Files\Microsoft\jdk-21.0.10.7-hotspot\bin\verify.dll
0x00007ffbb8890000 - 0x00007ffbb88a7000 	C:\WINDOWS\system32\napinsp.dll
0x00007ffbb8870000 - 0x00007ffbb888b000 	C:\WINDOWS\system32\pnrpnsp.dll
0x00007ffbdf340000 - 0x00007ffbdf35d000 	C:\WINDOWS\system32\wshbth.dll
0x00007ffbdf160000 - 0x00007ffbdf17d000 	C:\WINDOWS\system32\NLAapi.dll
0x00007ffbe1f80000 - 0x00007ffbe1fbb000 	C:\WINDOWS\SYSTEM32\IPHLPAPI.DLL
0x00007ffbe1fc0000 - 0x00007ffbe208a000 	C:\WINDOWS\SYSTEM32\DNSAPI.dll
0x00007ffbe4d40000 - 0x00007ffbe4d48000 	C:\WINDOWS\System32\NSI.dll
0x00007ffbb8850000 - 0x00007ffbb8862000 	C:\WINDOWS\System32\winrnr.dll
0x00000000687f0000 - 0x0000000068816000 	C:\Program Files\Bonjour\mdnsNSP.dll
0x00007ffbdc310000 - 0x00007ffbdc31a000 	C:\Windows\System32\rasadhlp.dll
0x00007ffbd6d30000 - 0x00007ffbd6db0000 	C:\WINDOWS\System32\fwpuclnt.dll
0x00007ffbb64f0000 - 0x00007ffbb64fa000 	C:\Program Files\Microsoft\jdk-21.0.10.7-hotspot\bin\management.dll
0x00007ffbb3b20000 - 0x00007ffbb3b2c000 	C:\Program Files\Microsoft\jdk-21.0.10.7-hotspot\bin\management_ext.dll
0x00007ffbe42a0000 - 0x00007ffbe42a8000 	C:\WINDOWS\System32\PSAPI.DLL

JVMTI agents:
C:\\Users\\jorge\\.m2\\repository\\org\\jacoco\\org.jacoco.agent\\0.8.12\\org.jacoco.agent-0.8.12-runtime.jar path:C:\Program Files\Microsoft\jdk-21.0.10.7-hotspot\bin\instrument.dll, loaded, initialized, instrumentlib options:destfile=C:\\Users\\jorge\\OneDrive\\Desktop\\Backend II\\minimarket\\target\\jacoco.exec,excludes=**/dto/**:**/security/model/**:**/hateoas/**:**/MinimarketApplication.class

dbghelp: loaded successfully - version: 4.0.5 - missing functions: none
symbol engine: initialized successfully - sym options: 0x614 - pdb path: .;C:\Program Files\Microsoft\jdk-21.0.10.7-hotspot\bin;C:\WINDOWS\SYSTEM32;C:\WINDOWS\WinSxS\amd64_microsoft.windows.common-controls_6595b64144ccf1df_6.0.19041.6456_none_60b8a6cb71f64256;C:\Program Files\Microsoft\jdk-21.0.10.7-hotspot\bin\server;C:\Program Files\Bonjour

VM Arguments:
jvm_args: -javaagent:C:\\Users\\jorge\\.m2\\repository\\org\\jacoco\\org.jacoco.agent\\0.8.12\\org.jacoco.agent-0.8.12-runtime.jar=destfile=C:\\Users\\jorge\\OneDrive\\Desktop\\Backend II\\minimarket\\target\\jacoco.exec,excludes=**/dto/**:**/security/model/**:**/hateoas/**:**/MinimarketApplication.class 
java_command: C:\Users\jorge\AppData\Local\Temp\surefire17658372945585800359\surefirebooter-20260717222041911_3.jar C:\Users\jorge\AppData\Local\Temp\surefire17658372945585800359 2026-07-17T22-20-41_748-jvmRun1 surefire-20260717222041911_1tmp surefire_0-20260717222041911_2tmp
java_class_path (initial): C:\Users\jorge\AppData\Local\Temp\surefire17658372945585800359\surefirebooter-20260717222041911_3.jar
Launcher Type: SUN_STANDARD

[Global flags]
     intx CICompilerCount                          = 4                                         {product} {ergonomic}
     uint ConcGCThreads                            = 3                                         {product} {ergonomic}
     uint G1ConcRefinementThreads                  = 10                                        {product} {ergonomic}
   size_t G1HeapRegionSize                         = 2097152                                   {product} {ergonomic}
    uintx GCDrainStackTargetSize                   = 64                                        {product} {ergonomic}
   size_t InitialHeapSize                          = 268435456                                 {product} {ergonomic}
   size_t MarkStackSize                            = 4194304                                   {product} {ergonomic}
   size_t MaxHeapSize                              = 4276092928                                {product} {ergonomic}
   size_t MaxNewSize                               = 2564816896                                {product} {ergonomic}
   size_t MinHeapDeltaBytes                        = 2097152                                   {product} {ergonomic}
   size_t MinHeapSize                              = 8388608                                   {product} {ergonomic}
    uintx NonNMethodCodeHeapSize                   = 5839372                                {pd product} {ergonomic}
    uintx NonProfiledCodeHeapSize                  = 122909434                              {pd product} {ergonomic}
    uintx ProfiledCodeHeapSize                     = 122909434                              {pd product} {ergonomic}
    uintx ReservedCodeCacheSize                    = 251658240                              {pd product} {ergonomic}
     bool SegmentedCodeCache                       = true                                      {product} {ergonomic}
   size_t SoftMaxHeapSize                          = 4276092928                             {manageable} {ergonomic}
     bool UseCompressedOops                        = true                           {product lp64_product} {ergonomic}
     bool UseG1GC                                  = true                                      {product} {ergonomic}
     bool UseLargePagesIndividualAllocation        = false                                  {pd product} {ergonomic}

Logging:
Log output configuration:
 #0: stdout all=warning uptime,level,tags foldmultilines=false
 #1: stderr all=off uptime,level,tags foldmultilines=false

Release file:
IMPLEMENTOR="Microsoft" 
IMPLEMENTOR_VERSION="Microsoft-13106404" 
JAVA_RUNTIME_VERSION="21.0.10+7-LTS" 
JAVA_VERSION="21.0.10" 
JAVA_VERSION_DATE="2026-01-20" 
LIBC="default" 
MODULES="java.base java.compiler java.datatransfer java.xml java.prefs java.desktop java.instrument java.logging java.management java.security.sasl java.naming java.rmi java.management.rmi java.net.http java.scripting java.security.jgss java.transaction.xa java.sql java.sql.rowset java.xml.crypto java.se java.smartcardio jdk.accessibility jdk.internal.jvmstat jdk.attach jdk.charsets jdk.internal.opt jdk.zipfs jdk.compiler jdk.crypto.ec jdk.crypto.cryptoki jdk.crypto.mscapi jdk.dynalink jdk.internal.ed jdk.editpad jdk.hotspot.agent jdk.httpserver jdk.incubator.vector jdk.internal.le jdk.internal.vm.ci jdk.internal.vm.compiler jdk.internal.vm.compiler.management jdk.jartool jdk.javadoc jdk.jcmd jdk.management jdk.management.agent jdk.jconsole jdk.jdeps jdk.jdwp.agent jdk.jdi jdk.jfr jdk.jlink jdk.jpackage jdk.jshell jdk.jsobject jdk.jstatd jdk.localedata jdk.management.jfr jdk.naming.dns jdk.naming.rmi jdk.net jdk.nio.mapmode jdk.random jdk.sctp jdk.security.auth jdk.security.jgss jdk.unsupported jdk.unsupported.desktop jdk.xml.dom" 
OS_ARCH="x86_64" 
OS_NAME="Windows" 
SOURCE=".:git:e69b6ef7382e" 

Environment Variables:
JAVA_HOME=C:\Program Files\Microsoft\jdk-21.0.10.7-hotspot\
PATH=C:\Program Files\Microsoft\jdk-21.0.10.7-hotspot\bin;C:\Program Files\Common Files\Oracle\Java\javapath;C:\app\jorge\product\21c\dbhomeXE\bin;C:\WINDOWS\system32;C:\WINDOWS;C:\WINDOWS\System32\Wbem;C:\WINDOWS\System32\WindowsPowerShell\v1.0\;C:\WINDOWS\System32\OpenSSH\;C:\Program Files\NVIDIA Corporation\NVIDIA App\NvDLISR;C:\Program Files (x86)\NVIDIA Corporation\PhysX\Common;C:\Program Files\nodejs\;C:\Program Files\Docker\Docker\resources\bin;C:\Program Files\Git\cmd;C:\Program Files\dotnet\;C:\Users\jorge\scoop\apps\maven\current\bin;C:\Users\jorge\scoop\shims;C:\Program Files\MySQL\MySQL Shell 8.0\bin\;C:\Users\jorge\AppData\Local\Programs\Python\Launcher\;C:\Users\jorge\AppData\Local\Microsoft\WindowsApps;C:\Users\jorge\AppData\Local\Programs\Microsoft VS Code\bin;C:\Program Files\JetBrains\PyCharm Community Edition 2025.1.1.1\bin;;C:\Users\jorge\AppData\Roaming\npm;C:\Users\jorge\.dotnet\tools
USERNAME=jorge
OS=Windows_NT
PROCESSOR_IDENTIFIER=Intel64 Family 6 Model 165 Stepping 5, GenuineIntel
TMP=C:\Users\jorge\AppData\Local\Temp
TEMP=C:\Users\jorge\AppData\Local\Temp




Periodic native trim disabled

---------------  S Y S T E M  ---------------

OS:
 Windows 10 , 64 bit Build 19041 (10.0.19041.5915)
OS uptime: 0 days 8:44 hours
Hyper-V role detected

CPU: total 12 (initial active 12) (6 cores per cpu, 2 threads per core) family 6 model 165 stepping 5 microcode 0xca, cx8, cmov, fxsr, ht, mmx, 3dnowpref, sse, sse2, sse3, ssse3, sse4.1, sse4.2, popcnt, lzcnt, tsc, tscinvbit, avx, avx2, aes, erms, clmul, bmi1, bmi2, adx, fma, vzeroupper, clflush, clflushopt, hv, rdtscp, f16c
Processor Information for the first 12 processors :
  Max Mhz: 4104, Current Mhz: 3803, Mhz Limit: 4104

Memory: 4k page, system-wide physical 16310M (4374M free)
TotalPageFile size 27574M (AvailPageFile size 8795M)
current process WorkingSet (physical memory assigned to process): 381M, peak: 382M
current process commit charge ("private bytes"): 559M, peak: 560M

vm_info: OpenJDK 64-Bit Server VM (21.0.10+7-LTS) for windows-amd64 JRE (21.0.10+7-LTS), built on 2026-01-15T18:39:42Z by "MicrosoftCorporation" with MS VC++ 17.14 (VS2022)

END.
