#
# A fatal error has been detected by the Java Runtime Environment:
#
#  EXCEPTION_ACCESS_VIOLATION (0xc0000005) at pc=0x00007ffb9d3fd033, pid=14044, tid=20168
#
# JRE version: OpenJDK Runtime Environment Microsoft-13106358 (17.0.18+8) (build 17.0.18+8-LTS)
# Java VM: OpenJDK 64-Bit Server VM Microsoft-13106358 (17.0.18+8-LTS, mixed mode, sharing, tiered, compressed oops, compressed class ptrs, g1 gc, windows-amd64)
# Problematic frame:
# V  [jvm.dll+0x80d033]
#
# No core dump will be written. Minidumps are not enabled by default on client versions of Windows
#
# If you would like to submit a bug report, please visit:
#   https://github.com/microsoft/openjdk/issues
#

---------------  S U M M A R Y ------------

Command Line: -javaagent:C:\Users\jorge\AppData\Local\JetBrains\IdeaIC2025.1\captureAgent\debugger-agent.jar=file:///C:/Users/jorge/AppData/Local/Temp/capture11526264946821975155.props -ea -Didea.test.cyclic.buffer.size=1048576 -javaagent:C:\Program Files\JetBrains\IntelliJ IDEA Community Edition 2025.1.1.1\lib\idea_rt.jar=49297 -Dkotlinx.coroutines.debug.enable.creation.stack.trace=false -Ddebugger.agent.enable.coroutines=true -Dkotlinx.coroutines.debug.enable.flows.stack.trace=true -Dkotlinx.coroutines.debug.enable.mutable.state.flows.stack.trace=true -Dfile.encoding=UTF-8 com.intellij.rt.junit.JUnitStarter -ideVersion5 -junit5 com.minimarket.service.UsuarioServiceImplTest,actualizar_conRolesValidos_debeActualizarRoles

Host: Intel(R) Core(TM) i5-10600K CPU @ 4.10GHz, 12 cores, 15G,  Windows 10 , 64 bit Build 19041 (10.0.19041.5915)
Time: Sat Jul 18 09:43:48 2026 Hora est. Sudamérica Pacífico elapsed time: 1.634032 seconds (0d 0h 0m 1s)

---------------  T H R E A D  ---------------

Current thread (0x000002125274fdc0):  JavaThread "C2 CompilerThread2" daemon [_thread_in_native, id=20168, stack(0x0000001470a00000,0x0000001470b00000)]


Current CompileTask:
C2:1634 2738   !   4       java.net.URL::<init> (543 bytes)

Stack: [0x0000001470a00000,0x0000001470b00000],  sp=0x0000001470afd328,  free space=1012k
Native frames: (J=compiled Java code, j=interpreted, Vv=VM code, C=native code)
V  [jvm.dll+0x80d033]  (no source info available)


siginfo: EXCEPTION_ACCESS_VIOLATION (0xc0000005), reading address 0x0000000000000051


Registers:
RAX=0x0000000000000001, RBX=0x00000000000003ff, RCX=0x000002120b967bc8, RDX=0x0000000000000001
RSP=0x0000001470afd328, RBP=0x0000000000000000, RSI=0x00000212536ee3a0, RDI=0x0000000000000000
R8 =0x00000212527b2de0, R9 =0x0000000000000008, R10=0x0000000000000001, R11=0x0000000000000ec0
R12=0x000002120b9cc710, R13=0x00000000000000ec, R14=0x0000000000000000, R15=0x000002120b967bc8
RIP=0x00007ffb9d3fd033, EFLAGS=0x0000000000010216

XMM[0]=0x0000000000000000 0x00000424172cc2f0
XMM[1]=0x00000424172cc2f0 0x000008482e596ed8
XMM[2]=0x000002120b965680 0x000002120b9655a0
XMM[3]=0x0000000000000000 0x0000000000000000
XMM[4]=0x000002120b9e0860 0x0000000200000001
XMM[5]=0x000002120b9dca38 0x0000000200000002
XMM[6]=0x0000000000000000 0x0000000000000000
XMM[7]=0x0000000000000000 0x0000000000000000
XMM[8]=0x0000000000000000 0x0000000000000000
XMM[9]=0x0000000000000000 0x0000000000000000
XMM[10]=0x0000000000000000 0x0000000000000000
XMM[11]=0x0000000000000000 0x0000000000000000
XMM[12]=0x0000000000000000 0x0000000000000000
XMM[13]=0x0000000000000000 0x0000000000000000
XMM[14]=0x0000000000000000 0x0000000000000000
XMM[15]=0x0000000000000000 0x0000000000000000
  MXCSR=0x00001fa0


Register to memory mapping:

RIP=0x00007ffb9d3fd033 jvm.dll
RAX=0x0000000000000001 is an unknown value
RBX=0x00000000000003ff is an unknown value
RCX=0x000002120b967bc8 points into unknown readable memory: 0x0000000000000001 | 01 00 00 00 00 00 00 00
RDX=0x0000000000000001 is an unknown value
RSP=0x0000001470afd328 is pointing into the stack for thread: 0x000002125274fdc0
RBP=0x0 is NULL
RSI=0x00000212536ee3a0 points into unknown readable memory: 0x0000000200000000 | 00 00 00 00 02 00 00 00
RDI=0x0 is NULL
R8 =0x00000212527b2de0 points into unknown readable memory: 0x000002120b966f48 | 48 6f 96 0b 12 02 00 00
R9 =0x0000000000000008 is an unknown value
R10=0x0000000000000001 is an unknown value
R11=0x0000000000000ec0 is an unknown value
R12=0x000002120b9cc710 points into unknown readable memory: 0x0000001470afef40 | 40 ef af 70 14 00 00 00
R13=0x00000000000000ec is an unknown value
R14=0x0 is NULL
R15=0x000002120b967bc8 points into unknown readable memory: 0x0000000000000001 | 01 00 00 00 00 00 00 00


Top of Stack: (sp=0x0000001470afd328)
0x0000001470afd328:   00007ffb9ce9a265 00000000000003ff
0x0000001470afd338:   00000212536ee2f0 000002120b9cc710
0x0000001470afd348:   0000000000000000 0000000000000000
0x0000001470afd358:   00007ffb9cc9f35c 00000212536eb390
0x0000001470afd368:   00000212536eb4b8 0000000000000000
0x0000001470afd378:   000002120b9cc710 000002120b9cc710
0x0000001470afd388:   0000000000000048 000000005f052248
0x0000001470afd398:   00000212536eb4b8 00000212527b5478
0x0000001470afd3a8:   00007ffb9ce99fbd 0000001400000000
0x0000001470afd3b8:   0000000000000200 0000000000000ec0
0x0000001470afd3c8:   00000212536eb4e0 00000212536eb410
0x0000001470afd3d8:   00007ffb9d3fe22b 0000000000000018
0x0000001470afd3e8:   0000000000000048 00000212527bfef0
0x0000001470afd3f8:   0000021251fda878 0000021252daef58
0x0000001470afd408:   00007ffb9d3fa210 00000212536eb4b8
0x0000001470afd418:   000002120b9cc710 00000212524cfbb0
0x0000001470afd428:   0000001400000100 000002120b9bdc90
0x0000001470afd438:   0000021268329b30 0000021252daef58
0x0000001470afd448:   00007ffb9cecc05d 00000212536eb3c8
0x0000001470afd458:   0000001470afd539 0000001470afda00
0x0000001470afd468:   0000001470afd539 0000001470afda00
0x0000001470afd478:   0000021252db1a30 0000000000000000
0x0000001470afd488:   0000021252daef58 000000000000000c
0x0000001470afd498:   0000000000000002 0000000000000000
0x0000001470afd4a8:   0000001000042000 0000001470afec30
0x0000001470afd4b8:   0000001470afe1c0 00000212524b7c30
0x0000001470afd4c8:   00000212524b7c80 0000020100000000
0x0000001470afd4d8:   0000021252db1a30 0000021252db1b38
0x0000001470afd4e8:   0000021251add820 0000021200000002
0x0000001470afd4f8:   0000021251add800 0000021252db0800
0x0000001470afd508:   0000021252db0200 00000212519c51c8
0x0000001470afd518:   000002120b9beec8 0000000c00000002 

Instructions: (pc=0x00007ffb9d3fd033)
0x00007ffb9d3fcf33:   c4 28 c3 cc cc cc cc cc cc cc cc cc cc 48 83 ec
0x00007ffb9d3fcf43:   28 48 8b d1 48 8b 49 18 48 85 c9 74 33 8b 41 10
0x00007ffb9d3fcf53:   83 e8 13 83 f8 02 77 28 48 8b 52 08 45 33 c0 48
0x00007ffb9d3fcf63:   8b 49 08 e8 b5 f7 ff ff 48 8b 48 08 80 79 40 00
0x00007ffb9d3fcf73:   74 0e 48 8b 01 48 83 c4 28 48 ff a0 d8 00 00 00
0x00007ffb9d3fcf83:   33 c0 48 83 c4 28 c3 cc cc cc cc cc cc 40 53 48
0x00007ffb9d3fcf93:   83 ec 20 48 8b 01 48 8b d9 ff 50 70 84 c0 74 08
0x00007ffb9d3fcfa3:   33 c0 48 83 c4 20 5b c3 48 8b 03 48 8b cb 48 83
0x00007ffb9d3fcfb3:   c4 20 5b 48 ff 60 60 cc cc cc cc cc cc 48 83 ec
0x00007ffb9d3fcfc3:   28 48 8b 49 48 80 79 28 00 75 07 33 c0 48 83 c4
0x00007ffb9d3fcfd3:   28 c3 48 8b 49 18 45 33 c0 ba 01 00 00 00 8b 41
0x00007ffb9d3fcfe3:   10 83 f8 06 75 06 48 8b 49 18 eb 15 83 f8 07 75
0x00007ffb9d3fcff3:   06 48 8b 49 18 eb 0a 83 c0 ef 83 f8 06 49 0f 47
0x00007ffb9d3fd003:   c8 48 85 c9 74 15 83 79 10 15 4c 0f 44 c1 4d 85
0x00007ffb9d3fd013:   c0 74 08 e8 a5 ff ff ff 8d 50 01 8b c2 48 83 c4
0x00007ffb9d3fd023:   28 c3 cc cc cc cc cc cc cc cc cc cc cc 48 8b 01
0x00007ffb9d3fd033:   48 ff 60 50 cc cc cc cc cc cc cc cc cc 48 89 5c
0x00007ffb9d3fd043:   24 08 48 89 74 24 10 57 83 7a 10 03 0f 85 19 01
0x00007ffb9d3fd053:   00 00 8b 7a 18 48 8d 59 1c 44 8b 59 18 44 3b df
0x00007ffb9d3fd063:   75 14 8b 42 1c 39 03 0f 84 dc 00 00 00 4c 8b d3
0x00007ffb9d3fd073:   48 8d 72 1c eb 0d 4c 8b d3 48 8d 72 1c 0f 8f ba
0x00007ffb9d3fd083:   00 00 00 8b 36 45 8b 12 44 3b d6 0f 8c ac 00 00
0x00007ffb9d3fd093:   00 0f bf 41 20 66 3b 42 20 0f 8f cc 00 00 00 3b
0x00007ffb9d3fd0a3:   fe 0f 84 c4 00 00 00 83 f8 03 75 77 33 c0 ba ff
0x00007ffb9d3fd0b3:   ff ff 7f 41 83 78 10 03 b9 00 00 00 80 49 0f 44
0x00007ffb9d3fd0c3:   c0 48 85 c0 74 08 41 8b 50 1c 41 8b 48 18 41 3b
0x00007ffb9d3fd0d3:   cb 0f 8d 81 00 00 00 44 3b d2 7d 7c 45 85 db 79
0x00007ffb9d3fd0e3:   29 44 8b c2 41 8b c3 45 2b c2 2b c1 41 3b c0 73
0x00007ffb9d3fd0f3:   19 41 b8 03 00 00 00 41 8b d2 48 8b 5c 24 10 48
0x00007ffb9d3fd103:   8b 74 24 18 5f e9 73 db ff ff 41 b8 03 00 00 00
0x00007ffb9d3fd113:   41 8b cb 48 8b 5c 24 10 48 8b 74 24 18 5f e9 5a
0x00007ffb9d3fd123:   db ff ff 44 8d 40 01 41 8b d2 41 8b cb 48 8b 5c 


Stack slot to memory mapping:
stack at sp + 0 slots: 0x00007ffb9ce9a265 jvm.dll
stack at sp + 1 slots: 0x00000000000003ff is an unknown value
stack at sp + 2 slots: 0x00000212536ee2f0 points into unknown readable memory: 0x0000000200000000 | 00 00 00 00 02 00 00 00
stack at sp + 3 slots: 0x000002120b9cc710 points into unknown readable memory: 0x0000001470afef40 | 40 ef af 70 14 00 00 00
stack at sp + 4 slots: 0x0 is NULL
stack at sp + 5 slots: 0x0 is NULL
stack at sp + 6 slots: 0x00007ffb9cc9f35c jvm.dll
stack at sp + 7 slots: 0x00000212536eb390 points into unknown readable memory: 0x000002120b9655a0 | a0 55 96 0b 12 02 00 00


---------------  P R O C E S S  ---------------

Threads class SMR info:
_java_thread_list=0x0000021252e20b20, length=16, elements={
0x0000021268318870, 0x000002120b8f9050, 0x000002120b8f9de0, 0x000002120b9096a0,
0x000002120b90bf80, 0x000002120b90c850, 0x000002120b90f130, 0x000002120b910340,
0x000002120b91c6f0, 0x000002120b91d000, 0x000002120b9e2af0, 0x000002120bae5570,
0x00000212510df380, 0x00000212510bdc90, 0x000002125215fff0, 0x000002125274fdc0
}

Java Threads: ( => current thread )
  0x0000021268318870 JavaThread "main" [_thread_in_Java, id=20540, stack(0x000000146ef00000,0x000000146f000000)]
  0x000002120b8f9050 JavaThread "Reference Handler" daemon [_thread_blocked, id=17028, stack(0x000000146f600000,0x000000146f700000)]
  0x000002120b8f9de0 JavaThread "Finalizer" daemon [_thread_blocked, id=16984, stack(0x000000146f700000,0x000000146f800000)]
  0x000002120b9096a0 JavaThread "Signal Dispatcher" daemon [_thread_blocked, id=6900, stack(0x000000146f800000,0x000000146f900000)]
  0x000002120b90bf80 JavaThread "Attach Listener" daemon [_thread_blocked, id=7504, stack(0x000000146f900000,0x000000146fa00000)]
  0x000002120b90c850 JavaThread "Service Thread" daemon [_thread_blocked, id=20144, stack(0x000000146fa00000,0x000000146fb00000)]
  0x000002120b90f130 JavaThread "Monitor Deflation Thread" daemon [_thread_blocked, id=21224, stack(0x000000146fb00000,0x000000146fc00000)]
  0x000002120b910340 JavaThread "C2 CompilerThread0" daemon [_thread_in_native, id=19180, stack(0x000000146fc00000,0x000000146fd00000)]
  0x000002120b91c6f0 JavaThread "C1 CompilerThread0" daemon [_thread_blocked, id=14380, stack(0x000000146fd00000,0x000000146fe00000)]
  0x000002120b91d000 JavaThread "Sweeper thread" daemon [_thread_blocked, id=18032, stack(0x000000146fe00000,0x000000146ff00000)]
  0x000002120b9e2af0 JavaThread "Common-Cleaner" daemon [_thread_blocked, id=18884, stack(0x000000146ff00000,0x0000001470000000)]
  0x000002120bae5570 JavaThread "IntelliJ Suspend Helper" daemon [_thread_blocked, id=2860, stack(0x0000001470000000,0x0000001470100000)]
  0x00000212510df380 JavaThread "Monitor Ctrl-Break" daemon [_thread_in_native, id=18780, stack(0x0000001470100000,0x0000001470200000)]
  0x00000212510bdc90 JavaThread "Notification Thread" daemon [_thread_blocked, id=17168, stack(0x0000001470200000,0x0000001470300000)]
  0x000002125215fff0 JavaThread "C2 CompilerThread1" daemon [_thread_in_native, id=4200, stack(0x0000001470400000,0x0000001470500000)]
=>0x000002125274fdc0 JavaThread "C2 CompilerThread2" daemon [_thread_in_native, id=20168, stack(0x0000001470a00000,0x0000001470b00000)]

Other Threads:
  0x000002120b7de0f0 VMThread "VM Thread" [stack: 0x000000146f500000,0x000000146f600000] [id=6632]
  0x00000212510abcf0 WatcherThread [stack: 0x0000001470300000,0x0000001470400000] [id=20756]
  0x000002126832ed00 GCTaskThread "GC Thread#0" [stack: 0x000000146f000000,0x000000146f100000] [id=3444]
  0x0000021251f2e000 GCTaskThread "GC Thread#1" [stack: 0x0000001470500000,0x0000001470600000] [id=20568]
  0x0000021251cac3d0 GCTaskThread "GC Thread#2" [stack: 0x0000001470600000,0x0000001470700000] [id=11844]
  0x000002125187ce70 GCTaskThread "GC Thread#3" [stack: 0x0000001470700000,0x0000001470800000] [id=18236]
  0x000002125187c600 GCTaskThread "GC Thread#4" [stack: 0x0000001470800000,0x0000001470900000] [id=19868]
  0x000002125187d410 GCTaskThread "GC Thread#5" [stack: 0x0000001470900000,0x0000001470a00000] [id=11396]
  0x000002125247ea20 GCTaskThread "GC Thread#6" [stack: 0x0000001470b00000,0x0000001470c00000] [id=20184]
  0x000002125247dee0 GCTaskThread "GC Thread#7" [stack: 0x0000001470c00000,0x0000001470d00000] [id=18028]
  0x000002125247e1b0 GCTaskThread "GC Thread#8" [stack: 0x0000001470d00000,0x0000001470e00000] [id=17992]
  0x00000212683964c0 ConcurrentGCThread "G1 Main Marker" [stack: 0x000000146f100000,0x000000146f200000] [id=14040]
  0x0000021268396df0 ConcurrentGCThread "G1 Conc#0" [stack: 0x000000146f200000,0x000000146f300000] [id=4964]
  0x000002120b699c40 ConcurrentGCThread "G1 Refine#0" [stack: 0x000000146f300000,0x000000146f400000] [id=20156]
  0x000002120b69a590 ConcurrentGCThread "G1 Service" [stack: 0x000000146f400000,0x000000146f500000] [id=17680]

Threads with active compile tasks:
C2 CompilerThread0  1650 2773       4       java.lang.Class::getPackageName (81 bytes)
C2 CompilerThread1  1650 2725       4       java.lang.invoke.MethodType::makeImpl (109 bytes)
C2 CompilerThread2  1650 2738   !   4       java.net.URL::<init> (543 bytes)

VM state: not at safepoint (normal execution)

VM Mutex/Monitor currently owned by a thread: None

Heap address: 0x0000000701200000, size: 4078 MB, Compressed Oops mode: Zero based, Oop shift amount: 3

CDS archive(s) mapped at: [0x000002120c000000-0x000002120cbb0000-0x000002120cbb0000), size 12255232, SharedBaseAddress: 0x000002120c000000, ArchiveRelocationMode: 1.
Compressed class space mapped at: 0x000002120d000000-0x000002124d000000, reserved size: 1073741824
Narrow klass base: 0x000002120c000000, Narrow klass shift: 0, Narrow klass range: 0x100000000

GC Precious Log:
 CPUs: 12 total, 12 available
 Memory: 16310M
 Large Page Support: Disabled
 NUMA Support: Disabled
 Compressed Oops: Enabled (Zero based)
 Heap Region Size: 2M
 Heap Min Capacity: 8M
 Heap Initial Capacity: 256M
 Heap Max Capacity: 4078M
 Pre-touch: Disabled
 Parallel Workers: 10
 Concurrent Workers: 3
 Concurrent Refinement Workers: 10
 Periodic GC: Disabled

Heap:
 garbage-first heap   total 262144K, used 52311K [0x0000000701200000, 0x0000000800000000)
  region size 2048K, 23 young (47104K), 1 survivors (2048K)
 Metaspace       used 18053K, committed 18368K, reserved 1114112K
  class space    used 2505K, committed 2688K, reserved 1048576K

Heap Regions: E=young(eden), S=young(survivor), O=old, HS=humongous(starts), HC=humongous(continues), CS=collection set, F=free, OA=open archive, CA=closed archive, TAMS=top-at-mark-start (previous, next)
|   0|0x0000000701200000, 0x0000000701400000, 0x0000000701400000|100%| O|  |TAMS 0x0000000701200000, 0x0000000701200000| Untracked 
|   1|0x0000000701400000, 0x0000000701600000, 0x0000000701600000|100%| O|  |TAMS 0x0000000701400000, 0x0000000701400000| Untracked 
|   2|0x0000000701600000, 0x0000000701800000, 0x0000000701800000|100%| O|  |TAMS 0x0000000701600000, 0x0000000701600000| Untracked 
|   3|0x0000000701800000, 0x000000070194ce00, 0x0000000701a00000| 65%| O|  |TAMS 0x0000000701800000, 0x0000000701800000| Untracked 
|   4|0x0000000701a00000, 0x0000000701a00000, 0x0000000701c00000|  0%| F|  |TAMS 0x0000000701a00000, 0x0000000701a00000| Untracked 
|   5|0x0000000701c00000, 0x0000000701c00000, 0x0000000701e00000|  0%| F|  |TAMS 0x0000000701c00000, 0x0000000701c00000| Untracked 
|   6|0x0000000701e00000, 0x0000000701e00000, 0x0000000702000000|  0%| F|  |TAMS 0x0000000701e00000, 0x0000000701e00000| Untracked 
|   7|0x0000000702000000, 0x0000000702000000, 0x0000000702200000|  0%| F|  |TAMS 0x0000000702000000, 0x0000000702000000| Untracked 
|   8|0x0000000702200000, 0x0000000702200000, 0x0000000702400000|  0%| F|  |TAMS 0x0000000702200000, 0x0000000702200000| Untracked 
|   9|0x0000000702400000, 0x0000000702400000, 0x0000000702600000|  0%| F|  |TAMS 0x0000000702400000, 0x0000000702400000| Untracked 
|  10|0x0000000702600000, 0x0000000702600000, 0x0000000702800000|  0%| F|  |TAMS 0x0000000702600000, 0x0000000702600000| Untracked 
|  11|0x0000000702800000, 0x0000000702800000, 0x0000000702a00000|  0%| F|  |TAMS 0x0000000702800000, 0x0000000702800000| Untracked 
|  12|0x0000000702a00000, 0x0000000702a00000, 0x0000000702c00000|  0%| F|  |TAMS 0x0000000702a00000, 0x0000000702a00000| Untracked 
|  13|0x0000000702c00000, 0x0000000702c00000, 0x0000000702e00000|  0%| F|  |TAMS 0x0000000702c00000, 0x0000000702c00000| Untracked 
|  14|0x0000000702e00000, 0x0000000702e00000, 0x0000000703000000|  0%| F|  |TAMS 0x0000000702e00000, 0x0000000702e00000| Untracked 
|  15|0x0000000703000000, 0x0000000703000000, 0x0000000703200000|  0%| F|  |TAMS 0x0000000703000000, 0x0000000703000000| Untracked 
|  16|0x0000000703200000, 0x0000000703200000, 0x0000000703400000|  0%| F|  |TAMS 0x0000000703200000, 0x0000000703200000| Untracked 
|  17|0x0000000703400000, 0x0000000703400000, 0x0000000703600000|  0%| F|  |TAMS 0x0000000703400000, 0x0000000703400000| Untracked 
|  18|0x0000000703600000, 0x0000000703600000, 0x0000000703800000|  0%| F|  |TAMS 0x0000000703600000, 0x0000000703600000| Untracked 
|  19|0x0000000703800000, 0x0000000703800000, 0x0000000703a00000|  0%| F|  |TAMS 0x0000000703800000, 0x0000000703800000| Untracked 
|  20|0x0000000703a00000, 0x0000000703a00000, 0x0000000703c00000|  0%| F|  |TAMS 0x0000000703a00000, 0x0000000703a00000| Untracked 
|  21|0x0000000703c00000, 0x0000000703c00000, 0x0000000703e00000|  0%| F|  |TAMS 0x0000000703c00000, 0x0000000703c00000| Untracked 
|  22|0x0000000703e00000, 0x0000000703e00000, 0x0000000704000000|  0%| F|  |TAMS 0x0000000703e00000, 0x0000000703e00000| Untracked 
|  23|0x0000000704000000, 0x0000000704000000, 0x0000000704200000|  0%| F|  |TAMS 0x0000000704000000, 0x0000000704000000| Untracked 
|  24|0x0000000704200000, 0x0000000704200000, 0x0000000704400000|  0%| F|  |TAMS 0x0000000704200000, 0x0000000704200000| Untracked 
|  25|0x0000000704400000, 0x0000000704400000, 0x0000000704600000|  0%| F|  |TAMS 0x0000000704400000, 0x0000000704400000| Untracked 
|  26|0x0000000704600000, 0x0000000704600000, 0x0000000704800000|  0%| F|  |TAMS 0x0000000704600000, 0x0000000704600000| Untracked 
|  27|0x0000000704800000, 0x0000000704800000, 0x0000000704a00000|  0%| F|  |TAMS 0x0000000704800000, 0x0000000704800000| Untracked 
|  28|0x0000000704a00000, 0x0000000704a00000, 0x0000000704c00000|  0%| F|  |TAMS 0x0000000704a00000, 0x0000000704a00000| Untracked 
|  29|0x0000000704c00000, 0x0000000704c00000, 0x0000000704e00000|  0%| F|  |TAMS 0x0000000704c00000, 0x0000000704c00000| Untracked 
|  30|0x0000000704e00000, 0x0000000704e00000, 0x0000000705000000|  0%| F|  |TAMS 0x0000000704e00000, 0x0000000704e00000| Untracked 
|  31|0x0000000705000000, 0x0000000705000000, 0x0000000705200000|  0%| F|  |TAMS 0x0000000705000000, 0x0000000705000000| Untracked 
|  32|0x0000000705200000, 0x0000000705200000, 0x0000000705400000|  0%| F|  |TAMS 0x0000000705200000, 0x0000000705200000| Untracked 
|  33|0x0000000705400000, 0x0000000705400000, 0x0000000705600000|  0%| F|  |TAMS 0x0000000705400000, 0x0000000705400000| Untracked 
|  34|0x0000000705600000, 0x0000000705600000, 0x0000000705800000|  0%| F|  |TAMS 0x0000000705600000, 0x0000000705600000| Untracked 
|  35|0x0000000705800000, 0x0000000705800000, 0x0000000705a00000|  0%| F|  |TAMS 0x0000000705800000, 0x0000000705800000| Untracked 
|  36|0x0000000705a00000, 0x0000000705a00000, 0x0000000705c00000|  0%| F|  |TAMS 0x0000000705a00000, 0x0000000705a00000| Untracked 
|  37|0x0000000705c00000, 0x0000000705c00000, 0x0000000705e00000|  0%| F|  |TAMS 0x0000000705c00000, 0x0000000705c00000| Untracked 
|  38|0x0000000705e00000, 0x0000000705e00000, 0x0000000706000000|  0%| F|  |TAMS 0x0000000705e00000, 0x0000000705e00000| Untracked 
|  39|0x0000000706000000, 0x0000000706000000, 0x0000000706200000|  0%| F|  |TAMS 0x0000000706000000, 0x0000000706000000| Untracked 
|  40|0x0000000706200000, 0x0000000706200000, 0x0000000706400000|  0%| F|  |TAMS 0x0000000706200000, 0x0000000706200000| Untracked 
|  41|0x0000000706400000, 0x0000000706400000, 0x0000000706600000|  0%| F|  |TAMS 0x0000000706400000, 0x0000000706400000| Untracked 
|  42|0x0000000706600000, 0x0000000706600000, 0x0000000706800000|  0%| F|  |TAMS 0x0000000706600000, 0x0000000706600000| Untracked 
|  43|0x0000000706800000, 0x0000000706800000, 0x0000000706a00000|  0%| F|  |TAMS 0x0000000706800000, 0x0000000706800000| Untracked 
|  44|0x0000000706a00000, 0x0000000706a00000, 0x0000000706c00000|  0%| F|  |TAMS 0x0000000706a00000, 0x0000000706a00000| Untracked 
|  45|0x0000000706c00000, 0x0000000706c00000, 0x0000000706e00000|  0%| F|  |TAMS 0x0000000706c00000, 0x0000000706c00000| Untracked 
|  46|0x0000000706e00000, 0x0000000706e00000, 0x0000000707000000|  0%| F|  |TAMS 0x0000000706e00000, 0x0000000706e00000| Untracked 
|  47|0x0000000707000000, 0x0000000707000000, 0x0000000707200000|  0%| F|  |TAMS 0x0000000707000000, 0x0000000707000000| Untracked 
|  48|0x0000000707200000, 0x0000000707200000, 0x0000000707400000|  0%| F|  |TAMS 0x0000000707200000, 0x0000000707200000| Untracked 
|  49|0x0000000707400000, 0x0000000707400000, 0x0000000707600000|  0%| F|  |TAMS 0x0000000707400000, 0x0000000707400000| Untracked 
|  50|0x0000000707600000, 0x0000000707600000, 0x0000000707800000|  0%| F|  |TAMS 0x0000000707600000, 0x0000000707600000| Untracked 
|  51|0x0000000707800000, 0x0000000707800000, 0x0000000707a00000|  0%| F|  |TAMS 0x0000000707800000, 0x0000000707800000| Untracked 
|  52|0x0000000707a00000, 0x0000000707a00000, 0x0000000707c00000|  0%| F|  |TAMS 0x0000000707a00000, 0x0000000707a00000| Untracked 
|  53|0x0000000707c00000, 0x0000000707c00000, 0x0000000707e00000|  0%| F|  |TAMS 0x0000000707c00000, 0x0000000707c00000| Untracked 
|  54|0x0000000707e00000, 0x0000000707e00000, 0x0000000708000000|  0%| F|  |TAMS 0x0000000707e00000, 0x0000000707e00000| Untracked 
|  55|0x0000000708000000, 0x0000000708000000, 0x0000000708200000|  0%| F|  |TAMS 0x0000000708000000, 0x0000000708000000| Untracked 
|  56|0x0000000708200000, 0x0000000708200000, 0x0000000708400000|  0%| F|  |TAMS 0x0000000708200000, 0x0000000708200000| Untracked 
|  57|0x0000000708400000, 0x0000000708400000, 0x0000000708600000|  0%| F|  |TAMS 0x0000000708400000, 0x0000000708400000| Untracked 
|  58|0x0000000708600000, 0x0000000708600000, 0x0000000708800000|  0%| F|  |TAMS 0x0000000708600000, 0x0000000708600000| Untracked 
|  59|0x0000000708800000, 0x0000000708800000, 0x0000000708a00000|  0%| F|  |TAMS 0x0000000708800000, 0x0000000708800000| Untracked 
|  60|0x0000000708a00000, 0x0000000708a00000, 0x0000000708c00000|  0%| F|  |TAMS 0x0000000708a00000, 0x0000000708a00000| Untracked 
|  61|0x0000000708c00000, 0x0000000708c00000, 0x0000000708e00000|  0%| F|  |TAMS 0x0000000708c00000, 0x0000000708c00000| Untracked 
|  62|0x0000000708e00000, 0x0000000708e00000, 0x0000000709000000|  0%| F|  |TAMS 0x0000000708e00000, 0x0000000708e00000| Untracked 
|  63|0x0000000709000000, 0x0000000709000000, 0x0000000709200000|  0%| F|  |TAMS 0x0000000709000000, 0x0000000709000000| Untracked 
|  64|0x0000000709200000, 0x0000000709200000, 0x0000000709400000|  0%| F|  |TAMS 0x0000000709200000, 0x0000000709200000| Untracked 
|  65|0x0000000709400000, 0x0000000709400000, 0x0000000709600000|  0%| F|  |TAMS 0x0000000709400000, 0x0000000709400000| Untracked 
|  66|0x0000000709600000, 0x0000000709600000, 0x0000000709800000|  0%| F|  |TAMS 0x0000000709600000, 0x0000000709600000| Untracked 
|  67|0x0000000709800000, 0x0000000709800000, 0x0000000709a00000|  0%| F|  |TAMS 0x0000000709800000, 0x0000000709800000| Untracked 
|  68|0x0000000709a00000, 0x0000000709a00000, 0x0000000709c00000|  0%| F|  |TAMS 0x0000000709a00000, 0x0000000709a00000| Untracked 
|  69|0x0000000709c00000, 0x0000000709c00000, 0x0000000709e00000|  0%| F|  |TAMS 0x0000000709c00000, 0x0000000709c00000| Untracked 
|  70|0x0000000709e00000, 0x0000000709e00000, 0x000000070a000000|  0%| F|  |TAMS 0x0000000709e00000, 0x0000000709e00000| Untracked 
|  71|0x000000070a000000, 0x000000070a000000, 0x000000070a200000|  0%| F|  |TAMS 0x000000070a000000, 0x000000070a000000| Untracked 
|  72|0x000000070a200000, 0x000000070a200000, 0x000000070a400000|  0%| F|  |TAMS 0x000000070a200000, 0x000000070a200000| Untracked 
|  73|0x000000070a400000, 0x000000070a400000, 0x000000070a600000|  0%| F|  |TAMS 0x000000070a400000, 0x000000070a400000| Untracked 
|  74|0x000000070a600000, 0x000000070a600000, 0x000000070a800000|  0%| F|  |TAMS 0x000000070a600000, 0x000000070a600000| Untracked 
|  75|0x000000070a800000, 0x000000070a800000, 0x000000070aa00000|  0%| F|  |TAMS 0x000000070a800000, 0x000000070a800000| Untracked 
|  76|0x000000070aa00000, 0x000000070aa00000, 0x000000070ac00000|  0%| F|  |TAMS 0x000000070aa00000, 0x000000070aa00000| Untracked 
|  77|0x000000070ac00000, 0x000000070ac00000, 0x000000070ae00000|  0%| F|  |TAMS 0x000000070ac00000, 0x000000070ac00000| Untracked 
|  78|0x000000070ae00000, 0x000000070ae00000, 0x000000070b000000|  0%| F|  |TAMS 0x000000070ae00000, 0x000000070ae00000| Untracked 
|  79|0x000000070b000000, 0x000000070b000000, 0x000000070b200000|  0%| F|  |TAMS 0x000000070b000000, 0x000000070b000000| Untracked 
|  80|0x000000070b200000, 0x000000070b200000, 0x000000070b400000|  0%| F|  |TAMS 0x000000070b200000, 0x000000070b200000| Untracked 
|  81|0x000000070b400000, 0x000000070b400000, 0x000000070b600000|  0%| F|  |TAMS 0x000000070b400000, 0x000000070b400000| Untracked 
|  82|0x000000070b600000, 0x000000070b600000, 0x000000070b800000|  0%| F|  |TAMS 0x000000070b600000, 0x000000070b600000| Untracked 
|  83|0x000000070b800000, 0x000000070b800000, 0x000000070ba00000|  0%| F|  |TAMS 0x000000070b800000, 0x000000070b800000| Untracked 
|  84|0x000000070ba00000, 0x000000070ba00000, 0x000000070bc00000|  0%| F|  |TAMS 0x000000070ba00000, 0x000000070ba00000| Untracked 
|  85|0x000000070bc00000, 0x000000070bc00000, 0x000000070be00000|  0%| F|  |TAMS 0x000000070bc00000, 0x000000070bc00000| Untracked 
|  86|0x000000070be00000, 0x000000070be00000, 0x000000070c000000|  0%| F|  |TAMS 0x000000070be00000, 0x000000070be00000| Untracked 
|  87|0x000000070c000000, 0x000000070c000000, 0x000000070c200000|  0%| F|  |TAMS 0x000000070c000000, 0x000000070c000000| Untracked 
|  88|0x000000070c200000, 0x000000070c200000, 0x000000070c400000|  0%| F|  |TAMS 0x000000070c200000, 0x000000070c200000| Untracked 
|  89|0x000000070c400000, 0x000000070c400000, 0x000000070c600000|  0%| F|  |TAMS 0x000000070c400000, 0x000000070c400000| Untracked 
|  90|0x000000070c600000, 0x000000070c600000, 0x000000070c800000|  0%| F|  |TAMS 0x000000070c600000, 0x000000070c600000| Untracked 
|  91|0x000000070c800000, 0x000000070c800000, 0x000000070ca00000|  0%| F|  |TAMS 0x000000070c800000, 0x000000070c800000| Untracked 
|  92|0x000000070ca00000, 0x000000070ca00000, 0x000000070cc00000|  0%| F|  |TAMS 0x000000070ca00000, 0x000000070ca00000| Untracked 
|  93|0x000000070cc00000, 0x000000070cc00000, 0x000000070ce00000|  0%| F|  |TAMS 0x000000070cc00000, 0x000000070cc00000| Untracked 
|  94|0x000000070ce00000, 0x000000070ce00000, 0x000000070d000000|  0%| F|  |TAMS 0x000000070ce00000, 0x000000070ce00000| Untracked 
|  95|0x000000070d000000, 0x000000070d000000, 0x000000070d200000|  0%| F|  |TAMS 0x000000070d000000, 0x000000070d000000| Untracked 
|  96|0x000000070d200000, 0x000000070d200000, 0x000000070d400000|  0%| F|  |TAMS 0x000000070d200000, 0x000000070d200000| Untracked 
|  97|0x000000070d400000, 0x000000070d400000, 0x000000070d600000|  0%| F|  |TAMS 0x000000070d400000, 0x000000070d400000| Untracked 
|  98|0x000000070d600000, 0x000000070d600000, 0x000000070d800000|  0%| F|  |TAMS 0x000000070d600000, 0x000000070d600000| Untracked 
|  99|0x000000070d800000, 0x000000070d800000, 0x000000070da00000|  0%| F|  |TAMS 0x000000070d800000, 0x000000070d800000| Untracked 
| 100|0x000000070da00000, 0x000000070da00000, 0x000000070dc00000|  0%| F|  |TAMS 0x000000070da00000, 0x000000070da00000| Untracked 
| 101|0x000000070dc00000, 0x000000070dc00000, 0x000000070de00000|  0%| F|  |TAMS 0x000000070dc00000, 0x000000070dc00000| Untracked 
| 102|0x000000070de00000, 0x000000070de00000, 0x000000070e000000|  0%| F|  |TAMS 0x000000070de00000, 0x000000070de00000| Untracked 
| 103|0x000000070e000000, 0x000000070e000000, 0x000000070e200000|  0%| F|  |TAMS 0x000000070e000000, 0x000000070e000000| Untracked 
| 104|0x000000070e200000, 0x000000070e200000, 0x000000070e400000|  0%| F|  |TAMS 0x000000070e200000, 0x000000070e200000| Untracked 
| 105|0x000000070e400000, 0x000000070e600000, 0x000000070e600000|100%| E|  |TAMS 0x000000070e400000, 0x000000070e400000| Complete 
| 106|0x000000070e600000, 0x000000070e800000, 0x000000070e800000|100%| E|CS|TAMS 0x000000070e600000, 0x000000070e600000| Complete 
| 107|0x000000070e800000, 0x000000070ea00000, 0x000000070ea00000|100%| E|CS|TAMS 0x000000070e800000, 0x000000070e800000| Complete 
| 108|0x000000070ea00000, 0x000000070ec00000, 0x000000070ec00000|100%| E|CS|TAMS 0x000000070ea00000, 0x000000070ea00000| Complete 
| 109|0x000000070ec00000, 0x000000070ee00000, 0x000000070ee00000|100%| E|CS|TAMS 0x000000070ec00000, 0x000000070ec00000| Complete 
| 110|0x000000070ee00000, 0x000000070f000000, 0x000000070f000000|100%| E|CS|TAMS 0x000000070ee00000, 0x000000070ee00000| Complete 
| 111|0x000000070f000000, 0x000000070f200000, 0x000000070f200000|100%| E|CS|TAMS 0x000000070f000000, 0x000000070f000000| Complete 
| 112|0x000000070f200000, 0x000000070f3c8f68, 0x000000070f400000| 89%| S|CS|TAMS 0x000000070f200000, 0x000000070f200000| Complete 
| 113|0x000000070f400000, 0x000000070f600000, 0x000000070f600000|100%| E|CS|TAMS 0x000000070f400000, 0x000000070f400000| Complete 
| 114|0x000000070f600000, 0x000000070f800000, 0x000000070f800000|100%| E|CS|TAMS 0x000000070f600000, 0x000000070f600000| Complete 
| 115|0x000000070f800000, 0x000000070fa00000, 0x000000070fa00000|100%| E|CS|TAMS 0x000000070f800000, 0x000000070f800000| Complete 
| 116|0x000000070fa00000, 0x000000070fc00000, 0x000000070fc00000|100%| E|CS|TAMS 0x000000070fa00000, 0x000000070fa00000| Complete 
| 117|0x000000070fc00000, 0x000000070fe00000, 0x000000070fe00000|100%| E|CS|TAMS 0x000000070fc00000, 0x000000070fc00000| Complete 
| 118|0x000000070fe00000, 0x0000000710000000, 0x0000000710000000|100%| E|CS|TAMS 0x000000070fe00000, 0x000000070fe00000| Complete 
| 119|0x0000000710000000, 0x0000000710200000, 0x0000000710200000|100%| E|CS|TAMS 0x0000000710000000, 0x0000000710000000| Complete 
| 120|0x0000000710200000, 0x0000000710400000, 0x0000000710400000|100%| E|CS|TAMS 0x0000000710200000, 0x0000000710200000| Complete 
| 121|0x0000000710400000, 0x0000000710600000, 0x0000000710600000|100%| E|CS|TAMS 0x0000000710400000, 0x0000000710400000| Complete 
| 122|0x0000000710600000, 0x0000000710800000, 0x0000000710800000|100%| E|CS|TAMS 0x0000000710600000, 0x0000000710600000| Complete 
| 123|0x0000000710800000, 0x0000000710a00000, 0x0000000710a00000|100%| E|CS|TAMS 0x0000000710800000, 0x0000000710800000| Complete 
| 124|0x0000000710a00000, 0x0000000710c00000, 0x0000000710c00000|100%| E|CS|TAMS 0x0000000710a00000, 0x0000000710a00000| Complete 
| 125|0x0000000710c00000, 0x0000000710e00000, 0x0000000710e00000|100%| E|CS|TAMS 0x0000000710c00000, 0x0000000710c00000| Complete 
| 126|0x0000000710e00000, 0x0000000711000000, 0x0000000711000000|100%| E|CS|TAMS 0x0000000710e00000, 0x0000000710e00000| Complete 
| 127|0x0000000711000000, 0x0000000711200000, 0x0000000711200000|100%| E|CS|TAMS 0x0000000711000000, 0x0000000711000000| Complete 

Card table byte_map: [0x0000021200000000,0x0000021200800000] _byte_map_base: 0x00000211fc7f7000

Marking Bits (Prev, Next): (CMBitMap*) 0x0000021268385cc0, (CMBitMap*) 0x0000021268385d00
 Prev Bits: [0x0000021201000000, 0x0000021204fb8000)
 Next Bits: [0x0000021204fc0000, 0x0000021208f78000)

Polling page: 0x00000212661c0000

Metaspace:

Usage:
  Non-class:     15.20 MB used.
      Class:      2.45 MB used.
       Both:     17.65 MB used.

Virtual space:
  Non-class space:       64.00 MB reserved,      15.38 MB ( 24%) committed,  1 nodes.
      Class space:        1.00 GB reserved,       2.62 MB ( <1%) committed,  1 nodes.
             Both:        1.06 GB reserved,      18.00 MB (  2%) committed. 

Chunk freelists:
   Non-Class:  240.00 KB
       Class:  13.29 MB
        Both:  13.52 MB

MaxMetaspaceSize: unlimited
CompressedClassSpaceSize: 1.00 GB
Initial GC threshold: 21.00 MB
Current GC threshold: 21.00 MB
CDS: on
MetaspaceReclaimPolicy: balanced
 - commit_granule_bytes: 65536.
 - commit_granule_words: 8192.
 - virtual_space_node_default_size: 8388608.
 - enlarge_chunks_in_place: 1.
 - new_chunks_are_fully_committed: 0.
 - uncommit_free_chunks: 1.
 - use_allocation_guard: 0.
 - handle_deallocations: 1.


Internal statistics:

num_allocs_failed_limit: 0.
num_arena_births: 278.
num_arena_deaths: 0.
num_vsnodes_births: 2.
num_vsnodes_deaths: 0.
num_space_committed: 288.
num_space_uncommitted: 0.
num_chunks_returned_to_freelist: 0.
num_chunks_taken_from_freelist: 818.
num_chunk_merges: 0.
num_chunk_splits: 500.
num_chunks_enlarged: 332.
num_inconsistent_stats: 0.

CodeHeap 'non-profiled nmethods': size=120000Kb used=1154Kb max_used=1154Kb free=118845Kb
 bounds [0x0000021277950000, 0x0000021277bc0000, 0x000002127ee80000]
CodeHeap 'profiled nmethods': size=120000Kb used=5383Kb max_used=5383Kb free=114616Kb
 bounds [0x000002126fe80000, 0x00000212703d0000, 0x00000212773b0000]
CodeHeap 'non-nmethods': size=5760Kb used=1211Kb max_used=1244Kb free=4548Kb
 bounds [0x00000212773b0000, 0x0000021277620000, 0x0000021277950000]
 total_blobs=3251 nmethods=2769 adapters=391
 compilation: enabled
              stopped_count=0, restarted_count=0
 full_count=0

Compilation events (20 events):
Event: 1.611 Thread 0x000002120b91c6f0 nmethod 2730 0x00000212703b4090 code [0x00000212703b4260, 0x00000212703b4548]
Event: 1.611 Thread 0x000002125274fdc0 nmethod 2702 0x0000021277a66a90 code [0x0000021277a66ca0, 0x0000021277a68110]
Event: 1.611 Thread 0x000002125274fdc0 2726       4       java.lang.invoke.MethodType$ConcurrentWeakInternSet::get (47 bytes)
Event: 1.619 Thread 0x000002120b91c6f0 2733       3       java.util.stream.ReduceOps$3ReducingSink::accept (15 bytes)
Event: 1.619 Thread 0x000002120b91c6f0 nmethod 2733 0x00000212703b4690 code [0x00000212703b4840, 0x00000212703b4a28]
Event: 1.619 Thread 0x000002120b91c6f0 2734       3       java.util.RegularEnumSet::contains (57 bytes)
Event: 1.619 Thread 0x000002120b91c6f0 nmethod 2734 0x00000212703b4b10 code [0x00000212703b4ce0, 0x00000212703b50e8]
Event: 1.619 Thread 0x000002120b91c6f0 2735       3       java.lang.StackStreamFactory$FrameBuffer::isEmpty (32 bytes)
Event: 1.619 Thread 0x000002120b91c6f0 nmethod 2735 0x00000212703b5210 code [0x00000212703b53c0, 0x00000212703b5598]
Event: 1.620 Thread 0x000002120b91c6f0 2736       3       java.lang.CharacterData::of (136 bytes)
Event: 1.620 Thread 0x000002120b91c6f0 nmethod 2736 0x00000212703b5610 code [0x00000212703b5840, 0x00000212703b60f8]
Event: 1.621 Thread 0x000002120b91c6f0 2737       2       java.lang.String::regionMatches (150 bytes)
Event: 1.621 Thread 0x000002120b91c6f0 nmethod 2737 0x00000212703b6310 code [0x00000212703b6500, 0x00000212703b6808]
Event: 1.624 Thread 0x000002125274fdc0 nmethod 2726 0x0000021277a68d90 code [0x0000021277a68f80, 0x0000021277a69fa8]
Event: 1.624 Thread 0x000002125274fdc0 2738   !   4       java.net.URL::<init> (543 bytes)
Event: 1.626 Thread 0x000002120b91c6f0 2739       3       java.lang.Short::<init> (10 bytes)
Event: 1.626 Thread 0x000002120b91c6f0 nmethod 2739 0x00000212703b6a10 code [0x00000212703b6bc0, 0x00000212703b6d98]
Event: 1.626 Thread 0x000002120b910340 nmethod 2722 0x0000021277a6a590 code [0x0000021277a6a7a0, 0x0000021277a6ba58]
Event: 1.626 Thread 0x000002120b910340 2732       4       java.util.jar.JarFile::maybeInstantiateVerifier (42 bytes)
Event: 1.627 Thread 0x000002120b910340 nmethod 2732 0x0000021277a6c510 code [0x0000021277a6c6a0, 0x0000021277a6c788]

GC Heap History (4 events):
Event: 0.432 GC heap before
{Heap before GC invocations=0 (full 0):
 garbage-first heap   total 262144K, used 20480K [0x0000000701200000, 0x0000000800000000)
  region size 2048K, 11 young (22528K), 0 survivors (0K)
 Metaspace       used 6367K, committed 6592K, reserved 1114112K
  class space    used 659K, committed 768K, reserved 1048576K
}
Event: 0.436 GC heap after
{Heap after GC invocations=1 (full 0):
 garbage-first heap   total 262144K, used 7860K [0x0000000701200000, 0x0000000800000000)
  region size 2048K, 2 young (4096K), 2 survivors (4096K)
 Metaspace       used 6367K, committed 6592K, reserved 1114112K
  class space    used 659K, committed 768K, reserved 1048576K
}
Event: 1.067 GC heap before
{Heap before GC invocations=1 (full 0):
 garbage-first heap   total 262144K, used 34484K [0x0000000701200000, 0x0000000800000000)
  region size 2048K, 15 young (30720K), 2 survivors (4096K)
 Metaspace       used 12782K, committed 12992K, reserved 1114112K
  class space    used 1631K, committed 1728K, reserved 1048576K
}
Event: 1.070 GC heap after
{Heap after GC invocations=2 (full 0):
 garbage-first heap   total 262144K, used 9303K [0x0000000701200000, 0x0000000800000000)
  region size 2048K, 1 young (2048K), 1 survivors (2048K)
 Metaspace       used 12782K, committed 12992K, reserved 1114112K
  class space    used 1631K, committed 1728K, reserved 1048576K
}

Dll operation events (11 events):
Event: 0.005 Loaded shared library C:\Users\jorge\.jdks\ms-17.0.18\bin\java.dll
Event: 0.006 Loaded shared library C:\Users\jorge\.jdks\ms-17.0.18\bin\zip.dll
Event: 0.019 Loaded shared library C:\Users\jorge\.jdks\ms-17.0.18\bin\jsvml.dll
Event: 0.104 Loaded shared library C:\Users\jorge\.jdks\ms-17.0.18\bin\instrument.dll
Event: 0.138 Loaded shared library C:\Users\jorge\.jdks\ms-17.0.18\bin\net.dll
Event: 0.140 Loaded shared library C:\Users\jorge\.jdks\ms-17.0.18\bin\nio.dll
Event: 0.144 Loaded shared library C:\Users\jorge\.jdks\ms-17.0.18\bin\zip.dll
Event: 0.162 Loaded shared library C:\Users\jorge\.jdks\ms-17.0.18\bin\extnet.dll
Event: 0.240 Loaded shared library C:\Users\jorge\.jdks\ms-17.0.18\bin\jimage.dll
Event: 0.736 Loaded shared library C:\Users\jorge\.jdks\ms-17.0.18\bin\instrument.dll
Event: 0.934 Loaded shared library C:\Users\jorge\.jdks\ms-17.0.18\bin\verify.dll

Deoptimization events (20 events):
Event: 1.577 Thread 0x0000021268318870 Uncommon trap: trap_request=0xfffffff4 fr.pc=0x0000021277a5e608 relative=0x0000000000000068
Event: 1.577 Thread 0x0000021268318870 Uncommon trap: reason=null_check action=make_not_entrant pc=0x0000021277a5e608 method=net.bytebuddy.description.type.TypeDescription$ForLoadedType.getModifiers()I @ 4 c2
Event: 1.577 Thread 0x0000021268318870 DEOPT PACKING pc=0x0000021277a5e608 sp=0x000000146effbb40
Event: 1.577 Thread 0x0000021268318870 DEOPT UNPACKING pc=0x00000212774069a3 sp=0x000000146effbac8 mode 2
Event: 1.593 Thread 0x0000021268318870 Uncommon trap: trap_request=0xffffff45 fr.pc=0x0000021277a287a0 relative=0x00000000000005a0
Event: 1.593 Thread 0x0000021268318870 Uncommon trap: reason=unstable_if action=reinterpret pc=0x0000021277a287a0 method=jdk.internal.org.objectweb.asm.Type.getArgumentsAndReturnSizes(Ljava/lang/String;)I @ 117 c2
Event: 1.593 Thread 0x0000021268318870 DEOPT PACKING pc=0x0000021277a287a0 sp=0x000000146effc2c0
Event: 1.593 Thread 0x0000021268318870 DEOPT UNPACKING pc=0x00000212774069a3 sp=0x000000146effc240 mode 2
Event: 1.607 Thread 0x0000021268318870 Uncommon trap: trap_request=0xffffff45 fr.pc=0x00000212779a4e68 relative=0x0000000000000048
Event: 1.607 Thread 0x0000021268318870 Uncommon trap: reason=unstable_if action=reinterpret pc=0x00000212779a4e68 method=java.lang.CharacterData.of(I)Ljava/lang/CharacterData; @ 4 c2
Event: 1.607 Thread 0x0000021268318870 DEOPT PACKING pc=0x00000212779a4e68 sp=0x000000146effb3f0
Event: 1.607 Thread 0x0000021268318870 DEOPT UNPACKING pc=0x00000212774069a3 sp=0x000000146effb388 mode 2
Event: 1.609 Thread 0x0000021268318870 Uncommon trap: trap_request=0xffffff45 fr.pc=0x000002127795b058 relative=0x00000000000001b8
Event: 1.609 Thread 0x0000021268318870 Uncommon trap: reason=unstable_if action=reinterpret pc=0x000002127795b058 method=java.lang.String.isLatin1()Z @ 10 c2
Event: 1.609 Thread 0x0000021268318870 DEOPT PACKING pc=0x000002127795b058 sp=0x000000146effbc40
Event: 1.609 Thread 0x0000021268318870 DEOPT UNPACKING pc=0x00000212774069a3 sp=0x000000146effbb70 mode 2
Event: 1.611 Thread 0x0000021268318870 Uncommon trap: trap_request=0xffffff45 fr.pc=0x00000212779cebcc relative=0x00000000000001ac
Event: 1.611 Thread 0x0000021268318870 Uncommon trap: reason=unstable_if action=reinterpret pc=0x00000212779cebcc method=java.lang.invoke.VarHandle.checkExactAccessMode(Ljava/lang/invoke/VarHandle$AccessDescriptor;)V @ 4 c2
Event: 1.611 Thread 0x0000021268318870 DEOPT PACKING pc=0x00000212779cebcc sp=0x000000146effc950
Event: 1.611 Thread 0x0000021268318870 DEOPT UNPACKING pc=0x00000212774069a3 sp=0x000000146effc930 mode 2

Classes loaded (20 events):
Event: 1.629 Loading class kotlinx/coroutines/reactor/MonoKt
Event: 1.629 Loading class kotlinx/coroutines/reactor/MonoKt done
Event: 1.629 Loading class org/springframework/aop/SpringProxy
Event: 1.629 Loading class org/springframework/aop/SpringProxy done
Event: 1.629 Loading class org/mockito/internal/util/reflection/GenericMetadataSupport
Event: 1.629 Loading class org/mockito/internal/util/reflection/GenericMetadataSupport done
Event: 1.629 Loading class org/mockito/internal/util/reflection/GenericMetadataSupport$FromClassGenericMetadataSupport
Event: 1.629 Loading class org/mockito/internal/util/reflection/GenericMetadataSupport$FromClassGenericMetadataSupport done
Event: 1.630 Loading class org/mockito/internal/util/reflection/GenericMetadataSupport$FromParameterizedTypeGenericMetadataSupport
Event: 1.630 Loading class org/mockito/internal/util/reflection/GenericMetadataSupport$FromParameterizedTypeGenericMetadataSupport done
Event: 1.630 Loading class org/mockito/internal/util/reflection/GenericMetadataSupport$GenericArrayReturnType
Event: 1.630 Loading class org/mockito/internal/util/reflection/GenericMetadataSupport$GenericArrayReturnType done
Event: 1.630 Loading class org/mockito/internal/util/reflection/GenericMetadataSupport$NotGenericReturnTypeSupport
Event: 1.630 Loading class org/mockito/internal/util/reflection/GenericMetadataSupport$NotGenericReturnTypeSupport done
Event: 1.630 Loading class org/mockito/internal/util/reflection/GenericMetadataSupport$ParameterizedReturnType
Event: 1.630 Loading class org/mockito/internal/util/reflection/GenericMetadataSupport$ParameterizedReturnType done
Event: 1.631 Loading class org/mockito/internal/util/reflection/GenericMetadataSupport$TypeVariableReturnType
Event: 1.631 Loading class org/mockito/internal/util/reflection/GenericMetadataSupport$TypeVariableReturnType done
Event: 1.631 Loading class org/mockito/internal/util/reflection/GenericMetadataSupport$BoundedType
Event: 1.631 Loading class org/mockito/internal/util/reflection/GenericMetadataSupport$BoundedType done

Classes unloaded (0 events):
No events

Classes redefined (12 events):
Event: 0.125 Thread 0x000002120b7de0f0 redefined class name=java.lang.Throwable, count=1
Event: 1.374 Thread 0x000002120b7de0f0 redefined class name=org.springframework.data.repository.ListPagingAndSortingRepository, count=1
Event: 1.374 Thread 0x000002120b7de0f0 redefined class name=org.springframework.data.repository.ListCrudRepository, count=1
Event: 1.374 Thread 0x000002120b7de0f0 redefined class name=org.springframework.data.jpa.repository.JpaRepository, count=1
Event: 1.374 Thread 0x000002120b7de0f0 redefined class name=org.springframework.data.repository.CrudRepository, count=1
Event: 1.374 Thread 0x000002120b7de0f0 redefined class name=org.springframework.data.repository.query.QueryByExampleExecutor, count=1
Event: 1.374 Thread 0x000002120b7de0f0 redefined class name=org.springframework.data.repository.PagingAndSortingRepository, count=1
Event: 1.374 Thread 0x000002120b7de0f0 redefined class name=com.minimarket.repository.UsuarioRepository, count=1
Event: 1.374 Thread 0x000002120b7de0f0 redefined class name=org.springframework.data.repository.Repository, count=1
Event: 1.474 Thread 0x000002120b7de0f0 redefined class name=com.minimarket.repository.RolRepository, count=1
Event: 1.516 Thread 0x000002120b7de0f0 redefined class name=com.minimarket.repository.VentaRepository, count=1
Event: 1.556 Thread 0x000002120b7de0f0 redefined class name=com.minimarket.repository.CarritoRepository, count=1

Internal exceptions (20 events):
Event: 0.591 Thread 0x0000021268318870 Exception <a 'java/lang/NoSuchMethodError'{0x00000007108b99a8}: 'java.lang.Object java.lang.invoke.Invokers$Holder.linkToTargetMethod(java.lang.Object, long, java.lang.Object)'> (0x00000007108b99a8) 
thrown [s\src\hotspot\share\interpreter\linkResolver.cpp, line 759]
Event: 0.603 Thread 0x0000021268318870 Exception <a 'java/lang/NoSuchMethodError'{0x000000071090a818}: 'void java.lang.invoke.DirectMethodHandle$Holder.invokeStatic(java.lang.Object, long)'> (0x000000071090a818) 
thrown [s\src\hotspot\share\interpreter\linkResolver.cpp, line 759]
Event: 0.603 Thread 0x0000021268318870 Exception <a 'java/lang/NoSuchMethodError'{0x00000007109105d0}: 'java.lang.Object java.lang.invoke.DirectMethodHandle$Holder.newInvokeSpecial(java.lang.Object, long)'> (0x00000007109105d0) 
thrown [s\src\hotspot\share\interpreter\linkResolver.cpp, line 759]
Event: 0.794 Thread 0x0000021268318870 Exception <a 'java/lang/NoSuchMethodError'{0x0000000710613b20}: 'java.lang.Object java.lang.invoke.DirectMethodHandle$Holder.invokeStaticInit(java.lang.Object, int, int, int, int)'> (0x0000000710613b20) 
thrown [s\src\hotspot\share\interpreter\linkResolver.cpp, line 759]
Event: 0.840 Thread 0x0000021268318870 Exception <a 'java/lang/NoSuchMethodError'{0x000000071071aa70}: 'java.lang.Object java.lang.invoke.DirectMethodHandle$Holder.invokeStaticInit(java.lang.Object, java.lang.Object, int, int, int, int)'> (0x000000071071aa70) 
thrown [s\src\hotspot\share\interpreter\linkResolver.cpp, line 759]
Event: 0.859 Thread 0x0000021268318870 Exception <a 'java/lang/NoSuchMethodError'{0x00000007104174c0}: 'java.lang.Object java.lang.invoke.DirectMethodHandle$Holder.invokeStatic(java.lang.Object, int, java.lang.Object)'> (0x00000007104174c0) 
thrown [s\src\hotspot\share\interpreter\linkResolver.cpp, line 759]
Event: 1.156 Thread 0x0000021268318870 Exception <a 'java/lang/NoSuchMethodError'{0x0000000710af1398}: 'int java.lang.invoke.DirectMethodHandle$Holder.invokeStaticInit(java.lang.Object, java.lang.Object, java.lang.Object, java.lang.Object)'> (0x0000000710af1398) 
thrown [s\src\hotspot\share\interpreter\linkResolver.cpp, line 759]
Event: 1.156 Thread 0x0000021268318870 Exception <a 'java/lang/IncompatibleClassChangeError'{0x0000000710afaa20}: Found class java.lang.Object, but interface was expected> (0x0000000710afaa20) 
thrown [s\src\hotspot\share\interpreter\linkResolver.cpp, line 826]
Event: 1.157 Thread 0x0000021268318870 Exception <a 'java/lang/NoSuchMethodError'{0x0000000710afdc50}: 'void java.lang.invoke.DirectMethodHandle$Holder.invokeStaticInit(java.lang.Object, java.lang.Object)'> (0x0000000710afdc50) 
thrown [s\src\hotspot\share\interpreter\linkResolver.cpp, line 759]
Event: 1.200 Thread 0x0000021268318870 Exception <a 'java/lang/ClassNotFoundException'{0x00000007109fabb0}: java/lang/ClassLoader$ByteBuddyAccessor$V1> (0x00000007109fabb0) 
thrown [s\src\hotspot\share\classfile\systemDictionary.cpp, line 256]
Event: 1.332 Thread 0x0000021268318870 Exception <a 'java/lang/NoSuchMethodError'{0x000000070ff72430}: 'int java.lang.invoke.DirectMethodHandle$Holder.invokeVirtual(java.lang.Object, java.lang.Object, java.lang.Object)'> (0x000000070ff72430) 
thrown [s\src\hotspot\share\interpreter\linkResolver.cpp, line 759]
Event: 1.465 Thread 0x0000021268318870 Exception <a 'java/lang/NoSuchMethodError'{0x000000070f471978}: 'void java.lang.invoke.DelegatingMethodHandle$Holder.delegate(java.lang.Object, java.lang.Object, int, java.lang.Object)'> (0x000000070f471978) 
thrown [s\src\hotspot\share\interpreter\linkResolver.cpp, line 759]
Event: 1.465 Thread 0x0000021268318870 Exception <a 'java/lang/NoSuchMethodError'{0x000000070f47a820}: 'java.lang.Object java.lang.invoke.Invokers$Holder.invokeExact_MT(java.lang.Object, java.lang.Object, java.lang.Object, java.lang.Object)'> (0x000000070f47a820) 
thrown [s\src\hotspot\share\interpreter\linkResolver.cpp, line 759]
Event: 1.465 Thread 0x0000021268318870 Exception <a 'java/lang/NoSuchMethodError'{0x000000070f47e6e0}: 'java.lang.Object java.lang.invoke.Invokers$Holder.invoker(java.lang.Object, java.lang.Object, java.lang.Object, java.lang.Object)'> (0x000000070f47e6e0) 
thrown [s\src\hotspot\share\interpreter\linkResolver.cpp, line 759]
Event: 1.466 Thread 0x0000021268318870 Exception <a 'java/lang/NoSuchMethodError'{0x000000070f488e88}: 'int java.lang.invoke.DirectMethodHandle$Holder.invokeSpecial(java.lang.Object, java.lang.Object, java.lang.Object, java.lang.Object)'> (0x000000070f488e88) 
thrown [s\src\hotspot\share\interpreter\linkResolver.cpp, line 759]
Event: 1.470 Thread 0x0000021268318870 Exception <a 'java/lang/NoSuchMethodError'{0x000000070f4bbe60}: 'java.lang.Object java.lang.invoke.Invokers$Holder.invoker(java.lang.Object, java.lang.Object, java.lang.Object)'> (0x000000070f4bbe60) 
thrown [s\src\hotspot\share\interpreter\linkResolver.cpp, line 759]
Event: 1.577 Thread 0x0000021268318870 Implicit null exception at 0x0000021277a5e5d5 to 0x0000021277a5e5f8
Event: 1.599 Thread 0x0000021268318870 Exception <a 'java/lang/NoSuchMethodError'{0x000000070e8d5f38}: 'java.lang.Object java.lang.invoke.Invokers$Holder.invoker(java.lang.Object, java.lang.Object, java.lang.Object, java.lang.Object, java.lang.Object, java.lang.Object)'> (0x000000070e8d5f38) 
thrown [s\src\hotspot\share\interpreter\linkResolver.cpp, line 759]
Event: 1.604 Thread 0x0000021268318870 Exception <a 'java/lang/IncompatibleClassChangeError'{0x000000070e904830}: Found class java.lang.Object, but interface was expected> (0x000000070e904830) 
thrown [s\src\hotspot\share\interpreter\linkResolver.cpp, line 826]
Event: 1.616 Thread 0x0000021268318870 Exception <a 'java/lang/IncompatibleClassChangeError'{0x000000070e9b5c10}: Found class java.lang.Object, but interface was expected> (0x000000070e9b5c10) 
thrown [s\src\hotspot\share\interpreter\linkResolver.cpp, line 826]

VM Operations (20 events):
Event: 0.939 Executing VM operation: HandshakeAllThreads
Event: 0.939 Executing VM operation: HandshakeAllThreads done
Event: 1.067 Executing VM operation: G1CollectForAllocation
Event: 1.070 Executing VM operation: G1CollectForAllocation done
Event: 1.088 Executing VM operation: HandshakeAllThreads
Event: 1.088 Executing VM operation: HandshakeAllThreads done
Event: 1.233 Executing VM operation: ICBufferFull
Event: 1.233 Executing VM operation: ICBufferFull done
Event: 1.364 Executing VM operation: ICBufferFull
Event: 1.364 Executing VM operation: ICBufferFull done
Event: 1.371 Executing VM operation: RedefineClasses
Event: 1.378 Executing VM operation: RedefineClasses done
Event: 1.471 Executing VM operation: RedefineClasses
Event: 1.478 Executing VM operation: RedefineClasses done
Event: 1.514 Executing VM operation: RedefineClasses
Event: 1.521 Executing VM operation: RedefineClasses done
Event: 1.553 Executing VM operation: RedefineClasses
Event: 1.560 Executing VM operation: RedefineClasses done
Event: 1.608 Executing VM operation: HandshakeAllThreads
Event: 1.608 Executing VM operation: HandshakeAllThreads done

Memory protections (0 events):
No events

Nmethod flushes (0 events):
No events

Events (18 events):
Event: 0.019 Thread 0x0000021268318870 Thread added: 0x0000021268318870
Event: 0.021 Thread 0x0000021268318870 Thread added: 0x000002120b8f9050
Event: 0.021 Thread 0x0000021268318870 Thread added: 0x000002120b8f9de0
Event: 0.026 Thread 0x0000021268318870 Thread added: 0x000002120b9096a0
Event: 0.026 Thread 0x0000021268318870 Thread added: 0x000002120b90bf80
Event: 0.026 Thread 0x0000021268318870 Thread added: 0x000002120b90c850
Event: 0.026 Thread 0x0000021268318870 Thread added: 0x000002120b90f130
Event: 0.026 Thread 0x0000021268318870 Thread added: 0x000002120b910340
Event: 0.026 Thread 0x0000021268318870 Thread added: 0x000002120b91c6f0
Event: 0.026 Thread 0x0000021268318870 Thread added: 0x000002120b91d000
Event: 0.090 Thread 0x0000021268318870 Thread added: 0x000002120b9e2af0
Event: 0.126 Thread 0x0000021268318870 Thread added: 0x000002120bae5570
Event: 0.149 Thread 0x0000021268318870 Thread added: 0x00000212510df380
Event: 0.149 Thread 0x0000021268318870 Thread added: 0x00000212510bdc90
Event: 0.165 Thread 0x000002120b91c6f0 Thread added: 0x0000021251207650
Event: 0.784 Thread 0x0000021251207650 Thread exited: 0x0000021251207650
Event: 0.853 Thread 0x000002120b91c6f0 Thread added: 0x000002125215fff0
Event: 1.062 Thread 0x000002120b91c6f0 Thread added: 0x000002125274fdc0


Dynamic libraries:
0x00007ff79ebc0000 - 0x00007ff79ebce000 	C:\Users\jorge\.jdks\ms-17.0.18\bin\java.exe
0x00007ffbe5510000 - 0x00007ffbe5708000 	C:\WINDOWS\SYSTEM32\ntdll.dll
0x00007ffbe4a80000 - 0x00007ffbe4b42000 	C:\WINDOWS\System32\KERNEL32.DLL
0x00007ffbe3160000 - 0x00007ffbe3456000 	C:\WINDOWS\System32\KERNELBASE.dll
0x00007ffbe2e50000 - 0x00007ffbe2f50000 	C:\WINDOWS\System32\ucrtbase.dll
0x00007ffbd9be0000 - 0x00007ffbd9bf8000 	C:\Users\jorge\.jdks\ms-17.0.18\bin\jli.dll
0x00007ffbd9b80000 - 0x00007ffbd9b9e000 	C:\Users\jorge\.jdks\ms-17.0.18\bin\VCRUNTIME140.dll
0x00007ffbe36f0000 - 0x00007ffbe3891000 	C:\WINDOWS\System32\USER32.dll
0x00007ffbe2ff0000 - 0x00007ffbe3012000 	C:\WINDOWS\System32\win32u.dll
0x00007ffbca5f0000 - 0x00007ffbca88b000 	C:\WINDOWS\WinSxS\amd64_microsoft.windows.common-controls_6595b64144ccf1df_6.0.19041.6456_none_60b8a6cb71f64256\COMCTL32.dll
0x00007ffbe4050000 - 0x00007ffbe407b000 	C:\WINDOWS\System32\GDI32.dll
0x00007ffbe5430000 - 0x00007ffbe54ce000 	C:\WINDOWS\System32\msvcrt.dll
0x00007ffbe2bd0000 - 0x00007ffbe2ce9000 	C:\WINDOWS\System32\gdi32full.dll
0x00007ffbe2f50000 - 0x00007ffbe2fed000 	C:\WINDOWS\System32\msvcp_win.dll
0x00007ffbe4b50000 - 0x00007ffbe4b7f000 	C:\WINDOWS\System32\IMM32.DLL
0x00007ffbc9420000 - 0x00007ffbc942c000 	C:\Users\jorge\.jdks\ms-17.0.18\bin\vcruntime140_1.dll
0x00007ffbc7860000 - 0x00007ffbc78e9000 	C:\Users\jorge\.jdks\ms-17.0.18\bin\msvcp140.dll
0x00007ffb9cbf0000 - 0x00007ffb9d86a000 	C:\Users\jorge\.jdks\ms-17.0.18\bin\server\jvm.dll
0x00007ffbe4f00000 - 0x00007ffbe4fb1000 	C:\WINDOWS\System32\ADVAPI32.dll
0x00007ffbe4bf0000 - 0x00007ffbe4c8f000 	C:\WINDOWS\System32\sechost.dll
0x00007ffbe4de0000 - 0x00007ffbe4f00000 	C:\WINDOWS\System32\RPCRT4.dll
0x00007ffbe2ba0000 - 0x00007ffbe2bc7000 	C:\WINDOWS\System32\bcrypt.dll
0x00007ffbe4230000 - 0x00007ffbe429b000 	C:\WINDOWS\System32\WS2_32.dll
0x00007ffbe2090000 - 0x00007ffbe20db000 	C:\WINDOWS\SYSTEM32\POWRPROF.dll
0x00007ffbd1c10000 - 0x00007ffbd1c37000 	C:\WINDOWS\SYSTEM32\WINMM.dll
0x00007ffbdba70000 - 0x00007ffbdba7a000 	C:\WINDOWS\SYSTEM32\VERSION.dll
0x00007ffbe1f60000 - 0x00007ffbe1f72000 	C:\WINDOWS\SYSTEM32\UMPDC.dll
0x00007ffbe09f0000 - 0x00007ffbe0a02000 	C:\WINDOWS\SYSTEM32\kernel.appcore.dll
0x00007ffbc9410000 - 0x00007ffbc941a000 	C:\Users\jorge\.jdks\ms-17.0.18\bin\jimage.dll
0x00007ffbd12b0000 - 0x00007ffbd14b1000 	C:\WINDOWS\SYSTEM32\DBGHELP.DLL
0x00007ffbc2710000 - 0x00007ffbc2744000 	C:\WINDOWS\SYSTEM32\dbgcore.DLL
0x00007ffbe3020000 - 0x00007ffbe30a2000 	C:\WINDOWS\System32\bcryptPrimitives.dll
0x00007ffbc9250000 - 0x00007ffbc925f000 	C:\Users\jorge\.jdks\ms-17.0.18\bin\instrument.dll
0x00007ffbc8a60000 - 0x00007ffbc8a86000 	C:\Users\jorge\.jdks\ms-17.0.18\bin\java.dll
0x00007ffbc7b70000 - 0x00007ffbc7b88000 	C:\Users\jorge\.jdks\ms-17.0.18\bin\zip.dll
0x00007ffbc7780000 - 0x00007ffbc7856000 	C:\Users\jorge\.jdks\ms-17.0.18\bin\jsvml.dll
0x00007ffbe4310000 - 0x00007ffbe4a80000 	C:\WINDOWS\System32\SHELL32.dll
0x00007ffbe0bf0000 - 0x00007ffbe1395000 	C:\WINDOWS\SYSTEM32\windows.storage.dll
0x00007ffbe5070000 - 0x00007ffbe53c4000 	C:\WINDOWS\System32\combase.dll
0x00007ffbe24f0000 - 0x00007ffbe251b000 	C:\WINDOWS\SYSTEM32\Wldp.dll
0x00007ffbe3f20000 - 0x00007ffbe3fed000 	C:\WINDOWS\System32\OLEAUT32.dll
0x00007ffbe4c90000 - 0x00007ffbe4d3d000 	C:\WINDOWS\System32\SHCORE.dll
0x00007ffbe53d0000 - 0x00007ffbe542b000 	C:\WINDOWS\System32\shlwapi.dll
0x00007ffbe2ad0000 - 0x00007ffbe2af4000 	C:\WINDOWS\SYSTEM32\profapi.dll
0x00007ffbc88d0000 - 0x00007ffbc88eb000 	C:\Users\jorge\.jdks\ms-17.0.18\bin\net.dll
0x00007ffbdbce0000 - 0x00007ffbdbdea000 	C:\WINDOWS\SYSTEM32\WINHTTP.dll
0x00007ffbe22d0000 - 0x00007ffbe233a000 	C:\WINDOWS\system32\mswsock.dll
0x00007ffbc7b90000 - 0x00007ffbc7ba6000 	C:\Users\jorge\.jdks\ms-17.0.18\bin\nio.dll
0x00007ffbc7b60000 - 0x00007ffbc7b69000 	C:\Users\jorge\.jdks\ms-17.0.18\bin\extnet.dll
0x00007ffbe2530000 - 0x00007ffbe2548000 	C:\WINDOWS\SYSTEM32\CRYPTSP.dll
0x00007ffbe1ba0000 - 0x00007ffbe1bd8000 	C:\WINDOWS\system32\rsaenh.dll
0x00007ffbe2a90000 - 0x00007ffbe2abe000 	C:\WINDOWS\SYSTEM32\USERENV.dll
0x00007ffbe2460000 - 0x00007ffbe246c000 	C:\WINDOWS\SYSTEM32\CRYPTBASE.dll
0x00007ffbe1f80000 - 0x00007ffbe1fbb000 	C:\WINDOWS\SYSTEM32\IPHLPAPI.DLL
0x00007ffbe4d40000 - 0x00007ffbe4d48000 	C:\WINDOWS\System32\NSI.dll
0x00007ffbdebf0000 - 0x00007ffbdec07000 	C:\WINDOWS\SYSTEM32\dhcpcsvc6.DLL
0x00007ffbdebd0000 - 0x00007ffbdebed000 	C:\WINDOWS\SYSTEM32\dhcpcsvc.DLL
0x00007ffbe1fc0000 - 0x00007ffbe208a000 	C:\WINDOWS\SYSTEM32\DNSAPI.dll
0x00007ffbc7770000 - 0x00007ffbc7780000 	C:\Users\jorge\.jdks\ms-17.0.18\bin\verify.dll

dbghelp: loaded successfully - version: 4.0.5 - missing functions: none
symbol engine: initialized successfully - sym options: 0x614 - pdb path: .;C:\Users\jorge\.jdks\ms-17.0.18\bin;C:\WINDOWS\SYSTEM32;C:\WINDOWS\WinSxS\amd64_microsoft.windows.common-controls_6595b64144ccf1df_6.0.19041.6456_none_60b8a6cb71f64256;C:\Users\jorge\.jdks\ms-17.0.18\bin\server

VM Arguments:
jvm_args: -javaagent:C:\Users\jorge\AppData\Local\JetBrains\IdeaIC2025.1\captureAgent\debugger-agent.jar=file:///C:/Users/jorge/AppData/Local/Temp/capture11526264946821975155.props -ea -Didea.test.cyclic.buffer.size=1048576 -javaagent:C:\Program Files\JetBrains\IntelliJ IDEA Community Edition 2025.1.1.1\lib\idea_rt.jar=49297 -Dkotlinx.coroutines.debug.enable.creation.stack.trace=false -Ddebugger.agent.enable.coroutines=true -Dkotlinx.coroutines.debug.enable.flows.stack.trace=true -Dkotlinx.coroutines.debug.enable.mutable.state.flows.stack.trace=true -Dfile.encoding=UTF-8 
java_command: com.intellij.rt.junit.JUnitStarter -ideVersion5 -junit5 com.minimarket.service.UsuarioServiceImplTest,actualizar_conRolesValidos_debeActualizarRoles
java_class_path (initial): C:\Users\jorge\.m2\repository\org\junit\platform\junit-platform-launcher\1.11.4\junit-platform-launcher-1.11.4.jar;C:\Program Files\JetBrains\IntelliJ IDEA Community Edition 2025.1.1.1\lib\idea_rt.jar;C:\Program Files\JetBrains\IntelliJ IDEA Community Edition 2025.1.1.1\plugins\junit\lib\junit5-rt.jar;C:\Program Files\JetBrains\IntelliJ IDEA Community Edition 2025.1.1.1\plugins\junit\lib\junit-rt.jar;C:\Users\jorge\OneDrive\Desktop\Backend II\minimarket\target\test-classes;C:\Users\jorge\OneDrive\Desktop\Backend II\minimarket\target\classes;C:\Users\jorge\.m2\repository\org\springframework\boot\spring-boot-starter-data-jpa\3.4.1\spring-boot-starter-data-jpa-3.4.1.jar;C:\Users\jorge\.m2\repository\org\springframework\boot\spring-boot-starter\3.4.1\spring-boot-starter-3.4.1.jar;C:\Users\jorge\.m2\repository\org\springframework\boot\spring-boot-starter-logging\3.4.1\spring-boot-starter-logging-3.4.1.jar;C:\Users\jorge\.m2\repository\ch\qos\logback\logback-classic\1.5.12\logback-classic-1.5.12.jar;C:\Users\jorge\.m2\repository\ch\qos\logback\logback-core\1.5.12\logback-core-1.5.12.jar;C:\Users\jorge\.m2\repository\org\apache\logging\log4j\log4j-to-slf4j\2.24.3\log4j-to-slf4j-2.24.3.jar;C:\Users\jorge\.m2\repository\org\apache\logging\log4j\log4j-api\2.24.3\log4j-api-2.24.3.jar;C:\Users\jorge\.m2\repository\org\slf4j\jul-to-slf4j\2.0.16\jul-to-slf4j-2.0.16.jar;C:\Users\jorge\.m2\repository\jakarta\annotation\jakarta.annotation-api\2.1.1\jakarta.annotation-api-2.1.1.jar;C:\Users\jorge\.m2\repository\org\yaml\snakeyaml\2.3\snakeyaml-2.3.jar;C:\Users\jorge\.m2\repository\org\springframework\boot\spring-boot-starter-jdbc\3.4.1\spring-boot-starter-jdbc-3.4.1.jar;C:\Users\jorge\.m2\repository\com\zaxxer\HikariCP\5.1.0\HikariCP-5.1.0.jar;C:\Users\jorge\.m2\repository\org\springframework\spring-jdbc\6.2.1\spring-jdbc-6.2.1.jar;C:\Users\jorge\.m2\repository\org\hibernate\orm\hibernate-core\6.6.4.Final\hibernate-core-6.6.4.Final.jar;C:\Users\jorge\.m2\
Launcher Type: SUN_STANDARD

[Global flags]
     intx CICompilerCount                          = 4                                         {product} {ergonomic}
     uint ConcGCThreads                            = 3                                         {product} {ergonomic}
     uint G1ConcRefinementThreads                  = 10                                        {product} {ergonomic}
   size_t G1HeapRegionSize                         = 2097152                                   {product} {ergonomic}
    uintx GCDrainStackTargetSize                   = 64                                        {product} {ergonomic}
   size_t InitialHeapSize                          = 268435456                                 {product} {ergonomic}
   size_t MarkStackSize                            = 4194304                                   {product} {ergonomic}
   size_t MaxHeapSize                              = 4276092928                                {product} {ergonomic}
   size_t MaxNewSize                               = 2564816896                                {product} {ergonomic}
   size_t MinHeapDeltaBytes                        = 2097152                                   {product} {ergonomic}
   size_t MinHeapSize                              = 8388608                                   {product} {ergonomic}
    uintx NonNMethodCodeHeapSize                   = 5839372                                {pd product} {ergonomic}
    uintx NonProfiledCodeHeapSize                  = 122909434                              {pd product} {ergonomic}
    uintx ProfiledCodeHeapSize                     = 122909434                              {pd product} {ergonomic}
    uintx ReservedCodeCacheSize                    = 251658240                              {pd product} {ergonomic}
     bool SegmentedCodeCache                       = true                                      {product} {ergonomic}
   size_t SoftMaxHeapSize                          = 4276092928                             {manageable} {ergonomic}
     bool UseCompressedClassPointers               = true                           {product lp64_product} {ergonomic}
     bool UseCompressedOops                        = true                           {product lp64_product} {ergonomic}
     bool UseG1GC                                  = true                                      {product} {ergonomic}
     bool UseLargePagesIndividualAllocation        = false                                  {pd product} {ergonomic}

Logging:
Log output configuration:
 #0: stdout all=warning uptime,level,tags
 #1: stderr all=off uptime,level,tags

Environment Variables:
JAVA_HOME=C:\Program Files\Microsoft\jdk-21.0.10.7-hotspot\
PATH=C:\Program Files\Microsoft\jdk-21.0.10.7-hotspot\bin;C:\Program Files\Common Files\Oracle\Java\javapath;C:\app\jorge\product\21c\dbhomeXE\bin;C:\WINDOWS\system32;C:\WINDOWS;C:\WINDOWS\System32\Wbem;C:\WINDOWS\System32\WindowsPowerShell\v1.0\;C:\WINDOWS\System32\OpenSSH\;C:\Program Files\NVIDIA Corporation\NVIDIA App\NvDLISR;C:\Program Files (x86)\NVIDIA Corporation\PhysX\Common;C:\Program Files\nodejs\;C:\Program Files\Docker\Docker\resources\bin;C:\Program Files\Git\cmd;C:\Program Files\dotnet\;C:\Users\jorge\scoop\apps\maven\current\bin;C:\Users\jorge\scoop\shims;C:\Program Files\MySQL\MySQL Shell 8.0\bin\;C:\Users\jorge\AppData\Local\Programs\Python\Launcher\;C:\Users\jorge\AppData\Local\Microsoft\WindowsApps;C:\Users\jorge\AppData\Local\Programs\Microsoft VS Code\bin;C:\Program Files\JetBrains\PyCharm Community Edition 2025.1.1.1\bin;;C:\Users\jorge\AppData\Roaming\npm;C:\Users\jorge\.dotnet\tools
USERNAME=jorge
OS=Windows_NT
PROCESSOR_IDENTIFIER=Intel64 Family 6 Model 165 Stepping 5, GenuineIntel
TMP=C:\Users\jorge\AppData\Local\Temp
TEMP=C:\Users\jorge\AppData\Local\Temp



Periodic native trim disabled


---------------  S Y S T E M  ---------------

OS:
 Windows 10 , 64 bit Build 19041 (10.0.19041.5915)
OS uptime: 0 days 20:07 hours
Hyper-V role detected

CPU: total 12 (initial active 12) (6 cores per cpu, 2 threads per core) family 6 model 165 stepping 5 microcode 0xca, cx8, cmov, fxsr, ht, mmx, 3dnowpref, sse, sse2, sse3, ssse3, sse4.1, sse4.2, popcnt, lzcnt, tsc, tscinvbit, avx, avx2, aes, erms, clmul, bmi1, bmi2, adx, fma, vzeroupper, clflush, clflushopt, hv
Processor Information for the first 12 processors :
  Max Mhz: 4104, Current Mhz: 3803, Mhz Limit: 4104

Memory: 4k page, system-wide physical 16310M (4710M free)
TotalPageFile size 27574M (AvailPageFile size 9323M)
current process WorkingSet (physical memory assigned to process): 152M, peak: 153M
current process commit charge ("private bytes"): 410M, peak: 412M

vm_info: OpenJDK 64-Bit Server VM (17.0.18+8-LTS) for windows-amd64 JRE (17.0.18+8-LTS), built on Jan 15 2026 18:50:45 by "MicrosoftCorporation" with MS VC++ 17.14 (VS2022)

END.
