#
# A fatal error has been detected by the Java Runtime Environment:
#
#  EXCEPTION_ACCESS_VIOLATION (0xc0000005) at pc=0x00007ffb9bd9a7f7, pid=12108, tid=20652
#
# JRE version: OpenJDK Runtime Environment Microsoft-13106404 (21.0.10+7) (build 21.0.10+7-LTS)
# Java VM: OpenJDK 64-Bit Server VM Microsoft-13106404 (21.0.10+7-LTS, mixed mode, sharing, tiered, compressed oops, compressed class ptrs, g1 gc, windows-amd64)
# Problematic frame:
# V  [jvm.dll+0x60a7f7]
#
# No core dump will be written. Minidumps are not enabled by default on client versions of Windows
#
# If you would like to submit a bug report, please visit:
#   https://github.com/microsoft/openjdk/issues
#

---------------  S U M M A R Y ------------

Command Line: -Dclassworlds.conf=C:\Users\jorge\.m2\wrapper\dists\apache-maven-3.9.9\977a63e90f436cd6ade95b4c0e10c20c\bin\m2.conf -Dmaven.home=C:\Users\jorge\.m2\wrapper\dists\apache-maven-3.9.9\977a63e90f436cd6ade95b4c0e10c20c -Dlibrary.jansi.path=C:\Users\jorge\.m2\wrapper\dists\apache-maven-3.9.9\977a63e90f436cd6ade95b4c0e10c20c\lib\jansi-native -Dmaven.multiModuleProjectDirectory=C:\Users\jorge\OneDrive\Desktop\Backend II\minimarket org.codehaus.plexus.classworlds.launcher.Launcher clean test

Host: Intel(R) Core(TM) i5-10600K CPU @ 4.10GHz, 12 cores, 15G,  Windows 10 , 64 bit Build 19041 (10.0.19041.5915)
Time: Sat Jul 18 12:47:10 2026 Hora est. Sudamérica Pacífico elapsed time: 2.300373 seconds (0d 0h 0m 2s)

---------------  T H R E A D  ---------------

Current thread (0x000001cbd2094f10):  JavaThread "C2 CompilerThread0" daemon [_thread_in_native, id=20652, stack(0x0000003abea00000,0x0000003abeb00000) (1024K)]


Current CompileTask:
C2:2300 4501       4       org.eclipse.aether.util.graph.transformer.ConflictResolver$State::push (457 bytes)

Stack: [0x0000003abea00000,0x0000003abeb00000],  sp=0x0000003abeafc210,  free space=1008k
Native frames: (J=compiled Java code, j=interpreted, Vv=VM code, C=native code)
V  [jvm.dll+0x60a7f7]  (no source info available)
V  [jvm.dll+0x609ac8]  (no source info available)
V  [jvm.dll+0x25b9a7]  (no source info available)
V  [jvm.dll+0x254286]  (no source info available)
V  [jvm.dll+0x251b81]  (no source info available)
V  [jvm.dll+0x1d1adf]  (no source info available)
V  [jvm.dll+0x26195a]  (no source info available)
V  [jvm.dll+0x25fcc5]  (no source info available)
V  [jvm.dll+0x402155]  (no source info available)
V  [jvm.dll+0x86ab8d]  (no source info available)
V  [jvm.dll+0x6e141d]  (no source info available)
C  [ucrtbase.dll+0x21bb2]  (no source info available)
C  [KERNEL32.DLL+0x17374]  (no source info available)
C  [ntdll.dll+0x4cc91]  (no source info available)


siginfo: EXCEPTION_ACCESS_VIOLATION (0xc0000005), reading address 0x000001dc19674430


Registers:
RAX=0x0000000000000000, RBX=0x000001dc19674408, RCX=0x0000000000000001, RDX=0x000001cc186945f4
RSP=0x0000003abeafc210, RBP=0x0000003abeafc5a0, RSI=0x0000000000000003, RDI=0x0000003abeafc2e0
R8 =0x0000000000000008, R9 =0x000001cbd2c38ad8, R10=0x0000000000002000, R11=0x00007ffbc78e2911
R12=0x0000003abeafc2c0, R13=0x0000003abeafc2a0, R14=0x0000000000000001, R15=0x000001cc19673488
RIP=0x00007ffb9bd9a7f7, EFLAGS=0x0000000000010203

XMM[0]=0x0000000000000000 0x0000000000000000
XMM[1]=0x000001cc185251a8 0x000001cc18524ea0
XMM[2]=0x000001cc1863f7f0 0x000001cbd289acc8
XMM[3]=0x000001cc18642ec8 0x000001cc18642f48
XMM[4]=0x000001cc182b95e8 0x000001cc18528430
XMM[5]=0x000001cbd29d92b8 0x000001cbd29d9328
XMM[6]=0x0000000000000000 0x0000000000000000
XMM[7]=0x0000000000000000 0x0000000000000000
XMM[8]=0x0000000000000000 0x0000000000000000
XMM[9]=0x0000000000000000 0x0000000000000000
XMM[10]=0x0000000000000000 0x0000000000000000
XMM[11]=0x0000000000000000 0x0000000000000000
XMM[12]=0x0000000000000000 0x0000000000000000
XMM[13]=0x0000000000000000 0x0000000000000000
XMM[14]=0x0000000000000000 0x0000000000000000
XMM[15]=0x0000000000000000 0x0000000000000000
  MXCSR=0x00001fa0


Register to memory mapping:

RAX=0x0 is null
RBX=0x000001dc19674408 is an unknown value
RCX=0x0000000000000001 is an unknown value
RDX=0x000001cc186945f4 points into unknown readable memory: 6e ea 3f 7f
RSP=0x0000003abeafc210 is pointing into the stack for thread: 0x000001cbd2094f10
RBP=0x0000003abeafc5a0 is pointing into the stack for thread: 0x000001cbd2094f10
RSI=0x0000000000000003 is an unknown value
RDI=0x0000003abeafc2e0 is pointing into the stack for thread: 0x000001cbd2094f10
R8 =0x0000000000000008 is an unknown value
R9 =0x000001cbd2c38ad8 points into unknown readable memory: 0x0000000000000000 | 00 00 00 00 00 00 00 00
R10=0x0000000000002000 is an unknown value
R11=0x00007ffbc78e2911 VCRUNTIME140.dll
R12=0x0000003abeafc2c0 is pointing into the stack for thread: 0x000001cbd2094f10
R13=0x0000003abeafc2a0 is pointing into the stack for thread: 0x000001cbd2094f10
R14=0x0000000000000001 is an unknown value
R15=0x000001cc19673488 points into unknown readable memory: 0x00007ffb9c18f1b0 | b0 f1 18 9c fb 7f 00 00

Top of Stack: (sp=0x0000003abeafc210)
0x0000003abeafc210:   0000003abeafc5a0 0000000000000400
0x0000003abeafc220:   000000000000000d 000001cc19674dc8
0x0000003abeafc230:   000001cbb27dc7f0 0000000000000000
0x0000003abeafc240:   000001cc184f89e8 000001cbd2098b00
0x0000003abeafc250:   0000000000000000 0000003abeafc5a0
0x0000003abeafc260:   0000003abeafc370 00007ffb9bd99ac8
0x0000003abeafc270:   0000003abeafc5a0 0000000000000001
0x0000003abeafc280:   0000003a00000001 0000003abeafc2e0
0x0000003abeafc290:   0000000100000000 000001cbd2c01080
0x0000003abeafc2a0:   000001cbd208cf20 0000000000000800
0x0000003abeafc2b0:   000001cc18da9560 0000000000000694
0x0000003abeafc2c0:   000001cb00000100 000001cc18694440
0x0000003abeafc2d0:   000001cb00000100 000001cbd208cf20
0x0000003abeafc2e0:   000001cc19714880 000001cc1971e8b0
0x0000003abeafc2f0:   000001cc19714890 000001cbd208cf20
0x0000003abeafc300:   000001cbd208cf20 00007ffb00000004
0x0000003abeafc310:   000001cbd2102688 0000000000000000
0x0000003abeafc320:   000001cbd2c033b0 00007ffb9c00e230
0x0000003abeafc330:   000001cbd208cf20 00007ffb00000004
0x0000003abeafc340:   000001cbd2b7e8b0 000001cbf90107ff
0x0000003abeafc350:   0000000000000003 00007ffb9c00e32e
0x0000003abeafc360:   000000001b1ad0ae 00007ffb9be4ddd0
0x0000003abeafc370:   000001cc182bb140 000001cbd2b7ecd0
0x0000003abeafc380:   0000000000000000 00007ffb9be4de8a
0x0000003abeafc390:   0000003abeafc8b0 00007ffb9be9ba94
0x0000003abeafc3a0:   00007ffb9c3d5150 000001cc19622fc0
0x0000003abeafc3b0:   000001cc19622fd0 0000000000000000
0x0000003abeafc3c0:   0000000000000000 00007ffbe5535ba1
0x0000003abeafc3d0:   000001cbb03e0000 00007ffbe317b6ae
0x0000003abeafc3e0:   0000000000000000 000001cbb03e0000
0x0000003abeafc3f0:   0000003abeafe8a0 0000000000000016
0x0000003abeafc400:   0000000000000000 0000000000000000 

Instructions: (pc=0x00007ffb9bd9a7f7)
0x00007ffb9bd9a6f7:   24 30 48 8b 6c 24 38 48 8b 5c 24 60 4c 8b 74 24
0x00007ffb9bd9a707:   20 48 83 c4 40 41 5f 41 5d 5f c3 4c 8d 0d 2f de
0x00007ffb9bd9a717:   42 00 ba d6 03 00 00 4c 8d 05 33 de 42 00 48 8d
0x00007ffb9bd9a727:   0d 5c d2 41 00 e8 df 01 c8 ff cc cc cc cc cc cc
0x00007ffb9bd9a737:   cc cc cc cc cc cc cc cc cc 48 89 4c 24 08 55 57
0x00007ffb9bd9a747:   41 54 41 55 48 83 ec 38 41 8b 40 18 49 8b f9 4d
0x00007ffb9bd9a757:   8b e8 4c 8b e2 48 8b e9 85 c0 0f 84 37 02 00 00
0x00007ffb9bd9a767:   48 89 5c 24 68 48 89 74 24 30 4c 89 74 24 28 4c
0x00007ffb9bd9a777:   89 7c 24 20 0f 1f 44 00 00 ff c8 41 89 45 18 8b
0x00007ffb9bd9a787:   c8 49 8b 45 10 4c 8b 3c c8 41 8b 77 28 8b de c1
0x00007ffb9bd9a797:   eb 05 41 3b 1c 24 72 0a 8b d3 49 8b cc e8 87 f2
0x00007ffb9bd9a7a7:   29 00 49 8b 44 24 08 83 e6 1f 48 8d 14 98 40 0f
0x00007ffb9bd9a7b7:   b6 ce 41 b8 01 00 00 00 41 d3 e0 8b 0a 8b c1 41
0x00007ffb9bd9a7c7:   0b c0 89 02 41 85 c8 0f 85 aa 01 00 00 41 8b 4f
0x00007ffb9bd9a7d7:   20 45 33 f6 89 4c 24 70 90 44 3b f1 0f 83 4b 01
0x00007ffb9bd9a7e7:   00 00 49 8b 5f 10 41 8b c6 41 ff c6 48 8b 1c c3
0x00007ffb9bd9a7f7:   8b 43 28 3b 45 20 73 0d 8b c8 48 8b 45 28 48 83
0x00007ffb9bd9a807:   3c c8 00 75 36 48 83 7b 10 00 74 2f 48 8d 75 68
0x00007ffb9bd9a817:   8b 6e 18 8d 45 01 89 46 18 3b 6e 08 72 0a 8b d5
0x00007ffb9bd9a827:   48 8b ce e8 61 32 0b 00 48 8b 46 10 8b 4c 24 70
0x00007ffb9bd9a837:   48 89 1c e8 48 8b 6c 24 60 eb 9e 48 8b 43 08 48
0x00007ffb9bd9a847:   83 38 00 74 6d 48 8b 03 48 8b cb ff 50 10 84 c0
0x00007ffb9bd9a857:   75 0a 8b 43 2c 83 e0 0f 3c 0c 75 56 8b 4b 28 8b
0x00007ffb9bd9a867:   c1 c1 e8 05 41 3b 04 24 73 1c 83 e1 1f 8b d1 8b
0x00007ffb9bd9a877:   c8 49 8b 44 24 08 8b 0c 88 0f a3 d1 8b 4c 24 70
0x00007ffb9bd9a887:   0f 82 53 ff ff ff 41 8b 75 18 8d 46 01 41 89 45
0x00007ffb9bd9a897:   18 41 3b 75 08 72 0a 8b d6 49 8b cd e8 e8 31 0b
0x00007ffb9bd9a8a7:   00 49 8b 45 10 8b 4c 24 70 48 89 1c f0 e9 27 ff
0x00007ffb9bd9a8b7:   ff ff 8b 6b 28 8b f5 c1 ee 05 41 3b 34 24 72 0a
0x00007ffb9bd9a8c7:   8b d6 49 8b cc e8 5f f1 29 00 49 8b 44 24 08 83
0x00007ffb9bd9a8d7:   e5 1f 48 8d 14 b0 40 0f b6 cd 48 8b 6c 24 60 41
0x00007ffb9bd9a8e7:   b8 01 00 00 00 41 d3 e0 8b 0a 8b c1 41 0b c0 41 


Stack slot to memory mapping:

stack at sp + 0 slots: 0x0000003abeafc5a0 is pointing into the stack for thread: 0x000001cbd2094f10
stack at sp + 1 slots: 0x0000000000000400 is an unknown value
stack at sp + 2 slots: 0x000000000000000d is an unknown value
stack at sp + 3 slots: 0x000001cc19674dc8 points into unknown readable memory: 0x00007ffb9c18f1b0 | b0 f1 18 9c fb 7f 00 00
stack at sp + 4 slots: 0x000001cbb27dc7f0 points into unknown readable memory: 0x00007ffb9c1cd470 | 70 d4 1c 9c fb 7f 00 00
stack at sp + 5 slots: 0x0 is null
stack at sp + 6 slots: 0x000001cc184f89e8 points into unknown readable memory: 0x00007ffb9c1a5570 | 70 55 1a 9c fb 7f 00 00
stack at sp + 7 slots: 0x000001cbd2098b00 points into unknown readable memory: 0x0000000000000000 | 00 00 00 00 00 00 00 00


---------------  P R O C E S S  ---------------

Threads class SMR info:
_java_thread_list=0x000001cc1881fe40, length=14, elements={
0x000001cbb040f190, 0x000001cbd208bf30, 0x000001cbd208de60, 0x000001cbd208ed80,
0x000001cbd2092960, 0x000001cbd20933c0, 0x000001cbd2094180, 0x000001cbd2094f10,
0x000001cbd20959b0, 0x000001cbd2244500, 0x000001cbd2247960, 0x000001cbd26667f0,
0x000001cc18030310, 0x000001cc1810af20
}

Java Threads: ( => current thread )
  0x000001cbb040f190 JavaThread "main"                              [_thread_in_native, id=20424, stack(0x0000003abdc00000,0x0000003abdd00000) (1024K)]
  0x000001cbd208bf30 JavaThread "Reference Handler"          daemon [_thread_blocked, id=19844, stack(0x0000003abe400000,0x0000003abe500000) (1024K)]
  0x000001cbd208de60 JavaThread "Finalizer"                  daemon [_thread_blocked, id=13756, stack(0x0000003abe500000,0x0000003abe600000) (1024K)]
  0x000001cbd208ed80 JavaThread "Signal Dispatcher"          daemon [_thread_blocked, id=15980, stack(0x0000003abe600000,0x0000003abe700000) (1024K)]
  0x000001cbd2092960 JavaThread "Attach Listener"            daemon [_thread_blocked, id=14016, stack(0x0000003abe700000,0x0000003abe800000) (1024K)]
  0x000001cbd20933c0 JavaThread "Service Thread"             daemon [_thread_blocked, id=6124, stack(0x0000003abe800000,0x0000003abe900000) (1024K)]
  0x000001cbd2094180 JavaThread "Monitor Deflation Thread"   daemon [_thread_blocked, id=20792, stack(0x0000003abe900000,0x0000003abea00000) (1024K)]
=>0x000001cbd2094f10 JavaThread "C2 CompilerThread0"         daemon [_thread_in_native, id=20652, stack(0x0000003abea00000,0x0000003abeb00000) (1024K)]
  0x000001cbd20959b0 JavaThread "C1 CompilerThread0"         daemon [_thread_blocked, id=4880, stack(0x0000003abeb00000,0x0000003abec00000) (1024K)]
  0x000001cbd2244500 JavaThread "Notification Thread"        daemon [_thread_blocked, id=18916, stack(0x0000003abec00000,0x0000003abed00000) (1024K)]
  0x000001cbd2247960 JavaThread "Common-Cleaner"             daemon [_thread_blocked, id=6172, stack(0x0000003abed00000,0x0000003abee00000) (1024K)]
  0x000001cbd26667f0 JavaThread "C2 CompilerThread1"         daemon [_thread_in_native, id=20860, stack(0x0000003abee00000,0x0000003abef00000) (1024K)]
  0x000001cc18030310 JavaThread "C2 CompilerThread2"         daemon [_thread_blocked, id=17208, stack(0x0000003abef00000,0x0000003abf000000) (1024K)]
  0x000001cc1810af20 JavaThread "Thread-1"                   daemon [_thread_blocked, id=15932, stack(0x0000003abf900000,0x0000003abfa00000) (1024K)]
Total: 14

Other Threads:
  0x000001cbd206fef0 VMThread "VM Thread"                           [id=6600, stack(0x0000003abe300000,0x0000003abe400000) (1024K)]
  0x000001cbd205daf0 WatcherThread "VM Periodic Task Thread"        [id=9828, stack(0x0000003abe200000,0x0000003abe300000) (1024K)]
  0x000001cbb2835a90 WorkerThread "GC Thread#0"                     [id=20880, stack(0x0000003abdd00000,0x0000003abde00000) (1024K)]
  0x000001cc18079c90 WorkerThread "GC Thread#1"                     [id=18244, stack(0x0000003abf000000,0x0000003abf100000) (1024K)]
  0x000001cc18031270 WorkerThread "GC Thread#2"                     [id=20568, stack(0x0000003abf100000,0x0000003abf200000) (1024K)]
  0x000001cc1848e3a0 WorkerThread "GC Thread#3"                     [id=13056, stack(0x0000003abf200000,0x0000003abf300000) (1024K)]
  0x000001cc1848e750 WorkerThread "GC Thread#4"                     [id=20656, stack(0x0000003abf300000,0x0000003abf400000) (1024K)]
  0x000001cc184fb180 WorkerThread "GC Thread#5"                     [id=12004, stack(0x0000003abf400000,0x0000003abf500000) (1024K)]
  0x000001cc18245ea0 WorkerThread "GC Thread#6"                     [id=18508, stack(0x0000003abf500000,0x0000003abf600000) (1024K)]
  0x000001cc184f4e90 WorkerThread "GC Thread#7"                     [id=18160, stack(0x0000003abf600000,0x0000003abf700000) (1024K)]
  0x000001cc18093e20 WorkerThread "GC Thread#8"                     [id=6940, stack(0x0000003abf700000,0x0000003abf800000) (1024K)]
  0x000001cc185664f0 WorkerThread "GC Thread#9"                     [id=17304, stack(0x0000003abf800000,0x0000003abf900000) (1024K)]
  0x000001cbb2846950 ConcurrentGCThread "G1 Main Marker"            [id=16464, stack(0x0000003abde00000,0x0000003abdf00000) (1024K)]
  0x000001cbb2847610 WorkerThread "G1 Conc#0"                       [id=8428, stack(0x0000003abdf00000,0x0000003abe000000) (1024K)]
  0x000001cbd1f1e4c0 ConcurrentGCThread "G1 Refine#0"               [id=18168, stack(0x0000003abe000000,0x0000003abe100000) (1024K)]
  0x000001cbd1f1ef50 ConcurrentGCThread "G1 Service"                [id=7020, stack(0x0000003abe100000,0x0000003abe200000) (1024K)]
Total: 16

Threads with active compile tasks:
C2 CompilerThread0  2319 4501       4       org.eclipse.aether.util.graph.transformer.ConflictResolver$State::push (457 bytes)
C2 CompilerThread1  2319 4493       4       org.eclipse.aether.util.graph.transformer.ConflictResolver::gatherConflictItems (111 bytes)
Total: 2

VM state: not at safepoint (normal execution)

VM Mutex/Monitor currently owned by a thread: None

Heap address: 0x0000000701200000, size: 4078 MB, Compressed Oops mode: Zero based, Oop shift amount: 3

CDS archive(s) mapped at: [0x000001cbd3000000-0x000001cbd3c80000-0x000001cbd3c80000), size 13107200, SharedBaseAddress: 0x000001cbd3000000, ArchiveRelocationMode: 1.
Compressed class space mapped at: 0x000001cbd4000000-0x000001cc14000000, reserved size: 1073741824
Narrow klass base: 0x000001cbd3000000, Narrow klass shift: 0, Narrow klass range: 0x100000000

GC Precious Log:
 CardTable entry size: 512
 Card Set container configuration: InlinePtr #cards 4 size 8 Array Of Cards #cards 16 size 48 Howl #buckets 8 coarsen threshold 3686 Howl Bitmap #cards 512 size 80 coarsen threshold 460 Card regions per heap region 1 cards per card region 4096
 CPUs: 12 total, 12 available
 Memory: 16310M
 Large Page Support: Disabled
 NUMA Support: Disabled
 Compressed Oops: Enabled (Zero based)
 Heap Region Size: 2M
 Heap Min Capacity: 8M
 Heap Initial Capacity: 256M
 Heap Max Capacity: 4078M
 Pre-touch: Disabled
 Parallel Workers: 10
 Concurrent Workers: 3
 Concurrent Refinement Workers: 10
 Periodic GC: Disabled

Heap:
 garbage-first heap   total 262144K, used 122162K [0x0000000701200000, 0x0000000800000000)
  region size 2048K, 59 young (120832K), 1 survivors (2048K)
 Metaspace       used 16748K, committed 16960K, reserved 1114112K
  class space    used 1924K, committed 1984K, reserved 1048576K

Heap Regions: E=young(eden), S=young(survivor), O=old, HS=humongous(starts), HC=humongous(continues), CS=collection set, F=free, TAMS=top-at-mark-start, PB=parsable bottom
|   0|0x0000000701200000, 0x0000000701400000, 0x0000000701400000|100%| O|  |TAMS 0x0000000701200000| PB 0x0000000701200000| Untracked 
|   1|0x0000000701400000, 0x000000070158d740, 0x0000000701600000| 77%| O|  |TAMS 0x0000000701400000| PB 0x0000000701400000| Untracked 
|   2|0x0000000701600000, 0x0000000701600000, 0x0000000701800000|  0%| F|  |TAMS 0x0000000701600000| PB 0x0000000701600000| Untracked 
|   3|0x0000000701800000, 0x0000000701800000, 0x0000000701a00000|  0%| F|  |TAMS 0x0000000701800000| PB 0x0000000701800000| Untracked 
|   4|0x0000000701a00000, 0x0000000701a00000, 0x0000000701c00000|  0%| F|  |TAMS 0x0000000701a00000| PB 0x0000000701a00000| Untracked 
|   5|0x0000000701c00000, 0x0000000701c00000, 0x0000000701e00000|  0%| F|  |TAMS 0x0000000701c00000| PB 0x0000000701c00000| Untracked 
|   6|0x0000000701e00000, 0x0000000701e00000, 0x0000000702000000|  0%| F|  |TAMS 0x0000000701e00000| PB 0x0000000701e00000| Untracked 
|   7|0x0000000702000000, 0x0000000702000000, 0x0000000702200000|  0%| F|  |TAMS 0x0000000702000000| PB 0x0000000702000000| Untracked 
|   8|0x0000000702200000, 0x0000000702200000, 0x0000000702400000|  0%| F|  |TAMS 0x0000000702200000| PB 0x0000000702200000| Untracked 
|   9|0x0000000702400000, 0x0000000702400000, 0x0000000702600000|  0%| F|  |TAMS 0x0000000702400000| PB 0x0000000702400000| Untracked 
|  10|0x0000000702600000, 0x0000000702600000, 0x0000000702800000|  0%| F|  |TAMS 0x0000000702600000| PB 0x0000000702600000| Untracked 
|  11|0x0000000702800000, 0x0000000702800000, 0x0000000702a00000|  0%| F|  |TAMS 0x0000000702800000| PB 0x0000000702800000| Untracked 
|  12|0x0000000702a00000, 0x0000000702a00000, 0x0000000702c00000|  0%| F|  |TAMS 0x0000000702a00000| PB 0x0000000702a00000| Untracked 
|  13|0x0000000702c00000, 0x0000000702c00000, 0x0000000702e00000|  0%| F|  |TAMS 0x0000000702c00000| PB 0x0000000702c00000| Untracked 
|  14|0x0000000702e00000, 0x0000000702e00000, 0x0000000703000000|  0%| F|  |TAMS 0x0000000702e00000| PB 0x0000000702e00000| Untracked 
|  15|0x0000000703000000, 0x0000000703000000, 0x0000000703200000|  0%| F|  |TAMS 0x0000000703000000| PB 0x0000000703000000| Untracked 
|  16|0x0000000703200000, 0x0000000703200000, 0x0000000703400000|  0%| F|  |TAMS 0x0000000703200000| PB 0x0000000703200000| Untracked 
|  17|0x0000000703400000, 0x0000000703400000, 0x0000000703600000|  0%| F|  |TAMS 0x0000000703400000| PB 0x0000000703400000| Untracked 
|  18|0x0000000703600000, 0x0000000703600000, 0x0000000703800000|  0%| F|  |TAMS 0x0000000703600000| PB 0x0000000703600000| Untracked 
|  19|0x0000000703800000, 0x0000000703800000, 0x0000000703a00000|  0%| F|  |TAMS 0x0000000703800000| PB 0x0000000703800000| Untracked 
|  20|0x0000000703a00000, 0x0000000703a00000, 0x0000000703c00000|  0%| F|  |TAMS 0x0000000703a00000| PB 0x0000000703a00000| Untracked 
|  21|0x0000000703c00000, 0x0000000703c00000, 0x0000000703e00000|  0%| F|  |TAMS 0x0000000703c00000| PB 0x0000000703c00000| Untracked 
|  22|0x0000000703e00000, 0x0000000703e00000, 0x0000000704000000|  0%| F|  |TAMS 0x0000000703e00000| PB 0x0000000703e00000| Untracked 
|  23|0x0000000704000000, 0x0000000704000000, 0x0000000704200000|  0%| F|  |TAMS 0x0000000704000000| PB 0x0000000704000000| Untracked 
|  24|0x0000000704200000, 0x0000000704200000, 0x0000000704400000|  0%| F|  |TAMS 0x0000000704200000| PB 0x0000000704200000| Untracked 
|  25|0x0000000704400000, 0x0000000704400000, 0x0000000704600000|  0%| F|  |TAMS 0x0000000704400000| PB 0x0000000704400000| Untracked 
|  26|0x0000000704600000, 0x0000000704600000, 0x0000000704800000|  0%| F|  |TAMS 0x0000000704600000| PB 0x0000000704600000| Untracked 
|  27|0x0000000704800000, 0x0000000704800000, 0x0000000704a00000|  0%| F|  |TAMS 0x0000000704800000| PB 0x0000000704800000| Untracked 
|  28|0x0000000704a00000, 0x0000000704a00000, 0x0000000704c00000|  0%| F|  |TAMS 0x0000000704a00000| PB 0x0000000704a00000| Untracked 
|  29|0x0000000704c00000, 0x0000000704c00000, 0x0000000704e00000|  0%| F|  |TAMS 0x0000000704c00000| PB 0x0000000704c00000| Untracked 
|  30|0x0000000704e00000, 0x0000000704e00000, 0x0000000705000000|  0%| F|  |TAMS 0x0000000704e00000| PB 0x0000000704e00000| Untracked 
|  31|0x0000000705000000, 0x0000000705000000, 0x0000000705200000|  0%| F|  |TAMS 0x0000000705000000| PB 0x0000000705000000| Untracked 
|  32|0x0000000705200000, 0x0000000705200000, 0x0000000705400000|  0%| F|  |TAMS 0x0000000705200000| PB 0x0000000705200000| Untracked 
|  33|0x0000000705400000, 0x0000000705400000, 0x0000000705600000|  0%| F|  |TAMS 0x0000000705400000| PB 0x0000000705400000| Untracked 
|  34|0x0000000705600000, 0x0000000705600000, 0x0000000705800000|  0%| F|  |TAMS 0x0000000705600000| PB 0x0000000705600000| Untracked 
|  35|0x0000000705800000, 0x0000000705800000, 0x0000000705a00000|  0%| F|  |TAMS 0x0000000705800000| PB 0x0000000705800000| Untracked 
|  36|0x0000000705a00000, 0x0000000705a00000, 0x0000000705c00000|  0%| F|  |TAMS 0x0000000705a00000| PB 0x0000000705a00000| Untracked 
|  37|0x0000000705c00000, 0x0000000705c00000, 0x0000000705e00000|  0%| F|  |TAMS 0x0000000705c00000| PB 0x0000000705c00000| Untracked 
|  38|0x0000000705e00000, 0x0000000705e00000, 0x0000000706000000|  0%| F|  |TAMS 0x0000000705e00000| PB 0x0000000705e00000| Untracked 
|  39|0x0000000706000000, 0x0000000706000000, 0x0000000706200000|  0%| F|  |TAMS 0x0000000706000000| PB 0x0000000706000000| Untracked 
|  40|0x0000000706200000, 0x0000000706200000, 0x0000000706400000|  0%| F|  |TAMS 0x0000000706200000| PB 0x0000000706200000| Untracked 
|  41|0x0000000706400000, 0x0000000706400000, 0x0000000706600000|  0%| F|  |TAMS 0x0000000706400000| PB 0x0000000706400000| Untracked 
|  42|0x0000000706600000, 0x0000000706600000, 0x0000000706800000|  0%| F|  |TAMS 0x0000000706600000| PB 0x0000000706600000| Untracked 
|  43|0x0000000706800000, 0x0000000706800000, 0x0000000706a00000|  0%| F|  |TAMS 0x0000000706800000| PB 0x0000000706800000| Untracked 
|  44|0x0000000706a00000, 0x0000000706a00000, 0x0000000706c00000|  0%| F|  |TAMS 0x0000000706a00000| PB 0x0000000706a00000| Untracked 
|  45|0x0000000706c00000, 0x0000000706c00000, 0x0000000706e00000|  0%| F|  |TAMS 0x0000000706c00000| PB 0x0000000706c00000| Untracked 
|  46|0x0000000706e00000, 0x0000000706e00000, 0x0000000707000000|  0%| F|  |TAMS 0x0000000706e00000| PB 0x0000000706e00000| Untracked 
|  47|0x0000000707000000, 0x0000000707000000, 0x0000000707200000|  0%| F|  |TAMS 0x0000000707000000| PB 0x0000000707000000| Untracked 
|  48|0x0000000707200000, 0x0000000707200000, 0x0000000707400000|  0%| F|  |TAMS 0x0000000707200000| PB 0x0000000707200000| Untracked 
|  49|0x0000000707400000, 0x0000000707400000, 0x0000000707600000|  0%| F|  |TAMS 0x0000000707400000| PB 0x0000000707400000| Untracked 
|  50|0x0000000707600000, 0x0000000707600000, 0x0000000707800000|  0%| F|  |TAMS 0x0000000707600000| PB 0x0000000707600000| Untracked 
|  51|0x0000000707800000, 0x0000000707800000, 0x0000000707a00000|  0%| F|  |TAMS 0x0000000707800000| PB 0x0000000707800000| Untracked 
|  52|0x0000000707a00000, 0x0000000707a00000, 0x0000000707c00000|  0%| F|  |TAMS 0x0000000707a00000| PB 0x0000000707a00000| Untracked 
|  53|0x0000000707c00000, 0x0000000707c00000, 0x0000000707e00000|  0%| F|  |TAMS 0x0000000707c00000| PB 0x0000000707c00000| Untracked 
|  54|0x0000000707e00000, 0x0000000707e00000, 0x0000000708000000|  0%| F|  |TAMS 0x0000000707e00000| PB 0x0000000707e00000| Untracked 
|  55|0x0000000708000000, 0x0000000708000000, 0x0000000708200000|  0%| F|  |TAMS 0x0000000708000000| PB 0x0000000708000000| Untracked 
|  56|0x0000000708200000, 0x0000000708200000, 0x0000000708400000|  0%| F|  |TAMS 0x0000000708200000| PB 0x0000000708200000| Untracked 
|  57|0x0000000708400000, 0x0000000708400000, 0x0000000708600000|  0%| F|  |TAMS 0x0000000708400000| PB 0x0000000708400000| Untracked 
|  58|0x0000000708600000, 0x0000000708600000, 0x0000000708800000|  0%| F|  |TAMS 0x0000000708600000| PB 0x0000000708600000| Untracked 
|  59|0x0000000708800000, 0x0000000708800000, 0x0000000708a00000|  0%| F|  |TAMS 0x0000000708800000| PB 0x0000000708800000| Untracked 
|  60|0x0000000708a00000, 0x0000000708a00000, 0x0000000708c00000|  0%| F|  |TAMS 0x0000000708a00000| PB 0x0000000708a00000| Untracked 
|  61|0x0000000708c00000, 0x0000000708c00000, 0x0000000708e00000|  0%| F|  |TAMS 0x0000000708c00000| PB 0x0000000708c00000| Untracked 
|  62|0x0000000708e00000, 0x0000000708e00000, 0x0000000709000000|  0%| F|  |TAMS 0x0000000708e00000| PB 0x0000000708e00000| Untracked 
|  63|0x0000000709000000, 0x0000000709000000, 0x0000000709200000|  0%| F|  |TAMS 0x0000000709000000| PB 0x0000000709000000| Untracked 
|  64|0x0000000709200000, 0x0000000709200000, 0x0000000709400000|  0%| F|  |TAMS 0x0000000709200000| PB 0x0000000709200000| Untracked 
|  65|0x0000000709400000, 0x0000000709400000, 0x0000000709600000|  0%| F|  |TAMS 0x0000000709400000| PB 0x0000000709400000| Untracked 
|  66|0x0000000709600000, 0x0000000709600000, 0x0000000709800000|  0%| F|  |TAMS 0x0000000709600000| PB 0x0000000709600000| Untracked 
|  67|0x0000000709800000, 0x0000000709800000, 0x0000000709a00000|  0%| F|  |TAMS 0x0000000709800000| PB 0x0000000709800000| Untracked 
|  68|0x0000000709a00000, 0x0000000709a00000, 0x0000000709c00000|  0%| F|  |TAMS 0x0000000709a00000| PB 0x0000000709a00000| Untracked 
|  69|0x0000000709c00000, 0x0000000709df4320, 0x0000000709e00000| 97%| E|  |TAMS 0x0000000709c00000| PB 0x0000000709c00000| Complete 
|  70|0x0000000709e00000, 0x000000070a000000, 0x000000070a000000|100%| E|CS|TAMS 0x0000000709e00000| PB 0x0000000709e00000| Complete 
|  71|0x000000070a000000, 0x000000070a200000, 0x000000070a200000|100%| E|CS|TAMS 0x000000070a000000| PB 0x000000070a000000| Complete 
|  72|0x000000070a200000, 0x000000070a400000, 0x000000070a400000|100%| E|CS|TAMS 0x000000070a200000| PB 0x000000070a200000| Complete 
|  73|0x000000070a400000, 0x000000070a600000, 0x000000070a600000|100%| E|CS|TAMS 0x000000070a400000| PB 0x000000070a400000| Complete 
|  74|0x000000070a600000, 0x000000070a800000, 0x000000070a800000|100%| E|CS|TAMS 0x000000070a600000| PB 0x000000070a600000| Complete 
|  75|0x000000070a800000, 0x000000070aa00000, 0x000000070aa00000|100%| E|CS|TAMS 0x000000070a800000| PB 0x000000070a800000| Complete 
|  76|0x000000070aa00000, 0x000000070ac00000, 0x000000070ac00000|100%| E|CS|TAMS 0x000000070aa00000| PB 0x000000070aa00000| Complete 
|  77|0x000000070ac00000, 0x000000070ae00000, 0x000000070ae00000|100%| E|CS|TAMS 0x000000070ac00000| PB 0x000000070ac00000| Complete 
|  78|0x000000070ae00000, 0x000000070b000000, 0x000000070b000000|100%| E|CS|TAMS 0x000000070ae00000| PB 0x000000070ae00000| Complete 
|  79|0x000000070b000000, 0x000000070b200000, 0x000000070b200000|100%| E|CS|TAMS 0x000000070b000000| PB 0x000000070b000000| Complete 
|  80|0x000000070b200000, 0x000000070b400000, 0x000000070b400000|100%| E|CS|TAMS 0x000000070b200000| PB 0x000000070b200000| Complete 
|  81|0x000000070b400000, 0x000000070b600000, 0x000000070b600000|100%| E|CS|TAMS 0x000000070b400000| PB 0x000000070b400000| Complete 
|  82|0x000000070b600000, 0x000000070b800000, 0x000000070b800000|100%| E|CS|TAMS 0x000000070b600000| PB 0x000000070b600000| Complete 
|  83|0x000000070b800000, 0x000000070ba00000, 0x000000070ba00000|100%| E|CS|TAMS 0x000000070b800000| PB 0x000000070b800000| Complete 
|  84|0x000000070ba00000, 0x000000070bc00000, 0x000000070bc00000|100%| E|CS|TAMS 0x000000070ba00000| PB 0x000000070ba00000| Complete 
|  85|0x000000070bc00000, 0x000000070be00000, 0x000000070be00000|100%| E|CS|TAMS 0x000000070bc00000| PB 0x000000070bc00000| Complete 
|  86|0x000000070be00000, 0x000000070c000000, 0x000000070c000000|100%| E|CS|TAMS 0x000000070be00000| PB 0x000000070be00000| Complete 
|  87|0x000000070c000000, 0x000000070c200000, 0x000000070c200000|100%| E|CS|TAMS 0x000000070c000000| PB 0x000000070c000000| Complete 
|  88|0x000000070c200000, 0x000000070c400000, 0x000000070c400000|100%| E|CS|TAMS 0x000000070c200000| PB 0x000000070c200000| Complete 
|  89|0x000000070c400000, 0x000000070c600000, 0x000000070c600000|100%| E|CS|TAMS 0x000000070c400000| PB 0x000000070c400000| Complete 
|  90|0x000000070c600000, 0x000000070c800000, 0x000000070c800000|100%| E|CS|TAMS 0x000000070c600000| PB 0x000000070c600000| Complete 
|  91|0x000000070c800000, 0x000000070ca00000, 0x000000070ca00000|100%| E|CS|TAMS 0x000000070c800000| PB 0x000000070c800000| Complete 
|  92|0x000000070ca00000, 0x000000070cc00000, 0x000000070cc00000|100%| E|CS|TAMS 0x000000070ca00000| PB 0x000000070ca00000| Complete 
|  93|0x000000070cc00000, 0x000000070ce00000, 0x000000070ce00000|100%| E|CS|TAMS 0x000000070cc00000| PB 0x000000070cc00000| Complete 
|  94|0x000000070ce00000, 0x000000070d000000, 0x000000070d000000|100%| E|CS|TAMS 0x000000070ce00000| PB 0x000000070ce00000| Complete 
|  95|0x000000070d000000, 0x000000070d200000, 0x000000070d200000|100%| E|CS|TAMS 0x000000070d000000| PB 0x000000070d000000| Complete 
|  96|0x000000070d200000, 0x000000070d400000, 0x000000070d400000|100%| E|CS|TAMS 0x000000070d200000| PB 0x000000070d200000| Complete 
|  97|0x000000070d400000, 0x000000070d600000, 0x000000070d600000|100%| E|CS|TAMS 0x000000070d400000| PB 0x000000070d400000| Complete 
|  98|0x000000070d600000, 0x000000070d800000, 0x000000070d800000|100%| E|CS|TAMS 0x000000070d600000| PB 0x000000070d600000| Complete 
|  99|0x000000070d800000, 0x000000070da00000, 0x000000070da00000|100%| E|CS|TAMS 0x000000070d800000| PB 0x000000070d800000| Complete 
| 100|0x000000070da00000, 0x000000070dc00000, 0x000000070dc00000|100%| E|CS|TAMS 0x000000070da00000| PB 0x000000070da00000| Complete 
| 101|0x000000070dc00000, 0x000000070de00000, 0x000000070de00000|100%| E|CS|TAMS 0x000000070dc00000| PB 0x000000070dc00000| Complete 
| 102|0x000000070de00000, 0x000000070e000000, 0x000000070e000000|100%| E|CS|TAMS 0x000000070de00000| PB 0x000000070de00000| Complete 
| 103|0x000000070e000000, 0x000000070e200000, 0x000000070e200000|100%| E|CS|TAMS 0x000000070e000000| PB 0x000000070e000000| Complete 
| 104|0x000000070e200000, 0x000000070e400000, 0x000000070e400000|100%| E|CS|TAMS 0x000000070e200000| PB 0x000000070e200000| Complete 
| 105|0x000000070e400000, 0x000000070e600000, 0x000000070e600000|100%| E|CS|TAMS 0x000000070e400000| PB 0x000000070e400000| Complete 
| 106|0x000000070e600000, 0x000000070e800000, 0x000000070e800000|100%| E|CS|TAMS 0x000000070e600000| PB 0x000000070e600000| Complete 
| 107|0x000000070e800000, 0x000000070ea00000, 0x000000070ea00000|100%| E|CS|TAMS 0x000000070e800000| PB 0x000000070e800000| Complete 
| 108|0x000000070ea00000, 0x000000070ec00000, 0x000000070ec00000|100%| E|CS|TAMS 0x000000070ea00000| PB 0x000000070ea00000| Complete 
| 109|0x000000070ec00000, 0x000000070edbf0c0, 0x000000070ee00000| 87%| S|CS|TAMS 0x000000070ec00000| PB 0x000000070ec00000| Complete 
| 110|0x000000070ee00000, 0x000000070f000000, 0x000000070f000000|100%| E|CS|TAMS 0x000000070ee00000| PB 0x000000070ee00000| Complete 
| 111|0x000000070f000000, 0x000000070f200000, 0x000000070f200000|100%| E|CS|TAMS 0x000000070f000000| PB 0x000000070f000000| Complete 
| 112|0x000000070f200000, 0x000000070f400000, 0x000000070f400000|100%| E|CS|TAMS 0x000000070f200000| PB 0x000000070f200000| Complete 
| 113|0x000000070f400000, 0x000000070f600000, 0x000000070f600000|100%| E|CS|TAMS 0x000000070f400000| PB 0x000000070f400000| Complete 
| 114|0x000000070f600000, 0x000000070f800000, 0x000000070f800000|100%| E|CS|TAMS 0x000000070f600000| PB 0x000000070f600000| Complete 
| 115|0x000000070f800000, 0x000000070fa00000, 0x000000070fa00000|100%| E|CS|TAMS 0x000000070f800000| PB 0x000000070f800000| Complete 
| 116|0x000000070fa00000, 0x000000070fc00000, 0x000000070fc00000|100%| E|CS|TAMS 0x000000070fa00000| PB 0x000000070fa00000| Complete 
| 117|0x000000070fc00000, 0x000000070fe00000, 0x000000070fe00000|100%| E|CS|TAMS 0x000000070fc00000| PB 0x000000070fc00000| Complete 
| 118|0x000000070fe00000, 0x0000000710000000, 0x0000000710000000|100%| E|CS|TAMS 0x000000070fe00000| PB 0x000000070fe00000| Complete 
| 119|0x0000000710000000, 0x0000000710200000, 0x0000000710200000|100%| E|CS|TAMS 0x0000000710000000| PB 0x0000000710000000| Complete 
| 120|0x0000000710200000, 0x0000000710400000, 0x0000000710400000|100%| E|CS|TAMS 0x0000000710200000| PB 0x0000000710200000| Complete 
| 121|0x0000000710400000, 0x0000000710600000, 0x0000000710600000|100%| E|CS|TAMS 0x0000000710400000| PB 0x0000000710400000| Complete 
| 122|0x0000000710600000, 0x0000000710800000, 0x0000000710800000|100%| E|CS|TAMS 0x0000000710600000| PB 0x0000000710600000| Complete 
| 123|0x0000000710800000, 0x0000000710a00000, 0x0000000710a00000|100%| E|CS|TAMS 0x0000000710800000| PB 0x0000000710800000| Complete 
| 124|0x0000000710a00000, 0x0000000710c00000, 0x0000000710c00000|100%| E|CS|TAMS 0x0000000710a00000| PB 0x0000000710a00000| Complete 
| 125|0x0000000710c00000, 0x0000000710e00000, 0x0000000710e00000|100%| E|CS|TAMS 0x0000000710c00000| PB 0x0000000710c00000| Complete 
| 126|0x0000000710e00000, 0x0000000711000000, 0x0000000711000000|100%| E|CS|TAMS 0x0000000710e00000| PB 0x0000000710e00000| Complete 
| 127|0x0000000711000000, 0x0000000711200000, 0x0000000711200000|100%| E|CS|TAMS 0x0000000711000000| PB 0x0000000711000000| Complete 

Card table byte_map: [0x000001cbcac50000,0x000001cbcb450000] _byte_map_base: 0x000001cbc7447000

Marking Bits: (CMBitMap*) 0x000001cbb28361a0
 Bits: [0x000001cbcb450000, 0x000001cbcf408000)

Polling page: 0x000001cbb03c0000

Metaspace:

Usage:
  Non-class:     14.48 MB used.
      Class:      1.88 MB used.
       Both:     16.36 MB used.

Virtual space:
  Non-class space:       64.00 MB reserved,      14.62 MB ( 23%) committed,  1 nodes.
      Class space:        1.00 GB reserved,       1.94 MB ( <1%) committed,  1 nodes.
             Both:        1.06 GB reserved,      16.56 MB (  2%) committed. 

Chunk freelists:
   Non-Class:  1.23 MB
       Class:  13.88 MB
        Both:  15.11 MB

MaxMetaspaceSize: unlimited
CompressedClassSpaceSize: 1.00 GB
Initial GC threshold: 21.00 MB
Current GC threshold: 21.00 MB
CDS: on
 - commit_granule_bytes: 65536.
 - commit_granule_words: 8192.
 - virtual_space_node_default_size: 8388608.
 - enlarge_chunks_in_place: 1.
 - use_allocation_guard: 0.


Internal statistics:

num_allocs_failed_limit: 0.
num_arena_births: 178.
num_arena_deaths: 0.
num_vsnodes_births: 2.
num_vsnodes_deaths: 0.
num_space_committed: 265.
num_space_uncommitted: 0.
num_chunks_returned_to_freelist: 0.
num_chunks_taken_from_freelist: 740.
num_chunk_merges: 0.
num_chunk_splits: 517.
num_chunks_enlarged: 417.
num_inconsistent_stats: 0.

CodeHeap 'non-profiled nmethods': size=120000Kb used=2540Kb max_used=2540Kb free=117459Kb
 bounds [0x000001cbc29d0000, 0x000001cbc2c50000, 0x000001cbc9f00000]
CodeHeap 'profiled nmethods': size=120000Kb used=9356Kb max_used=9356Kb free=110643Kb
 bounds [0x000001cbbaf00000, 0x000001cbbb830000, 0x000001cbc2430000]
CodeHeap 'non-nmethods': size=5760Kb used=1371Kb max_used=1430Kb free=4388Kb
 bounds [0x000001cbc2430000, 0x000001cbc26a0000, 0x000001cbc29d0000]
CodeCache: size=245760Kb, used=13267Kb, max_used=13326Kb, free=232490Kb
 total_blobs=5021, nmethods=4527, adapters=396, full_count=0
Compilation: enabled, stopped_count=0, restarted_count=0

Compilation events (20 events):
Event: 2.260 Thread 0x000001cbd2094f10 nmethod 4492 0x000001cbc2c3d890 code [0x000001cbc2c3da40, 0x000001cbc2c3dd68]
Event: 2.260 Thread 0x000001cbd2094f10 4486       4       java.util.IdentityHashMap::get (60 bytes)
Event: 2.260 Thread 0x000001cbd26667f0 nmethod 4491 0x000001cbc2c3df90 code [0x000001cbc2c3e140, 0x000001cbc2c3e468]
Event: 2.260 Thread 0x000001cbd26667f0 4493       4       org.eclipse.aether.util.graph.transformer.ConflictResolver::gatherConflictItems (111 bytes)
Event: 2.261 Thread 0x000001cbd2094f10 nmethod 4486 0x000001cbc2c3e690 code [0x000001cbc2c3e840, 0x000001cbc2c3ea78]
Event: 2.261 Thread 0x000001cbd2094f10 4503       4       java.util.IdentityHashMap::put (137 bytes)
Event: 2.267 Thread 0x000001cbd2094f10 nmethod 4503 0x000001cbc2c3ec10 code [0x000001cbc2c3ee00, 0x000001cbc2c3f570]
Event: 2.267 Thread 0x000001cbd2094f10 4478       4       java.util.IdentityHashMap::hash (18 bytes)
Event: 2.267 Thread 0x000001cbd2094f10 nmethod 4478 0x000001cbc2c3f910 code [0x000001cbc2c3faa0, 0x000001cbc2c3fb78]
Event: 2.268 Thread 0x000001cbd2094f10 4482       4       java.lang.Integer::hashCode (8 bytes)
Event: 2.268 Thread 0x000001cbd2094f10 nmethod 4482 0x000001cbc2c3fc10 code [0x000001cbc2c3fda0, 0x000001cbc2c3fe28]
Event: 2.268 Thread 0x000001cbd2094f10 4499       4       java.lang.Integer::equals (29 bytes)
Event: 2.269 Thread 0x000001cbd2094f10 nmethod 4499 0x000001cbc2c3ff10 code [0x000001cbc2c400a0, 0x000001cbc2c40170]
Event: 2.269 Thread 0x000001cbd2094f10 4519       4       java.util.Properties::loadConvert (540 bytes)
Event: 2.270 Thread 0x000001cbd20959b0 4520       3       jdk.internal.misc.Unsafe::checkNativeAddress (28 bytes)
Event: 2.270 Thread 0x000001cbd20959b0 nmethod 4520 0x000001cbbb81f210 code [0x000001cbbb81f3a0, 0x000001cbbb81f4b8]
Event: 2.276 Thread 0x000001cbd2094f10 nmethod 4519 0x000001cbc2c40210 code [0x000001cbc2c403e0, 0x000001cbc2c40e98]
Event: 2.276 Thread 0x000001cbd2094f10 4501       4       org.eclipse.aether.util.graph.transformer.ConflictResolver$State::push (457 bytes)
Event: 2.290 Thread 0x000001cbd20959b0 4522       3       org.apache.maven.ReactorReader::findArtifact (77 bytes)
Event: 2.290 Thread 0x000001cbd20959b0 nmethod 4522 0x000001cbbb81f590 code [0x000001cbbb81f7c0, 0x000001cbbb81fef0]

GC Heap History (4 events):
Event: 0.441 GC heap before
{Heap before GC invocations=0 (full 0):
 garbage-first heap   total 262144K, used 22528K [0x0000000701200000, 0x0000000800000000)
  region size 2048K, 11 young (22528K), 0 survivors (0K)
 Metaspace       used 5668K, committed 5824K, reserved 1114112K
  class space    used 671K, committed 768K, reserved 1048576K
}
Event: 0.444 GC heap after
{Heap after GC invocations=1 (full 0):
 garbage-first heap   total 262144K, used 3941K [0x0000000701200000, 0x0000000800000000)
  region size 2048K, 2 young (4096K), 2 survivors (4096K)
 Metaspace       used 5668K, committed 5824K, reserved 1114112K
  class space    used 671K, committed 768K, reserved 1048576K
}
Event: 0.850 GC heap before
{Heap before GC invocations=1 (full 0):
 garbage-first heap   total 262144K, used 36709K [0x0000000701200000, 0x0000000800000000)
  region size 2048K, 18 young (36864K), 2 survivors (4096K)
 Metaspace       used 10040K, committed 10176K, reserved 1114112K
  class space    used 1213K, committed 1280K, reserved 1048576K
}
Event: 0.854 GC heap after
{Heap after GC invocations=2 (full 0):
 garbage-first heap   total 262144K, used 5426K [0x0000000701200000, 0x0000000800000000)
  region size 2048K, 1 young (2048K), 1 survivors (2048K)
 Metaspace       used 10040K, committed 10176K, reserved 1114112K
  class space    used 1213K, committed 1280K, reserved 1048576K
}

Dll operation events (8 events):
Event: 0.005 Loaded shared library C:\Program Files\Microsoft\jdk-21.0.10.7-hotspot\bin\java.dll
Event: 0.027 Loaded shared library C:\Program Files\Microsoft\jdk-21.0.10.7-hotspot\bin\jsvml.dll
Event: 0.040 Loaded shared library C:\Program Files\Microsoft\jdk-21.0.10.7-hotspot\bin\net.dll
Event: 0.041 Loaded shared library C:\Program Files\Microsoft\jdk-21.0.10.7-hotspot\bin\nio.dll
Event: 0.044 Loaded shared library C:\Program Files\Microsoft\jdk-21.0.10.7-hotspot\bin\zip.dll
Event: 0.133 Loaded shared library C:\Program Files\Microsoft\jdk-21.0.10.7-hotspot\bin\jimage.dll
Event: 0.134 Loaded shared library C:\Users\jorge\.m2\wrapper\dists\apache-maven-3.9.9\977a63e90f436cd6ade95b4c0e10c20c\lib\jansi-native\Windows\x86_64\jansi.dll
Event: 0.145 Loaded shared library C:\Program Files\Microsoft\jdk-21.0.10.7-hotspot\bin\verify.dll

Deoptimization events (20 events):
Event: 2.200 Thread 0x000001cbb040f190 Uncommon trap: trap_request=0xffffffd6 fr.pc=0x000001cbc2c2c39c relative=0x00000000000004dc
Event: 2.200 Thread 0x000001cbb040f190 Uncommon trap: reason=array_check action=maybe_recompile pc=0x000001cbc2c2c39c method=java.util.HashMap.keysToArray([Ljava/lang/Object;)[Ljava/lang/Object; @ 62 c2
Event: 2.200 Thread 0x000001cbb040f190 DEOPT PACKING pc=0x000001cbc2c2c39c sp=0x0000003abdcfc3b0
Event: 2.200 Thread 0x000001cbb040f190 DEOPT UNPACKING pc=0x000001cbc2484422 sp=0x0000003abdcfc348 mode 2
Event: 2.200 Thread 0x000001cbb040f190 Uncommon trap: trap_request=0xffffffd6 fr.pc=0x000001cbc2c2c39c relative=0x00000000000004dc
Event: 2.200 Thread 0x000001cbb040f190 Uncommon trap: reason=array_check action=maybe_recompile pc=0x000001cbc2c2c39c method=java.util.HashMap.keysToArray([Ljava/lang/Object;)[Ljava/lang/Object; @ 62 c2
Event: 2.200 Thread 0x000001cbb040f190 DEOPT PACKING pc=0x000001cbc2c2c39c sp=0x0000003abdcfc3b0
Event: 2.200 Thread 0x000001cbb040f190 DEOPT UNPACKING pc=0x000001cbc2484422 sp=0x0000003abdcfc348 mode 2
Event: 2.244 Thread 0x000001cbb040f190 Uncommon trap: trap_request=0xffffff45 fr.pc=0x000001cbc2be683c relative=0x000000000000027c
Event: 2.244 Thread 0x000001cbb040f190 Uncommon trap: reason=unstable_if action=reinterpret pc=0x000001cbc2be683c method=java.util.HashMap.hash(Ljava/lang/Object;)I @ 1 c2
Event: 2.244 Thread 0x000001cbb040f190 DEOPT PACKING pc=0x000001cbc2be683c sp=0x0000003abdcfda50
Event: 2.244 Thread 0x000001cbb040f190 DEOPT UNPACKING pc=0x000001cbc2484422 sp=0x0000003abdcfd8e8 mode 2
Event: 2.244 Thread 0x000001cbb040f190 Uncommon trap: trap_request=0xffffff45 fr.pc=0x000001cbc2bdb1ac relative=0x000000000000026c
Event: 2.244 Thread 0x000001cbb040f190 Uncommon trap: reason=unstable_if action=reinterpret pc=0x000001cbc2bdb1ac method=java.util.HashMap.hash(Ljava/lang/Object;)I @ 1 c2
Event: 2.244 Thread 0x000001cbb040f190 DEOPT PACKING pc=0x000001cbc2bdb1ac sp=0x0000003abdcfd9e0
Event: 2.244 Thread 0x000001cbb040f190 DEOPT UNPACKING pc=0x000001cbc2484422 sp=0x0000003abdcfd8e8 mode 2
Event: 2.245 Thread 0x000001cbb040f190 Uncommon trap: trap_request=0xffffff45 fr.pc=0x000001cbc2a77bd4 relative=0x00000000000000b4
Event: 2.245 Thread 0x000001cbb040f190 Uncommon trap: reason=unstable_if action=reinterpret pc=0x000001cbc2a77bd4 method=java.util.HashMap.hash(Ljava/lang/Object;)I @ 1 c2
Event: 2.245 Thread 0x000001cbb040f190 DEOPT PACKING pc=0x000001cbc2a77bd4 sp=0x0000003abdcfd950
Event: 2.245 Thread 0x000001cbb040f190 DEOPT UNPACKING pc=0x000001cbc2484422 sp=0x0000003abdcfd8e8 mode 2

Classes loaded (20 events):
Event: 1.285 Loading class java/util/stream/IntPipeline$Head
Event: 1.285 Loading class java/util/stream/IntPipeline
Event: 1.285 Loading class java/util/stream/IntPipeline done
Event: 1.285 Loading class java/util/stream/IntPipeline$Head done
Event: 1.288 Loading class java/util/StringTokenizer
Event: 1.288 Loading class java/util/StringTokenizer done
Event: 1.331 Loading class java/util/stream/Streams$RangeIntSpliterator
Event: 1.331 Loading class java/util/stream/Streams$RangeIntSpliterator done
Event: 1.534 Loading class java/util/stream/MatchOps$MatchKind
Event: 1.534 Loading class java/util/stream/MatchOps$MatchKind done
Event: 1.534 Loading class java/util/stream/MatchOps
Event: 1.534 Loading class java/util/stream/MatchOps done
Event: 1.534 Loading class java/util/stream/MatchOps$MatchOp
Event: 1.534 Loading class java/util/stream/MatchOps$MatchOp done
Event: 1.534 Loading class java/util/stream/MatchOps$BooleanTerminalSink
Event: 1.534 Loading class java/util/stream/MatchOps$BooleanTerminalSink done
Event: 1.535 Loading class java/util/stream/MatchOps$1MatchSink
Event: 1.535 Loading class java/util/stream/MatchOps$1MatchSink done
Event: 2.043 Loading class sun/nio/cs/ISO_8859_1$Decoder
Event: 2.043 Loading class sun/nio/cs/ISO_8859_1$Decoder done

Classes unloaded (0 events):
No events

Classes redefined (0 events):
No events

Internal exceptions (20 events):
Event: 0.924 Thread 0x000001cbb040f190 Exception <a 'java/lang/NoSuchMethodError'{0x0000000710c99f40}: 'java.lang.Object java.lang.invoke.DirectMethodHandle$Holder.invokeSpecial(java.lang.Object, java.lang.Object, java.lang.Object, java.lang.Object, long)'> (0x0000000710c99f40) 
thrown [s\src\hotspot\share\interpreter\linkResolver.cpp, line 773]
Event: 0.925 Thread 0x000001cbb040f190 Exception <a 'java/lang/NoSuchMethodError'{0x0000000710ca5d40}: 'java.lang.Object java.lang.invoke.DirectMethodHandle$Holder.invokeSpecial(java.lang.Object, java.lang.Object, java.lang.Object, int, java.lang.Object)'> (0x0000000710ca5d40) 
thrown [s\src\hotspot\share\interpreter\linkResolver.cpp, line 773]
Event: 0.926 Thread 0x000001cbb040f190 Exception <a 'java/lang/NoSuchMethodError'{0x0000000710cae090}: 'int java.lang.invoke.DirectMethodHandle$Holder.invokeSpecial(java.lang.Object, java.lang.Object, java.lang.Object, int)'> (0x0000000710cae090) 
thrown [s\src\hotspot\share\interpreter\linkResolver.cpp, line 773]
Event: 0.928 Thread 0x000001cbb040f190 Implicit null exception at 0x000001cbc2a5d360 to 0x000001cbc2a5d578
Event: 0.930 Thread 0x000001cbb040f190 Exception <a 'java/lang/NoSuchMethodError'{0x0000000710cd32d8}: 'java.lang.Object java.lang.invoke.Invokers$Holder.invokeExact_MT(java.lang.Object, int, java.lang.Object)'> (0x0000000710cd32d8) 
thrown [s\src\hotspot\share\interpreter\linkResolver.cpp, line 773]
Event: 1.071 Thread 0x000001cbb040f190 Exception <a 'java/lang/NoSuchMethodError'{0x00000007104d0e58}: 'void java.lang.invoke.Invokers$Holder.invokeExact_MT(java.lang.Object, java.lang.Object, java.lang.Object, java.lang.Object)'> (0x00000007104d0e58) 
thrown [s\src\hotspot\share\interpreter\linkResolver.cpp, line 773]
Event: 1.084 Thread 0x000001cbb040f190 Exception <a 'java/lang/NoClassDefFoundError'{0x000000071055eaa8}: com/google/inject/servlet/ServletModuleTargetVisitor> (0x000000071055eaa8) 
thrown [s\src\hotspot\share\classfile\systemDictionary.cpp, line 301]
Event: 1.123 Thread 0x000001cbb040f190 Exception <a 'java/lang/NoSuchMethodError'{0x0000000710326148}: 'void java.lang.invoke.DirectMethodHandle$Holder.invokeVirtual(java.lang.Object, java.lang.Object)'> (0x0000000710326148) 
thrown [s\src\hotspot\share\interpreter\linkResolver.cpp, line 773]
Event: 1.143 Thread 0x000001cbb040f190 Exception <a 'java/lang/NoSuchMethodError'{0x00000007103a66e0}: 'java.lang.Object java.lang.invoke.DirectMethodHandle$Holder.invokeStaticInit(java.lang.Object, int, int, int, int)'> (0x00000007103a66e0) 
thrown [s\src\hotspot\share\interpreter\linkResolver.cpp, line 773]
Event: 1.224 Thread 0x000001cbb040f190 Implicit null exception at 0x000001cbc2a00924 to 0x000001cbc2a00fbc
Event: 1.224 Thread 0x000001cbb040f190 Implicit null exception at 0x000001cbc2a174a0 to 0x000001cbc2a17b3c
Event: 1.246 Thread 0x000001cbb040f190 Exception <a 'java/lang/NoSuchMethodError'{0x000000070fcd65c0}: 'void java.lang.invoke.DirectMethodHandle$Holder.invokeSpecial(java.lang.Object, java.lang.Object, java.lang.Object, java.lang.Object, java.lang.Object)'> (0x000000070fcd65c0) 
thrown [s\src\hotspot\share\interpreter\linkResolver.cpp, line 773]
Event: 1.248 Thread 0x000001cbb040f190 Exception <a 'java/lang/NoSuchMethodError'{0x000000070fcf0f68}: 'void java.lang.invoke.DirectMethodHandle$Holder.invokeSpecial(java.lang.Object, java.lang.Object, java.lang.Object, java.lang.Object, java.lang.Object, java.lang.Object)'> (0x000000070fcf0f68) 
thrown [s\src\hotspot\share\interpreter\linkResolver.cpp, line 773]
Event: 1.259 Thread 0x000001cbb040f190 Exception <a 'java/lang/NoSuchMethodError'{0x000000070fde7630}: 'java.lang.Object java.lang.invoke.DirectMethodHandle$Holder.invokeVirtual(java.lang.Object, java.lang.Object, java.lang.Object)'> (0x000000070fde7630) 
thrown [s\src\hotspot\share\interpreter\linkResolver.cpp, line 773]
Event: 1.293 Thread 0x000001cbb040f190 Exception <a 'java/lang/NoSuchMethodError'{0x000000070fbc7d18}: 'void java.lang.invoke.DirectMethodHandle$Holder.invokeVirtual(java.lang.Object, java.lang.Object, int)'> (0x000000070fbc7d18) 
thrown [s\src\hotspot\share\interpreter\linkResolver.cpp, line 773]
Event: 1.293 Thread 0x000001cbb040f190 Exception <a 'java/lang/NoSuchMethodError'{0x000000070fbcbb28}: 'void java.lang.invoke.DirectMethodHandle$Holder.invokeSpecial(java.lang.Object, java.lang.Object, java.lang.Object, int)'> (0x000000070fbcbb28) 
thrown [s\src\hotspot\share\interpreter\linkResolver.cpp, line 773]
Event: 1.293 Thread 0x000001cbb040f190 Exception <a 'java/lang/NoSuchMethodError'{0x000000070fbcf208}: 'void java.lang.invoke.DelegatingMethodHandle$Holder.reinvoke_L(java.lang.Object, java.lang.Object, int)'> (0x000000070fbcf208) 
thrown [s\src\hotspot\share\interpreter\linkResolver.cpp, line 773]
Event: 2.244 Thread 0x000001cbb040f190 Implicit null exception at 0x000001cbc2be6620 to 0x000001cbc2be6820
Event: 2.244 Thread 0x000001cbb040f190 Implicit null exception at 0x000001cbc2bdafa0 to 0x000001cbc2bdb190
Event: 2.245 Thread 0x000001cbb040f190 Implicit null exception at 0x000001cbc2a77b40 to 0x000001cbc2a77bc5

ZGC Phase Switch (0 events):
No events

VM Operations (20 events):
Event: 1.068 Executing non-safepoint VM operation: HandshakeAllThreads (Deoptimize)
Event: 1.068 Executing non-safepoint VM operation: HandshakeAllThreads (Deoptimize) done
Event: 1.130 Executing non-safepoint VM operation: HandshakeAllThreads (Deoptimize)
Event: 1.130 Executing non-safepoint VM operation: HandshakeAllThreads (Deoptimize) done
Event: 1.152 Executing non-safepoint VM operation: HandshakeAllThreads (Deoptimize)
Event: 1.152 Executing non-safepoint VM operation: HandshakeAllThreads (Deoptimize) done
Event: 1.173 Executing non-safepoint VM operation: HandshakeAllThreads (Deoptimize)
Event: 1.173 Executing non-safepoint VM operation: HandshakeAllThreads (Deoptimize) done
Event: 1.202 Executing non-safepoint VM operation: HandshakeAllThreads (Deoptimize)
Event: 1.202 Executing non-safepoint VM operation: HandshakeAllThreads (Deoptimize) done
Event: 1.274 Executing safepoint VM operation: ICBufferFull
Event: 1.274 Executing safepoint VM operation: ICBufferFull done
Event: 1.479 Executing safepoint VM operation: ICBufferFull
Event: 1.479 Executing safepoint VM operation: ICBufferFull done
Event: 1.714 Executing safepoint VM operation: ICBufferFull
Event: 1.714 Executing safepoint VM operation: ICBufferFull done
Event: 1.939 Executing safepoint VM operation: ICBufferFull
Event: 1.939 Executing safepoint VM operation: ICBufferFull done
Event: 2.195 Executing safepoint VM operation: ICBufferFull
Event: 2.195 Executing safepoint VM operation: ICBufferFull done

Memory protections (0 events):
No events

Nmethod flushes (0 events):
No events

Events (16 events):
Event: 0.016 Thread 0x000001cbb040f190 Thread added: 0x000001cbb040f190
Event: 0.025 Thread 0x000001cbb040f190 Thread added: 0x000001cbd208bf30
Event: 0.025 Thread 0x000001cbb040f190 Thread added: 0x000001cbd208de60
Event: 0.026 Thread 0x000001cbb040f190 Thread added: 0x000001cbd208ed80
Event: 0.026 Thread 0x000001cbb040f190 Thread added: 0x000001cbd2092960
Event: 0.026 Thread 0x000001cbb040f190 Thread added: 0x000001cbd20933c0
Event: 0.026 Thread 0x000001cbb040f190 Thread added: 0x000001cbd2094180
Event: 0.026 Thread 0x000001cbb040f190 Thread added: 0x000001cbd2094f10
Event: 0.026 Thread 0x000001cbb040f190 Thread added: 0x000001cbd20959b0
Event: 0.036 Thread 0x000001cbb040f190 Thread added: 0x000001cbd2244500
Event: 0.038 Thread 0x000001cbb040f190 Thread added: 0x000001cbd2247960
Event: 0.132 Thread 0x000001cbb040f190 Thread added: 0x000001cbd23db340
Event: 0.149 Thread 0x000001cbd23db340 Thread exited: 0x000001cbd23db340
Event: 0.252 Thread 0x000001cbd2094f10 Thread added: 0x000001cbd26667f0
Event: 0.429 Thread 0x000001cbd20959b0 Thread added: 0x000001cc18030310
Event: 1.183 Thread 0x000001cbb040f190 Thread added: 0x000001cc1810af20


Dynamic libraries:
0x00007ff6c5f10000 - 0x00007ff6c5f1e000 	C:\Program Files\Microsoft\jdk-21.0.10.7-hotspot\bin\java.exe
0x00007ffbe5510000 - 0x00007ffbe5708000 	C:\WINDOWS\SYSTEM32\ntdll.dll
0x00007ffbe4a80000 - 0x00007ffbe4b42000 	C:\WINDOWS\System32\KERNEL32.DLL
0x00007ffbe3160000 - 0x00007ffbe3456000 	C:\WINDOWS\System32\KERNELBASE.dll
0x00007ffbe2e50000 - 0x00007ffbe2f50000 	C:\WINDOWS\System32\ucrtbase.dll
0x00007ffbc88d0000 - 0x00007ffbc88e8000 	C:\Program Files\Microsoft\jdk-21.0.10.7-hotspot\bin\jli.dll
0x00007ffbc78d0000 - 0x00007ffbc78ee000 	C:\Program Files\Microsoft\jdk-21.0.10.7-hotspot\bin\VCRUNTIME140.dll
0x00007ffbe36f0000 - 0x00007ffbe3891000 	C:\WINDOWS\System32\USER32.dll
0x00007ffbca5f0000 - 0x00007ffbca88b000 	C:\WINDOWS\WinSxS\amd64_microsoft.windows.common-controls_6595b64144ccf1df_6.0.19041.6456_none_60b8a6cb71f64256\COMCTL32.dll
0x00007ffbe2ff0000 - 0x00007ffbe3012000 	C:\WINDOWS\System32\win32u.dll
0x00007ffbe5430000 - 0x00007ffbe54ce000 	C:\WINDOWS\System32\msvcrt.dll
0x00007ffbe4050000 - 0x00007ffbe407b000 	C:\WINDOWS\System32\GDI32.dll
0x00007ffbe2bd0000 - 0x00007ffbe2ce9000 	C:\WINDOWS\System32\gdi32full.dll
0x00007ffbe2f50000 - 0x00007ffbe2fed000 	C:\WINDOWS\System32\msvcp_win.dll
0x00007ffbe4b50000 - 0x00007ffbe4b7f000 	C:\WINDOWS\System32\IMM32.DLL
0x00007ffbc8a60000 - 0x00007ffbc8a6c000 	C:\Program Files\Microsoft\jdk-21.0.10.7-hotspot\bin\vcruntime140_1.dll
0x00007ffbc7820000 - 0x00007ffbc78a9000 	C:\Program Files\Microsoft\jdk-21.0.10.7-hotspot\bin\msvcp140.dll
0x00007ffb9b790000 - 0x00007ffb9c53d000 	C:\Program Files\Microsoft\jdk-21.0.10.7-hotspot\bin\server\jvm.dll
0x00007ffbe4f00000 - 0x00007ffbe4fb1000 	C:\WINDOWS\System32\ADVAPI32.dll
0x00007ffbe4bf0000 - 0x00007ffbe4c8f000 	C:\WINDOWS\System32\sechost.dll
0x00007ffbe4de0000 - 0x00007ffbe4f00000 	C:\WINDOWS\System32\RPCRT4.dll
0x00007ffbe2ba0000 - 0x00007ffbe2bc7000 	C:\WINDOWS\System32\bcrypt.dll
0x00007ffbe4230000 - 0x00007ffbe429b000 	C:\WINDOWS\System32\WS2_32.dll
0x00007ffbe2090000 - 0x00007ffbe20db000 	C:\WINDOWS\SYSTEM32\POWRPROF.dll
0x00007ffbd1c10000 - 0x00007ffbd1c37000 	C:\WINDOWS\SYSTEM32\WINMM.dll
0x00007ffbdba70000 - 0x00007ffbdba7a000 	C:\WINDOWS\SYSTEM32\VERSION.dll
0x00007ffbe1f60000 - 0x00007ffbe1f72000 	C:\WINDOWS\SYSTEM32\UMPDC.dll
0x00007ffbe09f0000 - 0x00007ffbe0a02000 	C:\WINDOWS\SYSTEM32\kernel.appcore.dll
0x00007ffbc8690000 - 0x00007ffbc869a000 	C:\Program Files\Microsoft\jdk-21.0.10.7-hotspot\bin\jimage.dll
0x00007ffbd12b0000 - 0x00007ffbd14b1000 	C:\WINDOWS\SYSTEM32\DBGHELP.DLL
0x00007ffbc2710000 - 0x00007ffbc2744000 	C:\WINDOWS\SYSTEM32\dbgcore.DLL
0x00007ffbe3020000 - 0x00007ffbe30a2000 	C:\WINDOWS\System32\bcryptPrimitives.dll
0x00007ffbc77c0000 - 0x00007ffbc77e1000 	C:\Program Files\Microsoft\jdk-21.0.10.7-hotspot\bin\java.dll
0x00007ffbe4310000 - 0x00007ffbe4a80000 	C:\WINDOWS\System32\SHELL32.dll
0x00007ffbe0bf0000 - 0x00007ffbe1395000 	C:\WINDOWS\SYSTEM32\windows.storage.dll
0x00007ffbe5070000 - 0x00007ffbe53c4000 	C:\WINDOWS\System32\combase.dll
0x00007ffbe24f0000 - 0x00007ffbe251b000 	C:\WINDOWS\SYSTEM32\Wldp.dll
0x00007ffbe3f20000 - 0x00007ffbe3fed000 	C:\WINDOWS\System32\OLEAUT32.dll
0x00007ffbe4c90000 - 0x00007ffbe4d3d000 	C:\WINDOWS\System32\SHCORE.dll
0x00007ffbe53d0000 - 0x00007ffbe542b000 	C:\WINDOWS\System32\shlwapi.dll
0x00007ffbe2ad0000 - 0x00007ffbe2af4000 	C:\WINDOWS\SYSTEM32\profapi.dll
0x00007ffbaa1a0000 - 0x00007ffbaa276000 	C:\Program Files\Microsoft\jdk-21.0.10.7-hotspot\bin\jsvml.dll
0x00007ffbc7800000 - 0x00007ffbc7811000 	C:\Program Files\Microsoft\jdk-21.0.10.7-hotspot\bin\net.dll
0x00007ffbdbce0000 - 0x00007ffbdbdea000 	C:\WINDOWS\SYSTEM32\WINHTTP.dll
0x00007ffbe22d0000 - 0x00007ffbe233a000 	C:\WINDOWS\system32\mswsock.dll
0x00007ffbc7780000 - 0x00007ffbc7796000 	C:\Program Files\Microsoft\jdk-21.0.10.7-hotspot\bin\nio.dll
0x00007ffbc7760000 - 0x00007ffbc7778000 	C:\Program Files\Microsoft\jdk-21.0.10.7-hotspot\bin\zip.dll
0x00007ffbc7710000 - 0x00007ffbc7734000 	C:\Users\jorge\.m2\wrapper\dists\apache-maven-3.9.9\977a63e90f436cd6ade95b4c0e10c20c\lib\jansi-native\Windows\x86_64\jansi.dll
0x00007ffbc7750000 - 0x00007ffbc7760000 	C:\Program Files\Microsoft\jdk-21.0.10.7-hotspot\bin\verify.dll

JVMTI agents: none

dbghelp: loaded successfully - version: 4.0.5 - missing functions: none
symbol engine: initialized successfully - sym options: 0x614 - pdb path: .;C:\Program Files\Microsoft\jdk-21.0.10.7-hotspot\bin;C:\WINDOWS\SYSTEM32;C:\WINDOWS\WinSxS\amd64_microsoft.windows.common-controls_6595b64144ccf1df_6.0.19041.6456_none_60b8a6cb71f64256;C:\Program Files\Microsoft\jdk-21.0.10.7-hotspot\bin\server;C:\Users\jorge\.m2\wrapper\dists\apache-maven-3.9.9\977a63e90f436cd6ade95b4c0e10c20c\lib\jansi-native\Windows\x86_64

VM Arguments:
jvm_args: -Dclassworlds.conf=C:\Users\jorge\.m2\wrapper\dists\apache-maven-3.9.9\977a63e90f436cd6ade95b4c0e10c20c\bin\m2.conf -Dmaven.home=C:\Users\jorge\.m2\wrapper\dists\apache-maven-3.9.9\977a63e90f436cd6ade95b4c0e10c20c -Dlibrary.jansi.path=C:\Users\jorge\.m2\wrapper\dists\apache-maven-3.9.9\977a63e90f436cd6ade95b4c0e10c20c\lib\jansi-native -Dmaven.multiModuleProjectDirectory=C:\Users\jorge\OneDrive\Desktop\Backend II\minimarket 
java_command: org.codehaus.plexus.classworlds.launcher.Launcher clean test
java_class_path (initial): C:\Users\jorge\.m2\wrapper\dists\apache-maven-3.9.9\977a63e90f436cd6ade95b4c0e10c20c\boot\plexus-classworlds-2.8.0.jar
Launcher Type: SUN_STANDARD

[Global flags]
     intx CICompilerCount                          = 4                                         {product} {ergonomic}
     uint ConcGCThreads                            = 3                                         {product} {ergonomic}
     uint G1ConcRefinementThreads                  = 10                                        {product} {ergonomic}
   size_t G1HeapRegionSize                         = 2097152                                   {product} {ergonomic}
    uintx GCDrainStackTargetSize                   = 64                                        {product} {ergonomic}
   size_t InitialHeapSize                          = 268435456                                 {product} {ergonomic}
   size_t MarkStackSize                            = 4194304                                   {product} {ergonomic}
   size_t MaxHeapSize                              = 4276092928                                {product} {ergonomic}
   size_t MaxNewSize                               = 2564816896                                {product} {ergonomic}
   size_t MinHeapDeltaBytes                        = 2097152                                   {product} {ergonomic}
   size_t MinHeapSize                              = 8388608                                   {product} {ergonomic}
    uintx NonNMethodCodeHeapSize                   = 5839372                                {pd product} {ergonomic}
    uintx NonProfiledCodeHeapSize                  = 122909434                              {pd product} {ergonomic}
    uintx ProfiledCodeHeapSize                     = 122909434                              {pd product} {ergonomic}
    uintx ReservedCodeCacheSize                    = 251658240                              {pd product} {ergonomic}
     bool SegmentedCodeCache                       = true                                      {product} {ergonomic}
   size_t SoftMaxHeapSize                          = 4276092928                             {manageable} {ergonomic}
     bool UseCompressedOops                        = true                           {product lp64_product} {ergonomic}
     bool UseG1GC                                  = true                                      {product} {ergonomic}
     bool UseLargePagesIndividualAllocation        = false                                  {pd product} {ergonomic}

Logging:
Log output configuration:
 #0: stdout all=warning uptime,level,tags foldmultilines=false
 #1: stderr all=off uptime,level,tags foldmultilines=false

Release file:
IMPLEMENTOR="Microsoft" 
IMPLEMENTOR_VERSION="Microsoft-13106404" 
JAVA_RUNTIME_VERSION="21.0.10+7-LTS" 
JAVA_VERSION="21.0.10" 
JAVA_VERSION_DATE="2026-01-20" 
LIBC="default" 
MODULES="java.base java.compiler java.datatransfer java.xml java.prefs java.desktop java.instrument java.logging java.management java.security.sasl java.naming java.rmi java.management.rmi java.net.http java.scripting java.security.jgss java.transaction.xa java.sql java.sql.rowset java.xml.crypto java.se java.smartcardio jdk.accessibility jdk.internal.jvmstat jdk.attach jdk.charsets jdk.internal.opt jdk.zipfs jdk.compiler jdk.crypto.ec jdk.crypto.cryptoki jdk.crypto.mscapi jdk.dynalink jdk.internal.ed jdk.editpad jdk.hotspot.agent jdk.httpserver jdk.incubator.vector jdk.internal.le jdk.internal.vm.ci jdk.internal.vm.compiler jdk.internal.vm.compiler.management jdk.jartool jdk.javadoc jdk.jcmd jdk.management jdk.management.agent jdk.jconsole jdk.jdeps jdk.jdwp.agent jdk.jdi jdk.jfr jdk.jlink jdk.jpackage jdk.jshell jdk.jsobject jdk.jstatd jdk.localedata jdk.management.jfr jdk.naming.dns jdk.naming.rmi jdk.net jdk.nio.mapmode jdk.random jdk.sctp jdk.security.auth jdk.security.jgss jdk.unsupported jdk.unsupported.desktop jdk.xml.dom" 
OS_ARCH="x86_64" 
OS_NAME="Windows" 
SOURCE=".:git:e69b6ef7382e" 

Environment Variables:
JAVA_HOME=C:\Program Files\Microsoft\jdk-21.0.10.7-hotspot\
PATH=C:\Program Files\Microsoft\jdk-21.0.10.7-hotspot\bin;C:\Program Files\Common Files\Oracle\Java\javapath;C:\app\jorge\product\21c\dbhomeXE\bin;C:\WINDOWS\system32;C:\WINDOWS;C:\WINDOWS\System32\Wbem;C:\WINDOWS\System32\WindowsPowerShell\v1.0\;C:\WINDOWS\System32\OpenSSH\;C:\Program Files\NVIDIA Corporation\NVIDIA App\NvDLISR;C:\Program Files (x86)\NVIDIA Corporation\PhysX\Common;C:\Program Files\nodejs\;C:\Program Files\Docker\Docker\resources\bin;C:\Program Files\Git\cmd;C:\Program Files\dotnet\;C:\Users\jorge\scoop\apps\maven\current\bin;C:\Users\jorge\scoop\shims;C:\Program Files\MySQL\MySQL Shell 8.0\bin\;C:\Users\jorge\AppData\Local\Programs\Python\Launcher\;C:\Users\jorge\AppData\Local\Microsoft\WindowsApps;C:\Users\jorge\AppData\Local\Programs\Microsoft VS Code\bin;C:\Program Files\JetBrains\PyCharm Community Edition 2025.1.1.1\bin;;C:\Users\jorge\AppData\Roaming\npm;C:\Users\jorge\.dotnet\tools
USERNAME=jorge
OS=Windows_NT
PROCESSOR_IDENTIFIER=Intel64 Family 6 Model 165 Stepping 5, GenuineIntel
TMP=C:\Users\jorge\AppData\Local\Temp
TEMP=C:\Users\jorge\AppData\Local\Temp




Periodic native trim disabled

---------------  S Y S T E M  ---------------

OS:
 Windows 10 , 64 bit Build 19041 (10.0.19041.5915)
OS uptime: 0 days 23:11 hours
Hyper-V role detected

CPU: total 12 (initial active 12) (6 cores per cpu, 2 threads per core) family 6 model 165 stepping 5 microcode 0xca, cx8, cmov, fxsr, ht, mmx, 3dnowpref, sse, sse2, sse3, ssse3, sse4.1, sse4.2, popcnt, lzcnt, tsc, tscinvbit, avx, avx2, aes, erms, clmul, bmi1, bmi2, adx, fma, vzeroupper, clflush, clflushopt, hv, rdtscp, f16c
Processor Information for the first 12 processors :
  Max Mhz: 4104, Current Mhz: 3803, Mhz Limit: 4104

Memory: 4k page, system-wide physical 16310M (5089M free)
TotalPageFile size 27574M (AvailPageFile size 10790M)
current process WorkingSet (physical memory assigned to process): 219M, peak: 225M
current process commit charge ("private bytes"): 401M, peak: 408M

vm_info: OpenJDK 64-Bit Server VM (21.0.10+7-LTS) for windows-amd64 JRE (21.0.10+7-LTS), built on 2026-01-15T18:39:42Z by "MicrosoftCorporation" with MS VC++ 17.14 (VS2022)

END.
