#
# A fatal error has been detected by the Java Runtime Environment:
#
#  EXCEPTION_ACCESS_VIOLATION (0xc0000005) at pc=0x00007ffb56fbc48c, pid=15352, tid=15704
#
# JRE version: OpenJDK Runtime Environment Microsoft-13106358 (17.0.18+8) (build 17.0.18+8-LTS)
# Java VM: OpenJDK 64-Bit Server VM Microsoft-13106358 (17.0.18+8-LTS, mixed mode, sharing, tiered, compressed oops, compressed class ptrs, g1 gc, windows-amd64)
# Problematic frame:
# V  [jvm.dll+0xc48c]
#
# No core dump will be written. Minidumps are not enabled by default on client versions of Windows
#
# If you would like to submit a bug report, please visit:
#   https://github.com/microsoft/openjdk/issues
#

---------------  S U M M A R Y ------------

Command Line: -javaagent:C:\Program Files\JetBrains\IntelliJ IDEA Community Edition 2025.1.1.1\lib\idea_rt.jar=52099 -Dfile.encoding=UTF-8 com.minimarket.MinimarketApplication

Host: Intel(R) Core(TM) i5-10600K CPU @ 4.10GHz, 12 cores, 15G,  Windows 10 , 64 bit Build 19041 (10.0.19041.5915)
Time: Sat Jul 18 18:10:31 2026 Hora est. Sudam廨ica Pac璗ico elapsed time: 1.333996 seconds (0d 0h 0m 1s)

---------------  T H R E A D  ---------------

Current thread (0x000001c758bc9850):  GCTaskThread "GC Thread#5" [stack: 0x0000003dce700000,0x0000003dce800000] [id=15704]

Stack: [0x0000003dce700000,0x0000003dce800000],  sp=0x0000003dce7ffb58,  free space=1022k
Native frames: (J=compiled Java code, j=interpreted, Vv=VM code, C=native code)
V  [jvm.dll+0xc48c]  (no source info available)


siginfo: EXCEPTION_ACCESS_VIOLATION (0xc0000005), reading address 0x0000000000000100


Registers:
RAX=0x0000000000000000, RBX=0x0000000000000001, RCX=0x000001c713000000, RDX=0x000000070f358100
RSP=0x0000003dce7ffb58, RBP=0x000001c759543980, RSI=0x000001c76f6f50f0, RDI=0x000001c759543980
R8 =0x000001c713000000, R9 =0x0000000000000000, R10=0x000000070f358100, R11=0x0000000000000001
R12=0x000001c7580624b8, R13=0x000000070f358100, R14=0x0000000000000000, R15=0x000001c713000000
RIP=0x00007ffb56fbc48c, EFLAGS=0x0000000000010246

XMM[0]=0x000000100012fa90 0x000000070dbf3ca3
XMM[1]=0x0000000000000000 0x0000000000000000
XMM[2]=0x0000000000000000 0x0000000000000000
XMM[3]=0x0000000000000000 0x0000000000000000
XMM[4]=0x0000000000000000 0x0000000000000000
XMM[5]=0x0000000000000000 0x0000000000000000
XMM[6]=0x0000000143e8b1f7 0x0000000000caf553
XMM[7]=0x0000000000000000 0x0000000000000000
XMM[8]=0x0000000000000000 0x0000000000000000
XMM[9]=0x0000000000000000 0x0000000000000000
XMM[10]=0x0000000000000000 0x0000000000000000
XMM[11]=0x0000000000000000 0x0000000000000000
XMM[12]=0x0000000000000000 0x0000000000000000
XMM[13]=0x0000000000000000 0x0000000000000000
XMM[14]=0x0000000000000000 0x0000000000000000
XMM[15]=0x0000000000000000 0x0000000000000000
  MXCSR=0x00001fa0


Register to memory mapping:

RIP=0x00007ffb56fbc48c jvm.dll
RAX=0x0 is NULL
RBX=0x0000000000000001 is an unknown value
RCX=0x000001c713000000 is pointing into metadata
RDX=0x000000070f358100 is pointing into object: [Ljava.lang.CharSequence; 
{0x000000070f3580f8} - klass: 'java/lang/CharSequence'[]
 - length: 2
RSP=0x0000003dce7ffb58 points into unknown readable memory: 0x00007ffb572c1ccb | cb 1c 2c 57 fb 7f 00 00
RBP=0x000001c759543980 points into unknown readable memory: 0x00007ffb5791b408 | 08 b4 91 57 fb 7f 00 00
RSI=0x000001c76f6f50f0 points into unknown readable memory: 0x0000000000000000 | 00 00 00 00 00 00 00 00
RDI=0x000001c759543980 points into unknown readable memory: 0x00007ffb5791b408 | 08 b4 91 57 fb 7f 00 00
R8 =0x000001c713000000 is pointing into metadata
R9 =0x0 is NULL
R10=0x000000070f358100 is pointing into object: [Ljava.lang.CharSequence; 
{0x000000070f3580f8} - klass: 'java/lang/CharSequence'[]
 - length: 2
R11=0x0000000000000001 is an unknown value
R12=0x000001c7580624b8 points into unknown readable memory: 0x88000b003daac63a | 3a c6 aa 3d 00 0b 00 88
R13=0x000000070f358100 is pointing into object: [Ljava.lang.CharSequence; 
{0x000000070f3580f8} - klass: 'java/lang/CharSequence'[]
 - length: 2
R14=0x0 is NULL
R15=0x000001c713000000 is pointing into metadata


Top of Stack: (sp=0x0000003dce7ffb58)
0x0000003dce7ffb58:   00007ffb572c1ccb 0000000000000001
0x0000003dce7ffb68:   0000000000000000 000001c759543980
0x0000003dce7ffb78:   00007ffb577b4697 000000ef810ef3ee
0x0000003dce7ffb88:   00007ffb00000009 000001c77fa8b450
0x0000003dce7ffb98:   00007ffb57637f8f 000001c759543b00
0x0000003dce7ffba8:   000001c759543980 0000000000000000
0x0000003dce7ffbb8:   0000000000000000 000001c759543980
0x0000003dce7ffbc8:   000001c7580624b8 000001c76f6f50f0
0x0000003dce7ffbd8:   00000000000001a9 000000070dbf3d6c
0x0000003dce7ffbe8:   00007ffb572c2c30 000000070f380000
0x0000003dce7ffbf8:   0000000000000001 0000000000000000
0x0000003dce7ffc08:   000000020005b4b8 000001c7580620d0
0x0000003dce7ffc18:   000001c758738790 0000003dcd4feea0
0x0000003dce7ffc28:   0000003dce7ffd20 0000003dce7ffcb0
0x0000003dce7ffc38:   00007ffb57295c89 000001c7580624b8
0x0000003dce7ffc48:   000001c759543980 000000000000001a
0x0000003dce7ffc58:   00007ffb00000005 0000000000000008
0x0000003dce7ffc68:   00007ffb572b6a27 0000000000000000
0x0000003dce7ffc78:   0000000000000000 0000003dce000000
0x0000003dce7ffc88:   00007ffb577b472e 0000000000000000
0x0000003dce7ffc98:   0000000000000000 0000000000caf553
0x0000003dce7ffca8:   0000000143e8b1f7 000001c7580620d0
0x0000003dce7ffcb8:   000001c758738790 00000000000003d8
0x0000003dce7ffcc8:   000001c7580624b8 0000000000000005
0x0000003dce7ffcd8:   00007ffb5729638a 000001c759543980
0x0000003dce7ffce8:   0000000000000013 0000003dcd4feea0
0x0000003dce7ffcf8:   0000000000000000 00007ffb5791c4d0
0x0000003dce7ffd08:   0000000500000001 0000000000caf553
0x0000003dce7ffd18:   0000000143e8b1f7 00007ffb57914458
0x0000003dce7ffd28:   0000000000000000 0000000000000000
0x0000003dce7ffd38:   0000000000000000 000001c76f6eda70
0x0000003dce7ffd48:   000001c759543980 000001c76f6eaff0 

Instructions: (pc=0x00007ffb56fbc48c)
0x00007ffb56fbc38c:   45 85 c9 7e 0e 41 f6 c1 01 75 4e 41 c1 f9 03 41
0x00007ffb56fbc39c:   8b c1 c3 79 44 84 c0 41 b8 0c 00 00 00 8b 05 95
0x00007ffb56fbc3ac:   2e b2 00 b9 10 00 00 00 41 0f 45 c8 ff c8 4c 63
0x00007ffb56fbc3bc:   c0 48 63 14 11 41 8b c9 48 d3 e2 41 c1 f9 10 41
0x00007ffb56fbc3cc:   0f b6 c1 49 8d 0c 10 49 f7 d0 48 03 c1 49 c1 e8
0x00007ffb56fbc3dc:   03 48 c1 e8 03 41 23 c0 c3 49 8b 00 49 8b c8 48
0x00007ffb56fbc3ec:   ff a0 00 01 00 00 cc cc cc cc cc cc cc cc cc cc
0x00007ffb56fbc3fc:   cc cc cc cc 8b 44 24 30 45 03 c9 44 2b 4c 24 28
0x00007ffb56fbc40c:   83 c0 0b 44 03 ca 45 03 c8 41 03 c1 c3 cc cc cc
0x00007ffb56fbc41c:   cc cc cc cc 4c 8b c2 48 8b d1 45 8b 48 08 45 85
0x00007ffb56fbc42c:   c9 7e 0e 41 f6 c1 01 75 51 41 c1 f9 03 41 8b c1
0x00007ffb56fbc43c:   c3 79 47 80 3d 0a e3 b8 00 00 b8 0c 00 00 00 b9
0x00007ffb56fbc44c:   10 00 00 00 0f 45 c8 8b 05 eb 2d b2 00 ff c8 4c
0x00007ffb56fbc45c:   63 c0 48 63 14 11 41 8b c9 48 d3 e2 41 c1 f9 10
0x00007ffb56fbc46c:   41 0f b6 c1 49 8d 0c 10 49 f7 d0 48 03 c1 49 c1
0x00007ffb56fbc47c:   e8 03 48 c1 e8 03 41 23 c0 c3 49 8b 00 49 8b c8
0x00007ffb56fbc48c:   48 ff a0 00 01 00 00 cc cc cc cc cc cc cc cc cc
0x00007ffb56fbc49c:   cc cc cc cc 48 8b 41 08 0f b7 48 2a 0f b7 40 28
0x00007ffb56fbc4ac:   83 c0 48 03 c1 c3 cc cc cc cc cc cc cc cc cc cc
0x00007ffb56fbc4bc:   cc cc cc cc 48 89 5c 24 08 57 48 83 ec 20 0f b6
0x00007ffb56fbc4cc:   05 df cf bc 00 48 8b fa 48 8b d9 84 c0 74 4f 48
0x00007ffb56fbc4dc:   85 15 c6 c7 bc 00 74 38 48 8b ca e8 94 b3 86 00
0x00007ffb56fbc4ec:   48 8b d0 48 85 db 74 25 48 85 c0 74 20 48 8b c7
0x00007ffb56fbc4fc:   f0 48 0f b1 13 74 16 48 85 05 9e c7 bc 00 74 0d
0x00007ffb56fbc50c:   48 8b c8 f0 48 0f b1 13 48 3b c1 75 ea 48 8b fa
0x00007ffb56fbc51c:   48 8b c7 48 8b 5c 24 30 48 83 c4 20 5f c3 48 85
0x00007ffb56fbc52c:   3d 7f c7 bc 00 75 28 48 8b 15 86 c7 bc 00 33 c0
0x00007ffb56fbc53c:   48 23 d7 48 0b 15 5a c7 bc 00 48 85 ff 48 0f 44
0x00007ffb56fbc54c:   d0 48 8b c2 48 8b 5c 24 30 48 83 c4 20 5f c3 48
0x00007ffb56fbc55c:   8b cf e8 4d b2 86 00 48 8b d0 48 85 db 74 3b 48
0x00007ffb56fbc56c:   85 c0 74 36 4c 8b c0 4c 23 05 46 c7 bc 00 4c 0b
0x00007ffb56fbc57c:   05 77 c7 bc 00 74 23 48 8b c7 f0 4c 0f b1 03 74 


Stack slot to memory mapping:
stack at sp + 0 slots: 0x00007ffb572c1ccb jvm.dll
stack at sp + 1 slots: 0x0000000000000001 is an unknown value
stack at sp + 2 slots: 0x0 is NULL
stack at sp + 3 slots: 0x000001c759543980 points into unknown readable memory: 0x00007ffb5791b408 | 08 b4 91 57 fb 7f 00 00
stack at sp + 4 slots: 0x00007ffb577b4697 jvm.dll
stack at sp + 5 slots: 0x000000ef810ef3ee is an unknown value
stack at sp + 6 slots: 0x00007ffb00000009 is an unknown value
stack at sp + 7 slots: 0x000001c77fa8b450 points into unknown readable memory: 0x000000070f200000 | 00 00 20 0f 07 00 00 00


---------------  P R O C E S S  ---------------

Threads class SMR info:
_java_thread_list=0x000001c759e19520, length=18, elements={
0x000001c76f6db340, 0x000001c758005800, 0x000001c758006680, 0x000001c75800e7a0,
0x000001c758010e80, 0x000001c758012050, 0x000001c758013a20, 0x000001c75801fc20,
0x000001c758024300, 0x000001c758024910, 0x000001c77fbe4e40, 0x000001c7582abd30,
0x000001c7583a4060, 0x000001c7584f4870, 0x000001c758dcf9d0, 0x000001c758bb95f0,
0x000001c758e31dc0, 0x000001c7590d2620
}

Java Threads: ( => current thread )
  0x000001c76f6db340 JavaThread "main" [_thread_blocked, id=14680, stack(0x0000003dcce00000,0x0000003dccf00000)]
  0x000001c758005800 JavaThread "Reference Handler" daemon [_thread_blocked, id=1724, stack(0x0000003dcd500000,0x0000003dcd600000)]
  0x000001c758006680 JavaThread "Finalizer" daemon [_thread_blocked, id=20424, stack(0x0000003dcd600000,0x0000003dcd700000)]
  0x000001c75800e7a0 JavaThread "Signal Dispatcher" daemon [_thread_blocked, id=17776, stack(0x0000003dcd700000,0x0000003dcd800000)]
  0x000001c758010e80 JavaThread "Attach Listener" daemon [_thread_blocked, id=632, stack(0x0000003dcd800000,0x0000003dcd900000)]
  0x000001c758012050 JavaThread "Service Thread" daemon [_thread_blocked, id=18076, stack(0x0000003dcd900000,0x0000003dcda00000)]
  0x000001c758013a20 JavaThread "Monitor Deflation Thread" daemon [_thread_blocked, id=20140, stack(0x0000003dcda00000,0x0000003dcdb00000)]
  0x000001c75801fc20 JavaThread "C2 CompilerThread0" daemon [_thread_blocked, id=20740, stack(0x0000003dcdb00000,0x0000003dcdc00000)]
  0x000001c758024300 JavaThread "C1 CompilerThread0" daemon [_thread_blocked, id=19612, stack(0x0000003dcdc00000,0x0000003dcdd00000)]
  0x000001c758024910 JavaThread "Sweeper thread" daemon [_thread_blocked, id=11664, stack(0x0000003dcdd00000,0x0000003dcde00000)]
  0x000001c77fbe4e40 JavaThread "Common-Cleaner" daemon [_thread_blocked, id=18624, stack(0x0000003dcde00000,0x0000003dcdf00000)]
  0x000001c7582abd30 JavaThread "C2 CompilerThread1" daemon [_thread_blocked, id=8800, stack(0x0000003dcdf00000,0x0000003dce000000)]
  0x000001c7583a4060 JavaThread "Monitor Ctrl-Break" daemon [_thread_in_native, id=20896, stack(0x0000003dce000000,0x0000003dce100000)]
  0x000001c7584f4870 JavaThread "Notification Thread" daemon [_thread_blocked, id=15096, stack(0x0000003dce100000,0x0000003dce200000)]
  0x000001c758dcf9d0 JavaThread "Thread-0" [_thread_blocked, id=9476, stack(0x0000003dce800000,0x0000003dce900000)]
  0x000001c758bb95f0 JavaThread "restartedMain" [_thread_blocked, id=16944, stack(0x0000003dce900000,0x0000003dcea00000)]
  0x000001c758e31dc0 JavaThread "C2 CompilerThread2" daemon [_thread_in_native, id=21416, stack(0x0000003dcef00000,0x0000003dcf000000)]
  0x000001c7590d2620 JavaThread "Thread-3" [_thread_blocked, id=20936, stack(0x0000003dcea00000,0x0000003dceb00000)]

Other Threads:
  0x000001c758000080 VMThread "VM Thread" [stack: 0x0000003dcd400000,0x0000003dcd500000] [id=12672]
  0x000001c758412890 WatcherThread [stack: 0x0000003dce200000,0x0000003dce300000] [id=12768]
  0x000001c76f746bf0 GCTaskThread "GC Thread#0" [stack: 0x0000003dccf00000,0x0000003dcd000000] [id=14608]
  0x000001c758bfb8b0 GCTaskThread "GC Thread#1" [stack: 0x0000003dce300000,0x0000003dce400000] [id=10748]
  0x000001c758eda860 GCTaskThread "GC Thread#2" [stack: 0x0000003dce400000,0x0000003dce500000] [id=19468]
  0x000001c758edab30 GCTaskThread "GC Thread#3" [stack: 0x0000003dce500000,0x0000003dce600000] [id=7124]
  0x000001c758bc7c30 GCTaskThread "GC Thread#4" [stack: 0x0000003dce600000,0x0000003dce700000] [id=17548]
=>0x000001c758bc9850 GCTaskThread "GC Thread#5" [stack: 0x0000003dce700000,0x0000003dce800000] [id=15704]
  0x000001c758bc81d0 GCTaskThread "GC Thread#6" [stack: 0x0000003dceb00000,0x0000003dcec00000] [id=15312]
  0x000001c758bc84a0 GCTaskThread "GC Thread#7" [stack: 0x0000003dcec00000,0x0000003dced00000] [id=19208]
  0x000001c758bc8770 GCTaskThread "GC Thread#8" [stack: 0x0000003dced00000,0x0000003dcee00000] [id=17560]
  0x000001c758bc7f00 GCTaskThread "GC Thread#9" [stack: 0x0000003dcee00000,0x0000003dcef00000] [id=17068]
  0x000001c76f757a20 ConcurrentGCThread "G1 Main Marker" [stack: 0x0000003dcd000000,0x0000003dcd100000] [id=21036]
  0x000001c76f758440 ConcurrentGCThread "G1 Conc#0" [stack: 0x0000003dcd100000,0x0000003dcd200000] [id=2404]
  0x000001c77faac210 ConcurrentGCThread "G1 Refine#0" [stack: 0x0000003dcd200000,0x0000003dcd300000] [id=18120]
  0x000001c77faacc50 ConcurrentGCThread "G1 Service" [stack: 0x0000003dcd300000,0x0000003dcd400000] [id=21072]

Threads with active compile tasks:
C2 CompilerThread0  1347 2377   !   4       jdk.internal.loader.BuiltinClassLoader::loadClassOrNull (143 bytes)
C2 CompilerThread1  1347 2616   !   4       java.util.concurrent.ConcurrentHashMap::putVal (432 bytes)
C2 CompilerThread2  1347 2480       4       java.lang.invoke.MethodType::makeImpl (109 bytes)

VM state: at safepoint (normal execution)

VM Mutex/Monitor currently owned by a thread:  ([mutex/lock_event])
[0x000001c76f6d62a0] Threads_lock - owner thread: 0x000001c758000080
[0x000001c76f6d7a40] Heap_lock - owner thread: 0x000001c758bb95f0

Heap address: 0x0000000701200000, size: 4078 MB, Compressed Oops mode: Zero based, Oop shift amount: 3

CDS archive(s) mapped at: [0x000001c713000000-0x000001c713bb0000-0x000001c713bb0000), size 12255232, SharedBaseAddress: 0x000001c713000000, ArchiveRelocationMode: 1.
Compressed class space mapped at: 0x000001c714000000-0x000001c754000000, reserved size: 1073741824
Narrow klass base: 0x000001c713000000, Narrow klass shift: 0, Narrow klass range: 0x100000000

GC Precious Log:
 CPUs: 12 total, 12 available
 Memory: 16310M
 Large Page Support: Disabled
 NUMA Support: Disabled
 Compressed Oops: Enabled (Zero based)
 Heap Region Size: 2M
 Heap Min Capacity: 8M
 Heap Initial Capacity: 256M
 Heap Max Capacity: 4078M
 Pre-touch: Disabled
 Parallel Workers: 10
 Concurrent Workers: 3
 Concurrent Refinement Workers: 10
 Periodic GC: Disabled

Heap:
 garbage-first heap   total 262144K, used 59135K [0x0000000701200000, 0x0000000800000000)
  region size 2048K, 28 young (57344K), 4 survivors (8192K)
 Metaspace       used 21213K, committed 21504K, reserved 1114112K
  class space    used 2727K, committed 2880K, reserved 1048576K

Heap Regions: E=young(eden), S=young(survivor), O=old, HS=humongous(starts), HC=humongous(continues), CS=collection set, F=free, OA=open archive, CA=closed archive, TAMS=top-at-mark-start (previous, next)
|   0|0x0000000701200000, 0x0000000701400000, 0x0000000701400000|100%| O|  |TAMS 0x0000000701200000, 0x0000000701400000| Untracked 
|   1|0x0000000701400000, 0x0000000701600000, 0x0000000701600000|100%| O|  |TAMS 0x0000000701400000, 0x0000000701600000| Untracked 
|   2|0x0000000701600000, 0x0000000701800000, 0x0000000701800000|100%| O|  |TAMS 0x0000000701600000, 0x0000000701800000| Untracked 
|   3|0x0000000701800000, 0x0000000701920000, 0x0000000701a00000| 56%| O|  |TAMS 0x0000000701800000, 0x0000000701920000| Untracked 
|   4|0x0000000701a00000, 0x0000000701a00000, 0x0000000701c00000|  0%| F|  |TAMS 0x0000000701a00000, 0x0000000701a00000| Untracked 
|   5|0x0000000701c00000, 0x0000000701c00000, 0x0000000701e00000|  0%| F|  |TAMS 0x0000000701c00000, 0x0000000701c00000| Untracked 
|   6|0x0000000701e00000, 0x0000000701e00000, 0x0000000702000000|  0%| F|  |TAMS 0x0000000701e00000, 0x0000000701e00000| Untracked 
|   7|0x0000000702000000, 0x0000000702000000, 0x0000000702200000|  0%| F|  |TAMS 0x0000000702000000, 0x0000000702000000| Untracked 
|   8|0x0000000702200000, 0x0000000702200000, 0x0000000702400000|  0%| F|  |TAMS 0x0000000702200000, 0x0000000702200000| Untracked 
|   9|0x0000000702400000, 0x0000000702400000, 0x0000000702600000|  0%| F|  |TAMS 0x0000000702400000, 0x0000000702400000| Untracked 
|  10|0x0000000702600000, 0x0000000702600000, 0x0000000702800000|  0%| F|  |TAMS 0x0000000702600000, 0x0000000702600000| Untracked 
|  11|0x0000000702800000, 0x0000000702800000, 0x0000000702a00000|  0%| F|  |TAMS 0x0000000702800000, 0x0000000702800000| Untracked 
|  12|0x0000000702a00000, 0x0000000702a00000, 0x0000000702c00000|  0%| F|  |TAMS 0x0000000702a00000, 0x0000000702a00000| Untracked 
|  13|0x0000000702c00000, 0x0000000702c00000, 0x0000000702e00000|  0%| F|  |TAMS 0x0000000702c00000, 0x0000000702c00000| Untracked 
|  14|0x0000000702e00000, 0x0000000702e00000, 0x0000000703000000|  0%| F|  |TAMS 0x0000000702e00000, 0x0000000702e00000| Untracked 
|  15|0x0000000703000000, 0x0000000703000000, 0x0000000703200000|  0%| F|  |TAMS 0x0000000703000000, 0x0000000703000000| Untracked 
|  16|0x0000000703200000, 0x0000000703200000, 0x0000000703400000|  0%| F|  |TAMS 0x0000000703200000, 0x0000000703200000| Untracked 
|  17|0x0000000703400000, 0x0000000703400000, 0x0000000703600000|  0%| F|  |TAMS 0x0000000703400000, 0x0000000703400000| Untracked 
|  18|0x0000000703600000, 0x0000000703600000, 0x0000000703800000|  0%| F|  |TAMS 0x0000000703600000, 0x0000000703600000| Untracked 
|  19|0x0000000703800000, 0x0000000703800000, 0x0000000703a00000|  0%| F|  |TAMS 0x0000000703800000, 0x0000000703800000| Untracked 
|  20|0x0000000703a00000, 0x0000000703a00000, 0x0000000703c00000|  0%| F|  |TAMS 0x0000000703a00000, 0x0000000703a00000| Untracked 
|  21|0x0000000703c00000, 0x0000000703c00000, 0x0000000703e00000|  0%| F|  |TAMS 0x0000000703c00000, 0x0000000703c00000| Untracked 
|  22|0x0000000703e00000, 0x0000000703e00000, 0x0000000704000000|  0%| F|  |TAMS 0x0000000703e00000, 0x0000000703e00000| Untracked 
|  23|0x0000000704000000, 0x0000000704000000, 0x0000000704200000|  0%| F|  |TAMS 0x0000000704000000, 0x0000000704000000| Untracked 
|  24|0x0000000704200000, 0x0000000704200000, 0x0000000704400000|  0%| F|  |TAMS 0x0000000704200000, 0x0000000704200000| Untracked 
|  25|0x0000000704400000, 0x0000000704400000, 0x0000000704600000|  0%| F|  |TAMS 0x0000000704400000, 0x0000000704400000| Untracked 
|  26|0x0000000704600000, 0x0000000704600000, 0x0000000704800000|  0%| F|  |TAMS 0x0000000704600000, 0x0000000704600000| Untracked 
|  27|0x0000000704800000, 0x0000000704800000, 0x0000000704a00000|  0%| F|  |TAMS 0x0000000704800000, 0x0000000704800000| Untracked 
|  28|0x0000000704a00000, 0x0000000704a00000, 0x0000000704c00000|  0%| F|  |TAMS 0x0000000704a00000, 0x0000000704a00000| Untracked 
|  29|0x0000000704c00000, 0x0000000704c00000, 0x0000000704e00000|  0%| F|  |TAMS 0x0000000704c00000, 0x0000000704c00000| Untracked 
|  30|0x0000000704e00000, 0x0000000704e00000, 0x0000000705000000|  0%| F|  |TAMS 0x0000000704e00000, 0x0000000704e00000| Untracked 
|  31|0x0000000705000000, 0x0000000705000000, 0x0000000705200000|  0%| F|  |TAMS 0x0000000705000000, 0x0000000705000000| Untracked 
|  32|0x0000000705200000, 0x0000000705200000, 0x0000000705400000|  0%| F|  |TAMS 0x0000000705200000, 0x0000000705200000| Untracked 
|  33|0x0000000705400000, 0x0000000705400000, 0x0000000705600000|  0%| F|  |TAMS 0x0000000705400000, 0x0000000705400000| Untracked 
|  34|0x0000000705600000, 0x0000000705600000, 0x0000000705800000|  0%| F|  |TAMS 0x0000000705600000, 0x0000000705600000| Untracked 
|  35|0x0000000705800000, 0x0000000705800000, 0x0000000705a00000|  0%| F|  |TAMS 0x0000000705800000, 0x0000000705800000| Untracked 
|  36|0x0000000705a00000, 0x0000000705a00000, 0x0000000705c00000|  0%| F|  |TAMS 0x0000000705a00000, 0x0000000705a00000| Untracked 
|  37|0x0000000705c00000, 0x0000000705c00000, 0x0000000705e00000|  0%| F|  |TAMS 0x0000000705c00000, 0x0000000705c00000| Untracked 
|  38|0x0000000705e00000, 0x0000000705e00000, 0x0000000706000000|  0%| F|  |TAMS 0x0000000705e00000, 0x0000000705e00000| Untracked 
|  39|0x0000000706000000, 0x0000000706000000, 0x0000000706200000|  0%| F|  |TAMS 0x0000000706000000, 0x0000000706000000| Untracked 
|  40|0x0000000706200000, 0x0000000706200000, 0x0000000706400000|  0%| F|  |TAMS 0x0000000706200000, 0x0000000706200000| Untracked 
|  41|0x0000000706400000, 0x0000000706400000, 0x0000000706600000|  0%| F|  |TAMS 0x0000000706400000, 0x0000000706400000| Untracked 
|  42|0x0000000706600000, 0x0000000706600000, 0x0000000706800000|  0%| F|  |TAMS 0x0000000706600000, 0x0000000706600000| Untracked 
|  43|0x0000000706800000, 0x0000000706800000, 0x0000000706a00000|  0%| F|  |TAMS 0x0000000706800000, 0x0000000706800000| Untracked 
|  44|0x0000000706a00000, 0x0000000706a00000, 0x0000000706c00000|  0%| F|  |TAMS 0x0000000706a00000, 0x0000000706a00000| Untracked 
|  45|0x0000000706c00000, 0x0000000706c00000, 0x0000000706e00000|  0%| F|  |TAMS 0x0000000706c00000, 0x0000000706c00000| Untracked 
|  46|0x0000000706e00000, 0x0000000706e00000, 0x0000000707000000|  0%| F|  |TAMS 0x0000000706e00000, 0x0000000706e00000| Untracked 
|  47|0x0000000707000000, 0x0000000707000000, 0x0000000707200000|  0%| F|  |TAMS 0x0000000707000000, 0x0000000707000000| Untracked 
|  48|0x0000000707200000, 0x0000000707200000, 0x0000000707400000|  0%| F|  |TAMS 0x0000000707200000, 0x0000000707200000| Untracked 
|  49|0x0000000707400000, 0x0000000707400000, 0x0000000707600000|  0%| F|  |TAMS 0x0000000707400000, 0x0000000707400000| Untracked 
|  50|0x0000000707600000, 0x0000000707600000, 0x0000000707800000|  0%| F|  |TAMS 0x0000000707600000, 0x0000000707600000| Untracked 
|  51|0x0000000707800000, 0x0000000707800000, 0x0000000707a00000|  0%| F|  |TAMS 0x0000000707800000, 0x0000000707800000| Untracked 
|  52|0x0000000707a00000, 0x0000000707a00000, 0x0000000707c00000|  0%| F|  |TAMS 0x0000000707a00000, 0x0000000707a00000| Untracked 
|  53|0x0000000707c00000, 0x0000000707c00000, 0x0000000707e00000|  0%| F|  |TAMS 0x0000000707c00000, 0x0000000707c00000| Untracked 
|  54|0x0000000707e00000, 0x0000000707e00000, 0x0000000708000000|  0%| F|  |TAMS 0x0000000707e00000, 0x0000000707e00000| Untracked 
|  55|0x0000000708000000, 0x0000000708000000, 0x0000000708200000|  0%| F|  |TAMS 0x0000000708000000, 0x0000000708000000| Untracked 
|  56|0x0000000708200000, 0x0000000708200000, 0x0000000708400000|  0%| F|  |TAMS 0x0000000708200000, 0x0000000708200000| Untracked 
|  57|0x0000000708400000, 0x0000000708400000, 0x0000000708600000|  0%| F|  |TAMS 0x0000000708400000, 0x0000000708400000| Untracked 
|  58|0x0000000708600000, 0x0000000708600000, 0x0000000708800000|  0%| F|  |TAMS 0x0000000708600000, 0x0000000708600000| Untracked 
|  59|0x0000000708800000, 0x0000000708800000, 0x0000000708a00000|  0%| F|  |TAMS 0x0000000708800000, 0x0000000708800000| Untracked 
|  60|0x0000000708a00000, 0x0000000708a00000, 0x0000000708c00000|  0%| F|  |TAMS 0x0000000708a00000, 0x0000000708a00000| Untracked 
|  61|0x0000000708c00000, 0x0000000708c00000, 0x0000000708e00000|  0%| F|  |TAMS 0x0000000708c00000, 0x0000000708c00000| Untracked 
|  62|0x0000000708e00000, 0x0000000708e00000, 0x0000000709000000|  0%| F|  |TAMS 0x0000000708e00000, 0x0000000708e00000| Untracked 
|  63|0x0000000709000000, 0x0000000709000000, 0x0000000709200000|  0%| F|  |TAMS 0x0000000709000000, 0x0000000709000000| Untracked 
|  64|0x0000000709200000, 0x0000000709200000, 0x0000000709400000|  0%| F|  |TAMS 0x0000000709200000, 0x0000000709200000| Untracked 
|  65|0x0000000709400000, 0x0000000709400000, 0x0000000709600000|  0%| F|  |TAMS 0x0000000709400000, 0x0000000709400000| Untracked 
|  66|0x0000000709600000, 0x0000000709600000, 0x0000000709800000|  0%| F|  |TAMS 0x0000000709600000, 0x0000000709600000| Untracked 
|  67|0x0000000709800000, 0x0000000709800000, 0x0000000709a00000|  0%| F|  |TAMS 0x0000000709800000, 0x0000000709800000| Untracked 
|  68|0x0000000709a00000, 0x0000000709a00000, 0x0000000709c00000|  0%| F|  |TAMS 0x0000000709a00000, 0x0000000709a00000| Untracked 
|  69|0x0000000709c00000, 0x0000000709c00000, 0x0000000709e00000|  0%| F|  |TAMS 0x0000000709c00000, 0x0000000709c00000| Untracked 
|  70|0x0000000709e00000, 0x0000000709e00000, 0x000000070a000000|  0%| F|  |TAMS 0x0000000709e00000, 0x0000000709e00000| Untracked 
|  71|0x000000070a000000, 0x000000070a000000, 0x000000070a200000|  0%| F|  |TAMS 0x000000070a000000, 0x000000070a000000| Untracked 
|  72|0x000000070a200000, 0x000000070a200000, 0x000000070a400000|  0%| F|  |TAMS 0x000000070a200000, 0x000000070a200000| Untracked 
|  73|0x000000070a400000, 0x000000070a400000, 0x000000070a600000|  0%| F|  |TAMS 0x000000070a400000, 0x000000070a400000| Untracked 
|  74|0x000000070a600000, 0x000000070a600000, 0x000000070a800000|  0%| F|  |TAMS 0x000000070a600000, 0x000000070a600000| Untracked 
|  75|0x000000070a800000, 0x000000070a800000, 0x000000070aa00000|  0%| F|  |TAMS 0x000000070a800000, 0x000000070a800000| Untracked 
|  76|0x000000070aa00000, 0x000000070aa00000, 0x000000070ac00000|  0%| F|  |TAMS 0x000000070aa00000, 0x000000070aa00000| Untracked 
|  77|0x000000070ac00000, 0x000000070ac00000, 0x000000070ae00000|  0%| F|  |TAMS 0x000000070ac00000, 0x000000070ac00000| Untracked 
|  78|0x000000070ae00000, 0x000000070ae00000, 0x000000070b000000|  0%| F|  |TAMS 0x000000070ae00000, 0x000000070ae00000| Untracked 
|  79|0x000000070b000000, 0x000000070b000000, 0x000000070b200000|  0%| F|  |TAMS 0x000000070b000000, 0x000000070b000000| Untracked 
|  80|0x000000070b200000, 0x000000070b200000, 0x000000070b400000|  0%| F|  |TAMS 0x000000070b200000, 0x000000070b200000| Untracked 
|  81|0x000000070b400000, 0x000000070b400000, 0x000000070b600000|  0%| F|  |TAMS 0x000000070b400000, 0x000000070b400000| Untracked 
|  82|0x000000070b600000, 0x000000070b600000, 0x000000070b800000|  0%| F|  |TAMS 0x000000070b600000, 0x000000070b600000| Untracked 
|  83|0x000000070b800000, 0x000000070b800000, 0x000000070ba00000|  0%| F|  |TAMS 0x000000070b800000, 0x000000070b800000| Untracked 
|  84|0x000000070ba00000, 0x000000070ba00000, 0x000000070bc00000|  0%| F|  |TAMS 0x000000070ba00000, 0x000000070ba00000| Untracked 
|  85|0x000000070bc00000, 0x000000070bc00000, 0x000000070be00000|  0%| F|  |TAMS 0x000000070bc00000, 0x000000070bc00000| Untracked 
|  86|0x000000070be00000, 0x000000070be00000, 0x000000070c000000|  0%| F|  |TAMS 0x000000070be00000, 0x000000070be00000| Untracked 
|  87|0x000000070c000000, 0x000000070c000000, 0x000000070c200000|  0%| F|  |TAMS 0x000000070c000000, 0x000000070c000000| Untracked 
|  88|0x000000070c200000, 0x000000070c200000, 0x000000070c400000|  0%| F|  |TAMS 0x000000070c200000, 0x000000070c200000| Untracked 
|  89|0x000000070c400000, 0x000000070c400000, 0x000000070c600000|  0%| F|  |TAMS 0x000000070c400000, 0x000000070c400000| Untracked 
|  90|0x000000070c600000, 0x000000070c600000, 0x000000070c800000|  0%| F|  |TAMS 0x000000070c600000, 0x000000070c600000| Untracked 
|  91|0x000000070c800000, 0x000000070c800000, 0x000000070ca00000|  0%| F|  |TAMS 0x000000070c800000, 0x000000070c800000| Untracked 
|  92|0x000000070ca00000, 0x000000070ca00000, 0x000000070cc00000|  0%| F|  |TAMS 0x000000070ca00000, 0x000000070ca00000| Untracked 
|  93|0x000000070cc00000, 0x000000070cc00000, 0x000000070ce00000|  0%| F|  |TAMS 0x000000070cc00000, 0x000000070cc00000| Untracked 
|  94|0x000000070ce00000, 0x000000070ce00000, 0x000000070d000000|  0%| F|  |TAMS 0x000000070ce00000, 0x000000070ce00000| Untracked 
|  95|0x000000070d000000, 0x000000070d000000, 0x000000070d200000|  0%| F|  |TAMS 0x000000070d000000, 0x000000070d000000| Untracked 
|  96|0x000000070d200000, 0x000000070d200000, 0x000000070d400000|  0%| F|  |TAMS 0x000000070d200000, 0x000000070d200000| Untracked 
|  97|0x000000070d400000, 0x000000070d400000, 0x000000070d600000|  0%| F|  |TAMS 0x000000070d400000, 0x000000070d400000| Untracked 
|  98|0x000000070d600000, 0x000000070d687870, 0x000000070d800000| 26%| S|  |TAMS 0x000000070d600000, 0x000000070d600000| Complete 
|  99|0x000000070d800000, 0x000000070da00000, 0x000000070da00000|100%| S|  |TAMS 0x000000070d800000, 0x000000070d800000| Complete 
| 100|0x000000070da00000, 0x000000070dc00000, 0x000000070dc00000|100%| S|  |TAMS 0x000000070da00000, 0x000000070da00000| Complete 
| 101|0x000000070dc00000, 0x000000070de00000, 0x000000070de00000|100%| S|  |TAMS 0x000000070dc00000, 0x000000070dc00000| Complete 
| 102|0x000000070de00000, 0x000000070dffe970, 0x000000070e000000| 99%| E|CS|TAMS 0x000000070de00000, 0x000000070dffe970| Complete 
| 103|0x000000070e000000, 0x000000070e200000, 0x000000070e200000|100%| E|CS|TAMS 0x000000070e000000, 0x000000070e200000| Complete 
| 104|0x000000070e200000, 0x000000070e400000, 0x000000070e400000|100%| E|CS|TAMS 0x000000070e200000, 0x000000070e400000| Complete 
| 105|0x000000070e400000, 0x000000070e600000, 0x000000070e600000|100%| E|CS|TAMS 0x000000070e400000, 0x000000070e600000| Complete 
| 106|0x000000070e600000, 0x000000070e800000, 0x000000070e800000|100%| E|CS|TAMS 0x000000070e600000, 0x000000070e800000| Complete 
| 107|0x000000070e800000, 0x000000070ea00000, 0x000000070ea00000|100%| E|CS|TAMS 0x000000070e800000, 0x000000070ea00000| Complete 
| 108|0x000000070ea00000, 0x000000070ec00000, 0x000000070ec00000|100%| E|CS|TAMS 0x000000070ea00000, 0x000000070ec00000| Complete 
| 109|0x000000070ec00000, 0x000000070ee00000, 0x000000070ee00000|100%| E|CS|TAMS 0x000000070ec00000, 0x000000070ee00000| Complete 
| 110|0x000000070ee00000, 0x000000070f000000, 0x000000070f000000|100%| E|CS|TAMS 0x000000070ee00000, 0x000000070f000000| Complete 
| 111|0x000000070f000000, 0x000000070f0a14d0, 0x000000070f200000| 31%| E|CS|TAMS 0x000000070f000000, 0x000000070f0a14d0| Complete 
| 112|0x000000070f200000, 0x000000070f400000, 0x000000070f400000|100%| E|CS|TAMS 0x000000070f200000, 0x000000070f400000| Complete 
| 113|0x000000070f400000, 0x000000070f600000, 0x000000070f600000|100%| E|CS|TAMS 0x000000070f400000, 0x000000070f600000| Complete 
| 114|0x000000070f600000, 0x000000070f800000, 0x000000070f800000|100%| E|CS|TAMS 0x000000070f600000, 0x000000070f800000| Complete 
| 115|0x000000070f800000, 0x000000070fa00000, 0x000000070fa00000|100%| E|CS|TAMS 0x000000070f800000, 0x000000070fa00000| Complete 
| 116|0x000000070fa00000, 0x000000070fc00000, 0x000000070fc00000|100%| E|CS|TAMS 0x000000070fa00000, 0x000000070fc00000| Complete 
| 117|0x000000070fc00000, 0x000000070fe00000, 0x000000070fe00000|100%| E|CS|TAMS 0x000000070fc00000, 0x000000070fe00000| Complete 
| 118|0x000000070fe00000, 0x0000000710000000, 0x0000000710000000|100%| E|CS|TAMS 0x000000070fe00000, 0x0000000710000000| Complete 
| 119|0x0000000710000000, 0x0000000710200000, 0x0000000710200000|100%| E|CS|TAMS 0x0000000710000000, 0x0000000710200000| Complete 
| 120|0x0000000710200000, 0x0000000710400000, 0x0000000710400000|100%| E|CS|TAMS 0x0000000710200000, 0x0000000710400000| Complete 
| 121|0x0000000710400000, 0x0000000710600000, 0x0000000710600000|100%| E|CS|TAMS 0x0000000710400000, 0x0000000710600000| Complete 
| 122|0x0000000710600000, 0x0000000710800000, 0x0000000710800000|100%| E|CS|TAMS 0x0000000710600000, 0x0000000710800000| Complete 
| 123|0x0000000710800000, 0x0000000710a00000, 0x0000000710a00000|100%| E|CS|TAMS 0x0000000710800000, 0x0000000710a00000| Complete 
| 124|0x0000000710a00000, 0x0000000710c00000, 0x0000000710c00000|100%| E|CS|TAMS 0x0000000710a00000, 0x0000000710c00000| Complete 
| 125|0x0000000710c00000, 0x0000000710e00000, 0x0000000710e00000|100%| E|CS|TAMS 0x0000000710c00000, 0x0000000710e00000| Complete 
| 126|0x0000000710e00000, 0x0000000711000000, 0x0000000711000000|100%| E|CS|TAMS 0x0000000710e00000, 0x0000000711000000| Complete 
| 127|0x0000000711000000, 0x0000000711200000, 0x0000000711200000|100%| E|CS|TAMS 0x0000000711000000, 0x0000000711200000| Complete 

Card table byte_map: [0x000001c777fa0000,0x000001c7787a0000] _byte_map_base: 0x000001c774797000

Marking Bits (Prev, Next): (CMBitMap*) 0x000001c76f747220, (CMBitMap*) 0x000001c76f747260
 Prev Bits: [0x000001c778fa0000, 0x000001c77cf58000)
 Next Bits: [0x000001c70f000000, 0x000001c712fb8000)

Polling page: 0x000001c76ee90000

Metaspace:

Usage:
  Non-class:     18.05 MB used.
      Class:      2.66 MB used.
       Both:     20.72 MB used.

Virtual space:
  Non-class space:       64.00 MB reserved,      18.19 MB ( 28%) committed,  1 nodes.
      Class space:        1.00 GB reserved,       2.81 MB ( <1%) committed,  1 nodes.
             Both:        1.06 GB reserved,      21.00 MB (  2%) committed. 

Chunk freelists:
   Non-Class:  13.56 MB
       Class:  13.05 MB
        Both:  26.61 MB

MaxMetaspaceSize: unlimited
CompressedClassSpaceSize: 1.00 GB
Initial GC threshold: 21.00 MB
Current GC threshold: 21.00 MB
CDS: on
MetaspaceReclaimPolicy: balanced
 - commit_granule_bytes: 65536.
 - commit_granule_words: 8192.
 - virtual_space_node_default_size: 8388608.
 - enlarge_chunks_in_place: 1.
 - new_chunks_are_fully_committed: 0.
 - uncommit_free_chunks: 1.
 - use_allocation_guard: 0.
 - handle_deallocations: 1.


Internal statistics:

num_allocs_failed_limit: 3.
num_arena_births: 316.
num_arena_deaths: 0.
num_vsnodes_births: 2.
num_vsnodes_deaths: 0.
num_space_committed: 336.
num_space_uncommitted: 0.
num_chunks_returned_to_freelist: 3.
num_chunks_taken_from_freelist: 1008.
num_chunk_merges: 3.
num_chunk_splits: 702.
num_chunks_enlarged: 548.
num_inconsistent_stats: 0.

CodeHeap 'non-profiled nmethods': size=120000Kb used=1166Kb max_used=1166Kb free=118833Kb
 bounds [0x000001c707ad0000, 0x000001c707d40000, 0x000001c70f000000]
CodeHeap 'profiled nmethods': size=120000Kb used=5227Kb max_used=5227Kb free=114772Kb
 bounds [0x000001c700000000, 0x000001c700520000, 0x000001c707530000]
CodeHeap 'non-nmethods': size=5760Kb used=1224Kb max_used=1271Kb free=4535Kb
 bounds [0x000001c707530000, 0x000001c7077a0000, 0x000001c707ad0000]
 total_blobs=3161 nmethods=2640 adapters=432
 compilation: enabled
              stopped_count=0, restarted_count=0
 full_count=0

Compilation events (20 events):
Event: 1.308 Thread 0x000001c758024300 2641       3       java.lang.invoke.DirectMethodHandle$Holder::invokeStatic (14 bytes)
Event: 1.308 Thread 0x000001c758024300 nmethod 2641 0x000001c700516710 code [0x000001c7005168e0, 0x000001c700516cb8]
Event: 1.308 Thread 0x000001c758024300 2642       3       java.lang.invoke.DelegatingMethodHandle$Holder::reinvoke_L (20 bytes)
Event: 1.308 Thread 0x000001c758024300 nmethod 2642 0x000001c700516e10 code [0x000001c700516fe0, 0x000001c7005173f8]
Event: 1.310 Thread 0x000001c7582abd30 nmethod 2631% 0x000001c707bf0f10 code [0x000001c707bf10c0, 0x000001c707bf24f8]
Event: 1.310 Thread 0x000001c7582abd30 2634 %     4       java.util.jar.Manifest$FastInputStream::readLine @ 86 (296 bytes)
Event: 1.311 Thread 0x000001c758024300 2643       3       java.util.concurrent.ConcurrentHashMap::tableSizeFor (32 bytes)
Event: 1.311 Thread 0x000001c758024300 nmethod 2643 0x000001c700517510 code [0x000001c7005176c0, 0x000001c7005178c8]
Event: 1.314 Thread 0x000001c758024300 2644       3       java.lang.ReflectiveOperationException::<init> (7 bytes)
Event: 1.314 Thread 0x000001c758024300 nmethod 2644 0x000001c700517990 code [0x000001c700517b40, 0x000001c700517cc8]
Event: 1.314 Thread 0x000001c758024300 2645       3       java.lang.ClassNotFoundException::<init> (7 bytes)
Event: 1.314 Thread 0x000001c758024300 nmethod 2645 0x000001c700517d90 code [0x000001c700517f40, 0x000001c700518148]
Event: 1.316 Thread 0x000001c758024300 2646       3       java.lang.invoke.LambdaForm$MH/0x000001c714019000::invoke (94 bytes)
Event: 1.316 Thread 0x000001c758024300 nmethod 2646 0x000001c700518290 code [0x000001c7005184c0, 0x000001c700519198]
Event: 1.317 Thread 0x000001c758024300 2647       3       java.lang.NamedPackage::<init> (59 bytes)
Event: 1.318 Thread 0x000001c758024300 nmethod 2647 0x000001c700519490 code [0x000001c700519720, 0x000001c70051a1f8]
Event: 1.319 Thread 0x000001c7582abd30 nmethod 2634% 0x000001c707bf2c10 code [0x000001c707bf2de0, 0x000001c707bf3638]
Event: 1.320 Thread 0x000001c7582abd30 2616   !   4       java.util.concurrent.ConcurrentHashMap::putVal (432 bytes)
Event: 1.320 Thread 0x000001c758024300 2648       3       java.util.concurrent.ConcurrentHashMap::<init> (73 bytes)
Event: 1.321 Thread 0x000001c758024300 nmethod 2648 0x000001c70051a610 code [0x000001c70051a820, 0x000001c70051ad78]

GC Heap History (5 events):
Event: 0.447 GC heap before
{Heap before GC invocations=0 (full 0):
 garbage-first heap   total 262144K, used 22528K [0x0000000701200000, 0x0000000800000000)
  region size 2048K, 11 young (22528K), 0 survivors (0K)
 Metaspace       used 4816K, committed 4992K, reserved 1114112K
  class space    used 539K, committed 640K, reserved 1048576K
}
Event: 0.449 GC heap after
{Heap after GC invocations=1 (full 0):
 garbage-first heap   total 262144K, used 7793K [0x0000000701200000, 0x0000000800000000)
  region size 2048K, 2 young (4096K), 2 survivors (4096K)
 Metaspace       used 4816K, committed 4992K, reserved 1114112K
  class space    used 539K, committed 640K, reserved 1048576K
}
Event: 0.851 GC heap before
{Heap before GC invocations=1 (full 0):
 garbage-first heap   total 262144K, used 34417K [0x0000000701200000, 0x0000000800000000)
  region size 2048K, 15 young (30720K), 2 survivors (4096K)
 Metaspace       used 11125K, committed 11392K, reserved 1114112K
  class space    used 1404K, committed 1536K, reserved 1048576K
}
Event: 0.854 GC heap after
{Heap after GC invocations=2 (full 0):
 garbage-first heap   total 262144K, used 9989K [0x0000000701200000, 0x0000000800000000)
  region size 2048K, 2 young (4096K), 2 survivors (4096K)
 Metaspace       used 11125K, committed 11392K, reserved 1114112K
  class space    used 1404K, committed 1536K, reserved 1048576K
}
Event: 1.328 GC heap before
{Heap before GC invocations=2 (full 0):
 garbage-first heap   total 262144K, used 57093K [0x0000000701200000, 0x0000000800000000)
  region size 2048K, 26 young (53248K), 2 survivors (4096K)
 Metaspace       used 21213K, committed 21504K, reserved 1114112K
  class space    used 2727K, committed 2880K, reserved 1048576K
}

Dll operation events (12 events):
Event: 0.005 Loaded shared library C:\Users\jorge\.jdks\ms-17.0.18\bin\java.dll
Event: 0.018 Loaded shared library C:\Users\jorge\.jdks\ms-17.0.18\bin\jsvml.dll
Event: 0.096 Loaded shared library C:\Users\jorge\.jdks\ms-17.0.18\bin\zip.dll
Event: 0.097 Loaded shared library C:\Users\jorge\.jdks\ms-17.0.18\bin\instrument.dll
Event: 0.101 Loaded shared library C:\Users\jorge\.jdks\ms-17.0.18\bin\net.dll
Event: 0.102 Loaded shared library C:\Users\jorge\.jdks\ms-17.0.18\bin\nio.dll
Event: 0.104 Loaded shared library C:\Users\jorge\.jdks\ms-17.0.18\bin\zip.dll
Event: 0.172 Loaded shared library C:\Users\jorge\.jdks\ms-17.0.18\bin\extnet.dll
Event: 0.196 Loaded shared library C:\Users\jorge\.jdks\ms-17.0.18\bin\jimage.dll
Event: 0.406 Loaded shared library C:\Users\jorge\.jdks\ms-17.0.18\bin\management.dll
Event: 0.408 Loaded shared library C:\Users\jorge\.jdks\ms-17.0.18\bin\management_ext.dll
Event: 1.239 Loaded shared library C:\Users\jorge\.jdks\ms-17.0.18\bin\sunmscapi.dll

Deoptimization events (20 events):
Event: 1.275 Thread 0x000001c758bb95f0 DEOPT PACKING pc=0x000001c700140a4d sp=0x0000003dce9fd970
Event: 1.275 Thread 0x000001c758bb95f0 DEOPT UNPACKING pc=0x000001c707587143 sp=0x0000003dce9fce68 mode 0
Event: 1.275 Thread 0x000001c758bb95f0 DEOPT PACKING pc=0x000001c700140a4d sp=0x0000003dce9fd970
Event: 1.275 Thread 0x000001c758bb95f0 DEOPT UNPACKING pc=0x000001c707587143 sp=0x0000003dce9fce68 mode 0
Event: 1.276 Thread 0x000001c758bb95f0 DEOPT PACKING pc=0x000001c700140a4d sp=0x0000003dce9fd950
Event: 1.276 Thread 0x000001c758bb95f0 DEOPT UNPACKING pc=0x000001c707587143 sp=0x0000003dce9fce40 mode 0
Event: 1.276 Thread 0x000001c758bb95f0 DEOPT PACKING pc=0x000001c700140a4d sp=0x0000003dce9fd950
Event: 1.276 Thread 0x000001c758bb95f0 DEOPT UNPACKING pc=0x000001c707587143 sp=0x0000003dce9fce40 mode 0
Event: 1.276 Thread 0x000001c758bb95f0 DEOPT PACKING pc=0x000001c700140a4d sp=0x0000003dce9fd950
Event: 1.276 Thread 0x000001c758bb95f0 DEOPT UNPACKING pc=0x000001c707587143 sp=0x0000003dce9fce40 mode 0
Event: 1.276 Thread 0x000001c758bb95f0 DEOPT PACKING pc=0x000001c700140a4d sp=0x0000003dce9fd950
Event: 1.276 Thread 0x000001c758bb95f0 DEOPT UNPACKING pc=0x000001c707587143 sp=0x0000003dce9fce40 mode 0
Event: 1.276 Thread 0x000001c758bb95f0 DEOPT PACKING pc=0x000001c700140a4d sp=0x0000003dce9fd950
Event: 1.276 Thread 0x000001c758bb95f0 DEOPT UNPACKING pc=0x000001c707587143 sp=0x0000003dce9fce40 mode 0
Event: 1.277 Thread 0x000001c758bb95f0 DEOPT PACKING pc=0x000001c700140a4d sp=0x0000003dce9fd950
Event: 1.277 Thread 0x000001c758bb95f0 DEOPT UNPACKING pc=0x000001c707587143 sp=0x0000003dce9fce40 mode 0
Event: 1.289 Thread 0x000001c758bb95f0 Uncommon trap: trap_request=0xffffff45 fr.pc=0x000001c707aef3c8 relative=0x0000000000000688
Event: 1.289 Thread 0x000001c758bb95f0 Uncommon trap: reason=unstable_if action=reinterpret pc=0x000001c707aef3c8 method=java.util.jar.Manifest$FastInputStream.readLine([BII)I @ 130 c2
Event: 1.289 Thread 0x000001c758bb95f0 DEOPT PACKING pc=0x000001c707aef3c8 sp=0x0000003dce9fb960
Event: 1.289 Thread 0x000001c758bb95f0 DEOPT UNPACKING pc=0x000001c7075869a3 sp=0x0000003dce9fb8f0 mode 2

Classes loaded (20 events):
Event: 1.232 Loading class java/security/spec/ECFieldF2m
Event: 1.232 Loading class java/security/spec/ECFieldF2m done
Event: 1.235 Loading class sun/security/ssl/SunJSSE
Event: 1.235 Loading class sun/security/ssl/SunJSSE done
Event: 1.235 Loading class com/sun/crypto/provider/SunJCE
Event: 1.236 Loading class com/sun/crypto/provider/SunJCE done
Event: 1.240 Loading class com/sun/security/sasl/Provider
Event: 1.240 Loading class com/sun/security/sasl/Provider done
Event: 1.240 Loading class com/sun/security/sasl/Provider$1
Event: 1.241 Loading class com/sun/security/sasl/Provider$1 done
Event: 1.241 Loading class com/sun/security/sasl/Provider$ProviderService
Event: 1.241 Loading class com/sun/security/sasl/Provider$ProviderService done
Event: 1.241 Loading class sun/security/provider/certpath/ldap/JdkLDAP
Event: 1.241 Loading class sun/security/provider/certpath/ldap/JdkLDAP done
Event: 1.242 Loading class sun/security/provider/certpath/ldap/JdkLDAP$ProviderService
Event: 1.242 Loading class sun/security/provider/certpath/ldap/JdkLDAP$ProviderService done
Event: 1.303 Loading class javax/naming/ldap/LdapContext
Event: 1.303 Loading class javax/naming/directory/DirContext
Event: 1.303 Loading class javax/naming/directory/DirContext done
Event: 1.303 Loading class javax/naming/ldap/LdapContext done

Classes unloaded (0 events):
No events

Classes redefined (0 events):
No events

Internal exceptions (20 events):
Event: 0.692 Thread 0x000001c758bb95f0 Exception <a 'java/lang/NoSuchMethodError'{0x000000071057a0d0}: 'void java.lang.invoke.DirectMethodHandle$Holder.invokeStaticInit(java.lang.Object, java.lang.Object, java.lang.Object)'> (0x000000071057a0d0) 
thrown [s\src\hotspot\share\interpreter\linkResolver.cpp, line 759]
Event: 0.701 Thread 0x000001c758bb95f0 Exception <a 'java/lang/NoSuchMethodError'{0x00000007105f9bc0}: 'java.lang.Object java.lang.invoke.DirectMethodHandle$Holder.invokeVirtual(java.lang.Object, java.lang.Object, java.lang.Object)'> (0x00000007105f9bc0) 
thrown [s\src\hotspot\share\interpreter\linkResolver.cpp, line 759]
Event: 0.710 Thread 0x000001c758bb95f0 Exception <a 'java/lang/NoSuchMethodError'{0x000000071025bc50}: 'void java.lang.invoke.DirectMethodHandle$Holder.invokeVirtual(java.lang.Object, java.lang.Object, java.lang.Object, java.lang.Object)'> (0x000000071025bc50) 
thrown [s\src\hotspot\share\interpreter\linkResolver.cpp, line 759]
Event: 0.723 Thread 0x000001c758bb95f0 Exception <a 'java/lang/NoSuchMethodError'{0x0000000710310888}: 'java.lang.Object java.lang.invoke.DirectMethodHandle$Holder.invokeSpecial(java.lang.Object, java.lang.Object, long, java.lang.Object, java.lang.Object, java.lang.Object, java.lang.Object, java.lang.Object, java.lang.Object)'> (0x0000000710310888) 
thrown [s\src\hotspot\share\interpreter\linkResolver.cpp, line 759]
Event: 0.723 Thread 0x000001c758bb95f0 Exception <a 'java/lang/NoSuchMethodError'{0x0000000710315108}: 'java.lang.Object java.lang.invoke.DelegatingMethodHandle$Holder.reinvoke_L(java.lang.Object, long, java.lang.Object, java.lang.Object, java.lang.Object, java.lang.Object, java.lang.Object, java.lang.Object)'> (0x0000000710315108) 
thrown [s\src\hotspot\share\interpreter\linkResolver.cpp, line 759]
Event: 0.777 Thread 0x000001c758bb95f0 Exception <a 'java/lang/NoSuchMethodError'{0x000000070fe05158}: 'java.lang.Object java.lang.invoke.DirectMethodHandle$Holder.invokeStatic(java.lang.Object, int, java.lang.Object)'> (0x000000070fe05158) 
thrown [s\src\hotspot\share\interpreter\linkResolver.cpp, line 759]
Event: 0.783 Thread 0x000001c758bb95f0 Exception <a 'java/lang/NoSuchMethodError'{0x000000070fe51190}: 'java.lang.Object java.lang.invoke.DirectMethodHandle$Holder.invokeSpecial(java.lang.Object, java.lang.Object, long, java.lang.Object)'> (0x000000070fe51190) 
thrown [s\src\hotspot\share\interpreter\linkResolver.cpp, line 759]
Event: 0.785 Thread 0x000001c758bb95f0 Exception <a 'java/lang/NoSuchMethodError'{0x000000070fe65c48}: 'void java.lang.invoke.DirectMethodHandle$Holder.invokeSpecial(java.lang.Object, java.lang.Object, java.lang.Object)'> (0x000000070fe65c48) 
thrown [s\src\hotspot\share\interpreter\linkResolver.cpp, line 759]
Event: 0.793 Thread 0x000001c758bb95f0 Exception <a 'java/lang/NoSuchMethodError'{0x000000070fedda18}: 'java.lang.Object java.lang.invoke.DirectMethodHandle$Holder.invokeStatic(java.lang.Object, java.lang.Object, int)'> (0x000000070fedda18) 
thrown [s\src\hotspot\share\interpreter\linkResolver.cpp, line 759]
Event: 0.793 Thread 0x000001c758bb95f0 Exception <a 'java/lang/NoSuchMethodError'{0x000000070ff15d78}: 'void java.lang.invoke.DelegatingMethodHandle$Holder.delegate(java.lang.Object, java.lang.Object, int, java.lang.Object)'> (0x000000070ff15d78) 
thrown [s\src\hotspot\share\interpreter\linkResolver.cpp, line 759]
Event: 0.803 Thread 0x000001c758bb95f0 Exception <a 'java/lang/IncompatibleClassChangeError'{0x000000070fc60ef0}: Found class java.lang.Object, but interface was expected> (0x000000070fc60ef0) 
thrown [s\src\hotspot\share\interpreter\linkResolver.cpp, line 826]
Event: 0.811 Thread 0x000001c759037860 Exception <a 'java/lang/NoSuchMethodError'{0x000000070fcf3a98}: 'java.lang.Object java.lang.invoke.Invokers$Holder.invoke_MT(java.lang.Object, java.lang.Object, java.lang.Object)'> (0x000000070fcf3a98) 
thrown [s\src\hotspot\share\interpreter\linkResolver.cpp, line 759]
Event: 0.989 Thread 0x000001c758bb95f0 Exception <a 'java/lang/NoSuchMethodError'{0x00000007103e8ce0}: 'int java.lang.invoke.DirectMethodHandle$Holder.invokeSpecial(java.lang.Object, java.lang.Object, java.lang.Object, java.lang.Object, java.lang.Object)'> (0x00000007103e8ce0) 
thrown [s\src\hotspot\share\interpreter\linkResolver.cpp, line 759]
Event: 0.991 Thread 0x000001c758bb95f0 Exception <a 'java/lang/NoSuchMethodError'{0x00000007103f1d48}: 'void java.lang.invoke.DirectMethodHandle$Holder.invokeVirtual(java.lang.Object, java.lang.Object)'> (0x00000007103f1d48) 
thrown [s\src\hotspot\share\interpreter\linkResolver.cpp, line 759]
Event: 1.170 Thread 0x000001c759037860 Exception <a 'java/lang/NoSuchMethodError'{0x000000070eb11368}: 'long java.lang.invoke.DirectMethodHandle$Holder.invokeSpecial(java.lang.Object, java.lang.Object)'> (0x000000070eb11368) 
thrown [s\src\hotspot\share\interpreter\linkResolver.cpp, line 759]
Event: 1.171 Thread 0x000001c759037860 Exception <a 'java/lang/NoSuchMethodError'{0x000000070eb1bee0}: 'long java.lang.invoke.DirectMethodHandle$Holder.invokeStatic(java.lang.Object, java.lang.Object)'> (0x000000070eb1bee0) 
thrown [s\src\hotspot\share\interpreter\linkResolver.cpp, line 759]
Event: 1.171 Thread 0x000001c759037860 Exception <a 'java/lang/NoSuchMethodError'{0x000000070eb1f238}: 'long java.lang.invoke.DirectMethodHandle$Holder.invokeStaticInit(java.lang.Object, java.lang.Object)'> (0x000000070eb1f238) 
thrown [s\src\hotspot\share\interpreter\linkResolver.cpp, line 759]
Event: 1.172 Thread 0x000001c759037860 Exception <a 'java/lang/NoSuchMethodError'{0x000000070eb2caf8}: 'long java.lang.invoke.DirectMethodHandle$Holder.invokeInterface(java.lang.Object, java.lang.Object)'> (0x000000070eb2caf8) 
thrown [s\src\hotspot\share\interpreter\linkResolver.cpp, line 759]
Event: 1.173 Thread 0x000001c759037860 Exception <a 'java/lang/IncompatibleClassChangeError'{0x000000070eb2fde0}: Found class java.lang.Object, but interface was expected> (0x000000070eb2fde0) 
thrown [s\src\hotspot\share\interpreter\linkResolver.cpp, line 826]
Event: 1.175 Thread 0x000001c759037860 Exception <a 'java/lang/NoSuchMethodError'{0x000000070eb48398}: 'java.lang.Object java.lang.invoke.DirectMethodHandle$Holder.invokeVirtual(java.lang.Object, java.lang.Object, java.lang.Object, java.lang.Object)'> (0x000000070eb48398) 
thrown [s\src\hotspot\share\interpreter\linkResolver.cpp, line 759]

VM Operations (20 events):
Event: 0.741 Executing VM operation: HandshakeAllThreads done
Event: 0.774 Executing VM operation: HandshakeAllThreads
Event: 0.774 Executing VM operation: HandshakeAllThreads done
Event: 0.792 Executing VM operation: HandshakeAllThreads
Event: 0.792 Executing VM operation: HandshakeAllThreads done
Event: 0.851 Executing VM operation: G1CollectForAllocation
Event: 0.851 Executing VM operation: G1CollectForAllocation done
Event: 0.851 Executing VM operation: G1CollectForAllocation
Event: 0.854 Executing VM operation: G1CollectForAllocation done
Event: 0.937 Executing VM operation: HandshakeAllThreads
Event: 0.938 Executing VM operation: HandshakeAllThreads done
Event: 0.975 Executing VM operation: HandshakeAllThreads
Event: 0.975 Executing VM operation: HandshakeAllThreads done
Event: 1.199 Executing VM operation: ICBufferFull
Event: 1.199 Executing VM operation: ICBufferFull done
Event: 1.215 Executing VM operation: HandshakeAllThreads
Event: 1.215 Executing VM operation: HandshakeAllThreads done
Event: 1.230 Executing VM operation: HandshakeAllThreads
Event: 1.230 Executing VM operation: HandshakeAllThreads done
Event: 1.328 Executing VM operation: CollectForMetadataAllocation

Memory protections (0 events):
No events

Nmethod flushes (0 events):
No events

Events (20 events):
Event: 0.018 Thread 0x000001c76f6db340 Thread added: 0x000001c76f6db340
Event: 0.020 Thread 0x000001c76f6db340 Thread added: 0x000001c758005800
Event: 0.020 Thread 0x000001c76f6db340 Thread added: 0x000001c758006680
Event: 0.026 Thread 0x000001c76f6db340 Thread added: 0x000001c75800e7a0
Event: 0.026 Thread 0x000001c76f6db340 Thread added: 0x000001c758010e80
Event: 0.026 Thread 0x000001c76f6db340 Thread added: 0x000001c758012050
Event: 0.026 Thread 0x000001c76f6db340 Thread added: 0x000001c758013a20
Event: 0.026 Thread 0x000001c76f6db340 Thread added: 0x000001c75801fc20
Event: 0.026 Thread 0x000001c76f6db340 Thread added: 0x000001c758024300
Event: 0.026 Thread 0x000001c76f6db340 Thread added: 0x000001c758024910
Event: 0.081 Thread 0x000001c76f6db340 Thread added: 0x000001c77fbe4e40
Event: 0.120 Thread 0x000001c758024300 Thread added: 0x000001c7582abd30
Event: 0.163 Thread 0x000001c76f6db340 Thread added: 0x000001c7583a4060
Event: 0.163 Thread 0x000001c76f6db340 Thread added: 0x000001c7584f4870
Event: 0.450 Thread 0x000001c76f6db340 Thread added: 0x000001c758dcf9d0
Event: 0.452 Thread 0x000001c758dcf9d0 Thread added: 0x000001c758bb95f0
Event: 0.789 Thread 0x000001c758bb95f0 Thread added: 0x000001c759037860
Event: 0.968 Thread 0x000001c758024300 Thread added: 0x000001c758e31dc0
Event: 1.243 Thread 0x000001c759037860 Thread exited: 0x000001c759037860
Event: 1.279 Thread 0x000001c758bb95f0 Thread added: 0x000001c7590d2620


Dynamic libraries:
0x00007ff79ebc0000 - 0x00007ff79ebce000 	C:\Users\jorge\.jdks\ms-17.0.18\bin\java.exe
0x00007ffbe5510000 - 0x00007ffbe5708000 	C:\WINDOWS\SYSTEM32\ntdll.dll
0x00007ffbe4a80000 - 0x00007ffbe4b42000 	C:\WINDOWS\System32\KERNEL32.DLL
0x00007ffbe3160000 - 0x00007ffbe3456000 	C:\WINDOWS\System32\KERNELBASE.dll
0x00007ffbe2e50000 - 0x00007ffbe2f50000 	C:\WINDOWS\System32\ucrtbase.dll
0x00007ffbd9be0000 - 0x00007ffbd9bfe000 	C:\Users\jorge\.jdks\ms-17.0.18\bin\VCRUNTIME140.dll
0x00007ffbd9c00000 - 0x00007ffbd9c18000 	C:\Users\jorge\.jdks\ms-17.0.18\bin\jli.dll
0x00007ffbe36f0000 - 0x00007ffbe3891000 	C:\WINDOWS\System32\USER32.dll
0x00007ffbe2ff0000 - 0x00007ffbe3012000 	C:\WINDOWS\System32\win32u.dll
0x00007ffbca5f0000 - 0x00007ffbca88b000 	C:\WINDOWS\WinSxS\amd64_microsoft.windows.common-controls_6595b64144ccf1df_6.0.19041.6456_none_60b8a6cb71f64256\COMCTL32.dll
0x00007ffbe4050000 - 0x00007ffbe407b000 	C:\WINDOWS\System32\GDI32.dll
0x00007ffbe5430000 - 0x00007ffbe54ce000 	C:\WINDOWS\System32\msvcrt.dll
0x00007ffbe2bd0000 - 0x00007ffbe2ce9000 	C:\WINDOWS\System32\gdi32full.dll
0x00007ffbe2f50000 - 0x00007ffbe2fed000 	C:\WINDOWS\System32\msvcp_win.dll
0x00007ffbe4b50000 - 0x00007ffbe4b7f000 	C:\WINDOWS\System32\IMM32.DLL
0x00007ffbdc040000 - 0x00007ffbdc04c000 	C:\Users\jorge\.jdks\ms-17.0.18\bin\vcruntime140_1.dll
0x00007ffbaa1f0000 - 0x00007ffbaa279000 	C:\Users\jorge\.jdks\ms-17.0.18\bin\msvcp140.dll
0x00007ffb56fb0000 - 0x00007ffb57c2a000 	C:\Users\jorge\.jdks\ms-17.0.18\bin\server\jvm.dll
0x00007ffbe4f00000 - 0x00007ffbe4fb1000 	C:\WINDOWS\System32\ADVAPI32.dll
0x00007ffbe4bf0000 - 0x00007ffbe4c8f000 	C:\WINDOWS\System32\sechost.dll
0x00007ffbe4de0000 - 0x00007ffbe4f00000 	C:\WINDOWS\System32\RPCRT4.dll
0x00007ffbe2ba0000 - 0x00007ffbe2bc7000 	C:\WINDOWS\System32\bcrypt.dll
0x00007ffbe4230000 - 0x00007ffbe429b000 	C:\WINDOWS\System32\WS2_32.dll
0x00007ffbe2090000 - 0x00007ffbe20db000 	C:\WINDOWS\SYSTEM32\POWRPROF.dll
0x00007ffbdba70000 - 0x00007ffbdba7a000 	C:\WINDOWS\SYSTEM32\VERSION.dll
0x00007ffbd1c10000 - 0x00007ffbd1c37000 	C:\WINDOWS\SYSTEM32\WINMM.dll
0x00007ffbe1f60000 - 0x00007ffbe1f72000 	C:\WINDOWS\SYSTEM32\UMPDC.dll
0x00007ffbe09f0000 - 0x00007ffbe0a02000 	C:\WINDOWS\SYSTEM32\kernel.appcore.dll
0x00007ffbd9bc0000 - 0x00007ffbd9bca000 	C:\Users\jorge\.jdks\ms-17.0.18\bin\jimage.dll
0x00007ffbd12b0000 - 0x00007ffbd14b1000 	C:\WINDOWS\SYSTEM32\DBGHELP.DLL
0x00007ffbc2710000 - 0x00007ffbc2744000 	C:\WINDOWS\SYSTEM32\dbgcore.DLL
0x00007ffbe3020000 - 0x00007ffbe30a2000 	C:\WINDOWS\System32\bcryptPrimitives.dll
0x00007ffbc8a60000 - 0x00007ffbc8a6f000 	C:\Users\jorge\.jdks\ms-17.0.18\bin\instrument.dll
0x00007ffbc8a90000 - 0x00007ffbc8ab6000 	C:\Users\jorge\.jdks\ms-17.0.18\bin\java.dll
0x00007ffb9e3c0000 - 0x00007ffb9e496000 	C:\Users\jorge\.jdks\ms-17.0.18\bin\jsvml.dll
0x00007ffbe4310000 - 0x00007ffbe4a80000 	C:\WINDOWS\System32\SHELL32.dll
0x00007ffbe0bf0000 - 0x00007ffbe1395000 	C:\WINDOWS\SYSTEM32\windows.storage.dll
0x00007ffbe5070000 - 0x00007ffbe53c4000 	C:\WINDOWS\System32\combase.dll
0x00007ffbe24f0000 - 0x00007ffbe251b000 	C:\WINDOWS\SYSTEM32\Wldp.dll
0x00007ffbe3f20000 - 0x00007ffbe3fed000 	C:\WINDOWS\System32\OLEAUT32.dll
0x00007ffbe4c90000 - 0x00007ffbe4d3d000 	C:\WINDOWS\System32\SHCORE.dll
0x00007ffbe53d0000 - 0x00007ffbe542b000 	C:\WINDOWS\System32\shlwapi.dll
0x00007ffbe2ad0000 - 0x00007ffbe2af4000 	C:\WINDOWS\SYSTEM32\profapi.dll
0x00007ffbc7b70000 - 0x00007ffbc7b88000 	C:\Users\jorge\.jdks\ms-17.0.18\bin\zip.dll
0x00007ffbc88d0000 - 0x00007ffbc88eb000 	C:\Users\jorge\.jdks\ms-17.0.18\bin\net.dll
0x00007ffbdbce0000 - 0x00007ffbdbdea000 	C:\WINDOWS\SYSTEM32\WINHTTP.dll
0x00007ffbe22d0000 - 0x00007ffbe233a000 	C:\WINDOWS\system32\mswsock.dll
0x00007ffbc7b90000 - 0x00007ffbc7ba6000 	C:\Users\jorge\.jdks\ms-17.0.18\bin\nio.dll
0x00007ffbc78e0000 - 0x00007ffbc78e9000 	C:\Users\jorge\.jdks\ms-17.0.18\bin\extnet.dll
0x00007ffbc78d0000 - 0x00007ffbc78da000 	C:\Users\jorge\.jdks\ms-17.0.18\bin\management.dll
0x00007ffbc7830000 - 0x00007ffbc783c000 	C:\Users\jorge\.jdks\ms-17.0.18\bin\management_ext.dll
0x00007ffbe42a0000 - 0x00007ffbe42a8000 	C:\WINDOWS\System32\PSAPI.DLL
0x00007ffbc7b60000 - 0x00007ffbc7b6e000 	C:\Users\jorge\.jdks\ms-17.0.18\bin\sunmscapi.dll
0x00007ffbe2cf0000 - 0x00007ffbe2e4d000 	C:\WINDOWS\System32\CRYPT32.dll
0x00007ffbe2640000 - 0x00007ffbe2667000 	C:\WINDOWS\SYSTEM32\ncrypt.dll
0x00007ffbe2600000 - 0x00007ffbe263b000 	C:\WINDOWS\SYSTEM32\NTASN1.dll

dbghelp: loaded successfully - version: 4.0.5 - missing functions: none
symbol engine: initialized successfully - sym options: 0x614 - pdb path: .;C:\Users\jorge\.jdks\ms-17.0.18\bin;C:\WINDOWS\SYSTEM32;C:\WINDOWS\WinSxS\amd64_microsoft.windows.common-controls_6595b64144ccf1df_6.0.19041.6456_none_60b8a6cb71f64256;C:\Users\jorge\.jdks\ms-17.0.18\bin\server

VM Arguments:
jvm_args: -javaagent:C:\Program Files\JetBrains\IntelliJ IDEA Community Edition 2025.1.1.1\lib\idea_rt.jar=52099 -Dfile.encoding=UTF-8 
java_command: com.minimarket.MinimarketApplication
java_class_path (initial): C:\Users\jorge\OneDrive\Desktop\Backend II\minimarket\target\classes;C:\Users\jorge\.m2\repository\org\springframework\boot\spring-boot-starter-data-jpa\3.4.1\spring-boot-starter-data-jpa-3.4.1.jar;C:\Users\jorge\.m2\repository\org\springframework\boot\spring-boot-starter\3.4.1\spring-boot-starter-3.4.1.jar;C:\Users\jorge\.m2\repository\org\springframework\boot\spring-boot-starter-logging\3.4.1\spring-boot-starter-logging-3.4.1.jar;C:\Users\jorge\.m2\repository\ch\qos\logback\logback-classic\1.5.12\logback-classic-1.5.12.jar;C:\Users\jorge\.m2\repository\ch\qos\logback\logback-core\1.5.12\logback-core-1.5.12.jar;C:\Users\jorge\.m2\repository\org\apache\logging\log4j\log4j-to-slf4j\2.24.3\log4j-to-slf4j-2.24.3.jar;C:\Users\jorge\.m2\repository\org\apache\logging\log4j\log4j-api\2.24.3\log4j-api-2.24.3.jar;C:\Users\jorge\.m2\repository\org\slf4j\jul-to-slf4j\2.0.16\jul-to-slf4j-2.0.16.jar;C:\Users\jorge\.m2\repository\jakarta\annotation\jakarta.annotation-api\2.1.1\jakarta.annotation-api-2.1.1.jar;C:\Users\jorge\.m2\repository\org\yaml\snakeyaml\2.3\snakeyaml-2.3.jar;C:\Users\jorge\.m2\repository\org\springframework\boot\spring-boot-starter-jdbc\3.4.1\spring-boot-starter-jdbc-3.4.1.jar;C:\Users\jorge\.m2\repository\com\zaxxer\HikariCP\5.1.0\HikariCP-5.1.0.jar;C:\Users\jorge\.m2\repository\org\springframework\spring-jdbc\6.2.1\spring-jdbc-6.2.1.jar;C:\Users\jorge\.m2\repository\org\hibernate\orm\hibernate-core\6.6.4.Final\hibernate-core-6.6.4.Final.jar;C:\Users\jorge\.m2\repository\jakarta\persistence\jakarta.persistence-api\3.1.0\jakarta.persistence-api-3.1.0.jar;C:\Users\jorge\.m2\repository\jakarta\transaction\jakarta.transaction-api\2.0.1\jakarta.transaction-api-2.0.1.jar;C:\Users\jorge\.m2\repository\org\jboss\logging\jboss-logging\3.6.1.Final\jboss-logging-3.6.1.Final.jar;C:\Users\jorge\.m2\repository\org\hibernate\common\hibernate-commons-annotations\7.0.3.Final\hibernate-commons-annotations-7.0.3.Final.jar;C:\Users\jorge\.m2\reposit
Launcher Type: SUN_STANDARD

[Global flags]
     intx CICompilerCount                          = 4                                         {product} {ergonomic}
     uint ConcGCThreads                            = 3                                         {product} {ergonomic}
     uint G1ConcRefinementThreads                  = 10                                        {product} {ergonomic}
   size_t G1HeapRegionSize                         = 2097152                                   {product} {ergonomic}
    uintx GCDrainStackTargetSize                   = 64                                        {product} {ergonomic}
   size_t InitialHeapSize                          = 268435456                                 {product} {ergonomic}
   size_t MarkStackSize                            = 4194304                                   {product} {ergonomic}
   size_t MaxHeapSize                              = 4276092928                                {product} {ergonomic}
   size_t MaxNewSize                               = 2564816896                                {product} {ergonomic}
   size_t MinHeapDeltaBytes                        = 2097152                                   {product} {ergonomic}
   size_t MinHeapSize                              = 8388608                                   {product} {ergonomic}
    uintx NonNMethodCodeHeapSize                   = 5839372                                {pd product} {ergonomic}
    uintx NonProfiledCodeHeapSize                  = 122909434                              {pd product} {ergonomic}
    uintx ProfiledCodeHeapSize                     = 122909434                              {pd product} {ergonomic}
    uintx ReservedCodeCacheSize                    = 251658240                              {pd product} {ergonomic}
     bool SegmentedCodeCache                       = true                                      {product} {ergonomic}
   size_t SoftMaxHeapSize                          = 4276092928                             {manageable} {ergonomic}
     bool UseCompressedClassPointers               = true                           {product lp64_product} {ergonomic}
     bool UseCompressedOops                        = true                           {product lp64_product} {ergonomic}
     bool UseG1GC                                  = true                                      {product} {ergonomic}
     bool UseLargePagesIndividualAllocation        = false                                  {pd product} {ergonomic}

Logging:
Log output configuration:
 #0: stdout all=warning uptime,level,tags
 #1: stderr all=off uptime,level,tags

Environment Variables:
JAVA_HOME=C:\Program Files\Microsoft\jdk-21.0.10.7-hotspot\
PATH=C:\Program Files\Microsoft\jdk-21.0.10.7-hotspot\bin;C:\Program Files\Common Files\Oracle\Java\javapath;C:\app\jorge\product\21c\dbhomeXE\bin;C:\WINDOWS\system32;C:\WINDOWS;C:\WINDOWS\System32\Wbem;C:\WINDOWS\System32\WindowsPowerShell\v1.0\;C:\WINDOWS\System32\OpenSSH\;C:\Program Files\NVIDIA Corporation\NVIDIA App\NvDLISR;C:\Program Files (x86)\NVIDIA Corporation\PhysX\Common;C:\Program Files\nodejs\;C:\Program Files\Docker\Docker\resources\bin;C:\Program Files\Git\cmd;C:\Program Files\dotnet\;C:\Users\jorge\scoop\apps\maven\current\bin;C:\Users\jorge\scoop\shims;C:\Program Files\MySQL\MySQL Shell 8.0\bin\;C:\Users\jorge\AppData\Local\Programs\Python\Launcher\;C:\Users\jorge\AppData\Local\Microsoft\WindowsApps;C:\Users\jorge\AppData\Local\Programs\Microsoft VS Code\bin;C:\Program Files\JetBrains\PyCharm Community Edition 2025.1.1.1\bin;;C:\Users\jorge\AppData\Roaming\npm;C:\Users\jorge\.dotnet\tools
USERNAME=jorge
OS=Windows_NT
PROCESSOR_IDENTIFIER=Intel64 Family 6 Model 165 Stepping 5, GenuineIntel
TMP=C:\Users\jorge\AppData\Local\Temp
TEMP=C:\Users\jorge\AppData\Local\Temp



Periodic native trim disabled


---------------  S Y S T E M  ---------------

OS:
 Windows 10 , 64 bit Build 19041 (10.0.19041.5915)
OS uptime: 1 days 4:34 hours
Hyper-V role detected

CPU: total 12 (initial active 12) (6 cores per cpu, 2 threads per core) family 6 model 165 stepping 5 microcode 0xca, cx8, cmov, fxsr, ht, mmx, 3dnowpref, sse, sse2, sse3, ssse3, sse4.1, sse4.2, popcnt, lzcnt, tsc, tscinvbit, avx, avx2, aes, erms, clmul, bmi1, bmi2, adx, fma, vzeroupper, clflush, clflushopt, hv
Processor Information for the first 12 processors :
  Max Mhz: 4104, Current Mhz: 3803, Mhz Limit: 4104

Memory: 4k page, system-wide physical 16310M (4801M free)
TotalPageFile size 27574M (AvailPageFile size 8614M)
current process WorkingSet (physical memory assigned to process): 172M, peak: 175M
current process commit charge ("private bytes"): 417M, peak: 420M

vm_info: OpenJDK 64-Bit Server VM (17.0.18+8-LTS) for windows-amd64 JRE (17.0.18+8-LTS), built on Jan 15 2026 18:50:45 by "MicrosoftCorporation" with MS VC++ 17.14 (VS2022)

END.
