#
# A fatal error has been detected by the Java Runtime Environment:
#
#  EXCEPTION_ACCESS_VIOLATION (0xc0000005) at pc=0x00007ffb57326720, pid=20440, tid=13724
#
# JRE version: OpenJDK Runtime Environment Microsoft-13106358 (17.0.18+8) (build 17.0.18+8-LTS)
# Java VM: OpenJDK 64-Bit Server VM Microsoft-13106358 (17.0.18+8-LTS, mixed mode, sharing, tiered, compressed oops, compressed class ptrs, g1 gc, windows-amd64)
# Problematic frame:
# V  [jvm.dll+0x376720]
#
# No core dump will be written. Minidumps are not enabled by default on client versions of Windows
#
# If you would like to submit a bug report, please visit:
#   https://github.com/microsoft/openjdk/issues
#

---------------  S U M M A R Y ------------

Command Line: -javaagent:C:\Program Files\JetBrains\IntelliJ IDEA Community Edition 2025.1.1.1\lib\idea_rt.jar=51544 -Dfile.encoding=UTF-8 com.minimarket.MinimarketApplication

Host: Intel(R) Core(TM) i5-10600K CPU @ 4.10GHz, 12 cores, 15G,  Windows 10 , 64 bit Build 19041 (10.0.19041.5915)
Time: Sat Jul 18 16:51:09 2026 Hora est. Sudam廨ica Pac璗ico elapsed time: 185.505388 seconds (0d 0h 3m 5s)

---------------  T H R E A D  ---------------

Current thread (0x000001bd50818f80):  JavaThread "C2 CompilerThread2" daemon [_thread_in_native, id=13724, stack(0x0000007d4b500000,0x0000007d4b600000)]


Current CompileTask:
C2:185505 9487       4       org.springframework.core.annotation.TypeMappedAnnotation::getValue (151 bytes)

Stack: [0x0000007d4b500000,0x0000007d4b600000],  sp=0x0000007d4b5fb7e0,  free space=1005k
Native frames: (J=compiled Java code, j=interpreted, Vv=VM code, C=native code)
V  [jvm.dll+0x376720]  (no source info available)
V  [jvm.dll+0x36fcf1]  (no source info available)
V  [jvm.dll+0x1c0937]  (no source info available)
V  [jvm.dll+0x21e080]  (no source info available)
V  [jvm.dll+0x21d36d]  (no source info available)
V  [jvm.dll+0x1a8ce6]  (no source info available)
V  [jvm.dll+0x22db1b]  (no source info available)
V  [jvm.dll+0x22bca6]  (no source info available)
V  [jvm.dll+0x7fbabb]  (no source info available)
V  [jvm.dll+0x7f5ebc]  (no source info available)
V  [jvm.dll+0x68de17]  (no source info available)
C  [ucrtbase.dll+0x21bb2]  (no source info available)
C  [KERNEL32.DLL+0x17374]  (no source info available)
C  [ntdll.dll+0x4cc91]  (no source info available)


siginfo: EXCEPTION_ACCESS_VIOLATION (0xc0000005), reading address 0x00007feb57b4b1b8


Registers:
RAX=0x0000000000000000, RBX=0x0000007d4b5fb830, RCX=0x0000000000000000, RDX=0x00007feb57b4b1b8
RSP=0x0000007d4b5fb7e0, RBP=0x0000007d4b5fb950, RSI=0x00007ffb57b4b1b8, RDI=0x0000000000000004
R8 =0x000001bd980cae10, R9 =0x0000000000000005, R10=0x0000000000000000, R11=0x0000007d4b5fb740
R12=0x0000000000000000, R13=0x0000000000000001, R14=0x0000000000000016, R15=0x00007ffb57b4b1b8
RIP=0x00007ffb57326720, EFLAGS=0x0000000000010246

XMM[0]=0x0000000000000000 0x0000000000000000
XMM[1]=0x0000000000000000 0x0000000000000000
XMM[2]=0x0000000000000000 0x0000000000000000
XMM[3]=0x0000000000000000 0x0000000000000000
XMM[4]=0x0000000000000000 0x0000000000000000
XMM[5]=0x0000000000000000 0x0000000000000000
XMM[6]=0x0000000000000000 0x0000000000000000
XMM[7]=0x0000000000000000 0x0000000000000000
XMM[8]=0x0000000000000000 0x0000000000000000
XMM[9]=0x0000000000000000 0x0000000000000000
XMM[10]=0x0000000000000000 0x0000000000000000
XMM[11]=0x0000000000000000 0x0000000000000000
XMM[12]=0x0000000000000000 0x0000000000000000
XMM[13]=0x0000000000000000 0x0000000000000000
XMM[14]=0x0000000000000000 0x0000000000000000
XMM[15]=0x0000000000000000 0x0000000000000000
  MXCSR=0x00001fa0


Register to memory mapping:

RIP=0x00007ffb57326720 jvm.dll
RAX=0x0 is NULL
RBX=0x0000007d4b5fb830 is pointing into the stack for thread: 0x000001bd50818f80
RCX=0x0 is NULL
RDX=0x00007feb57b4b1b8 is an unknown value
RSP=0x0000007d4b5fb7e0 is pointing into the stack for thread: 0x000001bd50818f80
RBP=0x0000007d4b5fb950 is pointing into the stack for thread: 0x000001bd50818f80
RSI=0x00007ffb57b4b1b8 jvm.dll
RDI=0x0000000000000004 is an unknown value
R8 =0x000001bd980cae10 points into unknown readable memory: 0x0000001e00000001 | 01 00 00 00 1e 00 00 00
R9 =0x0000000000000005 is an unknown value
R10=0x0 is NULL
R11=0x0000007d4b5fb740 is pointing into the stack for thread: 0x000001bd50818f80
R12=0x0 is NULL
R13=0x0000000000000001 is an unknown value
R14=0x0000000000000016 is an unknown value
R15=0x00007ffb57b4b1b8 jvm.dll


Top of Stack: (sp=0x0000007d4b5fb7e0)
0x0000007d4b5fb7e0:   000001bd996701b0 000001bd96881500
0x0000007d4b5fb7f0:   0000000000298690 00007ffb579249e8
0x0000007d4b5fb800:   000001bd980cab90 00007ffb5731fcf1
0x0000007d4b5fb810:   0000000000001d16 0000000000001d16
0x0000007d4b5fb820:   000001bd99670100 0000000000000000
0x0000007d4b5fb830:   0000000000000000 0000000400000000
0x0000007d4b5fb840:   0000001e00000000 00007feb57b4b1b8
0x0000007d4b5fb850:   000001bd99d74910 000001bd980cae10
0x0000007d4b5fb860:   000001bd50097c10 0000000000000000
0x0000007d4b5fb870:   0000007d4b5fb980 00007ffb57170937
0x0000007d4b5fb880:   0000007d4b5fbd00 000001bd50097fe8
0x0000007d4b5fb890:   0000007d4b5fbde0 000001bd50097c00
0x0000007d4b5fb8a0:   000001bd99b46000 0000000000000002
0x0000007d4b5fb8b0:   000001bd00000006 000001bd50097c00
0x0000007d4b5fb8c0:   000001bd994af1e0 000001bd994b4b30
0x0000007d4b5fb8d0:   000001bd994b71c8 0000000000a8d390
0x0000007d4b5fb8e0:   000001bd50097c10 000000000000000d
0x0000007d4b5fb8f0:   0000000000000000 0000000000000000
0x0000007d4b5fb900:   0000000000000000 0000000000000000
0x0000007d4b5fb910:   0000000000000000 00007ffb578f1e50
0x0000007d4b5fb920:   0000000000000000 0000007d4b5fe640
0x0000007d4b5fb930:   0000000000000000 00007ffb578f1e50
0x0000007d4b5fb940:   00007ffb57900e00 000000000000359c
0x0000007d4b5fb950:   000000000000000c 0000007d4b5fe640
0x0000007d4b5fb960:   000001bd97fa8050 000001bd98d92300
0x0000007d4b5fb970:   000001bd9c435050 0000000000002aec
0x0000007d4b5fb980:   0000007d4b5fb8b0 000001bd50097c10
0x0000007d4b5fb990:   00007ffb578f1e20 000000000000000d
0x0000007d4b5fb9a0:   0000007d4b5fe640 0000007d4b5fbd00
0x0000007d4b5fb9b0:   0000000000002c68 0000000000000000
0x0000007d4b5fb9c0:   000000000000000a 0000007d4b5fe640
0x0000007d4b5fb9d0:   000001bd9b5eddc0 0000000000000000 

Instructions: (pc=0x00007ffb57326720)
0x00007ffb57326620:   48 8b 8e d0 08 00 00 48 85 c9 75 0c e8 df 0b 00
0x00007ffb57326630:   00 48 8b 8e d0 08 00 00 48 8b 01 0f 57 c0 48 89
0x00007ffb57326640:   86 d0 08 00 00 0f 11 01 0f 11 41 10 0f 10 45 00
0x00007ffb57326650:   0f 11 01 0f 10 4d 10 0f 11 49 10 48 8b 43 08 49
0x00007ffb57326660:   89 0c 06 48 8d 0d 4e 4b 82 00 ff c7 ba 48 00 00
0x00007ffb57326670:   00 3b bb 90 00 00 00 0f 82 63 ff ff ff 4c 8b 74
0x00007ffb57326680:   24 58 4c 8b 64 24 50 48 8b c3 48 8b 5c 24 60 48
0x00007ffb57326690:   83 c4 20 41 5f 41 5d 5f 5e 5d c3 cc cc cc cc cc
0x00007ffb573266a0:   40 53 48 83 ec 20 48 8b d9 8b 49 0c 83 f9 04 73
0x00007ffb573266b0:   2b 4c 8b 43 18 44 8d 49 01 0f 1f 80 00 00 00 00
0x00007ffb573266c0:   8b c1 49 83 3c c0 00 49 8d 14 c0 0f 85 90 00 00
0x00007ffb573266d0:   00 ff c1 41 ff c1 41 83 f9 05 72 e4 48 89 74 24
0x00007ffb573266e0:   30 48 89 7c 24 38 8b 7b 10 3b 7b 14 73 61 48 8d
0x00007ffb573266f0:   35 c3 4a 82 00 66 66 66 0f 1f 84 00 00 00 00 00
0x00007ffb57326700:   48 8b 43 20 8b cf 48 8b 14 c8 48 3b d6 74 39 33
0x00007ffb57326710:   c0 48 89 53 18 33 c9 66 0f 1f 84 00 00 00 00 00
0x00007ffb57326720:   48 83 3c 11 00 44 8d 48 01 75 6e 48 83 c1 08 41
0x00007ffb57326730:   8b c1 41 83 f9 04 72 e8 48 8b 4b 28 48 85 c9 74
0x00007ffb57326740:   07 8b d7 e8 58 01 00 00 ff c7 3b 7b 14 72 b1 48
0x00007ffb57326750:   8b 74 24 30 33 c0 48 8b 7c 24 38 48 83 c4 20 5b
0x00007ffb57326760:   c3 8b 43 10 44 8d 04 81 41 c1 e0 06 41 81 c0 00
0x00007ffb57326770:   ff ff ff 44 89 43 08 48 8b 12 48 0f bc c2 44 89
0x00007ffb57326780:   4b 0c 8b c8 48 d3 ea 48 ff ca 41 03 c0 48 89 13
0x00007ffb57326790:   89 43 08 48 83 c4 20 5b c3 48 8b 74 24 30 44 8d
0x00007ffb573267a0:   04 b8 8b c8 8d 47 01 48 8b 7c 24 38 41 c1 e0 06
0x00007ffb573267b0:   44 89 43 08 48 8b 14 ca 89 43 10 48 0f bc c2 44
0x00007ffb573267c0:   89 4b 0c 8b c8 48 d3 ea 48 ff ca 41 03 c0 48 89
0x00007ffb573267d0:   13 89 43 08 48 83 c4 20 5b c3 cc cc cc cc cc cc
0x00007ffb573267e0:   40 53 48 83 ec 20 65 48 8b 04 25 58 00 00 00 8b
0x00007ffb573267f0:   0d c3 3f 86 00 48 8b 1c c8 b8 48 00 00 00 80 3c
0x00007ffb57326800:   18 00 75 05 e8 af ad 52 00 b8 18 00 00 00 48 8b
0x00007ffb57326810:   04 18 48 8b 88 e0 04 00 00 48 8b 99 80 00 00 00 


Stack slot to memory mapping:
stack at sp + 0 slots: 0x000001bd996701b0 points into unknown readable memory: 0x0000003000000006 | 06 00 00 00 30 00 00 00
stack at sp + 1 slots: 0x000001bd96881500 points into unknown readable memory: 0x3c726f7463617274 | 74 72 61 63 74 6f 72 3c
stack at sp + 2 slots: 0x0000000000298690 is an unknown value
stack at sp + 3 slots: 0x00007ffb579249e8 jvm.dll
stack at sp + 4 slots: 0x000001bd980cab90 points into unknown readable memory: 0x0000001e0000001e | 1e 00 00 00 1e 00 00 00
stack at sp + 5 slots: 0x00007ffb5731fcf1 jvm.dll
stack at sp + 6 slots: 0x0000000000001d16 is an unknown value
stack at sp + 7 slots: 0x0000000000001d16 is an unknown value


---------------  P R O C E S S  ---------------

Threads class SMR info:
_java_thread_list=0x000001bd978915a0, length=36, elements={
0x000001bd5006e510, 0x000001bd500720a0, 0x000001bd50083550, 0x000001bd50083e20,
0x000001bd50086700, 0x000001bd50086fd0, 0x000001bd50087bd0, 0x000001bd500884e0,
0x000001bd50094300, 0x000001bd50057140, 0x000001bd506ffb30, 0x000001bd50700010,
0x000001bd985ca060, 0x000001bd985ca570, 0x000001bd985cb4a0, 0x000001bd985cd810,
0x000001bd985cbec0, 0x000001bd985cc3d0, 0x000001bd985ccdf0, 0x000001bd985cd300,
0x000001bd9d6a2090, 0x000001bd9d69c570, 0x000001bd9d69fd20, 0x000001bd9d69e3d0,
0x000001bd9d6a25a0, 0x000001bd9d69edf0, 0x000001bd9d6a0c50, 0x000001bd9d69d4a0,
0x000001bd9d69f810, 0x000001bd9d6a2ab0, 0x000001bd9d6a2fc0, 0x000001bd9d6a1160,
0x000001bd9d69dec0, 0x000001bd9d6a1670, 0x000001bd99a2a390, 0x000001bd50818f80
}

Java Threads: ( => current thread )
  0x000001bd5006e510 JavaThread "Reference Handler" daemon [_thread_blocked, id=12752, stack(0x0000007d4be00000,0x0000007d4bf00000)]
  0x000001bd500720a0 JavaThread "Finalizer" daemon [_thread_blocked, id=9540, stack(0x0000007d4bf00000,0x0000007d4c000000)]
  0x000001bd50083550 JavaThread "Signal Dispatcher" daemon [_thread_blocked, id=20904, stack(0x0000007d4c000000,0x0000007d4c100000)]
  0x000001bd50083e20 JavaThread "Attach Listener" daemon [_thread_blocked, id=92, stack(0x0000007d4c100000,0x0000007d4c200000)]
  0x000001bd50086700 JavaThread "Service Thread" daemon [_thread_blocked, id=20088, stack(0x0000007d4c200000,0x0000007d4c300000)]
  0x000001bd50086fd0 JavaThread "Monitor Deflation Thread" daemon [_thread_blocked, id=13356, stack(0x0000007d4c300000,0x0000007d4c400000)]
  0x000001bd50087bd0 JavaThread "C2 CompilerThread0" daemon [_thread_blocked, id=14584, stack(0x0000007d4c400000,0x0000007d4c500000)]
  0x000001bd500884e0 JavaThread "C1 CompilerThread0" daemon [_thread_blocked, id=19760, stack(0x0000007d4c500000,0x0000007d4c600000)]
  0x000001bd50094300 JavaThread "Sweeper thread" daemon [_thread_blocked, id=16380, stack(0x0000007d4c600000,0x0000007d4c700000)]
  0x000001bd50057140 JavaThread "Common-Cleaner" daemon [_thread_blocked, id=6256, stack(0x0000007d4c700000,0x0000007d4c800000)]
  0x000001bd506ffb30 JavaThread "Monitor Ctrl-Break" daemon [_thread_in_native, id=4752, stack(0x0000007d4c900000,0x0000007d4ca00000)]
  0x000001bd50700010 JavaThread "Notification Thread" daemon [_thread_blocked, id=18340, stack(0x0000007d4ca00000,0x0000007d4cb00000)]
  0x000001bd985ca060 JavaThread "HikariPool-1 housekeeper" daemon [_thread_blocked, id=20428, stack(0x0000007d4d400000,0x0000007d4d500000)]
  0x000001bd985ca570 JavaThread "Catalina-utility-1" [_thread_blocked, id=17480, stack(0x0000007d4dc00000,0x0000007d4dd00000)]
  0x000001bd985cb4a0 JavaThread "Catalina-utility-2" [_thread_blocked, id=11028, stack(0x0000007d4dd00000,0x0000007d4de00000)]
  0x000001bd985cd810 JavaThread "container-0" [_thread_blocked, id=300, stack(0x0000007d4de00000,0x0000007d4df00000)]
  0x000001bd985cbec0 JavaThread "File Watcher" daemon [_thread_blocked, id=17624, stack(0x0000007d4df00000,0x0000007d4e000000)]
  0x000001bd985cc3d0 JavaThread "Live Reload Server" daemon [_thread_in_native, id=14688, stack(0x0000007d4e100000,0x0000007d4e200000)]
  0x000001bd985ccdf0 JavaThread "http-nio-8080-exec-1" daemon [_thread_blocked, id=19364, stack(0x0000007d4e000000,0x0000007d4e100000)]
  0x000001bd985cd300 JavaThread "http-nio-8080-exec-2" daemon [_thread_blocked, id=636, stack(0x0000007d4e200000,0x0000007d4e300000)]
  0x000001bd9d6a2090 JavaThread "http-nio-8080-exec-3" daemon [_thread_blocked, id=19480, stack(0x0000007d4e300000,0x0000007d4e400000)]
  0x000001bd9d69c570 JavaThread "http-nio-8080-exec-4" daemon [_thread_blocked, id=13432, stack(0x0000007d4e400000,0x0000007d4e500000)]
  0x000001bd9d69fd20 JavaThread "http-nio-8080-exec-5" daemon [_thread_blocked, id=15044, stack(0x0000007d4e500000,0x0000007d4e600000)]
  0x000001bd9d69e3d0 JavaThread "http-nio-8080-exec-6" daemon [_thread_blocked, id=15328, stack(0x0000007d4e600000,0x0000007d4e700000)]
  0x000001bd9d6a25a0 JavaThread "http-nio-8080-exec-7" daemon [_thread_blocked, id=8796, stack(0x0000007d4e700000,0x0000007d4e800000)]
  0x000001bd9d69edf0 JavaThread "http-nio-8080-exec-8" daemon [_thread_blocked, id=2300, stack(0x0000007d4e800000,0x0000007d4e900000)]
  0x000001bd9d6a0c50 JavaThread "http-nio-8080-exec-9" daemon [_thread_blocked, id=17952, stack(0x0000007d4e900000,0x0000007d4ea00000)]
  0x000001bd9d69d4a0 JavaThread "http-nio-8080-exec-10" daemon [_thread_blocked, id=20484, stack(0x0000007d4ea00000,0x0000007d4eb00000)]
  0x000001bd9d69f810 JavaThread "http-nio-8080-Poller" daemon [_thread_in_native, id=15216, stack(0x0000007d4eb00000,0x0000007d4ec00000)]
  0x000001bd9d6a2ab0 JavaThread "http-nio-8080-Acceptor" daemon [_thread_in_native, id=14324, stack(0x0000007d4ec00000,0x0000007d4ed00000)]
  0x000001bd9d6a2fc0 JavaThread "DestroyJavaVM" [_thread_blocked, id=12552, stack(0x0000007d4b700000,0x0000007d4b800000)]
  0x000001bd9d6a1160 JavaThread "ForkJoinPool.commonPool-worker-2" daemon [_thread_blocked, id=17904, stack(0x0000007d4ed00000,0x0000007d4ee00000)]
  0x000001bd9d69dec0 JavaThread "ForkJoinPool.commonPool-worker-3" daemon [_thread_blocked, id=13300, stack(0x0000007d4ee00000,0x0000007d4ef00000)]
  0x000001bd9d6a1670 JavaThread "ForkJoinPool.commonPool-worker-4" daemon [_thread_blocked, id=14304, stack(0x0000007d4ef00000,0x0000007d4f000000)]
  0x000001bd99a2a390 JavaThread "C2 CompilerThread1" daemon [_thread_blocked, id=17636, stack(0x0000007d4b400000,0x0000007d4b500000)]
=>0x000001bd50818f80 JavaThread "C2 CompilerThread2" daemon [_thread_in_native, id=13724, stack(0x0000007d4b500000,0x0000007d4b600000)]

Other Threads:
  0x000001bd5006c1d0 VMThread "VM Thread" [stack: 0x0000007d4bd00000,0x0000007d4be00000] [id=14540]
  0x000001bd50245030 WatcherThread [stack: 0x0000007d4cb00000,0x0000007d4cc00000] [id=4732]
  0x000001bd2cbea9e0 GCTaskThread "GC Thread#0" [stack: 0x0000007d4b800000,0x0000007d4b900000] [id=21384]
  0x000001bd96110a10 GCTaskThread "GC Thread#1" [stack: 0x0000007d4cc00000,0x0000007d4cd00000] [id=18244]
  0x000001bd96110ce0 GCTaskThread "GC Thread#2" [stack: 0x0000007d4cd00000,0x0000007d4ce00000] [id=20968]
  0x000001bd96110470 GCTaskThread "GC Thread#3" [stack: 0x0000007d4ce00000,0x0000007d4cf00000] [id=3212]
  0x000001bd9610fed0 GCTaskThread "GC Thread#4" [stack: 0x0000007d4cf00000,0x0000007d4d000000] [id=14456]
  0x000001bd96110fb0 GCTaskThread "GC Thread#5" [stack: 0x0000007d4d000000,0x0000007d4d100000] [id=7160]
  0x000001bd96110740 GCTaskThread "GC Thread#6" [stack: 0x0000007d4d500000,0x0000007d4d600000] [id=21244]
  0x000001bd9610f660 GCTaskThread "GC Thread#7" [stack: 0x0000007d4d600000,0x0000007d4d700000] [id=5488]
  0x000001bd9610f930 GCTaskThread "GC Thread#8" [stack: 0x0000007d4d700000,0x0000007d4d800000] [id=17892]
  0x000001bd9610fc00 GCTaskThread "GC Thread#9" [stack: 0x0000007d4d800000,0x0000007d4d900000] [id=10972]
  0x000001bd2cbfb620 ConcurrentGCThread "G1 Main Marker" [stack: 0x0000007d4b900000,0x0000007d4ba00000] [id=14756]
  0x000001bd2cbfc460 ConcurrentGCThread "G1 Conc#0" [stack: 0x0000007d4ba00000,0x0000007d4bb00000] [id=19280]
  0x000001bd967c8870 ConcurrentGCThread "G1 Conc#1" [stack: 0x0000007d4da00000,0x0000007d4db00000] [id=17516]
  0x000001bd967c6f20 ConcurrentGCThread "G1 Conc#2" [stack: 0x0000007d4db00000,0x0000007d4dc00000] [id=21152]
  0x000001bd4ff1c990 ConcurrentGCThread "G1 Refine#0" [stack: 0x0000007d4bb00000,0x0000007d4bc00000] [id=10916]
  0x000001bd4ff1e090 ConcurrentGCThread "G1 Service" [stack: 0x0000007d4bc00000,0x0000007d4bd00000] [id=8040]

Threads with active compile tasks:
C2 CompilerThread2  185527 9487       4       org.springframework.core.annotation.TypeMappedAnnotation::getValue (151 bytes)

VM state: not at safepoint (normal execution)

VM Mutex/Monitor currently owned by a thread: None

Heap address: 0x0000000701200000, size: 4078 MB, Compressed Oops mode: Zero based, Oop shift amount: 3

CDS archive(s) mapped at: [0x000001bd51000000-0x000001bd51bb0000-0x000001bd51bb0000), size 12255232, SharedBaseAddress: 0x000001bd51000000, ArchiveRelocationMode: 1.
Compressed class space mapped at: 0x000001bd52000000-0x000001bd92000000, reserved size: 1073741824
Narrow klass base: 0x000001bd51000000, Narrow klass shift: 0, Narrow klass range: 0x100000000

GC Precious Log:
 CPUs: 12 total, 12 available
 Memory: 16310M
 Large Page Support: Disabled
 NUMA Support: Disabled
 Compressed Oops: Enabled (Zero based)
 Heap Region Size: 2M
 Heap Min Capacity: 8M
 Heap Initial Capacity: 256M
 Heap Max Capacity: 4078M
 Pre-touch: Disabled
 Parallel Workers: 10
 Concurrent Workers: 3
 Concurrent Refinement Workers: 10
 Periodic GC: Disabled

Heap:
 garbage-first heap   total 102400K, used 65540K [0x0000000701200000, 0x0000000800000000)
  region size 2048K, 16 young (32768K), 3 survivors (6144K)
 Metaspace       used 87228K, committed 88064K, reserved 1179648K
  class space    used 11892K, committed 12288K, reserved 1048576K

Heap Regions: E=young(eden), S=young(survivor), O=old, HS=humongous(starts), HC=humongous(continues), CS=collection set, F=free, OA=open archive, CA=closed archive, TAMS=top-at-mark-start (previous, next)
|   0|0x0000000701200000, 0x0000000701400000, 0x0000000701400000|100%| O|  |TAMS 0x0000000701400000, 0x0000000701200000| Untracked 
|   1|0x0000000701400000, 0x0000000701600000, 0x0000000701600000|100%| O|  |TAMS 0x0000000701600000, 0x0000000701400000| Untracked 
|   2|0x0000000701600000, 0x0000000701800000, 0x0000000701800000|100%| O|  |TAMS 0x0000000701800000, 0x0000000701600000| Untracked 
|   3|0x0000000701800000, 0x0000000701a00000, 0x0000000701a00000|100%| O|  |TAMS 0x0000000701a00000, 0x0000000701800000| Untracked 
|   4|0x0000000701a00000, 0x0000000701c00000, 0x0000000701c00000|100%| O|  |TAMS 0x0000000701c00000, 0x0000000701a00000| Untracked 
|   5|0x0000000701c00000, 0x0000000701e00000, 0x0000000701e00000|100%| O|  |TAMS 0x0000000701e00000, 0x0000000701c00000| Untracked 
|   6|0x0000000701e00000, 0x0000000702000000, 0x0000000702000000|100%| O|  |TAMS 0x0000000702000000, 0x0000000701e00000| Untracked 
|   7|0x0000000702000000, 0x0000000702200000, 0x0000000702200000|100%| O|  |TAMS 0x0000000702200000, 0x0000000702000000| Untracked 
|   8|0x0000000702200000, 0x0000000702400000, 0x0000000702400000|100%| O|  |TAMS 0x0000000702400000, 0x0000000702200000| Untracked 
|   9|0x0000000702400000, 0x0000000702600000, 0x0000000702600000|100%| O|  |TAMS 0x0000000702600000, 0x0000000702400000| Untracked 
|  10|0x0000000702600000, 0x0000000702800000, 0x0000000702800000|100%| O|  |TAMS 0x0000000702800000, 0x0000000702600000| Untracked 
|  11|0x0000000702800000, 0x0000000702a00000, 0x0000000702a00000|100%| O|  |TAMS 0x0000000702a00000, 0x0000000702800000| Untracked 
|  12|0x0000000702a00000, 0x0000000702c00000, 0x0000000702c00000|100%| O|  |TAMS 0x0000000702a00000, 0x0000000702a00000| Untracked 
|  13|0x0000000702c00000, 0x0000000702e00000, 0x0000000702e00000|100%| O|  |TAMS 0x0000000702e00000, 0x0000000702c00000| Untracked 
|  14|0x0000000702e00000, 0x0000000703000000, 0x0000000703000000|100%| O|  |TAMS 0x0000000703000000, 0x0000000702e00000| Untracked 
|  15|0x0000000703000000, 0x0000000703200000, 0x0000000703200000|100%| O|  |TAMS 0x00000007030f8a00, 0x0000000703000000| Untracked 
|  16|0x0000000703200000, 0x0000000703400000, 0x0000000703400000|100%| O|  |TAMS 0x0000000703200000, 0x0000000703200000| Untracked 
|  17|0x0000000703400000, 0x0000000703548800, 0x0000000703600000| 64%| O|  |TAMS 0x0000000703400000, 0x0000000703400000| Untracked 
|  18|0x0000000703600000, 0x0000000703600000, 0x0000000703800000|  0%| F|  |TAMS 0x0000000703600000, 0x0000000703600000| Untracked 
|  19|0x0000000703800000, 0x0000000703800000, 0x0000000703a00000|  0%| F|  |TAMS 0x0000000703800000, 0x0000000703800000| Untracked 
|  20|0x0000000703a00000, 0x0000000703a00000, 0x0000000703c00000|  0%| F|  |TAMS 0x0000000703a00000, 0x0000000703a00000| Untracked 
|  21|0x0000000703c00000, 0x0000000703c00000, 0x0000000703e00000|  0%| F|  |TAMS 0x0000000703c00000, 0x0000000703c00000| Untracked 
|  22|0x0000000703e00000, 0x0000000703eb8950, 0x0000000704000000| 36%| S|CS|TAMS 0x0000000703e00000, 0x0000000703e00000| Complete 
|  23|0x0000000704000000, 0x0000000704000000, 0x0000000704200000|  0%| F|  |TAMS 0x0000000704000000, 0x0000000704000000| Untracked 
|  24|0x0000000704200000, 0x0000000704200000, 0x0000000704400000|  0%| F|  |TAMS 0x0000000704200000, 0x0000000704200000| Untracked 
|  25|0x0000000704400000, 0x0000000704600000, 0x0000000704600000|100%| S|CS|TAMS 0x0000000704400000, 0x0000000704400000| Complete 
|  26|0x0000000704600000, 0x0000000704800000, 0x0000000704800000|100%| S|CS|TAMS 0x0000000704600000, 0x0000000704600000| Complete 
|  27|0x0000000704800000, 0x0000000704800000, 0x0000000704a00000|  0%| F|  |TAMS 0x0000000704800000, 0x0000000704800000| Untracked 
|  28|0x0000000704a00000, 0x0000000704a00000, 0x0000000704c00000|  0%| F|  |TAMS 0x0000000704a00000, 0x0000000704a00000| Untracked 
|  29|0x0000000704c00000, 0x0000000704c00000, 0x0000000704e00000|  0%| F|  |TAMS 0x0000000704c00000, 0x0000000704c00000| Untracked 
|  30|0x0000000704e00000, 0x0000000704e00000, 0x0000000705000000|  0%| F|  |TAMS 0x0000000704e00000, 0x0000000704e00000| Untracked 
|  31|0x0000000705000000, 0x0000000705000000, 0x0000000705200000|  0%| F|  |TAMS 0x0000000705000000, 0x0000000705000000| Untracked 
|  32|0x0000000705200000, 0x0000000705200000, 0x0000000705400000|  0%| F|  |TAMS 0x0000000705200000, 0x0000000705200000| Untracked 
|  33|0x0000000705400000, 0x0000000705400000, 0x0000000705600000|  0%| F|  |TAMS 0x0000000705400000, 0x0000000705400000| Untracked 
|  34|0x0000000705600000, 0x0000000705600000, 0x0000000705800000|  0%| F|  |TAMS 0x0000000705600000, 0x0000000705600000| Untracked 
|  35|0x0000000705800000, 0x0000000705800000, 0x0000000705a00000|  0%| F|  |TAMS 0x0000000705800000, 0x0000000705800000| Untracked 
|  36|0x0000000705a00000, 0x0000000705a00000, 0x0000000705c00000|  0%| F|  |TAMS 0x0000000705a00000, 0x0000000705a00000| Untracked 
|  37|0x0000000705c00000, 0x0000000705c4af70, 0x0000000705e00000| 14%| E|  |TAMS 0x0000000705c00000, 0x0000000705c00000| Complete 
|  38|0x0000000705e00000, 0x0000000706000000, 0x0000000706000000|100%| E|CS|TAMS 0x0000000705e00000, 0x0000000705e00000| Complete 
|  39|0x0000000706000000, 0x0000000706200000, 0x0000000706200000|100%| E|CS|TAMS 0x0000000706000000, 0x0000000706000000| Complete 
|  40|0x0000000706200000, 0x0000000706400000, 0x0000000706400000|100%| E|CS|TAMS 0x0000000706200000, 0x0000000706200000| Complete 
|  41|0x0000000706400000, 0x0000000706600000, 0x0000000706600000|100%| E|CS|TAMS 0x0000000706400000, 0x0000000706400000| Complete 
|  42|0x0000000706600000, 0x0000000706800000, 0x0000000706800000|100%| E|CS|TAMS 0x0000000706600000, 0x0000000706600000| Complete 
|  43|0x0000000706800000, 0x0000000706a00000, 0x0000000706a00000|100%| E|CS|TAMS 0x0000000706800000, 0x0000000706800000| Complete 
|  44|0x0000000706a00000, 0x0000000706c00000, 0x0000000706c00000|100%| E|CS|TAMS 0x0000000706a00000, 0x0000000706a00000| Complete 
|  97|0x000000070d400000, 0x000000070d600000, 0x000000070d600000|100%| E|CS|TAMS 0x000000070d400000, 0x000000070d400000| Complete 
|  98|0x000000070d600000, 0x000000070d800000, 0x000000070d800000|100%| E|CS|TAMS 0x000000070d600000, 0x000000070d600000| Complete 
|  99|0x000000070d800000, 0x000000070da00000, 0x000000070da00000|100%| E|CS|TAMS 0x000000070d800000, 0x000000070d800000| Complete 
| 100|0x000000070da00000, 0x000000070dc00000, 0x000000070dc00000|100%| E|CS|TAMS 0x000000070da00000, 0x000000070da00000| Complete 
| 127|0x0000000711000000, 0x0000000711200000, 0x0000000711200000|100%| E|CS|TAMS 0x0000000711000000, 0x0000000711000000| Complete 

Card table byte_map: [0x000001bd44440000,0x000001bd44c40000] _byte_map_base: 0x000001bd40c37000

Marking Bits (Prev, Next): (CMBitMap*) 0x000001bd2cbeae20, (CMBitMap*) 0x000001bd2cbeae60
 Prev Bits: [0x000001bd45440000, 0x000001bd493f8000)
 Next Bits: [0x000001bd49400000, 0x000001bd4d3b8000)

Polling page: 0x000001bd2aa30000

Metaspace:

Usage:
  Non-class:     73.57 MB used.
      Class:     11.61 MB used.
       Both:     85.18 MB used.

Virtual space:
  Non-class space:      128.00 MB reserved,      74.00 MB ( 58%) committed,  2 nodes.
      Class space:        1.00 GB reserved,      12.00 MB (  1%) committed,  1 nodes.
             Both:        1.12 GB reserved,      86.00 MB (  7%) committed. 

Chunk freelists:
   Non-Class:  5.95 MB
       Class:  3.91 MB
        Both:  9.86 MB

MaxMetaspaceSize: unlimited
CompressedClassSpaceSize: 1.00 GB
Initial GC threshold: 21.00 MB
Current GC threshold: 117.81 MB
CDS: on
MetaspaceReclaimPolicy: balanced
 - commit_granule_bytes: 65536.
 - commit_granule_words: 8192.
 - virtual_space_node_default_size: 8388608.
 - enlarge_chunks_in_place: 1.
 - new_chunks_are_fully_committed: 0.
 - uncommit_free_chunks: 1.
 - use_allocation_guard: 0.
 - handle_deallocations: 1.


Internal statistics:

num_allocs_failed_limit: 12.
num_arena_births: 1206.
num_arena_deaths: 0.
num_vsnodes_births: 3.
num_vsnodes_deaths: 0.
num_space_committed: 1376.
num_space_uncommitted: 0.
num_chunks_returned_to_freelist: 12.
num_chunks_taken_from_freelist: 4527.
num_chunk_merges: 12.
num_chunk_splits: 3215.
num_chunks_enlarged: 2447.
num_inconsistent_stats: 0.

CodeHeap 'non-profiled nmethods': size=120000Kb used=5816Kb max_used=5816Kb free=114183Kb
 bounds [0x000001bd3c1c0000, 0x000001bd3c770000, 0x000001bd436f0000]
CodeHeap 'profiled nmethods': size=120000Kb used=15159Kb max_used=15159Kb free=104840Kb
 bounds [0x000001bd346f0000, 0x000001bd355c0000, 0x000001bd3bc20000]
CodeHeap 'non-nmethods': size=5760Kb used=1381Kb max_used=1509Kb free=4378Kb
 bounds [0x000001bd3bc20000, 0x000001bd3be90000, 0x000001bd3c1c0000]
 total_blobs=8923 nmethods=8200 adapters=634
 compilation: enabled
              stopped_count=0, restarted_count=0
 full_count=0

Compilation events (20 events):
Event: 185.320 Thread 0x000001bd500884e0 nmethod 9489 0x000001bd3c5dff10 code [0x000001bd3c5e00a0, 0x000001bd3c5e0178]
Event: 185.321 Thread 0x000001bd500884e0 9491       3       java.time.format.DecimalStyle::convertNumberToI18N (60 bytes)
Event: 185.322 Thread 0x000001bd500884e0 nmethod 9491 0x000001bd355bcd90 code [0x000001bd355bcf80, 0x000001bd355bd468]
Event: 185.322 Thread 0x000001bd50818f80 9487       4       org.springframework.core.annotation.TypeMappedAnnotation::getValue (151 bytes)
Event: 185.322 Thread 0x000001bd500884e0 9493       3       org.apache.catalina.connector.Request::removeAttribute (66 bytes)
Event: 185.323 Thread 0x000001bd500884e0 nmethod 9493 0x000001bd355bd690 code [0x000001bd355bd8a0, 0x000001bd355bde98]
Event: 185.323 Thread 0x000001bd500884e0 9494       3       org.apache.tomcat.util.http.MimeHeaderField::recycle (15 bytes)
Event: 185.323 Thread 0x000001bd500884e0 nmethod 9494 0x000001bd355be110 code [0x000001bd355be300, 0x000001bd355be998]
Event: 185.337 Thread 0x000001bd50087bd0 nmethod 9424 0x000001bd3c769f90 code [0x000001bd3c76a260, 0x000001bd3c76bac8]
Event: 185.337 Thread 0x000001bd50087bd0 9492       4       java.util.Arrays::copyOf (10 bytes)
Event: 185.338 Thread 0x000001bd50087bd0 nmethod 9492 0x000001bd3c5df990 code [0x000001bd3c5dfb20, 0x000001bd3c5dfdf8]
Event: 185.338 Thread 0x000001bd50087bd0 9490       4       com.fasterxml.jackson.databind.introspect.POJOPropertyBuilder$Linked::trimByVisibility (86 bytes)
Event: 185.339 Thread 0x000001bd50087bd0 nmethod 9490 0x000001bd3c5df690 code [0x000001bd3c5df820, 0x000001bd3c5df8b8]
Event: 185.339 Thread 0x000001bd50087bd0 9482       4       org.springframework.core.annotation.MergedAnnotations::from (8 bytes)
Event: 185.339 Thread 0x000001bd99a2a390 nmethod 9457 0x000001bd3c76cc10 code [0x000001bd3c76ce20, 0x000001bd3c76e1b0]
Event: 185.339 Thread 0x000001bd99a2a390 9461       4       org.springframework.asm.Frame::push (109 bytes)
Event: 185.341 Thread 0x000001bd99a2a390 nmethod 9461 0x000001bd3c5df090 code [0x000001bd3c5df220, 0x000001bd3c5df4f8]
Event: 185.341 Thread 0x000001bd99a2a390 9481       4       org.springframework.core.MethodParameter::getDeclaringClass (8 bytes)
Event: 185.341 Thread 0x000001bd99a2a390 nmethod 9481 0x000001bd3c5ded10 code [0x000001bd3c5deea0, 0x000001bd3c5def78]
Event: 185.344 Thread 0x000001bd50087bd0 nmethod 9482 0x000001bd3c5de110 code [0x000001bd3c5de300, 0x000001bd3c5de7c8]

GC Heap History (20 events):
Event: 3.252 GC heap before
{Heap before GC invocations=10 (full 0):
 garbage-first heap   total 69632K, used 49070K [0x0000000701200000, 0x0000000800000000)
  region size 2048K, 14 young (28672K), 1 survivors (2048K)
 Metaspace       used 41779K, committed 42304K, reserved 1114112K
  class space    used 5636K, committed 5888K, reserved 1048576K
}
Event: 3.255 GC heap after
{Heap after GC invocations=11 (full 0):
 garbage-first heap   total 69632K, used 23472K [0x0000000701200000, 0x0000000800000000)
  region size 2048K, 2 young (4096K), 2 survivors (4096K)
 Metaspace       used 41779K, committed 42304K, reserved 1114112K
  class space    used 5636K, committed 5888K, reserved 1048576K
}
Event: 3.289 GC heap before
{Heap before GC invocations=11 (full 0):
 garbage-first heap   total 69632K, used 25520K [0x0000000701200000, 0x0000000800000000)
  region size 2048K, 3 young (6144K), 2 survivors (4096K)
 Metaspace       used 42539K, committed 43008K, reserved 1114112K
  class space    used 5707K, committed 5952K, reserved 1048576K
}
Event: 3.293 GC heap after
{Heap after GC invocations=12 (full 0):
 garbage-first heap   total 69632K, used 23530K [0x0000000701200000, 0x0000000800000000)
  region size 2048K, 1 young (2048K), 1 survivors (2048K)
 Metaspace       used 42539K, committed 43008K, reserved 1114112K
  class space    used 5707K, committed 5952K, reserved 1048576K
}
Event: 3.660 GC heap before
{Heap before GC invocations=12 (full 0):
 garbage-first heap   total 69632K, used 50154K [0x0000000701200000, 0x0000000800000000)
  region size 2048K, 14 young (28672K), 1 survivors (2048K)
 Metaspace       used 49778K, committed 50240K, reserved 1114112K
  class space    used 6644K, committed 6848K, reserved 1048576K
}
Event: 3.662 GC heap after
{Heap after GC invocations=13 (full 0):
 garbage-first heap   total 104448K, used 24783K [0x0000000701200000, 0x0000000800000000)
  region size 2048K, 1 young (2048K), 1 survivors (2048K)
 Metaspace       used 49778K, committed 50240K, reserved 1114112K
  class space    used 6644K, committed 6848K, reserved 1048576K
}
Event: 4.254 GC heap before
{Heap before GC invocations=13 (full 0):
 garbage-first heap   total 104448K, used 67791K [0x0000000701200000, 0x0000000800000000)
  region size 2048K, 23 young (47104K), 1 survivors (2048K)
 Metaspace       used 59842K, committed 60288K, reserved 1114112K
  class space    used 8177K, committed 8384K, reserved 1048576K
}
Event: 4.256 GC heap after
{Heap after GC invocations=14 (full 0):
 garbage-first heap   total 104448K, used 26284K [0x0000000701200000, 0x0000000800000000)
  region size 2048K, 2 young (4096K), 2 survivors (4096K)
 Metaspace       used 59842K, committed 60288K, reserved 1114112K
  class space    used 8177K, committed 8384K, reserved 1048576K
}
Event: 4.957 GC heap before
{Heap before GC invocations=15 (full 0):
 garbage-first heap   total 102400K, used 81580K [0x0000000701200000, 0x0000000800000000)
  region size 2048K, 29 young (59392K), 2 survivors (4096K)
 Metaspace       used 67626K, committed 68160K, reserved 1114112K
  class space    used 9268K, committed 9536K, reserved 1048576K
}
Event: 4.960 GC heap after
{Heap after GC invocations=16 (full 0):
 garbage-first heap   total 102400K, used 29915K [0x0000000701200000, 0x0000000800000000)
  region size 2048K, 4 young (8192K), 4 survivors (8192K)
 Metaspace       used 67626K, committed 68160K, reserved 1114112K
  class space    used 9268K, committed 9536K, reserved 1048576K
}
Event: 4.975 GC heap before
{Heap before GC invocations=16 (full 0):
 garbage-first heap   total 102400K, used 31963K [0x0000000701200000, 0x0000000800000000)
  region size 2048K, 5 young (10240K), 4 survivors (8192K)
 Metaspace       used 67680K, committed 68224K, reserved 1114112K
  class space    used 9271K, committed 9536K, reserved 1048576K
}
Event: 4.979 GC heap after
{Heap after GC invocations=17 (full 0):
 garbage-first heap   total 102400K, used 30700K [0x0000000701200000, 0x0000000800000000)
  region size 2048K, 1 young (2048K), 1 survivors (2048K)
 Metaspace       used 67680K, committed 68224K, reserved 1114112K
  class space    used 9271K, committed 9536K, reserved 1048576K
}
Event: 5.570 GC heap before
{Heap before GC invocations=17 (full 0):
 garbage-first heap   total 102400K, used 79852K [0x0000000701200000, 0x0000000800000000)
  region size 2048K, 25 young (51200K), 1 survivors (2048K)
 Metaspace       used 71656K, committed 72256K, reserved 1114112K
  class space    used 9818K, committed 10112K, reserved 1048576K
}
Event: 5.573 GC heap after
{Heap after GC invocations=18 (full 0):
 garbage-first heap   total 102400K, used 33021K [0x0000000701200000, 0x0000000800000000)
  region size 2048K, 2 young (4096K), 2 survivors (4096K)
 Metaspace       used 71656K, committed 72256K, reserved 1114112K
  class space    used 9818K, committed 10112K, reserved 1048576K
}
Event: 42.906 GC heap before
{Heap before GC invocations=19 (full 0):
 garbage-first heap   total 102400K, used 80125K [0x0000000701200000, 0x0000000800000000)
  region size 2048K, 25 young (51200K), 2 survivors (4096K)
 Metaspace       used 76552K, committed 77248K, reserved 1179648K
  class space    used 10440K, committed 10752K, reserved 1048576K
}
Event: 42.910 GC heap after
{Heap after GC invocations=20 (full 0):
 garbage-first heap   total 102400K, used 36345K [0x0000000701200000, 0x0000000800000000)
  region size 2048K, 4 young (8192K), 4 survivors (8192K)
 Metaspace       used 76552K, committed 77248K, reserved 1179648K
  class space    used 10440K, committed 10752K, reserved 1048576K
}
Event: 43.865 GC heap before
{Heap before GC invocations=20 (full 0):
 garbage-first heap   total 102400K, used 79353K [0x0000000701200000, 0x0000000800000000)
  region size 2048K, 25 young (51200K), 4 survivors (8192K)
 Metaspace       used 79703K, committed 80448K, reserved 1179648K
  class space    used 10832K, committed 11200K, reserved 1048576K
}
Event: 43.870 GC heap after
{Heap after GC invocations=21 (full 0):
 garbage-first heap   total 102400K, used 38710K [0x0000000701200000, 0x0000000800000000)
  region size 2048K, 4 young (8192K), 4 survivors (8192K)
 Metaspace       used 79703K, committed 80448K, reserved 1179648K
  class space    used 10832K, committed 11200K, reserved 1048576K
}
Event: 111.643 GC heap before
{Heap before GC invocations=21 (full 0):
 garbage-first heap   total 102400K, used 81718K [0x0000000701200000, 0x0000000800000000)
  region size 2048K, 25 young (51200K), 4 survivors (8192K)
 Metaspace       used 85009K, committed 85760K, reserved 1179648K
  class space    used 11597K, committed 11904K, reserved 1048576K
}
Event: 111.647 GC heap after
{Heap after GC invocations=22 (full 0):
 garbage-first heap   total 102400K, used 40964K [0x0000000701200000, 0x0000000800000000)
  region size 2048K, 3 young (6144K), 3 survivors (6144K)
 Metaspace       used 85009K, committed 85760K, reserved 1179648K
  class space    used 11597K, committed 11904K, reserved 1048576K
}

Dll operation events (13 events):
Event: 0.007 Loaded shared library C:\Users\jorge\.jdks\ms-17.0.18\bin\java.dll
Event: 0.021 Loaded shared library C:\Users\jorge\.jdks\ms-17.0.18\bin\jsvml.dll
Event: 0.096 Loaded shared library C:\Users\jorge\.jdks\ms-17.0.18\bin\zip.dll
Event: 0.098 Loaded shared library C:\Users\jorge\.jdks\ms-17.0.18\bin\instrument.dll
Event: 0.102 Loaded shared library C:\Users\jorge\.jdks\ms-17.0.18\bin\net.dll
Event: 0.103 Loaded shared library C:\Users\jorge\.jdks\ms-17.0.18\bin\nio.dll
Event: 0.105 Loaded shared library C:\Users\jorge\.jdks\ms-17.0.18\bin\zip.dll
Event: 0.171 Loaded shared library C:\Users\jorge\.jdks\ms-17.0.18\bin\extnet.dll
Event: 0.192 Loaded shared library C:\Users\jorge\.jdks\ms-17.0.18\bin\jimage.dll
Event: 0.392 Loaded shared library C:\Users\jorge\.jdks\ms-17.0.18\bin\management.dll
Event: 0.394 Loaded shared library C:\Users\jorge\.jdks\ms-17.0.18\bin\management_ext.dll
Event: 1.269 Loaded shared library C:\Users\jorge\.jdks\ms-17.0.18\bin\sunmscapi.dll
Event: 3.089 Loaded shared library C:\Users\jorge\.jdks\ms-17.0.18\bin\verify.dll

Deoptimization events (20 events):
Event: 158.657 Thread 0x000001bd9d69c570 DEOPT PACKING pc=0x000001bd3c3ecf94 sp=0x0000007d4e4fa2f0
Event: 158.657 Thread 0x000001bd9d69c570 DEOPT UNPACKING pc=0x000001bd3bc769a3 sp=0x0000007d4e4fa1c8 mode 2
Event: 158.657 Thread 0x000001bd9d69c570 Uncommon trap: trap_request=0xffffffc6 fr.pc=0x000001bd3c3ecf94 relative=0x0000000000001a54
Event: 158.657 Thread 0x000001bd9d69c570 Uncommon trap: reason=bimorphic_or_optimized_type_check action=maybe_recompile pc=0x000001bd3c3ecf94 method=org.springframework.core.annotation.AnnotationsScanner.processMethodInheritedAnnotations(Ljava/lang/Object;Ljava/lang/reflect/Method;Lorg/springfra
Event: 158.657 Thread 0x000001bd9d69c570 DEOPT PACKING pc=0x000001bd3c3ecf94 sp=0x0000007d4e4fa2f0
Event: 158.657 Thread 0x000001bd9d69c570 DEOPT UNPACKING pc=0x000001bd3bc769a3 sp=0x0000007d4e4fa1c8 mode 2
Event: 158.657 Thread 0x000001bd9d69c570 Uncommon trap: trap_request=0xffffffc6 fr.pc=0x000001bd3c3ecf94 relative=0x0000000000001a54
Event: 158.657 Thread 0x000001bd9d69c570 Uncommon trap: reason=bimorphic_or_optimized_type_check action=maybe_recompile pc=0x000001bd3c3ecf94 method=org.springframework.core.annotation.AnnotationsScanner.processMethodInheritedAnnotations(Ljava/lang/Object;Ljava/lang/reflect/Method;Lorg/springfra
Event: 158.657 Thread 0x000001bd9d69c570 DEOPT PACKING pc=0x000001bd3c3ecf94 sp=0x0000007d4e4fa2f0
Event: 158.657 Thread 0x000001bd9d69c570 DEOPT UNPACKING pc=0x000001bd3bc769a3 sp=0x0000007d4e4fa1c8 mode 2
Event: 158.657 Thread 0x000001bd9d69c570 Uncommon trap: trap_request=0xffffffc6 fr.pc=0x000001bd3c55fffc relative=0x0000000000004cfc
Event: 158.657 Thread 0x000001bd9d69c570 Uncommon trap: reason=bimorphic_or_optimized_type_check action=maybe_recompile pc=0x000001bd3c55fffc method=org.springframework.core.SerializableTypeWrapper$MethodParameterTypeProvider.getType()Ljava/lang/reflect/Type; @ 4 c2
Event: 158.657 Thread 0x000001bd9d69c570 DEOPT PACKING pc=0x000001bd3c55fffc sp=0x0000007d4e4facc0
Event: 158.657 Thread 0x000001bd9d69c570 DEOPT UNPACKING pc=0x000001bd3bc769a3 sp=0x0000007d4e4fac08 mode 2
Event: 158.660 Thread 0x000001bd9d69c570 DEOPT PACKING pc=0x000001bd35136fe4 sp=0x0000007d4e4facc0
Event: 158.660 Thread 0x000001bd9d69c570 DEOPT UNPACKING pc=0x000001bd3bc77143 sp=0x0000007d4e4fa170 mode 0
Event: 158.661 Thread 0x000001bd9d69c570 Uncommon trap: trap_request=0xffffff45 fr.pc=0x000001bd3c3484a0 relative=0x0000000000000560
Event: 158.661 Thread 0x000001bd9d69c570 Uncommon trap: reason=unstable_if action=reinterpret pc=0x000001bd3c3484a0 method=java.lang.String.regionMatches(ZILjava/lang/String;II)Z @ 81 c2
Event: 158.661 Thread 0x000001bd9d69c570 DEOPT PACKING pc=0x000001bd3c3484a0 sp=0x0000007d4e4fb6f0
Event: 158.661 Thread 0x000001bd9d69c570 DEOPT UNPACKING pc=0x000001bd3bc769a3 sp=0x0000007d4e4fb608 mode 2

Classes loaded (20 events):
Event: 135.748 Loading class sun/nio/cs/Surrogate$Parser
Event: 135.748 Loading class sun/nio/cs/Surrogate$Parser done
Event: 135.748 Loading class sun/nio/cs/Surrogate
Event: 135.749 Loading class sun/nio/cs/Surrogate done
Event: 135.819 Loading class java/lang/invoke/MethodHandleImpl$CountingWrapper$1
Event: 135.819 Loading class java/lang/invoke/MethodHandleImpl$CountingWrapper$1 done
Event: 135.830 Loading class sun/reflect/ReflectionFactory
Event: 135.830 Loading class sun/reflect/ReflectionFactory done
Event: 135.830 Loading class sun/reflect/ReflectionFactory$1
Event: 135.830 Loading class sun/reflect/ReflectionFactory$1 done
Event: 135.830 Loading class java/io/OptionalDataException
Event: 135.830 Loading class java/io/OptionalDataException done
Event: 135.830 Loading class jdk/internal/reflect/SerializationConstructorAccessorImpl
Event: 135.830 Loading class jdk/internal/reflect/SerializationConstructorAccessorImpl done
Event: 135.852 Loading class java/util/stream/Streams$RangeIntSpliterator
Event: 135.852 Loading class java/util/stream/Streams$RangeIntSpliterator done
Event: 135.853 Loading class java/util/stream/IntPipeline$1
Event: 135.853 Loading class java/util/stream/IntPipeline$1 done
Event: 135.853 Loading class java/util/stream/IntPipeline$1$1
Event: 135.853 Loading class java/util/stream/IntPipeline$1$1 done

Classes unloaded (0 events):
No events

Classes redefined (0 events):
No events

Internal exceptions (20 events):
Event: 5.838 Thread 0x000001bd965e3a10 Exception <a 'java/lang/NoSuchMethodError'{0x00000007060ee788}: 'java.lang.Object java.lang.invoke.DirectMethodHandle$Holder.invokeSpecial(java.lang.Object, java.lang.Object, java.lang.Object, java.lang.Object, java.lang.Object, java.lang.Object, java.lang.Object, java.lang.Object, java.lang.Object, java.lang.Object, java.lang.Object)'> (0x00000007060ee788) 
thrown [s\src\hotspot\share\interpreter\linkResolver.cpp, line 759]
Event: 5.838 Thread 0x000001bd965e3a10 Exception <a 'java/lang/NoSuchMethodError'{0x00000007060f2b70}: 'java.lang.Object java.lang.invoke.Invokers$Holder.invoke_MT(java.lang.Object, java.lang.Object, java.lang.Object, java.lang.Object, java.lang.Object, java.lang.Object, java.lang.Object, java.lang.Object, java.lang.Object, java.lang.Object, java.lang.Object)'> (0x00000007060f2b70) 
thrown [s\src\hotspot\share\interpreter\linkResolver.cpp, line 759]
Event: 5.953 Thread 0x000001bd965e3a10 Exception <a 'java/lang/NoSuchMethodError'{0x0000000705694650}: 'java.lang.Object java.lang.invoke.DirectMethodHandle$Holder.newInvokeSpecial(java.lang.Object, java.lang.Object, int, java.lang.Object, java.lang.Object)'> (0x0000000705694650) 
thrown [s\src\hotspot\share\interpreter\linkResolver.cpp, line 759]
Event: 42.769 Thread 0x000001bd985ccdf0 Exception <a 'java/lang/NoSuchMethodError'{0x0000000704cfb688}: 'java.lang.Object java.lang.invoke.DirectMethodHandle$Holder.invokeSpecial(java.lang.Object, java.lang.Object, java.lang.Object, java.lang.Object, java.lang.Object, long)'> (0x0000000704cfb688) 
thrown [s\src\hotspot\share\interpreter\linkResolver.cpp, line 759]
Event: 42.769 Thread 0x000001bd985ccdf0 Exception <a 'java/lang/NoSuchMethodError'{0x0000000704cff080}: 'java.lang.Object java.lang.invoke.Invokers$Holder.linkToTargetMethod(java.lang.Object, java.lang.Object, java.lang.Object, long, java.lang.Object)'> (0x0000000704cff080) 
thrown [s\src\hotspot\share\interpreter\linkResolver.cpp, line 759]
Event: 42.809 Thread 0x000001bd985ccdf0 Exception <a 'java/lang/NoSuchMethodError'{0x0000000704ac0988}: 'java.lang.Object java.lang.invoke.DirectMethodHandle$Holder.invokeStatic(java.lang.Object, int, int)'> (0x0000000704ac0988) 
thrown [s\src\hotspot\share\interpreter\linkResolver.cpp, line 759]
Event: 44.019 Thread 0x000001bd9d69edf0 Implicit null exception at 0x000001bd3c36f74f to 0x000001bd3c36f900
Event: 68.326 Thread 0x000001bd9d6a0c50 Exception <a 'java/lang/NoSuchMethodError'{0x0000000705a7df98}: 'void java.lang.invoke.DirectMethodHandle$Holder.invokeSpecialIFC(java.lang.Object, java.lang.Object, int, java.lang.Object, java.lang.Object, java.lang.Object, java.lang.Object)'> (0x0000000705a7df98) 
thrown [s\src\hotspot\share\interpreter\linkResolver.cpp, line 759]
Event: 68.482 Thread 0x000001bd9d6a0c50 Exception <a 'java/lang/NoSuchMethodError'{0x0000000705415d98}: 'int java.lang.invoke.DirectMethodHandle$Holder.invokeStatic(java.lang.Object, java.lang.Object, int, int)'> (0x0000000705415d98) 
thrown [s\src\hotspot\share\interpreter\linkResolver.cpp, line 759]
Event: 68.502 Thread 0x000001bd9d6a0c50 Exception <a 'java/lang/IncompatibleClassChangeError'{0x0000000705528528}: Found class java.lang.Object, but interface was expected> (0x0000000705528528) 
thrown [s\src\hotspot\share\interpreter\linkResolver.cpp, line 826]
Event: 92.242 Thread 0x000001bd9d69d4a0 Implicit null exception at 0x000001bd3c735273 to 0x000001bd3c735514
Event: 92.242 Thread 0x000001bd9d69d4a0 Implicit null exception at 0x000001bd3c3abf6f to 0x000001bd3c3ac240
Event: 92.249 Thread 0x000001bd9d69d4a0 Exception <a 'sun/nio/fs/WindowsException'{0x0000000704f5df60}> (0x0000000704f5df60) 
thrown [s\src\hotspot\share\prims\jni.cpp, line 516]
Event: 135.814 Thread 0x000001bd9d69e3d0 Exception <a 'java/lang/NoSuchMethodError'{0x000000070d4a0f88}: 'int java.lang.invoke.DirectMethodHandle$Holder.invokeStaticInit(java.lang.Object, int, java.lang.Object, java.lang.Object, java.lang.Object, java.lang.Object)'> (0x000000070d4a0f88) 
thrown [s\src\hotspot\share\interpreter\linkResolver.cpp, line 759]
Event: 135.854 Thread 0x000001bd9d69e3d0 Exception <a 'java/lang/NoSuchMethodError'{0x0000000706b20af0}: 'java.lang.Object java.lang.invoke.DirectMethodHandle$Holder.invokeStatic(java.lang.Object, java.lang.Object, java.lang.Object, java.lang.Object, int, java.lang.Object)'> (0x0000000706b20af0) 
thrown [s\src\hotspot\share\interpreter\linkResolver.cpp, line 759]
Event: 135.854 Thread 0x000001bd9d69e3d0 Exception <a 'java/lang/NoSuchMethodError'{0x0000000706b28c90}: 'java.lang.Object java.lang.invoke.DirectMethodHandle$Holder.newInvokeSpecial(java.lang.Object, java.lang.Object, java.lang.Object, java.lang.Object, int)'> (0x0000000706b28c90) 
thrown [s\src\hotspot\share\interpreter\linkResolver.cpp, line 759]
Event: 135.854 Thread 0x000001bd9d69e3d0 Exception <a 'java/lang/NoSuchMethodError'{0x0000000706b2d680}: 'java.lang.Object java.lang.invoke.DirectMethodHandle$Holder.invokeSpecial(java.lang.Object, java.lang.Object, java.lang.Object, java.lang.Object, java.lang.Object, int)'> (0x0000000706b2d680) 
thrown [s\src\hotspot\share\interpreter\linkResolver.cpp, line 759]
Event: 135.854 Thread 0x000001bd9d69e3d0 Exception <a 'java/lang/NoSuchMethodError'{0x0000000706b31918}: 'java.lang.Object java.lang.invoke.Invokers$Holder.linkToTargetMethod(java.lang.Object, java.lang.Object, java.lang.Object, int, java.lang.Object)'> (0x0000000706b31918) 
thrown [s\src\hotspot\share\interpreter\linkResolver.cpp, line 759]
Event: 185.303 Thread 0x000001bd9d6a25a0 Exception <a 'java/lang/NoSuchMethodError'{0x0000000705f0e930}: 'java.lang.Object java.lang.invoke.Invokers$Holder.linkToTargetMethod(java.lang.Object, int, java.lang.Object, java.lang.Object, java.lang.Object, java.lang.Object)'> (0x0000000705f0e930) 
thrown [s\src\hotspot\share\interpreter\linkResolver.cpp, line 759]
Event: 185.304 Thread 0x000001bd9d6a25a0 Exception <a 'java/lang/NoSuchMethodError'{0x0000000705f1bba8}: 'int java.lang.invoke.DirectMethodHandle$Holder.invokeStatic(java.lang.Object, java.lang.Object, int, java.lang.Object)'> (0x0000000705f1bba8) 
thrown [s\src\hotspot\share\interpreter\linkResolver.cpp, line 759]

VM Operations (20 events):
Event: 135.786 Executing VM operation: Cleanup
Event: 135.786 Executing VM operation: Cleanup done
Event: 135.812 Executing VM operation: HandshakeAllThreads
Event: 135.812 Executing VM operation: HandshakeAllThreads done
Event: 135.908 Executing VM operation: HandshakeAllThreads
Event: 135.908 Executing VM operation: HandshakeAllThreads done
Event: 135.913 Executing VM operation: HandshakeAllThreads
Event: 135.913 Executing VM operation: HandshakeAllThreads done
Event: 136.923 Executing VM operation: Cleanup
Event: 136.924 Executing VM operation: Cleanup done
Event: 158.660 Executing VM operation: HandshakeAllThreads
Event: 158.660 Executing VM operation: HandshakeAllThreads done
Event: 158.660 Executing VM operation: Cleanup
Event: 158.660 Executing VM operation: Cleanup done
Event: 159.665 Executing VM operation: Cleanup
Event: 159.665 Executing VM operation: Cleanup done
Event: 180.384 Executing VM operation: HandshakeAllThreads
Event: 180.384 Executing VM operation: HandshakeAllThreads done
Event: 185.432 Executing VM operation: Cleanup
Event: 185.432 Executing VM operation: Cleanup done

Memory protections (0 events):
No events

Nmethod flushes (20 events):
Event: 92.229 Thread 0x000001bd50094300 flushing  nmethod 0x000001bd3522e090
Event: 92.229 Thread 0x000001bd50094300 flushing  nmethod 0x000001bd35238510
Event: 92.229 Thread 0x000001bd50094300 flushing  nmethod 0x000001bd35238a10
Event: 92.229 Thread 0x000001bd50094300 flushing  nmethod 0x000001bd35238e10
Event: 92.229 Thread 0x000001bd50094300 flushing  nmethod 0x000001bd35239190
Event: 92.229 Thread 0x000001bd50094300 flushing  nmethod 0x000001bd3523b390
Event: 92.229 Thread 0x000001bd50094300 flushing  nmethod 0x000001bd3524a010
Event: 92.229 Thread 0x000001bd50094300 flushing  nmethod 0x000001bd3527ed10
Event: 92.229 Thread 0x000001bd50094300 flushing  nmethod 0x000001bd35288e90
Event: 92.229 Thread 0x000001bd50094300 flushing  nmethod 0x000001bd3528be10
Event: 92.229 Thread 0x000001bd50094300 flushing  nmethod 0x000001bd352b7610
Event: 92.229 Thread 0x000001bd50094300 flushing  nmethod 0x000001bd352b8310
Event: 92.229 Thread 0x000001bd50094300 flushing  nmethod 0x000001bd352bd990
Event: 92.229 Thread 0x000001bd50094300 flushing  nmethod 0x000001bd352bfc90
Event: 92.229 Thread 0x000001bd50094300 flushing  nmethod 0x000001bd352c1610
Event: 92.229 Thread 0x000001bd50094300 flushing  nmethod 0x000001bd352c2790
Event: 92.229 Thread 0x000001bd50094300 flushing  nmethod 0x000001bd35308710
Event: 92.229 Thread 0x000001bd50094300 flushing  nmethod 0x000001bd35347590
Event: 92.229 Thread 0x000001bd50094300 flushing  nmethod 0x000001bd35348f10
Event: 92.229 Thread 0x000001bd50094300 flushing  nmethod 0x000001bd3534d990

Events (20 events):
Event: 68.275 Thread 0x000001bd500884e0 Thread added: 0x000001bd50826210
Event: 68.412 Thread 0x000001bd50087bd0 Thread added: 0x000001bd9bec9980
Event: 69.473 Thread 0x000001bd9bec9980 Thread exited: 0x000001bd9bec9980
Event: 69.522 Thread 0x000001bd50826210 Thread exited: 0x000001bd50826210
Event: 92.051 Thread 0x000001bd500884e0 Thread added: 0x000001bd50826210
Event: 92.193 Thread 0x000001bd50826210 Thread exited: 0x000001bd50826210
Event: 92.252 Thread 0x000001bd500884e0 Thread added: 0x000001bd99a2a390
Event: 92.252 Thread 0x000001bd500884e0 Thread added: 0x000001bd50818f80
Event: 96.984 Thread 0x000001bd50818f80 Thread exited: 0x000001bd50818f80
Event: 97.981 Thread 0x000001bd99a2a390 Thread exited: 0x000001bd99a2a390
Event: 103.395 Thread 0x000001bd9d69e8e0 Thread exited: 0x000001bd9d69e8e0
Event: 135.748 Thread 0x000001bd500884e0 Thread added: 0x000001bd99a2a390
Event: 135.761 Thread 0x000001bd500884e0 Thread added: 0x000001bd50818f80
Event: 136.924 Thread 0x000001bd50818f80 Thread exited: 0x000001bd50818f80
Event: 136.924 Thread 0x000001bd99a2a390 Thread exited: 0x000001bd99a2a390
Event: 158.634 Thread 0x000001bd500884e0 Thread added: 0x000001bd99a2a390
Event: 163.398 Thread 0x000001bd9d6a34d0 Thread exited: 0x000001bd9d6a34d0
Event: 163.728 Thread 0x000001bd99a2a390 Thread exited: 0x000001bd99a2a390
Event: 185.296 Thread 0x000001bd500884e0 Thread added: 0x000001bd99a2a390
Event: 185.322 Thread 0x000001bd500884e0 Thread added: 0x000001bd50818f80


Dynamic libraries:
0x00007ff79ebc0000 - 0x00007ff79ebce000 	C:\Users\jorge\.jdks\ms-17.0.18\bin\java.exe
0x00007ffbe5510000 - 0x00007ffbe5708000 	C:\WINDOWS\SYSTEM32\ntdll.dll
0x00007ffbe4a80000 - 0x00007ffbe4b42000 	C:\WINDOWS\System32\KERNEL32.DLL
0x00007ffbe3160000 - 0x00007ffbe3456000 	C:\WINDOWS\System32\KERNELBASE.dll
0x00007ffbe2e50000 - 0x00007ffbe2f50000 	C:\WINDOWS\System32\ucrtbase.dll
0x00007ffbd9be0000 - 0x00007ffbd9bfe000 	C:\Users\jorge\.jdks\ms-17.0.18\bin\VCRUNTIME140.dll
0x00007ffbd9c00000 - 0x00007ffbd9c18000 	C:\Users\jorge\.jdks\ms-17.0.18\bin\jli.dll
0x00007ffbe36f0000 - 0x00007ffbe3891000 	C:\WINDOWS\System32\USER32.dll
0x00007ffbe2ff0000 - 0x00007ffbe3012000 	C:\WINDOWS\System32\win32u.dll
0x00007ffbca5f0000 - 0x00007ffbca88b000 	C:\WINDOWS\WinSxS\amd64_microsoft.windows.common-controls_6595b64144ccf1df_6.0.19041.6456_none_60b8a6cb71f64256\COMCTL32.dll
0x00007ffbe4050000 - 0x00007ffbe407b000 	C:\WINDOWS\System32\GDI32.dll
0x00007ffbe5430000 - 0x00007ffbe54ce000 	C:\WINDOWS\System32\msvcrt.dll
0x00007ffbe2bd0000 - 0x00007ffbe2ce9000 	C:\WINDOWS\System32\gdi32full.dll
0x00007ffbe2f50000 - 0x00007ffbe2fed000 	C:\WINDOWS\System32\msvcp_win.dll
0x00007ffbe4b50000 - 0x00007ffbe4b7f000 	C:\WINDOWS\System32\IMM32.DLL
0x00007ffbdc040000 - 0x00007ffbdc04c000 	C:\Users\jorge\.jdks\ms-17.0.18\bin\vcruntime140_1.dll
0x00007ffbaa1f0000 - 0x00007ffbaa279000 	C:\Users\jorge\.jdks\ms-17.0.18\bin\msvcp140.dll
0x00007ffb56fb0000 - 0x00007ffb57c2a000 	C:\Users\jorge\.jdks\ms-17.0.18\bin\server\jvm.dll
0x00007ffbe4f00000 - 0x00007ffbe4fb1000 	C:\WINDOWS\System32\ADVAPI32.dll
0x00007ffbe4bf0000 - 0x00007ffbe4c8f000 	C:\WINDOWS\System32\sechost.dll
0x00007ffbe4de0000 - 0x00007ffbe4f00000 	C:\WINDOWS\System32\RPCRT4.dll
0x00007ffbe2ba0000 - 0x00007ffbe2bc7000 	C:\WINDOWS\System32\bcrypt.dll
0x00007ffbe4230000 - 0x00007ffbe429b000 	C:\WINDOWS\System32\WS2_32.dll
0x00007ffbe2090000 - 0x00007ffbe20db000 	C:\WINDOWS\SYSTEM32\POWRPROF.dll
0x00007ffbd1c10000 - 0x00007ffbd1c37000 	C:\WINDOWS\SYSTEM32\WINMM.dll
0x00007ffbdba70000 - 0x00007ffbdba7a000 	C:\WINDOWS\SYSTEM32\VERSION.dll
0x00007ffbe1f60000 - 0x00007ffbe1f72000 	C:\WINDOWS\SYSTEM32\UMPDC.dll
0x00007ffbe09f0000 - 0x00007ffbe0a02000 	C:\WINDOWS\SYSTEM32\kernel.appcore.dll
0x00007ffbd9bc0000 - 0x00007ffbd9bca000 	C:\Users\jorge\.jdks\ms-17.0.18\bin\jimage.dll
0x00007ffbd12b0000 - 0x00007ffbd14b1000 	C:\WINDOWS\SYSTEM32\DBGHELP.DLL
0x00007ffbc2710000 - 0x00007ffbc2744000 	C:\WINDOWS\SYSTEM32\dbgcore.DLL
0x00007ffbe3020000 - 0x00007ffbe30a2000 	C:\WINDOWS\System32\bcryptPrimitives.dll
0x00007ffbc8ab0000 - 0x00007ffbc8abf000 	C:\Users\jorge\.jdks\ms-17.0.18\bin\instrument.dll
0x00007ffbc7b80000 - 0x00007ffbc7ba6000 	C:\Users\jorge\.jdks\ms-17.0.18\bin\java.dll
0x00007ffb9e3c0000 - 0x00007ffb9e496000 	C:\Users\jorge\.jdks\ms-17.0.18\bin\jsvml.dll
0x00007ffbe4310000 - 0x00007ffbe4a80000 	C:\WINDOWS\System32\SHELL32.dll
0x00007ffbe0bf0000 - 0x00007ffbe1395000 	C:\WINDOWS\SYSTEM32\windows.storage.dll
0x00007ffbe5070000 - 0x00007ffbe53c4000 	C:\WINDOWS\System32\combase.dll
0x00007ffbe24f0000 - 0x00007ffbe251b000 	C:\WINDOWS\SYSTEM32\Wldp.dll
0x00007ffbe3f20000 - 0x00007ffbe3fed000 	C:\WINDOWS\System32\OLEAUT32.dll
0x00007ffbe4c90000 - 0x00007ffbe4d3d000 	C:\WINDOWS\System32\SHCORE.dll
0x00007ffbe53d0000 - 0x00007ffbe542b000 	C:\WINDOWS\System32\shlwapi.dll
0x00007ffbe2ad0000 - 0x00007ffbe2af4000 	C:\WINDOWS\SYSTEM32\profapi.dll
0x00007ffbc7b40000 - 0x00007ffbc7b58000 	C:\Users\jorge\.jdks\ms-17.0.18\bin\zip.dll
0x00007ffbc88d0000 - 0x00007ffbc88eb000 	C:\Users\jorge\.jdks\ms-17.0.18\bin\net.dll
0x00007ffbdbce0000 - 0x00007ffbdbdea000 	C:\WINDOWS\SYSTEM32\WINHTTP.dll
0x00007ffbe22d0000 - 0x00007ffbe233a000 	C:\WINDOWS\system32\mswsock.dll
0x00007ffbc7b60000 - 0x00007ffbc7b76000 	C:\Users\jorge\.jdks\ms-17.0.18\bin\nio.dll
0x00007ffbc8a60000 - 0x00007ffbc8a69000 	C:\Users\jorge\.jdks\ms-17.0.18\bin\extnet.dll
0x00007ffbc78d0000 - 0x00007ffbc78da000 	C:\Users\jorge\.jdks\ms-17.0.18\bin\management.dll
0x00007ffbc78a0000 - 0x00007ffbc78ac000 	C:\Users\jorge\.jdks\ms-17.0.18\bin\management_ext.dll
0x00007ffbe42a0000 - 0x00007ffbe42a8000 	C:\WINDOWS\System32\PSAPI.DLL
0x00007ffbc78e0000 - 0x00007ffbc78ee000 	C:\Users\jorge\.jdks\ms-17.0.18\bin\sunmscapi.dll
0x00007ffbe2cf0000 - 0x00007ffbe2e4d000 	C:\WINDOWS\System32\CRYPT32.dll
0x00007ffbe2640000 - 0x00007ffbe2667000 	C:\WINDOWS\SYSTEM32\ncrypt.dll
0x00007ffbe2600000 - 0x00007ffbe263b000 	C:\WINDOWS\SYSTEM32\NTASN1.dll
0x00007ffbe2530000 - 0x00007ffbe2548000 	C:\WINDOWS\SYSTEM32\CRYPTSP.dll
0x00007ffbe1ba0000 - 0x00007ffbe1bd8000 	C:\WINDOWS\system32\rsaenh.dll
0x00007ffbe2a90000 - 0x00007ffbe2abe000 	C:\WINDOWS\SYSTEM32\USERENV.dll
0x00007ffbe2460000 - 0x00007ffbe246c000 	C:\WINDOWS\SYSTEM32\CRYPTBASE.dll
0x00007ffbe1f80000 - 0x00007ffbe1fbb000 	C:\WINDOWS\SYSTEM32\IPHLPAPI.DLL
0x00007ffbe4d40000 - 0x00007ffbe4d48000 	C:\WINDOWS\System32\NSI.dll
0x00007ffbdebf0000 - 0x00007ffbdec07000 	C:\WINDOWS\SYSTEM32\dhcpcsvc6.DLL
0x00007ffbdebd0000 - 0x00007ffbdebed000 	C:\WINDOWS\SYSTEM32\dhcpcsvc.DLL
0x00007ffbe1fc0000 - 0x00007ffbe208a000 	C:\WINDOWS\SYSTEM32\DNSAPI.dll
0x00007ffbc7890000 - 0x00007ffbc78a0000 	C:\Users\jorge\.jdks\ms-17.0.18\bin\verify.dll
0x00007ffb84240000 - 0x00007ffb84247000 	C:\WINDOWS\system32\wshunix.dll

dbghelp: loaded successfully - version: 4.0.5 - missing functions: none
symbol engine: initialized successfully - sym options: 0x614 - pdb path: .;C:\Users\jorge\.jdks\ms-17.0.18\bin;C:\WINDOWS\SYSTEM32;C:\WINDOWS\WinSxS\amd64_microsoft.windows.common-controls_6595b64144ccf1df_6.0.19041.6456_none_60b8a6cb71f64256;C:\Users\jorge\.jdks\ms-17.0.18\bin\server

VM Arguments:
jvm_args: -javaagent:C:\Program Files\JetBrains\IntelliJ IDEA Community Edition 2025.1.1.1\lib\idea_rt.jar=51544 -Dfile.encoding=UTF-8 
java_command: com.minimarket.MinimarketApplication
java_class_path (initial): C:\Users\jorge\OneDrive\Desktop\Backend II\minimarket\target\classes;C:\Users\jorge\.m2\repository\org\springframework\boot\spring-boot-starter-data-jpa\3.4.1\spring-boot-starter-data-jpa-3.4.1.jar;C:\Users\jorge\.m2\repository\org\springframework\boot\spring-boot-starter\3.4.1\spring-boot-starter-3.4.1.jar;C:\Users\jorge\.m2\repository\org\springframework\boot\spring-boot-starter-logging\3.4.1\spring-boot-starter-logging-3.4.1.jar;C:\Users\jorge\.m2\repository\ch\qos\logback\logback-classic\1.5.12\logback-classic-1.5.12.jar;C:\Users\jorge\.m2\repository\ch\qos\logback\logback-core\1.5.12\logback-core-1.5.12.jar;C:\Users\jorge\.m2\repository\org\apache\logging\log4j\log4j-to-slf4j\2.24.3\log4j-to-slf4j-2.24.3.jar;C:\Users\jorge\.m2\repository\org\apache\logging\log4j\log4j-api\2.24.3\log4j-api-2.24.3.jar;C:\Users\jorge\.m2\repository\org\slf4j\jul-to-slf4j\2.0.16\jul-to-slf4j-2.0.16.jar;C:\Users\jorge\.m2\repository\jakarta\annotation\jakarta.annotation-api\2.1.1\jakarta.annotation-api-2.1.1.jar;C:\Users\jorge\.m2\repository\org\yaml\snakeyaml\2.3\snakeyaml-2.3.jar;C:\Users\jorge\.m2\repository\org\springframework\boot\spring-boot-starter-jdbc\3.4.1\spring-boot-starter-jdbc-3.4.1.jar;C:\Users\jorge\.m2\repository\com\zaxxer\HikariCP\5.1.0\HikariCP-5.1.0.jar;C:\Users\jorge\.m2\repository\org\springframework\spring-jdbc\6.2.1\spring-jdbc-6.2.1.jar;C:\Users\jorge\.m2\repository\org\hibernate\orm\hibernate-core\6.6.4.Final\hibernate-core-6.6.4.Final.jar;C:\Users\jorge\.m2\repository\jakarta\persistence\jakarta.persistence-api\3.1.0\jakarta.persistence-api-3.1.0.jar;C:\Users\jorge\.m2\repository\jakarta\transaction\jakarta.transaction-api\2.0.1\jakarta.transaction-api-2.0.1.jar;C:\Users\jorge\.m2\repository\org\jboss\logging\jboss-logging\3.6.1.Final\jboss-logging-3.6.1.Final.jar;C:\Users\jorge\.m2\repository\org\hibernate\common\hibernate-commons-annotations\7.0.3.Final\hibernate-commons-annotations-7.0.3.Final.jar;C:\Users\jorge\.m2\reposit
Launcher Type: SUN_STANDARD

[Global flags]
     intx CICompilerCount                          = 4                                         {product} {ergonomic}
     uint ConcGCThreads                            = 3                                         {product} {ergonomic}
     uint G1ConcRefinementThreads                  = 10                                        {product} {ergonomic}
   size_t G1HeapRegionSize                         = 2097152                                   {product} {ergonomic}
    uintx GCDrainStackTargetSize                   = 64                                        {product} {ergonomic}
   size_t InitialHeapSize                          = 268435456                                 {product} {ergonomic}
   size_t MarkStackSize                            = 4194304                                   {product} {ergonomic}
   size_t MaxHeapSize                              = 4276092928                                {product} {ergonomic}
   size_t MaxNewSize                               = 2564816896                                {product} {ergonomic}
   size_t MinHeapDeltaBytes                        = 2097152                                   {product} {ergonomic}
   size_t MinHeapSize                              = 8388608                                   {product} {ergonomic}
    uintx NonNMethodCodeHeapSize                   = 5839372                                {pd product} {ergonomic}
    uintx NonProfiledCodeHeapSize                  = 122909434                              {pd product} {ergonomic}
    uintx ProfiledCodeHeapSize                     = 122909434                              {pd product} {ergonomic}
    uintx ReservedCodeCacheSize                    = 251658240                              {pd product} {ergonomic}
     bool SegmentedCodeCache                       = true                                      {product} {ergonomic}
   size_t SoftMaxHeapSize                          = 4276092928                             {manageable} {ergonomic}
     bool UseCompressedClassPointers               = true                           {product lp64_product} {ergonomic}
     bool UseCompressedOops                        = true                           {product lp64_product} {ergonomic}
     bool UseG1GC                                  = true                                      {product} {ergonomic}
     bool UseLargePagesIndividualAllocation        = false                                  {pd product} {ergonomic}

Logging:
Log output configuration:
 #0: stdout all=warning uptime,level,tags
 #1: stderr all=off uptime,level,tags

Environment Variables:
JAVA_HOME=C:\Program Files\Microsoft\jdk-21.0.10.7-hotspot\
PATH=C:\Program Files\Microsoft\jdk-21.0.10.7-hotspot\bin;C:\Program Files\Common Files\Oracle\Java\javapath;C:\app\jorge\product\21c\dbhomeXE\bin;C:\WINDOWS\system32;C:\WINDOWS;C:\WINDOWS\System32\Wbem;C:\WINDOWS\System32\WindowsPowerShell\v1.0\;C:\WINDOWS\System32\OpenSSH\;C:\Program Files\NVIDIA Corporation\NVIDIA App\NvDLISR;C:\Program Files (x86)\NVIDIA Corporation\PhysX\Common;C:\Program Files\nodejs\;C:\Program Files\Docker\Docker\resources\bin;C:\Program Files\Git\cmd;C:\Program Files\dotnet\;C:\Users\jorge\scoop\apps\maven\current\bin;C:\Users\jorge\scoop\shims;C:\Program Files\MySQL\MySQL Shell 8.0\bin\;C:\Users\jorge\AppData\Local\Programs\Python\Launcher\;C:\Users\jorge\AppData\Local\Microsoft\WindowsApps;C:\Users\jorge\AppData\Local\Programs\Microsoft VS Code\bin;C:\Program Files\JetBrains\PyCharm Community Edition 2025.1.1.1\bin;;C:\Users\jorge\AppData\Roaming\npm;C:\Users\jorge\.dotnet\tools
USERNAME=jorge
OS=Windows_NT
PROCESSOR_IDENTIFIER=Intel64 Family 6 Model 165 Stepping 5, GenuineIntel
TMP=C:\Users\jorge\AppData\Local\Temp
TEMP=C:\Users\jorge\AppData\Local\Temp



Periodic native trim disabled


---------------  S Y S T E M  ---------------

OS:
 Windows 10 , 64 bit Build 19041 (10.0.19041.5915)
OS uptime: 1 days 3:15 hours
Hyper-V role detected

CPU: total 12 (initial active 12) (6 cores per cpu, 2 threads per core) family 6 model 165 stepping 5 microcode 0xca, cx8, cmov, fxsr, ht, mmx, 3dnowpref, sse, sse2, sse3, ssse3, sse4.1, sse4.2, popcnt, lzcnt, tsc, tscinvbit, avx, avx2, aes, erms, clmul, bmi1, bmi2, adx, fma, vzeroupper, clflush, clflushopt, hv
Processor Information for the first 12 processors :
  Max Mhz: 4104, Current Mhz: 3803, Mhz Limit: 4104

Memory: 4k page, system-wide physical 16310M (4565M free)
TotalPageFile size 27574M (AvailPageFile size 9368M)
current process WorkingSet (physical memory assigned to process): 323M, peak: 365M
current process commit charge ("private bytes"): 366M, peak: 421M

vm_info: OpenJDK 64-Bit Server VM (17.0.18+8-LTS) for windows-amd64 JRE (17.0.18+8-LTS), built on Jan 15 2026 18:50:45 by "MicrosoftCorporation" with MS VC++ 17.14 (VS2022)

END.
